[0.079s] Invoking command in '/home/ghlins/new_tracker/build/new_armor_tracker': AMENT_PREFIX_PATH=/home/ghlins/new_tracker/install/auto_aim_interfaces:${AMENT_PREFIX_PATH} CMAKE_PREFIX_PATH=/home/ghlins/new_tracker/install/auto_aim_interfaces:/opt/ros/humble LD_LIBRARY_PATH=/home/ghlins/new_tracker/install/auto_aim_interfaces/lib:${LD_LIBRARY_PATH} PYTHONPATH=/home/ghlins/new_tracker/install/auto_aim_interfaces/local/lib/python3.10/dist-packages:${PYTHONPATH} /usr/bin/cmake /home/ghlins/new_tracker/src/rm_auto_aim/new_tracker -DCMAKE_INSTALL_PREFIX=/home/ghlins/new_tracker/install/new_armor_tracker
[0.179s] -- The C compiler identification is GNU 11.4.0
[0.553s] -- The CXX compiler identification is GNU 11.4.0
[0.874s] -- Detecting C compiler ABI info
[0.992s] -- Detecting C compiler ABI info - done
[0.999s] -- Check for working C compiler: /usr/bin/cc - skipped
[0.999s] -- Detecting C compile features
[0.999s] -- Detecting C compile features - done
[1.001s] -- Detecting CXX compiler ABI info
[1.127s] -- Detecting CXX compiler ABI info - done
[1.131s] -- Check for working CXX compiler: /usr/bin/c++ - skipped
[1.132s] -- Detecting CXX compile features
[1.132s] -- Detecting CXX compile features - done
[1.133s] -- Found ament_cmake_auto: 1.3.5 (/opt/ros/humble/share/ament_cmake_auto/cmake)
[1.268s] -- Found Python3: /usr/bin/python3.10 (found version "3.10.12") found components: Interpreter 
[1.467s] -- Found rosidl_generator_c: 3.1.4 (/opt/ros/humble/share/rosidl_generator_c/cmake)
[1.471s] -- Found rosidl_adapter: 3.1.4 (/opt/ros/humble/share/rosidl_adapter/cmake)
[1.476s] -- Found rosidl_generator_cpp: 3.1.4 (/opt/ros/humble/share/rosidl_generator_cpp/cmake)
[1.484s] -- Using all available rosidl_typesupport_c: rosidl_typesupport_fastrtps_c;rosidl_typesupport_introspection_c
[1.496s] -- Using all available rosidl_typesupport_cpp: rosidl_typesupport_fastrtps_cpp;rosidl_typesupport_introspection_cpp
[1.561s] -- Found rmw_implementation_cmake: 6.1.1 (/opt/ros/humble/share/rmw_implementation_cmake/cmake)
[1.564s] -- Found rmw_fastrtps_cpp: 6.2.2 (/opt/ros/humble/share/rmw_fastrtps_cpp/cmake)
[2.074s] -- Found OpenSSL: /usr/lib/x86_64-linux-gnu/libcrypto.so (found version "3.0.2")  
[2.548s] -- Found FastRTPS: /opt/ros/humble/include  
[3.328s] -- Using RMW implementation 'rmw_fastrtps_cpp' as default
[3.339s] -- Looking for pthread.h
[3.427s] -- Looking for pthread.h - found
[3.427s] -- Performing Test CMAKE_HAVE_LIBC_PTHREAD
[3.520s] -- Performing Test CMAKE_HAVE_LIBC_PTHREAD - Success
[3.520s] -- Found Threads: TRUE  
[5.202s] -- Found eigen3_cmake_module: 0.1.1 (/opt/ros/humble/share/eigen3_cmake_module/cmake)
[5.204s] -- Found Eigen3: TRUE (found version "3.4.0") 
[5.204s] -- Ensuring Eigen3 include directory is part of orocos-kdl CMake target
[5.471s] -- Found ament_lint_auto: 0.12.6 (/opt/ros/humble/share/ament_lint_auto/cmake)
[5.498s] -- Added test 'cppcheck' to perform static code analysis on C / C++ code
[5.498s] -- Configured cppcheck include dirs: /home/ghlins/new_tracker/src/rm_auto_aim/new_tracker/include
[5.498s] -- Configured cppcheck exclude dirs and/or files: 
[5.499s] -- Added test 'flake8' to check Python code syntax and style conventions
[5.500s] -- Added test 'lint_cmake' to check CMake code style
[5.501s] -- Added test 'pep257' to check Python code against some of the docstring style conventions in PEP 257
[5.501s] -- Added test 'xmllint' to check XML markup files
[5.503s] -- Added test 'clang_format' to check C / C++ code style
[5.505s] -- Configuring done
[5.517s] -- Generating done
[5.519s] -- Build files have been written to: /home/ghlins/new_tracker/build/new_armor_tracker
[5.528s] Invoked command in '/home/ghlins/new_tracker/build/new_armor_tracker' returned '0': AMENT_PREFIX_PATH=/home/ghlins/new_tracker/install/auto_aim_interfaces:${AMENT_PREFIX_PATH} CMAKE_PREFIX_PATH=/home/ghlins/new_tracker/install/auto_aim_interfaces:/opt/ros/humble LD_LIBRARY_PATH=/home/ghlins/new_tracker/install/auto_aim_interfaces/lib:${LD_LIBRARY_PATH} PYTHONPATH=/home/ghlins/new_tracker/install/auto_aim_interfaces/local/lib/python3.10/dist-packages:${PYTHONPATH} /usr/bin/cmake /home/ghlins/new_tracker/src/rm_auto_aim/new_tracker -DCMAKE_INSTALL_PREFIX=/home/ghlins/new_tracker/install/new_armor_tracker
[5.529s] Invoking command in '/home/ghlins/new_tracker/build/new_armor_tracker': AMENT_PREFIX_PATH=/home/ghlins/new_tracker/install/auto_aim_interfaces:${AMENT_PREFIX_PATH} CMAKE_PREFIX_PATH=/home/ghlins/new_tracker/install/auto_aim_interfaces:/opt/ros/humble LD_LIBRARY_PATH=/home/ghlins/new_tracker/install/auto_aim_interfaces/lib:${LD_LIBRARY_PATH} PYTHONPATH=/home/ghlins/new_tracker/install/auto_aim_interfaces/local/lib/python3.10/dist-packages:${PYTHONPATH} /usr/bin/cmake --build /home/ghlins/new_tracker/build/new_armor_tracker -- -j20 -l20
[5.557s] [ 50%] [32mBuilding CXX object CMakeFiles/new_armor_tracker.dir/src/new_tracker_node.cpp.o[0m
[5.557s] [ 50%] [32mBuilding CXX object CMakeFiles/new_armor_tracker_node.dir/rclcpp_components/node_main_new_armor_tracker_node.cpp.o[0m
[5.853s] In file included from [01m[K/home/ghlins/new_tracker/src/rm_auto_aim/new_tracker/src/new_tracker_node.cpp:1[m[K:
[5.853s] [01m[K/home/ghlins/new_tracker/src/rm_auto_aim/new_tracker/include/new_tracker/new_tracker_node.hpp:11:10:[m[K [01;31m[Kfatal error: [m[Kopencv2/opencv.hpp: No such file or directory
[5.853s]    11 | #include [01;31m[K<opencv2/opencv.hpp>[m[K
[5.853s]       |          [01;31m[K^~~~~~~~~~~~~~~~~~~~[m[K
[5.853s] compilation terminated.
[5.855s] gmake[2]: *** [CMakeFiles/new_armor_tracker.dir/build.make:76: CMakeFiles/new_armor_tracker.dir/src/new_tracker_node.cpp.o] Error 1
[5.855s] gmake[1]: *** [CMakeFiles/Makefile2:139: CMakeFiles/new_armor_tracker.dir/all] Error 2
[5.855s] gmake[1]: *** Waiting for unfinished jobs....
[8.192s] [ 75%] [32m[1mLinking CXX executable new_armor_tracker_node[0m
[8.384s] [ 75%] Built target new_armor_tracker_node
[8.384s] gmake: *** [Makefile:146: all] Error 2
[8.386s] Invoked command in '/home/ghlins/new_tracker/build/new_armor_tracker' returned '2': AMENT_PREFIX_PATH=/home/ghlins/new_tracker/install/auto_aim_interfaces:${AMENT_PREFIX_PATH} CMAKE_PREFIX_PATH=/home/ghlins/new_tracker/install/auto_aim_interfaces:/opt/ros/humble LD_LIBRARY_PATH=/home/ghlins/new_tracker/install/auto_aim_interfaces/lib:${LD_LIBRARY_PATH} PYTHONPATH=/home/ghlins/new_tracker/install/auto_aim_interfaces/local/lib/python3.10/dist-packages:${PYTHONPATH} /usr/bin/cmake --build /home/ghlins/new_tracker/build/new_armor_tracker -- -j20 -l20
