[0.010s] Invoking command in '/home/ghlins/new_tracker/build/my_ros2_opencv_pkg': CMAKE_PREFIX_PATH=${CMAKE_PREFIX_PATH}:/opt/ros/humble /usr/bin/cmake /home/ghlins/new_tracker/src/my_ros2_opencv_pkg -DCMAKE_INSTALL_PREFIX=/home/ghlins/new_tracker/install/my_ros2_opencv_pkg
[0.090s] -- The C compiler identification is GNU 11.4.0
[0.454s] -- The CXX compiler identification is GNU 11.4.0
[0.692s] -- Detecting C compiler ABI info
[0.785s] -- Detecting C compiler ABI info - done
[0.791s] -- Check for working C compiler: /usr/bin/cc - skipped
[0.792s] -- Detecting C compile features
[0.792s] -- Detecting C compile features - done
[0.794s] -- Detecting CXX compiler ABI info
[0.901s] -- Detecting CXX compiler ABI info - done
[0.906s] -- Check for working CXX compiler: /usr/bin/c++ - skipped
[0.906s] -- Detecting CXX compile features
[0.907s] -- Detecting CXX compile features - done
[0.908s] -- Found ament_cmake: 1.3.5 (/opt/ros/humble/share/ament_cmake/cmake)
[1.055s] -- Found Python3: /usr/bin/python3.10 (found version "3.10.12") found components: Interpreter 
[1.126s] -- Found rclcpp: 16.0.4 (/opt/ros/humble/share/rclcpp/cmake)
[1.240s] -- Found rosidl_generator_c: 3.1.4 (/opt/ros/humble/share/rosidl_generator_c/cmake)
[1.244s] -- Found rosidl_adapter: 3.1.4 (/opt/ros/humble/share/rosidl_adapter/cmake)
[1.250s] -- Found rosidl_generator_cpp: 3.1.4 (/opt/ros/humble/share/rosidl_generator_cpp/cmake)
[1.259s] -- Using all available rosidl_typesupport_c: rosidl_typesupport_fastrtps_c;rosidl_typesupport_introspection_c
[1.274s] -- Using all available rosidl_typesupport_cpp: rosidl_typesupport_fastrtps_cpp;rosidl_typesupport_introspection_cpp
[1.350s] -- Found rmw_implementation_cmake: 6.1.1 (/opt/ros/humble/share/rmw_implementation_cmake/cmake)
[1.353s] -- Found rmw_fastrtps_cpp: 6.2.2 (/opt/ros/humble/share/rmw_fastrtps_cpp/cmake)
[2.681s] -- Found OpenSSL: /usr/lib/x86_64-linux-gnu/libcrypto.so (found version "3.0.2")  
[4.811s] -- Found FastRTPS: /opt/ros/humble/include  
[7.912s] -- Using RMW implementation 'rmw_fastrtps_cpp' as default
[7.925s] -- Looking for pthread.h
[8.081s] -- Looking for pthread.h - found
[8.081s] -- Performing Test CMAKE_HAVE_LIBC_PTHREAD
[8.224s] -- Performing Test CMAKE_HAVE_LIBC_PTHREAD - Success
[8.225s] -- Found Threads: TRUE  
[8.367s] -- Found OpenCV: /usr (found version "4.5.4") 
[8.369s] -- Found sensor_msgs: 4.2.3 (/opt/ros/humble/share/sensor_msgs/cmake)
[8.475s] -- Found cv_bridge: 3.2.1 (/opt/ros/humble/share/cv_bridge/cmake)
[8.482s] -- Found image_transport: 3.1.5 (/opt/ros/humble/share/image_transport/cmake)
[9.571s] -- Found ament_lint_auto: 0.12.6 (/opt/ros/humble/share/ament_lint_auto/cmake)
[9.636s] -- Added test 'cppcheck' to perform static code analysis on C / C++ code
[9.636s] -- Configured cppcheck include dirs: $<BUILD_INTERFACE:/home/ghlins/new_tracker/src/my_ros2_opencv_pkg/include>
[9.636s] -- Configured cppcheck exclude dirs and/or files: 
[9.637s] -- Added test 'lint_cmake' to check CMake code style
[9.637s] -- Added test 'uncrustify' to check C / C++ code style
[9.637s] -- Configured uncrustify additional arguments: 
[9.638s] -- Added test 'xmllint' to check XML markup files
[9.639s] -- Configuring done
[9.650s] -- Generating done
[9.651s] -- Build files have been written to: /home/ghlins/new_tracker/build/my_ros2_opencv_pkg
[9.661s] Invoked command in '/home/ghlins/new_tracker/build/my_ros2_opencv_pkg' returned '0': CMAKE_PREFIX_PATH=${CMAKE_PREFIX_PATH}:/opt/ros/humble /usr/bin/cmake /home/ghlins/new_tracker/src/my_ros2_opencv_pkg -DCMAKE_INSTALL_PREFIX=/home/ghlins/new_tracker/install/my_ros2_opencv_pkg
[9.662s] Invoking command in '/home/ghlins/new_tracker/build/my_ros2_opencv_pkg': CMAKE_PREFIX_PATH=${CMAKE_PREFIX_PATH}:/opt/ros/humble /usr/bin/cmake --build /home/ghlins/new_tracker/build/my_ros2_opencv_pkg -- -j20 -l20
[9.703s] [ 50%] [32mBuilding CXX object CMakeFiles/my_video_publisher.dir/src/my_video_publisher.cpp.o[0m
[16.734s] [100%] [32m[1mLinking CXX executable my_video_publisher[0m
[17.497s] [100%] Built target my_video_publisher
[17.509s] Invoked command in '/home/ghlins/new_tracker/build/my_ros2_opencv_pkg' returned '0': CMAKE_PREFIX_PATH=${CMAKE_PREFIX_PATH}:/opt/ros/humble /usr/bin/cmake --build /home/ghlins/new_tracker/build/my_ros2_opencv_pkg -- -j20 -l20
[17.533s] Invoking command in '/home/ghlins/new_tracker/build/my_ros2_opencv_pkg': CMAKE_PREFIX_PATH=${CMAKE_PREFIX_PATH}:/opt/ros/humble /usr/bin/cmake --install /home/ghlins/new_tracker/build/my_ros2_opencv_pkg
[17.540s] -- Install configuration: ""
[17.540s] -- Installing: /home/ghlins/new_tracker/install/my_ros2_opencv_pkg/lib/my_ros2_opencv_pkg/my_video_publisher
[17.542s] -- Set runtime path of "/home/ghlins/new_tracker/install/my_ros2_opencv_pkg/lib/my_ros2_opencv_pkg/my_video_publisher" to ""
[17.542s] -- Up-to-date: /home/ghlins/new_tracker/install/my_ros2_opencv_pkg/share/my_ros2_opencv_pkg//launch
[17.542s] -- Up-to-date: /home/ghlins/new_tracker/install/my_ros2_opencv_pkg/share/my_ros2_opencv_pkg//launch/Three.launch.py
[17.543s] -- Installing: /home/ghlins/new_tracker/install/my_ros2_opencv_pkg/share/ament_index/resource_index/package_run_dependencies/my_ros2_opencv_pkg
[17.543s] -- Installing: /home/ghlins/new_tracker/install/my_ros2_opencv_pkg/share/ament_index/resource_index/parent_prefix_path/my_ros2_opencv_pkg
[17.543s] -- Up-to-date: /home/ghlins/new_tracker/install/my_ros2_opencv_pkg/share/my_ros2_opencv_pkg/environment/ament_prefix_path.sh
[17.543s] -- Installing: /home/ghlins/new_tracker/install/my_ros2_opencv_pkg/share/my_ros2_opencv_pkg/environment/ament_prefix_path.dsv
[17.544s] -- Up-to-date: /home/ghlins/new_tracker/install/my_ros2_opencv_pkg/share/my_ros2_opencv_pkg/environment/path.sh
[17.544s] -- Installing: /home/ghlins/new_tracker/install/my_ros2_opencv_pkg/share/my_ros2_opencv_pkg/environment/path.dsv
[17.544s] -- Installing: /home/ghlins/new_tracker/install/my_ros2_opencv_pkg/share/my_ros2_opencv_pkg/local_setup.bash
[17.544s] -- Installing: /home/ghlins/new_tracker/install/my_ros2_opencv_pkg/share/my_ros2_opencv_pkg/local_setup.sh
[17.544s] -- Installing: /home/ghlins/new_tracker/install/my_ros2_opencv_pkg/share/my_ros2_opencv_pkg/local_setup.zsh
[17.544s] -- Installing: /home/ghlins/new_tracker/install/my_ros2_opencv_pkg/share/my_ros2_opencv_pkg/local_setup.dsv
[17.544s] -- Installing: /home/ghlins/new_tracker/install/my_ros2_opencv_pkg/share/my_ros2_opencv_pkg/package.dsv
[17.544s] -- Installing: /home/ghlins/new_tracker/install/my_ros2_opencv_pkg/share/ament_index/resource_index/packages/my_ros2_opencv_pkg
[17.544s] -- Installing: /home/ghlins/new_tracker/install/my_ros2_opencv_pkg/share/my_ros2_opencv_pkg/cmake/my_ros2_opencv_pkgConfig.cmake
[17.544s] -- Installing: /home/ghlins/new_tracker/install/my_ros2_opencv_pkg/share/my_ros2_opencv_pkg/cmake/my_ros2_opencv_pkgConfig-version.cmake
[17.545s] -- Up-to-date: /home/ghlins/new_tracker/install/my_ros2_opencv_pkg/share/my_ros2_opencv_pkg/package.xml
[17.549s] Invoked command in '/home/ghlins/new_tracker/build/my_ros2_opencv_pkg' returned '0': CMAKE_PREFIX_PATH=${CMAKE_PREFIX_PATH}:/opt/ros/humble /usr/bin/cmake --install /home/ghlins/new_tracker/build/my_ros2_opencv_pkg
