[0.007s] Invoking command in '/home/ghlins/new_tracker/build/my_ros2_opencv_pkg': CMAKE_PREFIX_PATH=/opt/ros/humble /usr/bin/cmake /home/ghlins/new_tracker/src/my_ros2_opencv_pkg -DCMAKE_INSTALL_PREFIX=/home/ghlins/new_tracker/install/my_ros2_opencv_pkg
[0.100s] -- The C compiler identification is GNU 11.4.0
[0.386s] -- The CXX compiler identification is GNU 11.4.0
[0.614s] -- Detecting C compiler ABI info
[0.691s] -- Detecting C compiler ABI info - done
[0.695s] -- Check for working C compiler: /usr/bin/cc - skipped
[0.696s] -- Detecting C compile features
[0.696s] -- Detecting C compile features - done
[0.698s] -- Detecting CXX compiler ABI info
[0.786s] -- Detecting CXX compiler ABI info - done
[0.791s] -- Check for working CXX compiler: /usr/bin/c++ - skipped
[0.791s] -- Detecting CXX compile features
[0.791s] -- Detecting CXX compile features - done
[0.792s] -- Found ament_cmake: 1.3.5 (/opt/ros/humble/share/ament_cmake/cmake)
[0.903s] -- Found Python3: /usr/bin/python3.10 (found version "3.10.12") found components: Interpreter 
[0.956s] -- Found rclcpp: 16.0.4 (/opt/ros/humble/share/rclcpp/cmake)
[1.036s] -- Found rosidl_generator_c: 3.1.4 (/opt/ros/humble/share/rosidl_generator_c/cmake)
[1.039s] -- Found rosidl_adapter: 3.1.4 (/opt/ros/humble/share/rosidl_adapter/cmake)
[1.044s] -- Found rosidl_generator_cpp: 3.1.4 (/opt/ros/humble/share/rosidl_generator_cpp/cmake)
[1.052s] -- Using all available rosidl_typesupport_c: rosidl_typesupport_fastrtps_c;rosidl_typesupport_introspection_c
[1.064s] -- Using all available rosidl_typesupport_cpp: rosidl_typesupport_fastrtps_cpp;rosidl_typesupport_introspection_cpp
[1.109s] -- Found rmw_implementation_cmake: 6.1.1 (/opt/ros/humble/share/rmw_implementation_cmake/cmake)
[1.110s] -- Found rmw_fastrtps_cpp: 6.2.2 (/opt/ros/humble/share/rmw_fastrtps_cpp/cmake)
[2.086s] -- Found OpenSSL: /usr/lib/x86_64-linux-gnu/libcrypto.so (found version "3.0.2")  
[3.579s] -- Found FastRTPS: /opt/ros/humble/include  
[6.037s] -- Using RMW implementation 'rmw_fastrtps_cpp' as default
[6.043s] -- Looking for pthread.h
[6.167s] -- Looking for pthread.h - found
[6.167s] -- Performing Test CMAKE_HAVE_LIBC_PTHREAD
[6.295s] -- Performing Test CMAKE_HAVE_LIBC_PTHREAD - Success
[6.295s] -- Found Threads: TRUE  
[6.405s] -- Found OpenCV: /usr (found version "4.5.4") 
[6.406s] -- Found sensor_msgs: 4.2.3 (/opt/ros/humble/share/sensor_msgs/cmake)
[6.487s] -- Found cv_bridge: 3.2.1 (/opt/ros/humble/share/cv_bridge/cmake)
[6.493s] -- Found image_transport: 3.1.5 (/opt/ros/humble/share/image_transport/cmake)
[7.160s] -- Found ament_lint_auto: 0.12.6 (/opt/ros/humble/share/ament_lint_auto/cmake)
[7.208s] -- Added test 'cppcheck' to perform static code analysis on C / C++ code
[7.209s] -- Configured cppcheck include dirs: $<BUILD_INTERFACE:/home/ghlins/new_tracker/src/my_ros2_opencv_pkg/include>
[7.209s] -- Configured cppcheck exclude dirs and/or files: 
[7.209s] -- Added test 'lint_cmake' to check CMake code style
[7.209s] -- Added test 'uncrustify' to check C / C++ code style
[7.210s] -- Configured uncrustify additional arguments: 
[7.210s] -- Added test 'xmllint' to check XML markup files
[7.211s] -- Configuring done
[7.219s] -- Generating done
[7.220s] -- Build files have been written to: /home/ghlins/new_tracker/build/my_ros2_opencv_pkg
[7.228s] Invoked command in '/home/ghlins/new_tracker/build/my_ros2_opencv_pkg' returned '0': CMAKE_PREFIX_PATH=/opt/ros/humble /usr/bin/cmake /home/ghlins/new_tracker/src/my_ros2_opencv_pkg -DCMAKE_INSTALL_PREFIX=/home/ghlins/new_tracker/install/my_ros2_opencv_pkg
[7.230s] Invoking command in '/home/ghlins/new_tracker/build/my_ros2_opencv_pkg': CMAKE_PREFIX_PATH=/opt/ros/humble /usr/bin/cmake --build /home/ghlins/new_tracker/build/my_ros2_opencv_pkg -- -j20 -l20
[7.256s] [ 50%] [32mBuilding CXX object CMakeFiles/my_video_publisher.dir/src/my_video_publisher.cpp.o[0m
[12.349s] [100%] [32m[1mLinking CXX executable my_video_publisher[0m
[12.850s] [100%] Built target my_video_publisher
[12.857s] Invoked command in '/home/ghlins/new_tracker/build/my_ros2_opencv_pkg' returned '0': CMAKE_PREFIX_PATH=/opt/ros/humble /usr/bin/cmake --build /home/ghlins/new_tracker/build/my_ros2_opencv_pkg -- -j20 -l20
[12.877s] Invoking command in '/home/ghlins/new_tracker/build/my_ros2_opencv_pkg': CMAKE_PREFIX_PATH=/opt/ros/humble /usr/bin/cmake --install /home/ghlins/new_tracker/build/my_ros2_opencv_pkg
[12.883s] -- Install configuration: ""
[12.883s] -- Installing: /home/ghlins/new_tracker/install/my_ros2_opencv_pkg/lib/my_ros2_opencv_pkg/my_video_publisher
[12.887s] -- Set runtime path of "/home/ghlins/new_tracker/install/my_ros2_opencv_pkg/lib/my_ros2_opencv_pkg/my_video_publisher" to ""
[12.888s] -- Installing: /home/ghlins/new_tracker/install/my_ros2_opencv_pkg/share/ament_index/resource_index/package_run_dependencies/my_ros2_opencv_pkg
[12.888s] -- Installing: /home/ghlins/new_tracker/install/my_ros2_opencv_pkg/share/ament_index/resource_index/parent_prefix_path/my_ros2_opencv_pkg
[12.888s] -- Up-to-date: /home/ghlins/new_tracker/install/my_ros2_opencv_pkg/share/my_ros2_opencv_pkg/environment/ament_prefix_path.sh
[12.888s] -- Installing: /home/ghlins/new_tracker/install/my_ros2_opencv_pkg/share/my_ros2_opencv_pkg/environment/ament_prefix_path.dsv
[12.889s] -- Up-to-date: /home/ghlins/new_tracker/install/my_ros2_opencv_pkg/share/my_ros2_opencv_pkg/environment/path.sh
[12.889s] -- Installing: /home/ghlins/new_tracker/install/my_ros2_opencv_pkg/share/my_ros2_opencv_pkg/environment/path.dsv
[12.889s] -- Installing: /home/ghlins/new_tracker/install/my_ros2_opencv_pkg/share/my_ros2_opencv_pkg/local_setup.bash
[12.889s] -- Installing: /home/ghlins/new_tracker/install/my_ros2_opencv_pkg/share/my_ros2_opencv_pkg/local_setup.sh
[12.889s] -- Installing: /home/ghlins/new_tracker/install/my_ros2_opencv_pkg/share/my_ros2_opencv_pkg/local_setup.zsh
[12.889s] -- Installing: /home/ghlins/new_tracker/install/my_ros2_opencv_pkg/share/my_ros2_opencv_pkg/local_setup.dsv
[12.889s] -- Installing: /home/ghlins/new_tracker/install/my_ros2_opencv_pkg/share/my_ros2_opencv_pkg/package.dsv
[12.889s] -- Installing: /home/ghlins/new_tracker/install/my_ros2_opencv_pkg/share/ament_index/resource_index/packages/my_ros2_opencv_pkg
[12.890s] -- Installing: /home/ghlins/new_tracker/install/my_ros2_opencv_pkg/share/my_ros2_opencv_pkg/cmake/my_ros2_opencv_pkgConfig.cmake
[12.890s] -- Installing: /home/ghlins/new_tracker/install/my_ros2_opencv_pkg/share/my_ros2_opencv_pkg/cmake/my_ros2_opencv_pkgConfig-version.cmake
[12.890s] -- Up-to-date: /home/ghlins/new_tracker/install/my_ros2_opencv_pkg/share/my_ros2_opencv_pkg/package.xml
[12.895s] Invoked command in '/home/ghlins/new_tracker/build/my_ros2_opencv_pkg' returned '0': CMAKE_PREFIX_PATH=/opt/ros/humble /usr/bin/cmake --install /home/ghlins/new_tracker/build/my_ros2_opencv_pkg
