[0.084s] Invoking command in '/home/ghlins/new_tracker/build/new_armor_tracker': CMAKE_PREFIX_PATH=/home/ghlins/new_tracker/install/auto_aim_interfaces:/home/ghlins/new_tracker/install/new_armor_tracker:/home/ghlins/new_tracker/install/bringup:/home/ghlins/new_tracker/install/my_ros2_opencv_pkg:/home/ghlins/new_tracker/install/armor_detector:/opt/ros/humble LD_LIBRARY_PATH=/home/ghlins/new_tracker/install/auto_aim_interfaces/lib:/home/ghlins/new_tracker/install/new_armor_tracker/lib:/home/ghlins/new_tracker/install/armor_detector/lib:/usr/lib/x86_64-linux-gnu/gazebo-11/plugins:/opt/ros/humble/opt/rviz_ogre_vendor/lib:/opt/ros/humble/lib/x86_64-linux-gnu:/opt/ros/humble/lib /usr/bin/cmake /home/ghlins/new_tracker/src/rm_auto_aim/new_tracker -DCMAKE_INSTALL_PREFIX=/home/ghlins/new_tracker/install/new_armor_tracker
[0.173s] -- The C compiler identification is GNU 11.4.0
[0.575s] -- The CXX compiler identification is GNU 11.4.0
[0.914s] -- Detecting C compiler ABI info
[1.087s] -- Detecting C compiler ABI info - done
[1.094s] -- Check for working C compiler: /usr/bin/cc - skipped
[1.095s] -- Detecting C compile features
[1.095s] -- Detecting C compile features - done
[1.098s] -- Detecting CXX compiler ABI info
[1.242s] -- Detecting CXX compiler ABI info - done
[1.252s] -- Check for working CXX compiler: /usr/bin/c++ - skipped
[1.252s] -- Detecting CXX compile features
[1.253s] -- Detecting CXX compile features - done
[1.255s] -- Found ament_cmake_auto: 1.3.5 (/opt/ros/humble/share/ament_cmake_auto/cmake)
[1.422s] -- Found Python3: /usr/bin/python3.10 (found version "3.10.12") found components: Interpreter 
[1.514s] -- Found OpenCV: /usr (found version "4.5.4") 
[1.755s] -- Found rosidl_generator_c: 3.1.4 (/opt/ros/humble/share/rosidl_generator_c/cmake)
[1.759s] -- Found rosidl_adapter: 3.1.4 (/opt/ros/humble/share/rosidl_adapter/cmake)
[1.766s] -- Found rosidl_generator_cpp: 3.1.4 (/opt/ros/humble/share/rosidl_generator_cpp/cmake)
[1.778s] -- Using all available rosidl_typesupport_c: rosidl_typesupport_fastrtps_c;rosidl_typesupport_introspection_c
[1.796s] -- Using all available rosidl_typesupport_cpp: rosidl_typesupport_fastrtps_cpp;rosidl_typesupport_introspection_cpp
[1.863s] -- Found rmw_implementation_cmake: 6.1.1 (/opt/ros/humble/share/rmw_implementation_cmake/cmake)
[1.867s] -- Found rmw_fastrtps_cpp: 6.2.2 (/opt/ros/humble/share/rmw_fastrtps_cpp/cmake)
[3.068s] -- Found OpenSSL: /usr/lib/x86_64-linux-gnu/libcrypto.so (found version "3.0.2")  
[4.829s] -- Found FastRTPS: /opt/ros/humble/include  
[8.091s] -- Using RMW implementation 'rmw_fastrtps_cpp' as default
[8.101s] -- Looking for pthread.h
[8.287s] -- Looking for pthread.h - found
[8.287s] -- Performing Test CMAKE_HAVE_LIBC_PTHREAD
[8.463s] -- Performing Test CMAKE_HAVE_LIBC_PTHREAD - Success
[8.465s] -- Found Threads: TRUE  
[10.590s] -- Found eigen3_cmake_module: 0.1.1 (/opt/ros/humble/share/eigen3_cmake_module/cmake)
[10.591s] -- Found Eigen3: TRUE (found version "3.4.0") 
[10.591s] -- Ensuring Eigen3 include directory is part of orocos-kdl CMake target
[11.085s] -- Found ament_lint_auto: 0.12.6 (/opt/ros/humble/share/ament_lint_auto/cmake)
[11.127s] -- Added test 'cppcheck' to perform static code analysis on C / C++ code
[11.127s] -- Configured cppcheck include dirs: /home/ghlins/new_tracker/src/rm_auto_aim/new_tracker/include
[11.128s] -- Configured cppcheck exclude dirs and/or files: 
[11.129s] -- Added test 'flake8' to check Python code syntax and style conventions
[11.131s] -- Added test 'lint_cmake' to check CMake code style
[11.132s] -- Added test 'pep257' to check Python code against some of the docstring style conventions in PEP 257
[11.134s] -- Added test 'xmllint' to check XML markup files
[11.138s] -- Added test 'clang_format' to check C / C++ code style
[11.144s] -- Configuring done
[11.187s] -- Generating done
[11.191s] -- Build files have been written to: /home/ghlins/new_tracker/build/new_armor_tracker
[11.218s] Invoked command in '/home/ghlins/new_tracker/build/new_armor_tracker' returned '0': CMAKE_PREFIX_PATH=/home/ghlins/new_tracker/install/auto_aim_interfaces:/home/ghlins/new_tracker/install/new_armor_tracker:/home/ghlins/new_tracker/install/bringup:/home/ghlins/new_tracker/install/my_ros2_opencv_pkg:/home/ghlins/new_tracker/install/armor_detector:/opt/ros/humble LD_LIBRARY_PATH=/home/ghlins/new_tracker/install/auto_aim_interfaces/lib:/home/ghlins/new_tracker/install/new_armor_tracker/lib:/home/ghlins/new_tracker/install/armor_detector/lib:/usr/lib/x86_64-linux-gnu/gazebo-11/plugins:/opt/ros/humble/opt/rviz_ogre_vendor/lib:/opt/ros/humble/lib/x86_64-linux-gnu:/opt/ros/humble/lib /usr/bin/cmake /home/ghlins/new_tracker/src/rm_auto_aim/new_tracker -DCMAKE_INSTALL_PREFIX=/home/ghlins/new_tracker/install/new_armor_tracker
[11.221s] Invoking command in '/home/ghlins/new_tracker/build/new_armor_tracker': CMAKE_PREFIX_PATH=/home/ghlins/new_tracker/install/auto_aim_interfaces:/home/ghlins/new_tracker/install/new_armor_tracker:/home/ghlins/new_tracker/install/bringup:/home/ghlins/new_tracker/install/my_ros2_opencv_pkg:/home/ghlins/new_tracker/install/armor_detector:/opt/ros/humble LD_LIBRARY_PATH=/home/ghlins/new_tracker/install/auto_aim_interfaces/lib:/home/ghlins/new_tracker/install/new_armor_tracker/lib:/home/ghlins/new_tracker/install/armor_detector/lib:/usr/lib/x86_64-linux-gnu/gazebo-11/plugins:/opt/ros/humble/opt/rviz_ogre_vendor/lib:/opt/ros/humble/lib/x86_64-linux-gnu:/opt/ros/humble/lib /usr/bin/cmake --build /home/ghlins/new_tracker/build/new_armor_tracker -- -j20 -l20
[11.299s] [ 50%] [32mBuilding CXX object CMakeFiles/new_armor_tracker_node.dir/rclcpp_components/node_main_new_armor_tracker_node.cpp.o[0m
[11.300s] [ 50%] [32mBuilding CXX object CMakeFiles/new_armor_tracker.dir/src/new_tracker_node.cpp.o[0m
[15.459s] [ 75%] [32m[1mLinking CXX executable new_armor_tracker_node[0m
[15.686s] [ 75%] Built target new_armor_tracker_node
[21.698s] [100%] [32m[1mLinking CXX shared library libnew_armor_tracker.so[0m
[22.246s] [100%] Built target new_armor_tracker
[22.256s] Invoked command in '/home/ghlins/new_tracker/build/new_armor_tracker' returned '0': CMAKE_PREFIX_PATH=/home/ghlins/new_tracker/install/auto_aim_interfaces:/home/ghlins/new_tracker/install/new_armor_tracker:/home/ghlins/new_tracker/install/bringup:/home/ghlins/new_tracker/install/my_ros2_opencv_pkg:/home/ghlins/new_tracker/install/armor_detector:/opt/ros/humble LD_LIBRARY_PATH=/home/ghlins/new_tracker/install/auto_aim_interfaces/lib:/home/ghlins/new_tracker/install/new_armor_tracker/lib:/home/ghlins/new_tracker/install/armor_detector/lib:/usr/lib/x86_64-linux-gnu/gazebo-11/plugins:/opt/ros/humble/opt/rviz_ogre_vendor/lib:/opt/ros/humble/lib/x86_64-linux-gnu:/opt/ros/humble/lib /usr/bin/cmake --build /home/ghlins/new_tracker/build/new_armor_tracker -- -j20 -l20
[22.279s] Invoking command in '/home/ghlins/new_tracker/build/new_armor_tracker': CMAKE_PREFIX_PATH=/home/ghlins/new_tracker/install/auto_aim_interfaces:/home/ghlins/new_tracker/install/new_armor_tracker:/home/ghlins/new_tracker/install/bringup:/home/ghlins/new_tracker/install/my_ros2_opencv_pkg:/home/ghlins/new_tracker/install/armor_detector:/opt/ros/humble LD_LIBRARY_PATH=/home/ghlins/new_tracker/install/auto_aim_interfaces/lib:/home/ghlins/new_tracker/install/new_armor_tracker/lib:/home/ghlins/new_tracker/install/armor_detector/lib:/usr/lib/x86_64-linux-gnu/gazebo-11/plugins:/opt/ros/humble/opt/rviz_ogre_vendor/lib:/opt/ros/humble/lib/x86_64-linux-gnu:/opt/ros/humble/lib /usr/bin/cmake --install /home/ghlins/new_tracker/build/new_armor_tracker
[22.285s] -- Install configuration: ""
[22.285s] -- Installing: /home/ghlins/new_tracker/install/new_armor_tracker/lib/new_armor_tracker/new_armor_tracker_node
[22.285s] -- Set runtime path of "/home/ghlins/new_tracker/install/new_armor_tracker/lib/new_armor_tracker/new_armor_tracker_node" to ""
[22.285s] -- Up-to-date: /home/ghlins/new_tracker/install/new_armor_tracker/include
[22.286s] -- Up-to-date: /home/ghlins/new_tracker/install/new_armor_tracker/include/new_tracker
[22.286s] -- Up-to-date: /home/ghlins/new_tracker/install/new_armor_tracker/include/new_tracker/new_tracker_node.hpp
[22.286s] -- Up-to-date: /home/ghlins/new_tracker/install/new_armor_tracker/share/new_armor_tracker/environment/library_path.sh
[22.286s] -- Installing: /home/ghlins/new_tracker/install/new_armor_tracker/share/new_armor_tracker/environment/library_path.dsv
[22.286s] -- Installing: /home/ghlins/new_tracker/install/new_armor_tracker/lib/libnew_armor_tracker.so
[22.293s] -- Set runtime path of "/home/ghlins/new_tracker/install/new_armor_tracker/lib/libnew_armor_tracker.so" to ""
[22.293s] -- Installing: /home/ghlins/new_tracker/install/new_armor_tracker/share/ament_index/resource_index/package_run_dependencies/new_armor_tracker
[22.293s] -- Installing: /home/ghlins/new_tracker/install/new_armor_tracker/share/ament_index/resource_index/parent_prefix_path/new_armor_tracker
[22.293s] -- Up-to-date: /home/ghlins/new_tracker/install/new_armor_tracker/share/new_armor_tracker/environment/ament_prefix_path.sh
[22.293s] -- Installing: /home/ghlins/new_tracker/install/new_armor_tracker/share/new_armor_tracker/environment/ament_prefix_path.dsv
[22.293s] -- Up-to-date: /home/ghlins/new_tracker/install/new_armor_tracker/share/new_armor_tracker/environment/path.sh
[22.294s] -- Installing: /home/ghlins/new_tracker/install/new_armor_tracker/share/new_armor_tracker/environment/path.dsv
[22.294s] -- Installing: /home/ghlins/new_tracker/install/new_armor_tracker/share/new_armor_tracker/local_setup.bash
[22.294s] -- Installing: /home/ghlins/new_tracker/install/new_armor_tracker/share/new_armor_tracker/local_setup.sh
[22.294s] -- Installing: /home/ghlins/new_tracker/install/new_armor_tracker/share/new_armor_tracker/local_setup.zsh
[22.294s] -- Installing: /home/ghlins/new_tracker/install/new_armor_tracker/share/new_armor_tracker/local_setup.dsv
[22.294s] -- Installing: /home/ghlins/new_tracker/install/new_armor_tracker/share/new_armor_tracker/package.dsv
[22.295s] -- Installing: /home/ghlins/new_tracker/install/new_armor_tracker/share/ament_index/resource_index/packages/new_armor_tracker
[22.295s] -- Installing: /home/ghlins/new_tracker/install/new_armor_tracker/share/ament_index/resource_index/rclcpp_components/new_armor_tracker
[22.295s] -- Installing: /home/ghlins/new_tracker/install/new_armor_tracker/share/new_armor_tracker/cmake/ament_cmake_export_dependencies-extras.cmake
[22.295s] -- Installing: /home/ghlins/new_tracker/install/new_armor_tracker/share/new_armor_tracker/cmake/ament_cmake_export_include_directories-extras.cmake
[22.295s] -- Installing: /home/ghlins/new_tracker/install/new_armor_tracker/share/new_armor_tracker/cmake/ament_cmake_export_libraries-extras.cmake
[22.295s] -- Installing: /home/ghlins/new_tracker/install/new_armor_tracker/share/new_armor_tracker/cmake/new_armor_trackerConfig.cmake
[22.296s] -- Installing: /home/ghlins/new_tracker/install/new_armor_tracker/share/new_armor_tracker/cmake/new_armor_trackerConfig-version.cmake
[22.296s] -- Up-to-date: /home/ghlins/new_tracker/install/new_armor_tracker/share/new_armor_tracker/package.xml
[22.299s] Invoked command in '/home/ghlins/new_tracker/build/new_armor_tracker' returned '0': CMAKE_PREFIX_PATH=/home/ghlins/new_tracker/install/auto_aim_interfaces:/home/ghlins/new_tracker/install/new_armor_tracker:/home/ghlins/new_tracker/install/bringup:/home/ghlins/new_tracker/install/my_ros2_opencv_pkg:/home/ghlins/new_tracker/install/armor_detector:/opt/ros/humble LD_LIBRARY_PATH=/home/ghlins/new_tracker/install/auto_aim_interfaces/lib:/home/ghlins/new_tracker/install/new_armor_tracker/lib:/home/ghlins/new_tracker/install/armor_detector/lib:/usr/lib/x86_64-linux-gnu/gazebo-11/plugins:/opt/ros/humble/opt/rviz_ogre_vendor/lib:/opt/ros/humble/lib/x86_64-linux-gnu:/opt/ros/humble/lib /usr/bin/cmake --install /home/ghlins/new_tracker/build/new_armor_tracker
