[0.016s] Invoking command in '/home/ghlins/new_tracker/build/auto_aim_interfaces': CMAKE_PREFIX_PATH=${CMAKE_PREFIX_PATH}:/opt/ros/humble /usr/bin/cmake /home/ghlins/new_tracker/src/rm_auto_aim/auto_aim_interfaces -DCMAKE_INSTALL_PREFIX=/home/ghlins/new_tracker/install/auto_aim_interfaces
[0.087s] -- The C compiler identification is GNU 11.4.0
[0.354s] -- The CXX compiler identification is GNU 11.4.0
[0.570s] -- Detecting C compiler ABI info
[0.647s] -- Detecting C compiler ABI info - done
[0.651s] -- Check for working C compiler: /usr/bin/cc - skipped
[0.651s] -- Detecting C compile features
[0.651s] -- Detecting C compile features - done
[0.653s] -- Detecting CXX compiler ABI info
[0.744s] -- Detecting CXX compiler ABI info - done
[0.749s] -- Check for working CXX compiler: /usr/bin/c++ - skipped
[0.749s] -- Detecting CXX compile features
[0.749s] -- Detecting CXX compile features - done
[0.751s] -- Found ament_cmake: 1.3.5 (/opt/ros/humble/share/ament_cmake/cmake)
[0.859s] -- Found Python3: /usr/bin/python3.10 (found version "3.10.12") found components: Interpreter 
[0.924s] -- Found rosidl_default_generators: 1.2.0 (/opt/ros/humble/share/rosidl_default_generators/cmake)
[0.926s] -- Using all available rosidl_typesupport_c: rosidl_typesupport_fastrtps_c;rosidl_typesupport_introspection_c
[0.931s] -- Found rosidl_adapter: 3.1.4 (/opt/ros/humble/share/rosidl_adapter/cmake)
[1.034s] -- Using all available rosidl_typesupport_cpp: rosidl_typesupport_fastrtps_cpp;rosidl_typesupport_introspection_cpp
[1.059s] -- Found geometry_msgs: 4.2.3 (/opt/ros/humble/share/geometry_msgs/cmake)
[1.399s] -- Found ament_cmake_ros: 0.10.0 (/opt/ros/humble/share/ament_cmake_ros/cmake)
[1.614s] -- Using all available rosidl_typesupport_c: rosidl_typesupport_fastrtps_c;rosidl_typesupport_introspection_c
[1.894s] -- Using all available rosidl_typesupport_cpp: rosidl_typesupport_fastrtps_cpp;rosidl_typesupport_introspection_cpp
[2.016s] -- Found PythonInterp: /usr/bin/python3 (found suitable version "3.10.12", minimum required is "3.6") 
[2.018s] -- Found python_cmake_module: 0.10.0 (/opt/ros/humble/share/python_cmake_module/cmake)
[2.410s] -- Found PythonLibs: /usr/lib/x86_64-linux-gnu/libpython3.10.so (found suitable version "3.10.12", minimum required is "3.5") 
[2.410s] -- Using PYTHON_EXECUTABLE: /usr/bin/python3
[2.410s] -- Using PYTHON_INCLUDE_DIRS: /usr/include/python3.10
[2.410s] -- Using PYTHON_LIBRARIES: /usr/lib/x86_64-linux-gnu/libpython3.10.so
[2.426s] -- Found PythonExtra: .so  
[2.521s] -- Configuring done
[2.576s] -- Generating done
[2.579s] -- Build files have been written to: /home/ghlins/new_tracker/build/auto_aim_interfaces
[2.591s] Invoked command in '/home/ghlins/new_tracker/build/auto_aim_interfaces' returned '0': CMAKE_PREFIX_PATH=${CMAKE_PREFIX_PATH}:/opt/ros/humble /usr/bin/cmake /home/ghlins/new_tracker/src/rm_auto_aim/auto_aim_interfaces -DCMAKE_INSTALL_PREFIX=/home/ghlins/new_tracker/install/auto_aim_interfaces
[2.594s] Invoking command in '/home/ghlins/new_tracker/build/auto_aim_interfaces': CMAKE_PREFIX_PATH=${CMAKE_PREFIX_PATH}:/opt/ros/humble /usr/bin/cmake --build /home/ghlins/new_tracker/build/auto_aim_interfaces -- -j20 -l20
[2.620s] [  1%] [34m[1mGenerating C code for ROS interfaces[0m
[2.626s] [  2%] [34m[1mGenerating C++ code for ROS interfaces[0m
[2.631s] [  2%] Built target ament_cmake_python_copy_auto_aim_interfaces
[2.807s] running egg_info
[2.808s] creating auto_aim_interfaces.egg-info
[2.808s] writing auto_aim_interfaces.egg-info/PKG-INFO
[2.808s] writing dependency_links to auto_aim_interfaces.egg-info/dependency_links.txt
[2.808s] writing top-level names to auto_aim_interfaces.egg-info/top_level.txt
[2.809s] writing manifest file 'auto_aim_interfaces.egg-info/SOURCES.txt'
[2.810s] reading manifest file 'auto_aim_interfaces.egg-info/SOURCES.txt'
[2.811s] writing manifest file 'auto_aim_interfaces.egg-info/SOURCES.txt'
[2.832s] [  2%] Built target ament_cmake_python_build_auto_aim_interfaces_egg
[3.075s] [  3%] [32mBuilding C object CMakeFiles/auto_aim_interfaces__rosidl_generator_c.dir/rosidl_generator_c/auto_aim_interfaces/msg/detail/armor__functions.c.o[0m
[3.076s] [  4%] [32mBuilding C object CMakeFiles/auto_aim_interfaces__rosidl_generator_c.dir/rosidl_generator_c/auto_aim_interfaces/msg/detail/target__functions.c.o[0m
[3.077s] [  5%] [32mBuilding C object CMakeFiles/auto_aim_interfaces__rosidl_generator_c.dir/rosidl_generator_c/auto_aim_interfaces/msg/detail/debug_armors__functions.c.o[0m
[3.077s] [  6%] [32mBuilding C object CMakeFiles/auto_aim_interfaces__rosidl_generator_c.dir/rosidl_generator_c/auto_aim_interfaces/msg/detail/armors__functions.c.o[0m
[3.077s] [  8%] [32mBuilding C object CMakeFiles/auto_aim_interfaces__rosidl_generator_c.dir/rosidl_generator_c/auto_aim_interfaces/msg/detail/debug_lights__functions.c.o[0m
[3.078s] [  9%] [32mBuilding C object CMakeFiles/auto_aim_interfaces__rosidl_generator_c.dir/rosidl_generator_c/auto_aim_interfaces/msg/detail/debug_light__functions.c.o[0m
[3.079s] [ 10%] [32mBuilding C object CMakeFiles/auto_aim_interfaces__rosidl_generator_c.dir/rosidl_generator_c/auto_aim_interfaces/msg/detail/tracker_info__functions.c.o[0m
[3.079s] [ 11%] [32mBuilding C object CMakeFiles/auto_aim_interfaces__rosidl_generator_c.dir/rosidl_generator_c/auto_aim_interfaces/msg/detail/debug_armor__functions.c.o[0m
[3.132s] [ 12%] [32m[1mLinking C shared library libauto_aim_interfaces__rosidl_generator_c.so[0m
[3.181s] [ 12%] Built target auto_aim_interfaces__cpp
[3.189s] [ 13%] [34m[1mGenerating C++ type support dispatch for ROS interfaces[0m
[3.190s] [ 16%] [34m[1mGenerating C++ type support for eProsima Fast-RTPS[0m
[3.190s] [ 16%] [34m[1mGenerating C++ introspection for ROS interfaces[0m
[3.260s] [ 16%] Built target auto_aim_interfaces__rosidl_generator_c
[3.268s] [ 17%] [34m[1mGenerating C introspection for ROS interfaces[0m
[3.270s] [ 18%] [34m[1mGenerating C type support for eProsima Fast-RTPS[0m
[3.270s] [ 19%] [34m[1mGenerating C type support dispatch for ROS interfaces[0m
[3.608s] [ 20%] [32mBuilding CXX object CMakeFiles/auto_aim_interfaces__rosidl_typesupport_cpp.dir/rosidl_typesupport_cpp/auto_aim_interfaces/msg/armors__type_support.cpp.o[0m
[3.609s] [ 21%] [32mBuilding CXX object CMakeFiles/auto_aim_interfaces__rosidl_typesupport_cpp.dir/rosidl_typesupport_cpp/auto_aim_interfaces/msg/armor__type_support.cpp.o[0m
[3.609s] [ 24%] [32mBuilding CXX object CMakeFiles/auto_aim_interfaces__rosidl_typesupport_cpp.dir/rosidl_typesupport_cpp/auto_aim_interfaces/msg/debug_light__type_support.cpp.o[0m
[3.609s] [ 24%] [32mBuilding CXX object CMakeFiles/auto_aim_interfaces__rosidl_typesupport_fastrtps_cpp.dir/rosidl_typesupport_fastrtps_cpp/auto_aim_interfaces/msg/detail/dds_fastrtps/armors__type_support.cpp.o[0m
[3.609s] [ 25%] [32mBuilding CXX object CMakeFiles/auto_aim_interfaces__rosidl_typesupport_cpp.dir/rosidl_typesupport_cpp/auto_aim_interfaces/msg/target__type_support.cpp.o[0m
[3.610s] [ 26%] [32mBuilding CXX object CMakeFiles/auto_aim_interfaces__rosidl_typesupport_fastrtps_cpp.dir/rosidl_typesupport_fastrtps_cpp/auto_aim_interfaces/msg/detail/dds_fastrtps/armor__type_support.cpp.o[0m
[3.610s] [ 27%] [32mBuilding CXX object CMakeFiles/auto_aim_interfaces__rosidl_typesupport_cpp.dir/rosidl_typesupport_cpp/auto_aim_interfaces/msg/debug_lights__type_support.cpp.o[0m
[3.611s] [ 28%] [32mBuilding CXX object CMakeFiles/auto_aim_interfaces__rosidl_typesupport_fastrtps_cpp.dir/rosidl_typesupport_fastrtps_cpp/auto_aim_interfaces/msg/detail/dds_fastrtps/target__type_support.cpp.o[0m
[3.616s] [ 29%] [32mBuilding CXX object CMakeFiles/auto_aim_interfaces__rosidl_typesupport_cpp.dir/rosidl_typesupport_cpp/auto_aim_interfaces/msg/debug_armor__type_support.cpp.o[0m
[3.618s] [ 31%] [32mBuilding CXX object CMakeFiles/auto_aim_interfaces__rosidl_typesupport_fastrtps_cpp.dir/rosidl_typesupport_fastrtps_cpp/auto_aim_interfaces/msg/detail/dds_fastrtps/debug_light__type_support.cpp.o[0m
[3.620s] [ 32%] [32mBuilding CXX object CMakeFiles/auto_aim_interfaces__rosidl_typesupport_cpp.dir/rosidl_typesupport_cpp/auto_aim_interfaces/msg/debug_armors__type_support.cpp.o[0m
[3.624s] [ 33%] [32mBuilding CXX object CMakeFiles/auto_aim_interfaces__rosidl_typesupport_fastrtps_cpp.dir/rosidl_typesupport_fastrtps_cpp/auto_aim_interfaces/msg/detail/dds_fastrtps/debug_lights__type_support.cpp.o[0m
[3.631s] [ 34%] [32mBuilding CXX object CMakeFiles/auto_aim_interfaces__rosidl_typesupport_cpp.dir/rosidl_typesupport_cpp/auto_aim_interfaces/msg/tracker_info__type_support.cpp.o[0m
[3.633s] [ 35%] [32mBuilding CXX object CMakeFiles/auto_aim_interfaces__rosidl_typesupport_fastrtps_cpp.dir/rosidl_typesupport_fastrtps_cpp/auto_aim_interfaces/msg/detail/dds_fastrtps/debug_armor__type_support.cpp.o[0m
[3.634s] [ 36%] [32mBuilding CXX object CMakeFiles/auto_aim_interfaces__rosidl_typesupport_fastrtps_cpp.dir/rosidl_typesupport_fastrtps_cpp/auto_aim_interfaces/msg/detail/dds_fastrtps/tracker_info__type_support.cpp.o[0m
[3.635s] [ 37%] [32mBuilding CXX object CMakeFiles/auto_aim_interfaces__rosidl_typesupport_fastrtps_cpp.dir/rosidl_typesupport_fastrtps_cpp/auto_aim_interfaces/msg/detail/dds_fastrtps/debug_armors__type_support.cpp.o[0m
[3.654s] [ 39%] [32mBuilding CXX object CMakeFiles/auto_aim_interfaces__rosidl_typesupport_introspection_cpp.dir/rosidl_typesupport_introspection_cpp/auto_aim_interfaces/msg/detail/armor__type_support.cpp.o[0m
[3.933s] [ 40%] [32mBuilding CXX object CMakeFiles/auto_aim_interfaces__rosidl_typesupport_c.dir/rosidl_typesupport_c/auto_aim_interfaces/msg/armor__type_support.cpp.o[0m
[3.962s] [ 41%] [32mBuilding CXX object CMakeFiles/auto_aim_interfaces__rosidl_typesupport_introspection_cpp.dir/rosidl_typesupport_introspection_cpp/auto_aim_interfaces/msg/detail/armors__type_support.cpp.o[0m
[3.978s] [ 42%] [32mBuilding CXX object CMakeFiles/auto_aim_interfaces__rosidl_typesupport_introspection_cpp.dir/rosidl_typesupport_introspection_cpp/auto_aim_interfaces/msg/detail/target__type_support.cpp.o[0m
[4.002s] [ 43%] [32mBuilding CXX object CMakeFiles/auto_aim_interfaces__rosidl_typesupport_introspection_cpp.dir/rosidl_typesupport_introspection_cpp/auto_aim_interfaces/msg/detail/debug_light__type_support.cpp.o[0m
[4.022s] [ 44%] [32mBuilding CXX object CMakeFiles/auto_aim_interfaces__rosidl_typesupport_c.dir/rosidl_typesupport_c/auto_aim_interfaces/msg/armors__type_support.cpp.o[0m
[4.059s] [ 45%] [32mBuilding CXX object CMakeFiles/auto_aim_interfaces__rosidl_typesupport_c.dir/rosidl_typesupport_c/auto_aim_interfaces/msg/target__type_support.cpp.o[0m
[4.060s] [ 47%] [32mBuilding CXX object CMakeFiles/auto_aim_interfaces__rosidl_typesupport_c.dir/rosidl_typesupport_c/auto_aim_interfaces/msg/debug_lights__type_support.cpp.o[0m
[4.060s] [ 49%] [32mBuilding CXX object CMakeFiles/auto_aim_interfaces__rosidl_typesupport_introspection_cpp.dir/rosidl_typesupport_introspection_cpp/auto_aim_interfaces/msg/detail/debug_lights__type_support.cpp.o[0m
[4.061s] [ 49%] [32mBuilding CXX object CMakeFiles/auto_aim_interfaces__rosidl_typesupport_c.dir/rosidl_typesupport_c/auto_aim_interfaces/msg/debug_light__type_support.cpp.o[0m
[4.065s] [ 50%] [32mBuilding CXX object CMakeFiles/auto_aim_interfaces__rosidl_typesupport_c.dir/rosidl_typesupport_c/auto_aim_interfaces/msg/debug_armor__type_support.cpp.o[0m
[4.067s] [ 51%] [32m[1mLinking CXX shared library libauto_aim_interfaces__rosidl_typesupport_cpp.so[0m
[4.070s] [ 52%] [32mBuilding C object CMakeFiles/auto_aim_interfaces__rosidl_typesupport_introspection_c.dir/rosidl_typesupport_introspection_c/auto_aim_interfaces/msg/detail/armor__type_support.c.o[0m
[4.088s] [ 54%] [32mBuilding CXX object CMakeFiles/auto_aim_interfaces__rosidl_typesupport_fastrtps_c.dir/rosidl_typesupport_fastrtps_c/auto_aim_interfaces/msg/detail/armor__type_support_c.cpp.o[0m
[4.096s] [ 55%] [32mBuilding CXX object CMakeFiles/auto_aim_interfaces__rosidl_typesupport_fastrtps_c.dir/rosidl_typesupport_fastrtps_c/auto_aim_interfaces/msg/detail/armors__type_support_c.cpp.o[0m
[4.100s] [ 56%] [32mBuilding CXX object CMakeFiles/auto_aim_interfaces__rosidl_typesupport_c.dir/rosidl_typesupport_c/auto_aim_interfaces/msg/debug_armors__type_support.cpp.o[0m
[4.111s] [ 57%] [32mBuilding CXX object CMakeFiles/auto_aim_interfaces__rosidl_typesupport_c.dir/rosidl_typesupport_c/auto_aim_interfaces/msg/tracker_info__type_support.cpp.o[0m
[4.114s] [ 58%] [32mBuilding CXX object CMakeFiles/auto_aim_interfaces__rosidl_typesupport_fastrtps_c.dir/rosidl_typesupport_fastrtps_c/auto_aim_interfaces/msg/detail/target__type_support_c.cpp.o[0m
[4.127s] [ 59%] [32mBuilding C object CMakeFiles/auto_aim_interfaces__rosidl_typesupport_introspection_c.dir/rosidl_typesupport_introspection_c/auto_aim_interfaces/msg/detail/armors__type_support.c.o[0m
[4.140s] [ 60%] [32mBuilding CXX object CMakeFiles/auto_aim_interfaces__rosidl_typesupport_fastrtps_c.dir/rosidl_typesupport_fastrtps_c/auto_aim_interfaces/msg/detail/debug_light__type_support_c.cpp.o[0m
[4.189s] [ 62%] [32mBuilding CXX object CMakeFiles/auto_aim_interfaces__rosidl_typesupport_fastrtps_c.dir/rosidl_typesupport_fastrtps_c/auto_aim_interfaces/msg/detail/debug_lights__type_support_c.cpp.o[0m
[4.191s] [ 63%] [32m[1mLinking CXX shared library libauto_aim_interfaces__rosidl_typesupport_c.so[0m
[4.194s] [ 64%] [32mBuilding C object CMakeFiles/auto_aim_interfaces__rosidl_typesupport_introspection_c.dir/rosidl_typesupport_introspection_c/auto_aim_interfaces/msg/detail/target__type_support.c.o[0m
[4.212s] [ 65%] [32mBuilding CXX object CMakeFiles/auto_aim_interfaces__rosidl_typesupport_fastrtps_c.dir/rosidl_typesupport_fastrtps_c/auto_aim_interfaces/msg/detail/debug_armor__type_support_c.cpp.o[0m
[4.213s] [ 66%] [32mBuilding C object CMakeFiles/auto_aim_interfaces__rosidl_typesupport_introspection_c.dir/rosidl_typesupport_introspection_c/auto_aim_interfaces/msg/detail/debug_light__type_support.c.o[0m
[4.221s] [ 67%] [32mBuilding C object CMakeFiles/auto_aim_interfaces__rosidl_typesupport_introspection_c.dir/rosidl_typesupport_introspection_c/auto_aim_interfaces/msg/detail/debug_lights__type_support.c.o[0m
[4.242s] [ 68%] [32mBuilding C object CMakeFiles/auto_aim_interfaces__rosidl_typesupport_introspection_c.dir/rosidl_typesupport_introspection_c/auto_aim_interfaces/msg/detail/debug_armor__type_support.c.o[0m
[4.248s] [ 70%] [32mBuilding CXX object CMakeFiles/auto_aim_interfaces__rosidl_typesupport_introspection_cpp.dir/rosidl_typesupport_introspection_cpp/auto_aim_interfaces/msg/detail/debug_armor__type_support.cpp.o[0m
[4.265s] [ 71%] [32mBuilding C object CMakeFiles/auto_aim_interfaces__rosidl_typesupport_introspection_c.dir/rosidl_typesupport_introspection_c/auto_aim_interfaces/msg/detail/debug_armors__type_support.c.o[0m
[4.267s] [ 71%] Built target auto_aim_interfaces__rosidl_typesupport_cpp
[4.270s] [ 72%] [32mBuilding C object CMakeFiles/auto_aim_interfaces__rosidl_typesupport_introspection_c.dir/rosidl_typesupport_introspection_c/auto_aim_interfaces/msg/detail/tracker_info__type_support.c.o[0m
[4.278s] [ 74%] [32mBuilding CXX object CMakeFiles/auto_aim_interfaces__rosidl_typesupport_introspection_cpp.dir/rosidl_typesupport_introspection_cpp/auto_aim_interfaces/msg/detail/debug_armors__type_support.cpp.o[0m
[4.278s] [ 74%] [32mBuilding CXX object CMakeFiles/auto_aim_interfaces__rosidl_typesupport_fastrtps_c.dir/rosidl_typesupport_fastrtps_c/auto_aim_interfaces/msg/detail/debug_armors__type_support_c.cpp.o[0m
[4.284s] [ 75%] [32mBuilding CXX object CMakeFiles/auto_aim_interfaces__rosidl_typesupport_introspection_cpp.dir/rosidl_typesupport_introspection_cpp/auto_aim_interfaces/msg/detail/tracker_info__type_support.cpp.o[0m
[4.298s] [ 77%] [32mBuilding CXX object CMakeFiles/auto_aim_interfaces__rosidl_typesupport_fastrtps_c.dir/rosidl_typesupport_fastrtps_c/auto_aim_interfaces/msg/detail/tracker_info__type_support_c.cpp.o[0m
[4.318s] [ 78%] [32m[1mLinking C shared library libauto_aim_interfaces__rosidl_typesupport_introspection_c.so[0m
[4.392s] [ 79%] [32m[1mLinking CXX shared library libauto_aim_interfaces__rosidl_typesupport_fastrtps_cpp.so[0m
[4.447s] [ 79%] Built target auto_aim_interfaces__rosidl_typesupport_c
[4.504s] [ 79%] Built target auto_aim_interfaces__rosidl_typesupport_introspection_c
[4.622s] [ 79%] Built target auto_aim_interfaces__rosidl_typesupport_fastrtps_cpp
[4.722s] [ 80%] [32m[1mLinking CXX shared library libauto_aim_interfaces__rosidl_typesupport_fastrtps_c.so[0m
[4.801s] [ 81%] [32m[1mLinking CXX shared library libauto_aim_interfaces__rosidl_typesupport_introspection_cpp.so[0m
[4.858s] [ 81%] Built target auto_aim_interfaces__rosidl_typesupport_fastrtps_c
[4.923s] [ 81%] Built target auto_aim_interfaces__rosidl_typesupport_introspection_cpp
[4.935s] [ 81%] Built target auto_aim_interfaces
[4.947s] [ 82%] [34m[1mGenerating Python code for ROS interfaces[0m
[5.575s] [ 82%] Built target auto_aim_interfaces__py
[5.588s] [ 85%] [32mBuilding C object CMakeFiles/auto_aim_interfaces__rosidl_generator_py.dir/rosidl_generator_py/auto_aim_interfaces/msg/_armors_s.c.o[0m
[5.588s] [ 85%] [32mBuilding C object CMakeFiles/auto_aim_interfaces__rosidl_generator_py.dir/rosidl_generator_py/auto_aim_interfaces/msg/_debug_light_s.c.o[0m
[5.588s] [ 86%] [32mBuilding C object CMakeFiles/auto_aim_interfaces__rosidl_generator_py.dir/rosidl_generator_py/auto_aim_interfaces/msg/_debug_armor_s.c.o[0m
[5.588s] [ 87%] [32mBuilding C object CMakeFiles/auto_aim_interfaces__rosidl_generator_py.dir/rosidl_generator_py/auto_aim_interfaces/msg/_armor_s.c.o[0m
[5.589s] [ 88%] [32mBuilding C object CMakeFiles/auto_aim_interfaces__rosidl_generator_py.dir/rosidl_generator_py/auto_aim_interfaces/msg/_target_s.c.o[0m
[5.589s] [ 89%] [32mBuilding C object CMakeFiles/auto_aim_interfaces__rosidl_generator_py.dir/rosidl_generator_py/auto_aim_interfaces/msg/_tracker_info_s.c.o[0m
[5.590s] [ 91%] [32mBuilding C object CMakeFiles/auto_aim_interfaces__rosidl_generator_py.dir/rosidl_generator_py/auto_aim_interfaces/msg/_debug_armors_s.c.o[0m
[5.590s] [ 91%] [32mBuilding C object CMakeFiles/auto_aim_interfaces__rosidl_generator_py.dir/rosidl_generator_py/auto_aim_interfaces/msg/_debug_lights_s.c.o[0m
[5.692s] [ 93%] [32m[1mLinking C shared library rosidl_generator_py/auto_aim_interfaces/libauto_aim_interfaces__rosidl_generator_py.so[0m
[5.798s] [ 93%] Built target auto_aim_interfaces__rosidl_generator_py
[5.812s] [ 96%] [32mBuilding C object CMakeFiles/auto_aim_interfaces__rosidl_typesupport_fastrtps_c__pyext.dir/rosidl_generator_py/auto_aim_interfaces/_auto_aim_interfaces_s.ep.rosidl_typesupport_fastrtps_c.c.o[0m
[5.812s] [ 96%] [32mBuilding C object CMakeFiles/auto_aim_interfaces__rosidl_typesupport_c__pyext.dir/rosidl_generator_py/auto_aim_interfaces/_auto_aim_interfaces_s.ep.rosidl_typesupport_c.c.o[0m
[5.812s] [ 96%] [32mBuilding C object CMakeFiles/auto_aim_interfaces__rosidl_typesupport_introspection_c__pyext.dir/rosidl_generator_py/auto_aim_interfaces/_auto_aim_interfaces_s.ep.rosidl_typesupport_introspection_c.c.o[0m
[5.892s] [ 98%] [32m[1mLinking C shared library rosidl_generator_py/auto_aim_interfaces/auto_aim_interfaces_s__rosidl_typesupport_c.cpython-310-x86_64-linux-gnu.so[0m
[5.892s] [100%] [32m[1mLinking C shared library rosidl_generator_py/auto_aim_interfaces/auto_aim_interfaces_s__rosidl_typesupport_fastrtps_c.cpython-310-x86_64-linux-gnu.so[0m
[5.892s] [100%] [32m[1mLinking C shared library rosidl_generator_py/auto_aim_interfaces/auto_aim_interfaces_s__rosidl_typesupport_introspection_c.cpython-310-x86_64-linux-gnu.so[0m
[5.962s] [100%] Built target auto_aim_interfaces__rosidl_typesupport_c__pyext
[5.962s] [100%] Built target auto_aim_interfaces__rosidl_typesupport_introspection_c__pyext
[5.962s] [100%] Built target auto_aim_interfaces__rosidl_typesupport_fastrtps_c__pyext
[5.971s] Invoked command in '/home/ghlins/new_tracker/build/auto_aim_interfaces' returned '0': CMAKE_PREFIX_PATH=${CMAKE_PREFIX_PATH}:/opt/ros/humble /usr/bin/cmake --build /home/ghlins/new_tracker/build/auto_aim_interfaces -- -j20 -l20
[6.076s] Invoking command in '/home/ghlins/new_tracker/build/auto_aim_interfaces': CMAKE_PREFIX_PATH=${CMAKE_PREFIX_PATH}:/opt/ros/humble /usr/bin/cmake --install /home/ghlins/new_tracker/build/auto_aim_interfaces
[6.084s] -- Install configuration: ""
[6.084s] -- Installing: /home/ghlins/new_tracker/install/auto_aim_interfaces/share/ament_index/resource_index/rosidl_interfaces/auto_aim_interfaces
[6.084s] -- Up-to-date: /home/ghlins/new_tracker/install/auto_aim_interfaces/include/auto_aim_interfaces/auto_aim_interfaces
[6.084s] -- Up-to-date: /home/ghlins/new_tracker/install/auto_aim_interfaces/include/auto_aim_interfaces/auto_aim_interfaces/msg
[6.084s] -- Installing: /home/ghlins/new_tracker/install/auto_aim_interfaces/include/auto_aim_interfaces/auto_aim_interfaces/msg/armor.h
[6.085s] -- Installing: /home/ghlins/new_tracker/install/auto_aim_interfaces/include/auto_aim_interfaces/auto_aim_interfaces/msg/debug_lights.h
[6.085s] -- Up-to-date: /home/ghlins/new_tracker/install/auto_aim_interfaces/include/auto_aim_interfaces/auto_aim_interfaces/msg/detail
[6.085s] -- Installing: /home/ghlins/new_tracker/install/auto_aim_interfaces/include/auto_aim_interfaces/auto_aim_interfaces/msg/detail/target__functions.h
[6.085s] -- Installing: /home/ghlins/new_tracker/install/auto_aim_interfaces/include/auto_aim_interfaces/auto_aim_interfaces/msg/detail/debug_light__struct.h
[6.085s] -- Installing: /home/ghlins/new_tracker/install/auto_aim_interfaces/include/auto_aim_interfaces/auto_aim_interfaces/msg/detail/armors__struct.h
[6.085s] -- Installing: /home/ghlins/new_tracker/install/auto_aim_interfaces/include/auto_aim_interfaces/auto_aim_interfaces/msg/detail/debug_armors__functions.c
[6.085s] -- Installing: /home/ghlins/new_tracker/install/auto_aim_interfaces/include/auto_aim_interfaces/auto_aim_interfaces/msg/detail/debug_light__type_support.h
[6.085s] -- Installing: /home/ghlins/new_tracker/install/auto_aim_interfaces/include/auto_aim_interfaces/auto_aim_interfaces/msg/detail/target__functions.c
[6.085s] -- Installing: /home/ghlins/new_tracker/install/auto_aim_interfaces/include/auto_aim_interfaces/auto_aim_interfaces/msg/detail/debug_armors__functions.h
[6.085s] -- Installing: /home/ghlins/new_tracker/install/auto_aim_interfaces/include/auto_aim_interfaces/auto_aim_interfaces/msg/detail/tracker_info__functions.c
[6.085s] -- Installing: /home/ghlins/new_tracker/install/auto_aim_interfaces/include/auto_aim_interfaces/auto_aim_interfaces/msg/detail/debug_armor__struct.h
[6.086s] -- Installing: /home/ghlins/new_tracker/install/auto_aim_interfaces/include/auto_aim_interfaces/auto_aim_interfaces/msg/detail/armor__type_support.h
[6.086s] -- Installing: /home/ghlins/new_tracker/install/auto_aim_interfaces/include/auto_aim_interfaces/auto_aim_interfaces/msg/detail/armor__functions.c
[6.086s] -- Installing: /home/ghlins/new_tracker/install/auto_aim_interfaces/include/auto_aim_interfaces/auto_aim_interfaces/msg/detail/debug_lights__type_support.h
[6.086s] -- Installing: /home/ghlins/new_tracker/install/auto_aim_interfaces/include/auto_aim_interfaces/auto_aim_interfaces/msg/detail/armor__functions.h
[6.086s] -- Installing: /home/ghlins/new_tracker/install/auto_aim_interfaces/include/auto_aim_interfaces/auto_aim_interfaces/msg/detail/target__struct.h
[6.086s] -- Installing: /home/ghlins/new_tracker/install/auto_aim_interfaces/include/auto_aim_interfaces/auto_aim_interfaces/msg/detail/armor__struct.h
[6.086s] -- Installing: /home/ghlins/new_tracker/install/auto_aim_interfaces/include/auto_aim_interfaces/auto_aim_interfaces/msg/detail/debug_lights__functions.h
[6.087s] -- Installing: /home/ghlins/new_tracker/install/auto_aim_interfaces/include/auto_aim_interfaces/auto_aim_interfaces/msg/detail/tracker_info__struct.h
[6.087s] -- Installing: /home/ghlins/new_tracker/install/auto_aim_interfaces/include/auto_aim_interfaces/auto_aim_interfaces/msg/detail/armors__functions.c
[6.087s] -- Installing: /home/ghlins/new_tracker/install/auto_aim_interfaces/include/auto_aim_interfaces/auto_aim_interfaces/msg/detail/debug_lights__functions.c
[6.087s] -- Installing: /home/ghlins/new_tracker/install/auto_aim_interfaces/include/auto_aim_interfaces/auto_aim_interfaces/msg/detail/debug_armors__struct.h
[6.087s] -- Installing: /home/ghlins/new_tracker/install/auto_aim_interfaces/include/auto_aim_interfaces/auto_aim_interfaces/msg/detail/tracker_info__functions.h
[6.087s] -- Installing: /home/ghlins/new_tracker/install/auto_aim_interfaces/include/auto_aim_interfaces/auto_aim_interfaces/msg/detail/target__type_support.h
[6.087s] -- Installing: /home/ghlins/new_tracker/install/auto_aim_interfaces/include/auto_aim_interfaces/auto_aim_interfaces/msg/detail/armors__type_support.h
[6.087s] -- Installing: /home/ghlins/new_tracker/install/auto_aim_interfaces/include/auto_aim_interfaces/auto_aim_interfaces/msg/detail/debug_armor__functions.c
[6.087s] -- Installing: /home/ghlins/new_tracker/install/auto_aim_interfaces/include/auto_aim_interfaces/auto_aim_interfaces/msg/detail/debug_armor__functions.h
[6.087s] -- Installing: /home/ghlins/new_tracker/install/auto_aim_interfaces/include/auto_aim_interfaces/auto_aim_interfaces/msg/detail/debug_lights__struct.h
[6.088s] -- Installing: /home/ghlins/new_tracker/install/auto_aim_interfaces/include/auto_aim_interfaces/auto_aim_interfaces/msg/detail/tracker_info__type_support.h
[6.088s] -- Installing: /home/ghlins/new_tracker/install/auto_aim_interfaces/include/auto_aim_interfaces/auto_aim_interfaces/msg/detail/armors__functions.h
[6.088s] -- Installing: /home/ghlins/new_tracker/install/auto_aim_interfaces/include/auto_aim_interfaces/auto_aim_interfaces/msg/detail/debug_light__functions.h
[6.088s] -- Installing: /home/ghlins/new_tracker/install/auto_aim_interfaces/include/auto_aim_interfaces/auto_aim_interfaces/msg/detail/debug_armor__type_support.h
[6.088s] -- Installing: /home/ghlins/new_tracker/install/auto_aim_interfaces/include/auto_aim_interfaces/auto_aim_interfaces/msg/detail/debug_armors__type_support.h
[6.088s] -- Installing: /home/ghlins/new_tracker/install/auto_aim_interfaces/include/auto_aim_interfaces/auto_aim_interfaces/msg/detail/debug_light__functions.c
[6.088s] -- Installing: /home/ghlins/new_tracker/install/auto_aim_interfaces/include/auto_aim_interfaces/auto_aim_interfaces/msg/debug_armors.h
[6.088s] -- Installing: /home/ghlins/new_tracker/install/auto_aim_interfaces/include/auto_aim_interfaces/auto_aim_interfaces/msg/debug_armor.h
[6.088s] -- Installing: /home/ghlins/new_tracker/install/auto_aim_interfaces/include/auto_aim_interfaces/auto_aim_interfaces/msg/target.h
[6.089s] -- Installing: /home/ghlins/new_tracker/install/auto_aim_interfaces/include/auto_aim_interfaces/auto_aim_interfaces/msg/debug_light.h
[6.089s] -- Installing: /home/ghlins/new_tracker/install/auto_aim_interfaces/include/auto_aim_interfaces/auto_aim_interfaces/msg/tracker_info.h
[6.089s] -- Installing: /home/ghlins/new_tracker/install/auto_aim_interfaces/include/auto_aim_interfaces/auto_aim_interfaces/msg/rosidl_generator_c__visibility_control.h
[6.089s] -- Installing: /home/ghlins/new_tracker/install/auto_aim_interfaces/include/auto_aim_interfaces/auto_aim_interfaces/msg/armors.h
[6.089s] -- Up-to-date: /home/ghlins/new_tracker/install/auto_aim_interfaces/share/auto_aim_interfaces/environment/library_path.sh
[6.089s] -- Installing: /home/ghlins/new_tracker/install/auto_aim_interfaces/share/auto_aim_interfaces/environment/library_path.dsv
[6.089s] -- Installing: /home/ghlins/new_tracker/install/auto_aim_interfaces/lib/libauto_aim_interfaces__rosidl_generator_c.so
[6.089s] -- Set runtime path of "/home/ghlins/new_tracker/install/auto_aim_interfaces/lib/libauto_aim_interfaces__rosidl_generator_c.so" to ""
[6.090s] -- Up-to-date: /home/ghlins/new_tracker/install/auto_aim_interfaces/include/auto_aim_interfaces/auto_aim_interfaces
[6.090s] -- Up-to-date: /home/ghlins/new_tracker/install/auto_aim_interfaces/include/auto_aim_interfaces/auto_aim_interfaces/msg
[6.090s] -- Installing: /home/ghlins/new_tracker/install/auto_aim_interfaces/include/auto_aim_interfaces/auto_aim_interfaces/msg/rosidl_typesupport_fastrtps_c__visibility_control.h
[6.090s] -- Up-to-date: /home/ghlins/new_tracker/install/auto_aim_interfaces/include/auto_aim_interfaces/auto_aim_interfaces/msg/detail
[6.090s] -- Installing: /home/ghlins/new_tracker/install/auto_aim_interfaces/include/auto_aim_interfaces/auto_aim_interfaces/msg/detail/debug_armors__rosidl_typesupport_fastrtps_c.h
[6.090s] -- Installing: /home/ghlins/new_tracker/install/auto_aim_interfaces/include/auto_aim_interfaces/auto_aim_interfaces/msg/detail/armor__rosidl_typesupport_fastrtps_c.h
[6.090s] -- Installing: /home/ghlins/new_tracker/install/auto_aim_interfaces/include/auto_aim_interfaces/auto_aim_interfaces/msg/detail/debug_light__rosidl_typesupport_fastrtps_c.h
[6.090s] -- Installing: /home/ghlins/new_tracker/install/auto_aim_interfaces/include/auto_aim_interfaces/auto_aim_interfaces/msg/detail/debug_lights__rosidl_typesupport_fastrtps_c.h
[6.091s] -- Installing: /home/ghlins/new_tracker/install/auto_aim_interfaces/include/auto_aim_interfaces/auto_aim_interfaces/msg/detail/debug_armor__rosidl_typesupport_fastrtps_c.h
[6.091s] -- Installing: /home/ghlins/new_tracker/install/auto_aim_interfaces/include/auto_aim_interfaces/auto_aim_interfaces/msg/detail/target__rosidl_typesupport_fastrtps_c.h
[6.091s] -- Installing: /home/ghlins/new_tracker/install/auto_aim_interfaces/include/auto_aim_interfaces/auto_aim_interfaces/msg/detail/tracker_info__rosidl_typesupport_fastrtps_c.h
[6.091s] -- Installing: /home/ghlins/new_tracker/install/auto_aim_interfaces/include/auto_aim_interfaces/auto_aim_interfaces/msg/detail/armors__rosidl_typesupport_fastrtps_c.h
[6.091s] -- Installing: /home/ghlins/new_tracker/install/auto_aim_interfaces/lib/libauto_aim_interfaces__rosidl_typesupport_fastrtps_c.so
[6.091s] -- Set runtime path of "/home/ghlins/new_tracker/install/auto_aim_interfaces/lib/libauto_aim_interfaces__rosidl_typesupport_fastrtps_c.so" to ""
[6.091s] -- Up-to-date: /home/ghlins/new_tracker/install/auto_aim_interfaces/include/auto_aim_interfaces/auto_aim_interfaces
[6.091s] -- Up-to-date: /home/ghlins/new_tracker/install/auto_aim_interfaces/include/auto_aim_interfaces/auto_aim_interfaces/msg
[6.091s] -- Installing: /home/ghlins/new_tracker/install/auto_aim_interfaces/include/auto_aim_interfaces/auto_aim_interfaces/msg/rosidl_typesupport_introspection_c__visibility_control.h
[6.091s] -- Up-to-date: /home/ghlins/new_tracker/install/auto_aim_interfaces/include/auto_aim_interfaces/auto_aim_interfaces/msg/detail
[6.092s] -- Installing: /home/ghlins/new_tracker/install/auto_aim_interfaces/include/auto_aim_interfaces/auto_aim_interfaces/msg/detail/tracker_info__type_support.c
[6.092s] -- Installing: /home/ghlins/new_tracker/install/auto_aim_interfaces/include/auto_aim_interfaces/auto_aim_interfaces/msg/detail/tracker_info__rosidl_typesupport_introspection_c.h
[6.092s] -- Installing: /home/ghlins/new_tracker/install/auto_aim_interfaces/include/auto_aim_interfaces/auto_aim_interfaces/msg/detail/target__type_support.c
[6.092s] -- Installing: /home/ghlins/new_tracker/install/auto_aim_interfaces/include/auto_aim_interfaces/auto_aim_interfaces/msg/detail/debug_armor__type_support.c
[6.092s] -- Installing: /home/ghlins/new_tracker/install/auto_aim_interfaces/include/auto_aim_interfaces/auto_aim_interfaces/msg/detail/armor__rosidl_typesupport_introspection_c.h
[6.092s] -- Installing: /home/ghlins/new_tracker/install/auto_aim_interfaces/include/auto_aim_interfaces/auto_aim_interfaces/msg/detail/armors__type_support.c
[6.092s] -- Installing: /home/ghlins/new_tracker/install/auto_aim_interfaces/include/auto_aim_interfaces/auto_aim_interfaces/msg/detail/armors__rosidl_typesupport_introspection_c.h
[6.092s] -- Installing: /home/ghlins/new_tracker/install/auto_aim_interfaces/include/auto_aim_interfaces/auto_aim_interfaces/msg/detail/debug_armors__rosidl_typesupport_introspection_c.h
[6.093s] -- Installing: /home/ghlins/new_tracker/install/auto_aim_interfaces/include/auto_aim_interfaces/auto_aim_interfaces/msg/detail/debug_lights__rosidl_typesupport_introspection_c.h
[6.093s] -- Installing: /home/ghlins/new_tracker/install/auto_aim_interfaces/include/auto_aim_interfaces/auto_aim_interfaces/msg/detail/debug_armors__type_support.c
[6.093s] -- Installing: /home/ghlins/new_tracker/install/auto_aim_interfaces/include/auto_aim_interfaces/auto_aim_interfaces/msg/detail/debug_armor__rosidl_typesupport_introspection_c.h
[6.093s] -- Installing: /home/ghlins/new_tracker/install/auto_aim_interfaces/include/auto_aim_interfaces/auto_aim_interfaces/msg/detail/debug_light__rosidl_typesupport_introspection_c.h
[6.093s] -- Installing: /home/ghlins/new_tracker/install/auto_aim_interfaces/include/auto_aim_interfaces/auto_aim_interfaces/msg/detail/target__rosidl_typesupport_introspection_c.h
[6.093s] -- Installing: /home/ghlins/new_tracker/install/auto_aim_interfaces/include/auto_aim_interfaces/auto_aim_interfaces/msg/detail/armor__type_support.c
[6.094s] -- Installing: /home/ghlins/new_tracker/install/auto_aim_interfaces/include/auto_aim_interfaces/auto_aim_interfaces/msg/detail/debug_light__type_support.c
[6.094s] -- Installing: /home/ghlins/new_tracker/install/auto_aim_interfaces/include/auto_aim_interfaces/auto_aim_interfaces/msg/detail/debug_lights__type_support.c
[6.094s] -- Installing: /home/ghlins/new_tracker/install/auto_aim_interfaces/lib/libauto_aim_interfaces__rosidl_typesupport_introspection_c.so
[6.094s] -- Set runtime path of "/home/ghlins/new_tracker/install/auto_aim_interfaces/lib/libauto_aim_interfaces__rosidl_typesupport_introspection_c.so" to ""
[6.095s] -- Installing: /home/ghlins/new_tracker/install/auto_aim_interfaces/lib/libauto_aim_interfaces__rosidl_typesupport_c.so
[6.095s] -- Set runtime path of "/home/ghlins/new_tracker/install/auto_aim_interfaces/lib/libauto_aim_interfaces__rosidl_typesupport_c.so" to ""
[6.095s] -- Up-to-date: /home/ghlins/new_tracker/install/auto_aim_interfaces/include/auto_aim_interfaces/auto_aim_interfaces
[6.095s] -- Up-to-date: /home/ghlins/new_tracker/install/auto_aim_interfaces/include/auto_aim_interfaces/auto_aim_interfaces/msg
[6.095s] -- Installing: /home/ghlins/new_tracker/install/auto_aim_interfaces/include/auto_aim_interfaces/auto_aim_interfaces/msg/debug_armors.hpp
[6.095s] -- Installing: /home/ghlins/new_tracker/install/auto_aim_interfaces/include/auto_aim_interfaces/auto_aim_interfaces/msg/target.hpp
[6.095s] -- Installing: /home/ghlins/new_tracker/install/auto_aim_interfaces/include/auto_aim_interfaces/auto_aim_interfaces/msg/debug_armor.hpp
[6.096s] -- Installing: /home/ghlins/new_tracker/install/auto_aim_interfaces/include/auto_aim_interfaces/auto_aim_interfaces/msg/debug_light.hpp
[6.096s] -- Up-to-date: /home/ghlins/new_tracker/install/auto_aim_interfaces/include/auto_aim_interfaces/auto_aim_interfaces/msg/detail
[6.096s] -- Installing: /home/ghlins/new_tracker/install/auto_aim_interfaces/include/auto_aim_interfaces/auto_aim_interfaces/msg/detail/armor__struct.hpp
[6.096s] -- Installing: /home/ghlins/new_tracker/install/auto_aim_interfaces/include/auto_aim_interfaces/auto_aim_interfaces/msg/detail/target__struct.hpp
[6.096s] -- Installing: /home/ghlins/new_tracker/install/auto_aim_interfaces/include/auto_aim_interfaces/auto_aim_interfaces/msg/detail/debug_armor__builder.hpp
[6.096s] -- Installing: /home/ghlins/new_tracker/install/auto_aim_interfaces/include/auto_aim_interfaces/auto_aim_interfaces/msg/detail/debug_armors__builder.hpp
[6.096s] -- Installing: /home/ghlins/new_tracker/install/auto_aim_interfaces/include/auto_aim_interfaces/auto_aim_interfaces/msg/detail/tracker_info__traits.hpp
[6.096s] -- Installing: /home/ghlins/new_tracker/install/auto_aim_interfaces/include/auto_aim_interfaces/auto_aim_interfaces/msg/detail/debug_light__builder.hpp
[6.096s] -- Installing: /home/ghlins/new_tracker/install/auto_aim_interfaces/include/auto_aim_interfaces/auto_aim_interfaces/msg/detail/debug_armor__traits.hpp
[6.097s] -- Installing: /home/ghlins/new_tracker/install/auto_aim_interfaces/include/auto_aim_interfaces/auto_aim_interfaces/msg/detail/debug_lights__traits.hpp
[6.097s] -- Installing: /home/ghlins/new_tracker/install/auto_aim_interfaces/include/auto_aim_interfaces/auto_aim_interfaces/msg/detail/debug_light__traits.hpp
[6.097s] -- Installing: /home/ghlins/new_tracker/install/auto_aim_interfaces/include/auto_aim_interfaces/auto_aim_interfaces/msg/detail/debug_armors__struct.hpp
[6.097s] -- Installing: /home/ghlins/new_tracker/install/auto_aim_interfaces/include/auto_aim_interfaces/auto_aim_interfaces/msg/detail/target__builder.hpp
[6.097s] -- Installing: /home/ghlins/new_tracker/install/auto_aim_interfaces/include/auto_aim_interfaces/auto_aim_interfaces/msg/detail/debug_lights__struct.hpp
[6.097s] -- Installing: /home/ghlins/new_tracker/install/auto_aim_interfaces/include/auto_aim_interfaces/auto_aim_interfaces/msg/detail/armors__struct.hpp
[6.098s] -- Installing: /home/ghlins/new_tracker/install/auto_aim_interfaces/include/auto_aim_interfaces/auto_aim_interfaces/msg/detail/debug_light__struct.hpp
[6.098s] -- Installing: /home/ghlins/new_tracker/install/auto_aim_interfaces/include/auto_aim_interfaces/auto_aim_interfaces/msg/detail/debug_lights__builder.hpp
[6.098s] -- Installing: /home/ghlins/new_tracker/install/auto_aim_interfaces/include/auto_aim_interfaces/auto_aim_interfaces/msg/detail/armors__traits.hpp
[6.098s] -- Installing: /home/ghlins/new_tracker/install/auto_aim_interfaces/include/auto_aim_interfaces/auto_aim_interfaces/msg/detail/armor__builder.hpp
[6.098s] -- Installing: /home/ghlins/new_tracker/install/auto_aim_interfaces/include/auto_aim_interfaces/auto_aim_interfaces/msg/detail/debug_armors__traits.hpp
[6.098s] -- Installing: /home/ghlins/new_tracker/install/auto_aim_interfaces/include/auto_aim_interfaces/auto_aim_interfaces/msg/detail/target__traits.hpp
[6.098s] -- Installing: /home/ghlins/new_tracker/install/auto_aim_interfaces/include/auto_aim_interfaces/auto_aim_interfaces/msg/detail/armor__traits.hpp
[6.098s] -- Installing: /home/ghlins/new_tracker/install/auto_aim_interfaces/include/auto_aim_interfaces/auto_aim_interfaces/msg/detail/armors__builder.hpp
[6.099s] -- Installing: /home/ghlins/new_tracker/install/auto_aim_interfaces/include/auto_aim_interfaces/auto_aim_interfaces/msg/detail/debug_armor__struct.hpp
[6.099s] -- Installing: /home/ghlins/new_tracker/install/auto_aim_interfaces/include/auto_aim_interfaces/auto_aim_interfaces/msg/detail/tracker_info__builder.hpp
[6.099s] -- Installing: /home/ghlins/new_tracker/install/auto_aim_interfaces/include/auto_aim_interfaces/auto_aim_interfaces/msg/detail/tracker_info__struct.hpp
[6.099s] -- Installing: /home/ghlins/new_tracker/install/auto_aim_interfaces/include/auto_aim_interfaces/auto_aim_interfaces/msg/armors.hpp
[6.099s] -- Installing: /home/ghlins/new_tracker/install/auto_aim_interfaces/include/auto_aim_interfaces/auto_aim_interfaces/msg/tracker_info.hpp
[6.099s] -- Installing: /home/ghlins/new_tracker/install/auto_aim_interfaces/include/auto_aim_interfaces/auto_aim_interfaces/msg/debug_lights.hpp
[6.099s] -- Installing: /home/ghlins/new_tracker/install/auto_aim_interfaces/include/auto_aim_interfaces/auto_aim_interfaces/msg/armor.hpp
[6.100s] -- Up-to-date: /home/ghlins/new_tracker/install/auto_aim_interfaces/include/auto_aim_interfaces/auto_aim_interfaces
[6.100s] -- Up-to-date: /home/ghlins/new_tracker/install/auto_aim_interfaces/include/auto_aim_interfaces/auto_aim_interfaces/msg
[6.100s] -- Installing: /home/ghlins/new_tracker/install/auto_aim_interfaces/include/auto_aim_interfaces/auto_aim_interfaces/msg/rosidl_typesupport_fastrtps_cpp__visibility_control.h
[6.100s] -- Up-to-date: /home/ghlins/new_tracker/install/auto_aim_interfaces/include/auto_aim_interfaces/auto_aim_interfaces/msg/detail
[6.100s] -- Installing: /home/ghlins/new_tracker/install/auto_aim_interfaces/include/auto_aim_interfaces/auto_aim_interfaces/msg/detail/target__rosidl_typesupport_fastrtps_cpp.hpp
[6.100s] -- Installing: /home/ghlins/new_tracker/install/auto_aim_interfaces/include/auto_aim_interfaces/auto_aim_interfaces/msg/detail/armors__rosidl_typesupport_fastrtps_cpp.hpp
[6.101s] -- Installing: /home/ghlins/new_tracker/install/auto_aim_interfaces/include/auto_aim_interfaces/auto_aim_interfaces/msg/detail/debug_armors__rosidl_typesupport_fastrtps_cpp.hpp
[6.101s] -- Installing: /home/ghlins/new_tracker/install/auto_aim_interfaces/include/auto_aim_interfaces/auto_aim_interfaces/msg/detail/tracker_info__rosidl_typesupport_fastrtps_cpp.hpp
[6.101s] -- Installing: /home/ghlins/new_tracker/install/auto_aim_interfaces/include/auto_aim_interfaces/auto_aim_interfaces/msg/detail/armor__rosidl_typesupport_fastrtps_cpp.hpp
[6.101s] -- Installing: /home/ghlins/new_tracker/install/auto_aim_interfaces/include/auto_aim_interfaces/auto_aim_interfaces/msg/detail/debug_armor__rosidl_typesupport_fastrtps_cpp.hpp
[6.101s] -- Up-to-date: /home/ghlins/new_tracker/install/auto_aim_interfaces/include/auto_aim_interfaces/auto_aim_interfaces/msg/detail/dds_fastrtps
[6.101s] -- Installing: /home/ghlins/new_tracker/install/auto_aim_interfaces/include/auto_aim_interfaces/auto_aim_interfaces/msg/detail/debug_light__rosidl_typesupport_fastrtps_cpp.hpp
[6.101s] -- Installing: /home/ghlins/new_tracker/install/auto_aim_interfaces/include/auto_aim_interfaces/auto_aim_interfaces/msg/detail/debug_lights__rosidl_typesupport_fastrtps_cpp.hpp
[6.101s] -- Installing: /home/ghlins/new_tracker/install/auto_aim_interfaces/lib/libauto_aim_interfaces__rosidl_typesupport_fastrtps_cpp.so
[6.102s] -- Set runtime path of "/home/ghlins/new_tracker/install/auto_aim_interfaces/lib/libauto_aim_interfaces__rosidl_typesupport_fastrtps_cpp.so" to ""
[6.102s] -- Up-to-date: /home/ghlins/new_tracker/install/auto_aim_interfaces/include/auto_aim_interfaces/auto_aim_interfaces
[6.102s] -- Up-to-date: /home/ghlins/new_tracker/install/auto_aim_interfaces/include/auto_aim_interfaces/auto_aim_interfaces/msg
[6.102s] -- Up-to-date: /home/ghlins/new_tracker/install/auto_aim_interfaces/include/auto_aim_interfaces/auto_aim_interfaces/msg/detail
[6.103s] -- Installing: /home/ghlins/new_tracker/install/auto_aim_interfaces/include/auto_aim_interfaces/auto_aim_interfaces/msg/detail/debug_armor__type_support.cpp
[6.103s] -- Installing: /home/ghlins/new_tracker/install/auto_aim_interfaces/include/auto_aim_interfaces/auto_aim_interfaces/msg/detail/armor__rosidl_typesupport_introspection_cpp.hpp
[6.103s] -- Installing: /home/ghlins/new_tracker/install/auto_aim_interfaces/include/auto_aim_interfaces/auto_aim_interfaces/msg/detail/debug_armor__rosidl_typesupport_introspection_cpp.hpp
[6.103s] -- Installing: /home/ghlins/new_tracker/install/auto_aim_interfaces/include/auto_aim_interfaces/auto_aim_interfaces/msg/detail/debug_armors__rosidl_typesupport_introspection_cpp.hpp
[6.103s] -- Installing: /home/ghlins/new_tracker/install/auto_aim_interfaces/include/auto_aim_interfaces/auto_aim_interfaces/msg/detail/debug_light__type_support.cpp
[6.103s] -- Installing: /home/ghlins/new_tracker/install/auto_aim_interfaces/include/auto_aim_interfaces/auto_aim_interfaces/msg/detail/debug_light__rosidl_typesupport_introspection_cpp.hpp
[6.103s] -- Installing: /home/ghlins/new_tracker/install/auto_aim_interfaces/include/auto_aim_interfaces/auto_aim_interfaces/msg/detail/debug_armors__type_support.cpp
[6.104s] -- Installing: /home/ghlins/new_tracker/install/auto_aim_interfaces/include/auto_aim_interfaces/auto_aim_interfaces/msg/detail/target__type_support.cpp
[6.104s] -- Installing: /home/ghlins/new_tracker/install/auto_aim_interfaces/include/auto_aim_interfaces/auto_aim_interfaces/msg/detail/debug_lights__rosidl_typesupport_introspection_cpp.hpp
[6.104s] -- Installing: /home/ghlins/new_tracker/install/auto_aim_interfaces/include/auto_aim_interfaces/auto_aim_interfaces/msg/detail/tracker_info__rosidl_typesupport_introspection_cpp.hpp
[6.104s] -- Installing: /home/ghlins/new_tracker/install/auto_aim_interfaces/include/auto_aim_interfaces/auto_aim_interfaces/msg/detail/debug_lights__type_support.cpp
[6.104s] -- Installing: /home/ghlins/new_tracker/install/auto_aim_interfaces/include/auto_aim_interfaces/auto_aim_interfaces/msg/detail/tracker_info__type_support.cpp
[6.104s] -- Installing: /home/ghlins/new_tracker/install/auto_aim_interfaces/include/auto_aim_interfaces/auto_aim_interfaces/msg/detail/armor__type_support.cpp
[6.104s] -- Installing: /home/ghlins/new_tracker/install/auto_aim_interfaces/include/auto_aim_interfaces/auto_aim_interfaces/msg/detail/armors__rosidl_typesupport_introspection_cpp.hpp
[6.104s] -- Installing: /home/ghlins/new_tracker/install/auto_aim_interfaces/include/auto_aim_interfaces/auto_aim_interfaces/msg/detail/target__rosidl_typesupport_introspection_cpp.hpp
[6.104s] -- Installing: /home/ghlins/new_tracker/install/auto_aim_interfaces/include/auto_aim_interfaces/auto_aim_interfaces/msg/detail/armors__type_support.cpp
[6.104s] -- Installing: /home/ghlins/new_tracker/install/auto_aim_interfaces/lib/libauto_aim_interfaces__rosidl_typesupport_introspection_cpp.so
[6.105s] -- Set runtime path of "/home/ghlins/new_tracker/install/auto_aim_interfaces/lib/libauto_aim_interfaces__rosidl_typesupport_introspection_cpp.so" to ""
[6.105s] -- Installing: /home/ghlins/new_tracker/install/auto_aim_interfaces/lib/libauto_aim_interfaces__rosidl_typesupport_cpp.so
[6.105s] -- Set runtime path of "/home/ghlins/new_tracker/install/auto_aim_interfaces/lib/libauto_aim_interfaces__rosidl_typesupport_cpp.so" to ""
[6.106s] -- Installing: /home/ghlins/new_tracker/install/auto_aim_interfaces/share/auto_aim_interfaces/environment/pythonpath.sh
[6.106s] -- Installing: /home/ghlins/new_tracker/install/auto_aim_interfaces/share/auto_aim_interfaces/environment/pythonpath.dsv
[6.106s] -- Up-to-date: /home/ghlins/new_tracker/install/auto_aim_interfaces/local/lib/python3.10/dist-packages/auto_aim_interfaces-0.0.0-py3.10.egg-info
[6.106s] -- Installing: /home/ghlins/new_tracker/install/auto_aim_interfaces/local/lib/python3.10/dist-packages/auto_aim_interfaces-0.0.0-py3.10.egg-info/top_level.txt
[6.106s] -- Installing: /home/ghlins/new_tracker/install/auto_aim_interfaces/local/lib/python3.10/dist-packages/auto_aim_interfaces-0.0.0-py3.10.egg-info/PKG-INFO
[6.106s] -- Installing: /home/ghlins/new_tracker/install/auto_aim_interfaces/local/lib/python3.10/dist-packages/auto_aim_interfaces-0.0.0-py3.10.egg-info/SOURCES.txt
[6.106s] -- Installing: /home/ghlins/new_tracker/install/auto_aim_interfaces/local/lib/python3.10/dist-packages/auto_aim_interfaces-0.0.0-py3.10.egg-info/dependency_links.txt
[6.106s] -- Up-to-date: /home/ghlins/new_tracker/install/auto_aim_interfaces/local/lib/python3.10/dist-packages/auto_aim_interfaces
[6.107s] -- Installing: /home/ghlins/new_tracker/install/auto_aim_interfaces/local/lib/python3.10/dist-packages/auto_aim_interfaces/auto_aim_interfaces_s__rosidl_typesupport_fastrtps_c.cpython-310-x86_64-linux-gnu.so
[6.107s] -- Installing: /home/ghlins/new_tracker/install/auto_aim_interfaces/local/lib/python3.10/dist-packages/auto_aim_interfaces/auto_aim_interfaces_s__rosidl_typesupport_c.cpython-310-x86_64-linux-gnu.so
[6.107s] -- Installing: /home/ghlins/new_tracker/install/auto_aim_interfaces/local/lib/python3.10/dist-packages/auto_aim_interfaces/libauto_aim_interfaces__rosidl_generator_py.so
[6.107s] -- Installing: /home/ghlins/new_tracker/install/auto_aim_interfaces/local/lib/python3.10/dist-packages/auto_aim_interfaces/_auto_aim_interfaces_s.ep.rosidl_typesupport_c.c
[6.107s] -- Installing: /home/ghlins/new_tracker/install/auto_aim_interfaces/local/lib/python3.10/dist-packages/auto_aim_interfaces/_auto_aim_interfaces_s.ep.rosidl_typesupport_introspection_c.c
[6.108s] -- Installing: /home/ghlins/new_tracker/install/auto_aim_interfaces/local/lib/python3.10/dist-packages/auto_aim_interfaces/__init__.py
[6.108s] -- Up-to-date: /home/ghlins/new_tracker/install/auto_aim_interfaces/local/lib/python3.10/dist-packages/auto_aim_interfaces/msg
[6.108s] -- Installing: /home/ghlins/new_tracker/install/auto_aim_interfaces/local/lib/python3.10/dist-packages/auto_aim_interfaces/msg/_target_s.c
[6.108s] -- Installing: /home/ghlins/new_tracker/install/auto_aim_interfaces/local/lib/python3.10/dist-packages/auto_aim_interfaces/msg/_armor_s.c
[6.108s] -- Installing: /home/ghlins/new_tracker/install/auto_aim_interfaces/local/lib/python3.10/dist-packages/auto_aim_interfaces/msg/_debug_light_s.c
[6.108s] -- Installing: /home/ghlins/new_tracker/install/auto_aim_interfaces/local/lib/python3.10/dist-packages/auto_aim_interfaces/msg/_armor.py
[6.108s] -- Installing: /home/ghlins/new_tracker/install/auto_aim_interfaces/local/lib/python3.10/dist-packages/auto_aim_interfaces/msg/_debug_armor.py
[6.109s] -- Installing: /home/ghlins/new_tracker/install/auto_aim_interfaces/local/lib/python3.10/dist-packages/auto_aim_interfaces/msg/_debug_armors.py
[6.109s] -- Installing: /home/ghlins/new_tracker/install/auto_aim_interfaces/local/lib/python3.10/dist-packages/auto_aim_interfaces/msg/_debug_armors_s.c
[6.109s] -- Installing: /home/ghlins/new_tracker/install/auto_aim_interfaces/local/lib/python3.10/dist-packages/auto_aim_interfaces/msg/_armors_s.c
[6.109s] -- Installing: /home/ghlins/new_tracker/install/auto_aim_interfaces/local/lib/python3.10/dist-packages/auto_aim_interfaces/msg/_target.py
[6.109s] -- Installing: /home/ghlins/new_tracker/install/auto_aim_interfaces/local/lib/python3.10/dist-packages/auto_aim_interfaces/msg/__init__.py
[6.109s] -- Installing: /home/ghlins/new_tracker/install/auto_aim_interfaces/local/lib/python3.10/dist-packages/auto_aim_interfaces/msg/_tracker_info.py
[6.110s] -- Installing: /home/ghlins/new_tracker/install/auto_aim_interfaces/local/lib/python3.10/dist-packages/auto_aim_interfaces/msg/_debug_armor_s.c
[6.110s] -- Installing: /home/ghlins/new_tracker/install/auto_aim_interfaces/local/lib/python3.10/dist-packages/auto_aim_interfaces/msg/_tracker_info_s.c
[6.110s] -- Installing: /home/ghlins/new_tracker/install/auto_aim_interfaces/local/lib/python3.10/dist-packages/auto_aim_interfaces/msg/_debug_light.py
[6.110s] -- Installing: /home/ghlins/new_tracker/install/auto_aim_interfaces/local/lib/python3.10/dist-packages/auto_aim_interfaces/msg/_armors.py
[6.110s] -- Installing: /home/ghlins/new_tracker/install/auto_aim_interfaces/local/lib/python3.10/dist-packages/auto_aim_interfaces/msg/_debug_lights.py
[6.110s] -- Installing: /home/ghlins/new_tracker/install/auto_aim_interfaces/local/lib/python3.10/dist-packages/auto_aim_interfaces/msg/_debug_lights_s.c
[6.110s] -- Installing: /home/ghlins/new_tracker/install/auto_aim_interfaces/local/lib/python3.10/dist-packages/auto_aim_interfaces/_auto_aim_interfaces_s.ep.rosidl_typesupport_fastrtps_c.c
[6.111s] -- Installing: /home/ghlins/new_tracker/install/auto_aim_interfaces/local/lib/python3.10/dist-packages/auto_aim_interfaces/auto_aim_interfaces_s__rosidl_typesupport_introspection_c.cpython-310-x86_64-linux-gnu.so
[6.145s] Listing '/home/ghlins/new_tracker/install/auto_aim_interfaces/local/lib/python3.10/dist-packages/auto_aim_interfaces'...
[6.145s] Compiling '/home/ghlins/new_tracker/install/auto_aim_interfaces/local/lib/python3.10/dist-packages/auto_aim_interfaces/__init__.py'...
[6.145s] Listing '/home/ghlins/new_tracker/install/auto_aim_interfaces/local/lib/python3.10/dist-packages/auto_aim_interfaces/msg'...
[6.145s] Compiling '/home/ghlins/new_tracker/install/auto_aim_interfaces/local/lib/python3.10/dist-packages/auto_aim_interfaces/msg/__init__.py'...
[6.145s] Compiling '/home/ghlins/new_tracker/install/auto_aim_interfaces/local/lib/python3.10/dist-packages/auto_aim_interfaces/msg/_armor.py'...
[6.145s] Compiling '/home/ghlins/new_tracker/install/auto_aim_interfaces/local/lib/python3.10/dist-packages/auto_aim_interfaces/msg/_armors.py'...
[6.145s] Compiling '/home/ghlins/new_tracker/install/auto_aim_interfaces/local/lib/python3.10/dist-packages/auto_aim_interfaces/msg/_debug_armor.py'...
[6.146s] Compiling '/home/ghlins/new_tracker/install/auto_aim_interfaces/local/lib/python3.10/dist-packages/auto_aim_interfaces/msg/_debug_armors.py'...
[6.146s] Compiling '/home/ghlins/new_tracker/install/auto_aim_interfaces/local/lib/python3.10/dist-packages/auto_aim_interfaces/msg/_debug_light.py'...
[6.146s] Compiling '/home/ghlins/new_tracker/install/auto_aim_interfaces/local/lib/python3.10/dist-packages/auto_aim_interfaces/msg/_debug_lights.py'...
[6.146s] Compiling '/home/ghlins/new_tracker/install/auto_aim_interfaces/local/lib/python3.10/dist-packages/auto_aim_interfaces/msg/_target.py'...
[6.146s] Compiling '/home/ghlins/new_tracker/install/auto_aim_interfaces/local/lib/python3.10/dist-packages/auto_aim_interfaces/msg/_tracker_info.py'...
[6.149s] -- Installing: /home/ghlins/new_tracker/install/auto_aim_interfaces/local/lib/python3.10/dist-packages/auto_aim_interfaces/auto_aim_interfaces_s__rosidl_typesupport_fastrtps_c.cpython-310-x86_64-linux-gnu.so
[6.149s] -- Set runtime path of "/home/ghlins/new_tracker/install/auto_aim_interfaces/local/lib/python3.10/dist-packages/auto_aim_interfaces/auto_aim_interfaces_s__rosidl_typesupport_fastrtps_c.cpython-310-x86_64-linux-gnu.so" to ""
[6.150s] -- Installing: /home/ghlins/new_tracker/install/auto_aim_interfaces/local/lib/python3.10/dist-packages/auto_aim_interfaces/auto_aim_interfaces_s__rosidl_typesupport_introspection_c.cpython-310-x86_64-linux-gnu.so
[6.150s] -- Set runtime path of "/home/ghlins/new_tracker/install/auto_aim_interfaces/local/lib/python3.10/dist-packages/auto_aim_interfaces/auto_aim_interfaces_s__rosidl_typesupport_introspection_c.cpython-310-x86_64-linux-gnu.so" to ""
[6.150s] -- Installing: /home/ghlins/new_tracker/install/auto_aim_interfaces/local/lib/python3.10/dist-packages/auto_aim_interfaces/auto_aim_interfaces_s__rosidl_typesupport_c.cpython-310-x86_64-linux-gnu.so
[6.150s] -- Set runtime path of "/home/ghlins/new_tracker/install/auto_aim_interfaces/local/lib/python3.10/dist-packages/auto_aim_interfaces/auto_aim_interfaces_s__rosidl_typesupport_c.cpython-310-x86_64-linux-gnu.so" to ""
[6.150s] -- Installing: /home/ghlins/new_tracker/install/auto_aim_interfaces/lib/libauto_aim_interfaces__rosidl_generator_py.so
[6.150s] -- Set runtime path of "/home/ghlins/new_tracker/install/auto_aim_interfaces/lib/libauto_aim_interfaces__rosidl_generator_py.so" to ""
[6.151s] -- Installing: /home/ghlins/new_tracker/install/auto_aim_interfaces/share/auto_aim_interfaces/msg/Armor.idl
[6.151s] -- Installing: /home/ghlins/new_tracker/install/auto_aim_interfaces/share/auto_aim_interfaces/msg/Armors.idl
[6.151s] -- Installing: /home/ghlins/new_tracker/install/auto_aim_interfaces/share/auto_aim_interfaces/msg/Target.idl
[6.151s] -- Installing: /home/ghlins/new_tracker/install/auto_aim_interfaces/share/auto_aim_interfaces/msg/DebugLight.idl
[6.151s] -- Installing: /home/ghlins/new_tracker/install/auto_aim_interfaces/share/auto_aim_interfaces/msg/DebugLights.idl
[6.152s] -- Installing: /home/ghlins/new_tracker/install/auto_aim_interfaces/share/auto_aim_interfaces/msg/DebugArmor.idl
[6.152s] -- Installing: /home/ghlins/new_tracker/install/auto_aim_interfaces/share/auto_aim_interfaces/msg/DebugArmors.idl
[6.152s] -- Installing: /home/ghlins/new_tracker/install/auto_aim_interfaces/share/auto_aim_interfaces/msg/TrackerInfo.idl
[6.152s] -- Up-to-date: /home/ghlins/new_tracker/install/auto_aim_interfaces/share/auto_aim_interfaces/msg/Armor.msg
[6.152s] -- Up-to-date: /home/ghlins/new_tracker/install/auto_aim_interfaces/share/auto_aim_interfaces/msg/Armors.msg
[6.152s] -- Up-to-date: /home/ghlins/new_tracker/install/auto_aim_interfaces/share/auto_aim_interfaces/msg/Target.msg
[6.152s] -- Up-to-date: /home/ghlins/new_tracker/install/auto_aim_interfaces/share/auto_aim_interfaces/msg/DebugLight.msg
[6.152s] -- Up-to-date: /home/ghlins/new_tracker/install/auto_aim_interfaces/share/auto_aim_interfaces/msg/DebugLights.msg
[6.152s] -- Up-to-date: /home/ghlins/new_tracker/install/auto_aim_interfaces/share/auto_aim_interfaces/msg/DebugArmor.msg
[6.153s] -- Up-to-date: /home/ghlins/new_tracker/install/auto_aim_interfaces/share/auto_aim_interfaces/msg/DebugArmors.msg
[6.153s] -- Up-to-date: /home/ghlins/new_tracker/install/auto_aim_interfaces/share/auto_aim_interfaces/msg/TrackerInfo.msg
[6.153s] -- Installing: /home/ghlins/new_tracker/install/auto_aim_interfaces/share/ament_index/resource_index/package_run_dependencies/auto_aim_interfaces
[6.153s] -- Installing: /home/ghlins/new_tracker/install/auto_aim_interfaces/share/ament_index/resource_index/parent_prefix_path/auto_aim_interfaces
[6.153s] -- Up-to-date: /home/ghlins/new_tracker/install/auto_aim_interfaces/share/auto_aim_interfaces/environment/ament_prefix_path.sh
[6.153s] -- Installing: /home/ghlins/new_tracker/install/auto_aim_interfaces/share/auto_aim_interfaces/environment/ament_prefix_path.dsv
[6.153s] -- Up-to-date: /home/ghlins/new_tracker/install/auto_aim_interfaces/share/auto_aim_interfaces/environment/path.sh
[6.154s] -- Installing: /home/ghlins/new_tracker/install/auto_aim_interfaces/share/auto_aim_interfaces/environment/path.dsv
[6.154s] -- Installing: /home/ghlins/new_tracker/install/auto_aim_interfaces/share/auto_aim_interfaces/local_setup.bash
[6.154s] -- Installing: /home/ghlins/new_tracker/install/auto_aim_interfaces/share/auto_aim_interfaces/local_setup.sh
[6.154s] -- Installing: /home/ghlins/new_tracker/install/auto_aim_interfaces/share/auto_aim_interfaces/local_setup.zsh
[6.154s] -- Installing: /home/ghlins/new_tracker/install/auto_aim_interfaces/share/auto_aim_interfaces/local_setup.dsv
[6.155s] -- Installing: /home/ghlins/new_tracker/install/auto_aim_interfaces/share/auto_aim_interfaces/package.dsv
[6.155s] -- Installing: /home/ghlins/new_tracker/install/auto_aim_interfaces/share/ament_index/resource_index/packages/auto_aim_interfaces
[6.155s] -- Installing: /home/ghlins/new_tracker/install/auto_aim_interfaces/share/auto_aim_interfaces/cmake/export_auto_aim_interfaces__rosidl_generator_cExport.cmake
[6.155s] -- Installing: /home/ghlins/new_tracker/install/auto_aim_interfaces/share/auto_aim_interfaces/cmake/export_auto_aim_interfaces__rosidl_generator_cExport-noconfig.cmake
[6.155s] -- Installing: /home/ghlins/new_tracker/install/auto_aim_interfaces/share/auto_aim_interfaces/cmake/export_auto_aim_interfaces__rosidl_typesupport_fastrtps_cExport.cmake
[6.155s] -- Installing: /home/ghlins/new_tracker/install/auto_aim_interfaces/share/auto_aim_interfaces/cmake/export_auto_aim_interfaces__rosidl_typesupport_fastrtps_cExport-noconfig.cmake
[6.155s] -- Installing: /home/ghlins/new_tracker/install/auto_aim_interfaces/share/auto_aim_interfaces/cmake/auto_aim_interfaces__rosidl_typesupport_introspection_cExport.cmake
[6.155s] -- Installing: /home/ghlins/new_tracker/install/auto_aim_interfaces/share/auto_aim_interfaces/cmake/auto_aim_interfaces__rosidl_typesupport_introspection_cExport-noconfig.cmake
[6.155s] -- Installing: /home/ghlins/new_tracker/install/auto_aim_interfaces/share/auto_aim_interfaces/cmake/auto_aim_interfaces__rosidl_typesupport_cExport.cmake
[6.156s] -- Installing: /home/ghlins/new_tracker/install/auto_aim_interfaces/share/auto_aim_interfaces/cmake/auto_aim_interfaces__rosidl_typesupport_cExport-noconfig.cmake
[6.156s] -- Installing: /home/ghlins/new_tracker/install/auto_aim_interfaces/share/auto_aim_interfaces/cmake/export_auto_aim_interfaces__rosidl_generator_cppExport.cmake
[6.156s] -- Installing: /home/ghlins/new_tracker/install/auto_aim_interfaces/share/auto_aim_interfaces/cmake/export_auto_aim_interfaces__rosidl_typesupport_fastrtps_cppExport.cmake
[6.156s] -- Installing: /home/ghlins/new_tracker/install/auto_aim_interfaces/share/auto_aim_interfaces/cmake/export_auto_aim_interfaces__rosidl_typesupport_fastrtps_cppExport-noconfig.cmake
[6.156s] -- Installing: /home/ghlins/new_tracker/install/auto_aim_interfaces/share/auto_aim_interfaces/cmake/auto_aim_interfaces__rosidl_typesupport_introspection_cppExport.cmake
[6.156s] -- Installing: /home/ghlins/new_tracker/install/auto_aim_interfaces/share/auto_aim_interfaces/cmake/auto_aim_interfaces__rosidl_typesupport_introspection_cppExport-noconfig.cmake
[6.156s] -- Installing: /home/ghlins/new_tracker/install/auto_aim_interfaces/share/auto_aim_interfaces/cmake/auto_aim_interfaces__rosidl_typesupport_cppExport.cmake
[6.156s] -- Installing: /home/ghlins/new_tracker/install/auto_aim_interfaces/share/auto_aim_interfaces/cmake/auto_aim_interfaces__rosidl_typesupport_cppExport-noconfig.cmake
[6.157s] -- Installing: /home/ghlins/new_tracker/install/auto_aim_interfaces/share/auto_aim_interfaces/cmake/export_auto_aim_interfaces__rosidl_generator_pyExport.cmake
[6.157s] -- Installing: /home/ghlins/new_tracker/install/auto_aim_interfaces/share/auto_aim_interfaces/cmake/export_auto_aim_interfaces__rosidl_generator_pyExport-noconfig.cmake
[6.157s] -- Installing: /home/ghlins/new_tracker/install/auto_aim_interfaces/share/auto_aim_interfaces/cmake/rosidl_cmake-extras.cmake
[6.157s] -- Installing: /home/ghlins/new_tracker/install/auto_aim_interfaces/share/auto_aim_interfaces/cmake/ament_cmake_export_dependencies-extras.cmake
[6.157s] -- Installing: /home/ghlins/new_tracker/install/auto_aim_interfaces/share/auto_aim_interfaces/cmake/ament_cmake_export_include_directories-extras.cmake
[6.157s] -- Installing: /home/ghlins/new_tracker/install/auto_aim_interfaces/share/auto_aim_interfaces/cmake/ament_cmake_export_libraries-extras.cmake
[6.157s] -- Installing: /home/ghlins/new_tracker/install/auto_aim_interfaces/share/auto_aim_interfaces/cmake/ament_cmake_export_targets-extras.cmake
[6.157s] -- Installing: /home/ghlins/new_tracker/install/auto_aim_interfaces/share/auto_aim_interfaces/cmake/rosidl_cmake_export_typesupport_targets-extras.cmake
[6.157s] -- Installing: /home/ghlins/new_tracker/install/auto_aim_interfaces/share/auto_aim_interfaces/cmake/rosidl_cmake_export_typesupport_libraries-extras.cmake
[6.157s] -- Installing: /home/ghlins/new_tracker/install/auto_aim_interfaces/share/auto_aim_interfaces/cmake/auto_aim_interfacesConfig.cmake
[6.157s] -- Installing: /home/ghlins/new_tracker/install/auto_aim_interfaces/share/auto_aim_interfaces/cmake/auto_aim_interfacesConfig-version.cmake
[6.157s] -- Up-to-date: /home/ghlins/new_tracker/install/auto_aim_interfaces/share/auto_aim_interfaces/package.xml
[6.159s] Invoked command in '/home/ghlins/new_tracker/build/auto_aim_interfaces' returned '0': CMAKE_PREFIX_PATH=${CMAKE_PREFIX_PATH}:/opt/ros/humble /usr/bin/cmake --install /home/ghlins/new_tracker/build/auto_aim_interfaces
