[0.068s] Invoking command in '/home/ghlins/new_tracker/build/bringup': CMAKE_PREFIX_PATH=/home/ghlins/new_tracker/install/my_ros2_opencv_pkg:/home/ghlins/new_tracker/install/new_armor_tracker:/home/ghlins/new_tracker/install/bringup:/home/ghlins/new_tracker/install/armor_detector:/home/ghlins/new_tracker/install/auto_aim_interfaces:/opt/ros/humble /usr/bin/cmake /home/ghlins/new_tracker/src/bringup -DCMAKE_INSTALL_PREFIX=/home/ghlins/new_tracker/install/bringup
[0.230s] -- The C compiler identification is GNU 11.4.0
[0.724s] -- The CXX compiler identification is GNU 11.4.0
[1.107s] -- Detecting C compiler ABI info
[1.264s] -- Detecting C compiler ABI info - done
[1.271s] -- Check for working C compiler: /usr/bin/cc - skipped
[1.271s] -- Detecting C compile features
[1.271s] -- Detecting C compile features - done
[1.273s] -- Detecting CXX compiler ABI info
[1.423s] -- Detecting CXX compiler ABI info - done
[1.432s] -- Check for working CXX compiler: /usr/bin/c++ - skipped
[1.433s] -- Detecting CXX compile features
[1.433s] -- Detecting CXX compile features - done
[1.436s] -- Found ament_cmake_auto: 1.3.5 (/opt/ros/humble/share/ament_cmake_auto/cmake)
[1.612s] -- Found Python3: /usr/bin/python3.10 (found version "3.10.12") found components: Interpreter 
[1.704s] -- Found ament_lint_auto: 0.12.6 (/opt/ros/humble/share/ament_lint_auto/cmake)
[1.770s] -- Configuring done
[1.773s] -- Generating done
[1.774s] -- Build files have been written to: /home/ghlins/new_tracker/build/bringup
[1.780s] Invoked command in '/home/ghlins/new_tracker/build/bringup' returned '0': CMAKE_PREFIX_PATH=/home/ghlins/new_tracker/install/my_ros2_opencv_pkg:/home/ghlins/new_tracker/install/new_armor_tracker:/home/ghlins/new_tracker/install/bringup:/home/ghlins/new_tracker/install/armor_detector:/home/ghlins/new_tracker/install/auto_aim_interfaces:/opt/ros/humble /usr/bin/cmake /home/ghlins/new_tracker/src/bringup -DCMAKE_INSTALL_PREFIX=/home/ghlins/new_tracker/install/bringup
[1.781s] Invoking command in '/home/ghlins/new_tracker/build/bringup': CMAKE_PREFIX_PATH=/home/ghlins/new_tracker/install/my_ros2_opencv_pkg:/home/ghlins/new_tracker/install/new_armor_tracker:/home/ghlins/new_tracker/install/bringup:/home/ghlins/new_tracker/install/armor_detector:/home/ghlins/new_tracker/install/auto_aim_interfaces:/opt/ros/humble /usr/bin/cmake --build /home/ghlins/new_tracker/build/bringup -- -j20 -l20
[1.812s] Invoked command in '/home/ghlins/new_tracker/build/bringup' returned '0': CMAKE_PREFIX_PATH=/home/ghlins/new_tracker/install/my_ros2_opencv_pkg:/home/ghlins/new_tracker/install/new_armor_tracker:/home/ghlins/new_tracker/install/bringup:/home/ghlins/new_tracker/install/armor_detector:/home/ghlins/new_tracker/install/auto_aim_interfaces:/opt/ros/humble /usr/bin/cmake --build /home/ghlins/new_tracker/build/bringup -- -j20 -l20
[1.829s] Invoking command in '/home/ghlins/new_tracker/build/bringup': CMAKE_PREFIX_PATH=/home/ghlins/new_tracker/install/my_ros2_opencv_pkg:/home/ghlins/new_tracker/install/new_armor_tracker:/home/ghlins/new_tracker/install/bringup:/home/ghlins/new_tracker/install/armor_detector:/home/ghlins/new_tracker/install/auto_aim_interfaces:/opt/ros/humble /usr/bin/cmake --install /home/ghlins/new_tracker/build/bringup
[1.835s] -- Install configuration: ""
[1.835s] -- Up-to-date: /home/ghlins/new_tracker/install/bringup/share/bringup/launch
[1.835s] -- Up-to-date: /home/ghlins/new_tracker/install/bringup/share/bringup/launch/Three.launch.py
[1.836s] -- Installing: /home/ghlins/new_tracker/install/bringup/share/ament_index/resource_index/package_run_dependencies/bringup
[1.836s] -- Installing: /home/ghlins/new_tracker/install/bringup/share/ament_index/resource_index/parent_prefix_path/bringup
[1.836s] -- Up-to-date: /home/ghlins/new_tracker/install/bringup/share/bringup/environment/ament_prefix_path.sh
[1.837s] -- Installing: /home/ghlins/new_tracker/install/bringup/share/bringup/environment/ament_prefix_path.dsv
[1.837s] -- Up-to-date: /home/ghlins/new_tracker/install/bringup/share/bringup/environment/path.sh
[1.837s] -- Installing: /home/ghlins/new_tracker/install/bringup/share/bringup/environment/path.dsv
[1.837s] -- Installing: /home/ghlins/new_tracker/install/bringup/share/bringup/local_setup.bash
[1.837s] -- Installing: /home/ghlins/new_tracker/install/bringup/share/bringup/local_setup.sh
[1.838s] -- Installing: /home/ghlins/new_tracker/install/bringup/share/bringup/local_setup.zsh
[1.838s] -- Installing: /home/ghlins/new_tracker/install/bringup/share/bringup/local_setup.dsv
[1.838s] -- Installing: /home/ghlins/new_tracker/install/bringup/share/bringup/package.dsv
[1.838s] -- Installing: /home/ghlins/new_tracker/install/bringup/share/ament_index/resource_index/packages/bringup
[1.839s] -- Installing: /home/ghlins/new_tracker/install/bringup/share/bringup/cmake/bringupConfig.cmake
[1.839s] -- Installing: /home/ghlins/new_tracker/install/bringup/share/bringup/cmake/bringupConfig-version.cmake
[1.839s] -- Up-to-date: /home/ghlins/new_tracker/install/bringup/share/bringup/package.xml
[1.840s] Invoked command in '/home/ghlins/new_tracker/build/bringup' returned '0': CMAKE_PREFIX_PATH=/home/ghlins/new_tracker/install/my_ros2_opencv_pkg:/home/ghlins/new_tracker/install/new_armor_tracker:/home/ghlins/new_tracker/install/bringup:/home/ghlins/new_tracker/install/armor_detector:/home/ghlins/new_tracker/install/auto_aim_interfaces:/opt/ros/humble /usr/bin/cmake --install /home/ghlins/new_tracker/build/bringup
