[0.095s] Invoking command in '/home/ghlins/new_tracker/build/armor_detector': CMAKE_PREFIX_PATH=/home/ghlins/new_tracker/install/auto_aim_interfaces:/home/ghlins/new_tracker/install/new_armor_tracker:/home/ghlins/new_tracker/install/my_ros2_opencv_pkg:/home/ghlins/new_tracker/install/armor_detector:/opt/ros/humble LD_LIBRARY_PATH=/home/ghlins/new_tracker/install/auto_aim_interfaces/lib:/home/ghlins/new_tracker/install/new_armor_tracker/lib:/home/ghlins/new_tracker/install/armor_detector/lib:/usr/lib/x86_64-linux-gnu/gazebo-11/plugins:/opt/ros/humble/opt/rviz_ogre_vendor/lib:/opt/ros/humble/lib/x86_64-linux-gnu:/opt/ros/humble/lib /usr/bin/cmake /home/ghlins/new_tracker/src/rm_auto_aim/armor_detector -DCMAKE_INSTALL_PREFIX=/home/ghlins/new_tracker/install/armor_detector
[0.183s] -- The C compiler identification is GNU 11.4.0
[0.623s] -- The CXX compiler identification is GNU 11.4.0
[0.914s] -- Detecting C compiler ABI info
[1.038s] -- Detecting C compiler ABI info - done
[1.043s] -- Check for working C compiler: /usr/bin/cc - skipped
[1.044s] -- Detecting C compile features
[1.044s] -- Detecting C compile features - done
[1.046s] -- Detecting CXX compiler ABI info
[1.166s] -- Detecting CXX compiler ABI info - done
[1.171s] -- Check for working CXX compiler: /usr/bin/c++ - skipped
[1.172s] -- Detecting CXX compile features
[1.172s] -- Detecting CXX compile features - done
[1.174s] -- Found ament_cmake_auto: 1.3.5 (/opt/ros/humble/share/ament_cmake_auto/cmake)
[1.311s] -- Found Python3: /usr/bin/python3.10 (found version "3.10.12") found components: Interpreter 
[1.394s] -- Found OpenCV: /usr (found version "4.5.4") 
[1.574s] -- Found rosidl_generator_c: 3.1.4 (/opt/ros/humble/share/rosidl_generator_c/cmake)
[1.578s] -- Found rosidl_adapter: 3.1.4 (/opt/ros/humble/share/rosidl_adapter/cmake)
[1.586s] -- Found rosidl_generator_cpp: 3.1.4 (/opt/ros/humble/share/rosidl_generator_cpp/cmake)
[1.597s] -- Using all available rosidl_typesupport_c: rosidl_typesupport_fastrtps_c;rosidl_typesupport_introspection_c
[1.615s] -- Using all available rosidl_typesupport_cpp: rosidl_typesupport_fastrtps_cpp;rosidl_typesupport_introspection_cpp
[1.690s] -- Found rmw_implementation_cmake: 6.1.1 (/opt/ros/humble/share/rmw_implementation_cmake/cmake)
[1.693s] -- Found rmw_fastrtps_cpp: 6.2.2 (/opt/ros/humble/share/rmw_fastrtps_cpp/cmake)
[3.002s] -- Found OpenSSL: /usr/lib/x86_64-linux-gnu/libcrypto.so (found version "3.0.2")  
[4.087s] -- Found FastRTPS: /opt/ros/humble/include  
[5.730s] -- Using RMW implementation 'rmw_fastrtps_cpp' as default
[5.738s] -- Looking for pthread.h
[5.841s] -- Looking for pthread.h - found
[5.841s] -- Performing Test CMAKE_HAVE_LIBC_PTHREAD
[5.941s] -- Performing Test CMAKE_HAVE_LIBC_PTHREAD - Success
[5.942s] -- Found Threads: TRUE  
[7.881s] -- Found eigen3_cmake_module: 0.1.1 (/opt/ros/humble/share/eigen3_cmake_module/cmake)
[7.882s] -- Found Eigen3: TRUE (found version "3.4.0") 
[7.883s] -- Ensuring Eigen3 include directory is part of orocos-kdl CMake target
[8.140s] -- Found ament_lint_auto: 0.12.6 (/opt/ros/humble/share/ament_lint_auto/cmake)
[8.156s] -- Found ament_cmake_gtest: 1.3.5 (/opt/ros/humble/share/ament_cmake_gtest/cmake)
[8.157s] -- Found gtest sources under '/opt/ros/humble/src/gtest_vendor': C++ tests using 'Google Test' will be built
[8.167s] -- Added test 'cppcheck' to perform static code analysis on C / C++ code
[8.167s] -- Configured cppcheck include dirs: /home/ghlins/new_tracker/src/rm_auto_aim/armor_detector/include
[8.167s] -- Configured cppcheck exclude dirs and/or files: 
[8.168s] -- Added test 'lint_cmake' to check CMake code style
[8.168s] -- Added test 'xmllint' to check XML markup files
[8.170s] -- Added test 'clang_format' to check C / C++ code style
[8.172s] -- Configuring done
[8.202s] -- Generating done
[8.204s] -- Build files have been written to: /home/ghlins/new_tracker/build/armor_detector
[8.217s] Invoked command in '/home/ghlins/new_tracker/build/armor_detector' returned '0': CMAKE_PREFIX_PATH=/home/ghlins/new_tracker/install/auto_aim_interfaces:/home/ghlins/new_tracker/install/new_armor_tracker:/home/ghlins/new_tracker/install/my_ros2_opencv_pkg:/home/ghlins/new_tracker/install/armor_detector:/opt/ros/humble LD_LIBRARY_PATH=/home/ghlins/new_tracker/install/auto_aim_interfaces/lib:/home/ghlins/new_tracker/install/new_armor_tracker/lib:/home/ghlins/new_tracker/install/armor_detector/lib:/usr/lib/x86_64-linux-gnu/gazebo-11/plugins:/opt/ros/humble/opt/rviz_ogre_vendor/lib:/opt/ros/humble/lib/x86_64-linux-gnu:/opt/ros/humble/lib /usr/bin/cmake /home/ghlins/new_tracker/src/rm_auto_aim/armor_detector -DCMAKE_INSTALL_PREFIX=/home/ghlins/new_tracker/install/armor_detector
[8.219s] Invoking command in '/home/ghlins/new_tracker/build/armor_detector': CMAKE_PREFIX_PATH=/home/ghlins/new_tracker/install/auto_aim_interfaces:/home/ghlins/new_tracker/install/new_armor_tracker:/home/ghlins/new_tracker/install/my_ros2_opencv_pkg:/home/ghlins/new_tracker/install/armor_detector:/opt/ros/humble LD_LIBRARY_PATH=/home/ghlins/new_tracker/install/auto_aim_interfaces/lib:/home/ghlins/new_tracker/install/new_armor_tracker/lib:/home/ghlins/new_tracker/install/armor_detector/lib:/usr/lib/x86_64-linux-gnu/gazebo-11/plugins:/opt/ros/humble/opt/rviz_ogre_vendor/lib:/opt/ros/humble/lib/x86_64-linux-gnu:/opt/ros/humble/lib /usr/bin/cmake --build /home/ghlins/new_tracker/build/armor_detector -- -j20 -l20
[8.263s] [  6%] [32mBuilding CXX object CMakeFiles/armor_detector.dir/src/detector_node.cpp.o[0m
[8.263s] [ 13%] [32mBuilding CXX object CMakeFiles/armor_detector.dir/src/detector.cpp.o[0m
[8.265s] [ 33%] [32mBuilding CXX object gtest/CMakeFiles/gtest_main.dir/src/gtest_main.cc.o[0m
[8.265s] [ 33%] [32mBuilding CXX object CMakeFiles/armor_detector_node.dir/rclcpp_components/node_main_armor_detector_node.cpp.o[0m
[8.265s] [ 33%] [32mBuilding CXX object CMakeFiles/armor_detector.dir/src/pnp_solver.cpp.o[0m
[8.265s] [ 40%] [32mBuilding CXX object CMakeFiles/armor_detector.dir/src/number_classifier.cpp.o[0m
[8.268s] [ 46%] [32mBuilding CXX object gtest/CMakeFiles/gtest.dir/src/gtest-all.cc.o[0m
[9.031s] [ 53%] [32m[1mLinking CXX static library libgtest_main.a[0m
[9.065s] [ 53%] Built target gtest_main
[11.253s] [ 60%] [32m[1mLinking CXX static library libgtest.a[0m
[11.301s] [ 60%] Built target gtest
[11.533s] [ 66%] [32m[1mLinking CXX executable armor_detector_node[0m
[11.695s] [ 66%] Built target armor_detector_node
[23.526s] [ 73%] [32m[1mLinking CXX shared library libarmor_detector.so[0m
[24.351s] [ 73%] Built target armor_detector
[24.365s] [ 86%] [32mBuilding CXX object CMakeFiles/test_node_startup.dir/test/test_node_startup.cpp.o[0m
[24.365s] [ 86%] [32mBuilding CXX object CMakeFiles/test_number_cls.dir/test/test_number_cls.cpp.o[0m
[26.116s] [ 93%] [32m[1mLinking CXX executable test_number_cls[0m
[26.821s] [ 93%] Built target test_number_cls
[29.494s] [100%] [32m[1mLinking CXX executable test_node_startup[0m
[30.248s] [100%] Built target test_node_startup
