[0.067s] Invoking command in '/home/ghlins/new_tracker/build/armor_detector': CMAKE_PREFIX_PATH=/home/ghlins/new_tracker/install/auto_aim_interfaces:/home/ghlins/new_tracker/install/new_armor_tracker:/home/ghlins/new_tracker/install/my_ros2_opencv_pkg:/home/ghlins/new_tracker/install/armor_detector:/opt/ros/humble LD_LIBRARY_PATH=/home/ghlins/new_tracker/install/auto_aim_interfaces/lib:/home/ghlins/new_tracker/install/new_armor_tracker/lib:/home/ghlins/new_tracker/install/armor_detector/lib:/usr/lib/x86_64-linux-gnu/gazebo-11/plugins:/opt/ros/humble/opt/rviz_ogre_vendor/lib:/opt/ros/humble/lib/x86_64-linux-gnu:/opt/ros/humble/lib /usr/bin/cmake /home/ghlins/new_tracker/src/rm_auto_aim/armor_detector -DCMAKE_INSTALL_PREFIX=/home/ghlins/new_tracker/install/armor_detector
[0.149s] -- The C compiler identification is GNU 11.4.0
[0.492s] -- The CXX compiler identification is GNU 11.4.0
[0.779s] -- Detecting C compiler ABI info
[0.932s] -- Detecting C compiler ABI info - done
[0.938s] -- Check for working C compiler: /usr/bin/cc - skipped
[0.938s] -- Detecting C compile features
[0.938s] -- Detecting C compile features - done
[0.940s] -- Detecting CXX compiler ABI info
[1.091s] -- Detecting CXX compiler ABI info - done
[1.097s] -- Check for working CXX compiler: /usr/bin/c++ - skipped
[1.097s] -- Detecting CXX compile features
[1.098s] -- Detecting CXX compile features - done
[1.099s] -- Found ament_cmake_auto: 1.3.5 (/opt/ros/humble/share/ament_cmake_auto/cmake)
[1.247s] -- Found Python3: /usr/bin/python3.10 (found version "3.10.12") found components: Interpreter 
[1.320s] -- Found OpenCV: /usr (found version "4.5.4") 
[1.541s] -- Found rosidl_generator_c: 3.1.4 (/opt/ros/humble/share/rosidl_generator_c/cmake)
[1.545s] -- Found rosidl_adapter: 3.1.4 (/opt/ros/humble/share/rosidl_adapter/cmake)
[1.551s] -- Found rosidl_generator_cpp: 3.1.4 (/opt/ros/humble/share/rosidl_generator_cpp/cmake)
[1.562s] -- Using all available rosidl_typesupport_c: rosidl_typesupport_fastrtps_c;rosidl_typesupport_introspection_c
[1.585s] -- Using all available rosidl_typesupport_cpp: rosidl_typesupport_fastrtps_cpp;rosidl_typesupport_introspection_cpp
[1.651s] -- Found rmw_implementation_cmake: 6.1.1 (/opt/ros/humble/share/rmw_implementation_cmake/cmake)
[1.653s] -- Found rmw_fastrtps_cpp: 6.2.2 (/opt/ros/humble/share/rmw_fastrtps_cpp/cmake)
[2.226s] -- Found OpenSSL: /usr/lib/x86_64-linux-gnu/libcrypto.so (found version "3.0.2")  
[2.806s] -- Found FastRTPS: /opt/ros/humble/include  
[3.755s] -- Using RMW implementation 'rmw_fastrtps_cpp' as default
[3.763s] -- Looking for pthread.h
[3.884s] -- Looking for pthread.h - found
[3.884s] -- Performing Test CMAKE_HAVE_LIBC_PTHREAD
[4.010s] -- Performing Test CMAKE_HAVE_LIBC_PTHREAD - Success
[4.011s] -- Found Threads: TRUE  
[5.628s] -- Found eigen3_cmake_module: 0.1.1 (/opt/ros/humble/share/eigen3_cmake_module/cmake)
[5.629s] -- Found Eigen3: TRUE (found version "3.4.0") 
[5.629s] -- Ensuring Eigen3 include directory is part of orocos-kdl CMake target
[5.851s] -- Found ament_lint_auto: 0.12.6 (/opt/ros/humble/share/ament_lint_auto/cmake)
[5.870s] -- Found ament_cmake_gtest: 1.3.5 (/opt/ros/humble/share/ament_cmake_gtest/cmake)
[5.873s] -- Found gtest sources under '/opt/ros/humble/src/gtest_vendor': C++ tests using 'Google Test' will be built
[5.883s] -- Added test 'cppcheck' to perform static code analysis on C / C++ code
[5.883s] -- Configured cppcheck include dirs: /home/ghlins/new_tracker/src/rm_auto_aim/armor_detector/include
[5.883s] -- Configured cppcheck exclude dirs and/or files: 
[5.885s] -- Added test 'lint_cmake' to check CMake code style
[5.886s] -- Added test 'xmllint' to check XML markup files
[5.887s] -- Added test 'clang_format' to check C / C++ code style
[5.890s] -- Configuring done
[5.919s] -- Generating done
[5.921s] -- Build files have been written to: /home/ghlins/new_tracker/build/armor_detector
[5.931s] Invoked command in '/home/ghlins/new_tracker/build/armor_detector' returned '0': CMAKE_PREFIX_PATH=/home/ghlins/new_tracker/install/auto_aim_interfaces:/home/ghlins/new_tracker/install/new_armor_tracker:/home/ghlins/new_tracker/install/my_ros2_opencv_pkg:/home/ghlins/new_tracker/install/armor_detector:/opt/ros/humble LD_LIBRARY_PATH=/home/ghlins/new_tracker/install/auto_aim_interfaces/lib:/home/ghlins/new_tracker/install/new_armor_tracker/lib:/home/ghlins/new_tracker/install/armor_detector/lib:/usr/lib/x86_64-linux-gnu/gazebo-11/plugins:/opt/ros/humble/opt/rviz_ogre_vendor/lib:/opt/ros/humble/lib/x86_64-linux-gnu:/opt/ros/humble/lib /usr/bin/cmake /home/ghlins/new_tracker/src/rm_auto_aim/armor_detector -DCMAKE_INSTALL_PREFIX=/home/ghlins/new_tracker/install/armor_detector
[5.933s] Invoking command in '/home/ghlins/new_tracker/build/armor_detector': CMAKE_PREFIX_PATH=/home/ghlins/new_tracker/install/auto_aim_interfaces:/home/ghlins/new_tracker/install/new_armor_tracker:/home/ghlins/new_tracker/install/my_ros2_opencv_pkg:/home/ghlins/new_tracker/install/armor_detector:/opt/ros/humble LD_LIBRARY_PATH=/home/ghlins/new_tracker/install/auto_aim_interfaces/lib:/home/ghlins/new_tracker/install/new_armor_tracker/lib:/home/ghlins/new_tracker/install/armor_detector/lib:/usr/lib/x86_64-linux-gnu/gazebo-11/plugins:/opt/ros/humble/opt/rviz_ogre_vendor/lib:/opt/ros/humble/lib/x86_64-linux-gnu:/opt/ros/humble/lib /usr/bin/cmake --build /home/ghlins/new_tracker/build/armor_detector -- -j20 -l20
[5.965s] [  6%] [32mBuilding CXX object CMakeFiles/armor_detector_node.dir/rclcpp_components/node_main_armor_detector_node.cpp.o[0m
[5.965s] [ 13%] [32mBuilding CXX object gtest/CMakeFiles/gtest.dir/src/gtest-all.cc.o[0m
[5.966s] [ 20%] [32mBuilding CXX object CMakeFiles/armor_detector.dir/src/detector_node.cpp.o[0m
[5.968s] [ 26%] [32mBuilding CXX object CMakeFiles/armor_detector.dir/src/detector.cpp.o[0m
[5.968s] [ 33%] [32mBuilding CXX object gtest/CMakeFiles/gtest_main.dir/src/gtest_main.cc.o[0m
[5.968s] [ 40%] [32mBuilding CXX object CMakeFiles/armor_detector.dir/src/number_classifier.cpp.o[0m
[5.969s] [ 46%] [32mBuilding CXX object CMakeFiles/armor_detector.dir/src/pnp_solver.cpp.o[0m
[6.806s] [ 53%] [32m[1mLinking CXX static library libgtest_main.a[0m
[6.840s] [ 53%] Built target gtest_main
[9.164s] [ 60%] [32m[1mLinking CXX static library libgtest.a[0m
[9.211s] [ 60%] Built target gtest
[9.349s] [ 66%] [32m[1mLinking CXX executable armor_detector_node[0m
[9.547s] [ 66%] Built target armor_detector_node
[20.915s] [ 73%] [32m[1mLinking CXX shared library libarmor_detector.so[0m
[21.736s] [ 73%] Built target armor_detector
[21.749s] [ 86%] [32mBuilding CXX object CMakeFiles/test_number_cls.dir/test/test_number_cls.cpp.o[0m
[21.749s] [ 86%] [32mBuilding CXX object CMakeFiles/test_node_startup.dir/test/test_node_startup.cpp.o[0m
[23.367s] [ 93%] [32m[1mLinking CXX executable test_number_cls[0m
[23.995s] [ 93%] Built target test_number_cls
[26.499s] [100%] [32m[1mLinking CXX executable test_node_startup[0m
[27.118s] [100%] Built target test_node_startup
