[0.089s] Invoking command in '/home/ghlins/new_tracker/build/armor_detector': CMAKE_PREFIX_PATH=/home/ghlins/new_tracker/install/auto_aim_interfaces:/home/ghlins/new_tracker/install/new_armor_tracker:/home/ghlins/new_tracker/install/my_ros2_opencv_pkg:/home/ghlins/new_tracker/install/armor_detector:/opt/ros/humble LD_LIBRARY_PATH=/home/ghlins/new_tracker/install/auto_aim_interfaces/lib:/home/ghlins/new_tracker/install/new_armor_tracker/lib:/home/ghlins/new_tracker/install/armor_detector/lib:/usr/lib/x86_64-linux-gnu/gazebo-11/plugins:/opt/ros/humble/opt/rviz_ogre_vendor/lib:/opt/ros/humble/lib/x86_64-linux-gnu:/opt/ros/humble/lib /usr/bin/cmake /home/ghlins/new_tracker/src/rm_auto_aim/armor_detector -DCMAKE_INSTALL_PREFIX=/home/ghlins/new_tracker/install/armor_detector
[0.195s] -- The C compiler identification is GNU 11.4.0
[0.668s] -- The CXX compiler identification is GNU 11.4.0
[1.104s] -- Detecting C compiler ABI info
[1.251s] -- Detecting C compiler ABI info - done
[1.256s] -- Check for working C compiler: /usr/bin/cc - skipped
[1.256s] -- Detecting C compile features
[1.257s] -- Detecting C compile features - done
[1.259s] -- Detecting CXX compiler ABI info
[1.397s] -- Detecting CXX compiler ABI info - done
[1.402s] -- Check for working CXX compiler: /usr/bin/c++ - skipped
[1.402s] -- Detecting CXX compile features
[1.403s] -- Detecting CXX compile features - done
[1.404s] -- Found ament_cmake_auto: 1.3.5 (/opt/ros/humble/share/ament_cmake_auto/cmake)
[1.548s] -- Found Python3: /usr/bin/python3.10 (found version "3.10.12") found components: Interpreter 
[1.615s] -- Found OpenCV: /usr (found version "4.5.4") 
[1.830s] -- Found rosidl_generator_c: 3.1.4 (/opt/ros/humble/share/rosidl_generator_c/cmake)
[1.833s] -- Found rosidl_adapter: 3.1.4 (/opt/ros/humble/share/rosidl_adapter/cmake)
[1.839s] -- Found rosidl_generator_cpp: 3.1.4 (/opt/ros/humble/share/rosidl_generator_cpp/cmake)
[1.849s] -- Using all available rosidl_typesupport_c: rosidl_typesupport_fastrtps_c;rosidl_typesupport_introspection_c
[1.862s] -- Using all available rosidl_typesupport_cpp: rosidl_typesupport_fastrtps_cpp;rosidl_typesupport_introspection_cpp
[1.908s] -- Found rmw_implementation_cmake: 6.1.1 (/opt/ros/humble/share/rmw_implementation_cmake/cmake)
[1.910s] -- Found rmw_fastrtps_cpp: 6.2.2 (/opt/ros/humble/share/rmw_fastrtps_cpp/cmake)
[2.483s] -- Found OpenSSL: /usr/lib/x86_64-linux-gnu/libcrypto.so (found version "3.0.2")  
[3.221s] -- Found FastRTPS: /opt/ros/humble/include  
[4.295s] -- Using RMW implementation 'rmw_fastrtps_cpp' as default
[4.303s] -- Looking for pthread.h
[4.425s] -- Looking for pthread.h - found
[4.425s] -- Performing Test CMAKE_HAVE_LIBC_PTHREAD
[4.540s] -- Performing Test CMAKE_HAVE_LIBC_PTHREAD - Success
[4.541s] -- Found Threads: TRUE  
[6.732s] -- Found eigen3_cmake_module: 0.1.1 (/opt/ros/humble/share/eigen3_cmake_module/cmake)
[6.733s] -- Found Eigen3: TRUE (found version "3.4.0") 
[6.733s] -- Ensuring Eigen3 include directory is part of orocos-kdl CMake target
[6.947s] -- Found ament_lint_auto: 0.12.6 (/opt/ros/humble/share/ament_lint_auto/cmake)
[6.961s] -- Found ament_cmake_gtest: 1.3.5 (/opt/ros/humble/share/ament_cmake_gtest/cmake)
[6.962s] -- Found gtest sources under '/opt/ros/humble/src/gtest_vendor': C++ tests using 'Google Test' will be built
[6.970s] -- Added test 'cppcheck' to perform static code analysis on C / C++ code
[6.970s] -- Configured cppcheck include dirs: /home/ghlins/new_tracker/src/rm_auto_aim/armor_detector/include
[6.970s] -- Configured cppcheck exclude dirs and/or files: 
[6.970s] -- Added test 'lint_cmake' to check CMake code style
[6.971s] -- Added test 'xmllint' to check XML markup files
[6.972s] -- Added test 'clang_format' to check C / C++ code style
[6.973s] -- Configuring done
[6.999s] -- Generating done
[7.001s] -- Build files have been written to: /home/ghlins/new_tracker/build/armor_detector
[7.012s] Invoked command in '/home/ghlins/new_tracker/build/armor_detector' returned '0': CMAKE_PREFIX_PATH=/home/ghlins/new_tracker/install/auto_aim_interfaces:/home/ghlins/new_tracker/install/new_armor_tracker:/home/ghlins/new_tracker/install/my_ros2_opencv_pkg:/home/ghlins/new_tracker/install/armor_detector:/opt/ros/humble LD_LIBRARY_PATH=/home/ghlins/new_tracker/install/auto_aim_interfaces/lib:/home/ghlins/new_tracker/install/new_armor_tracker/lib:/home/ghlins/new_tracker/install/armor_detector/lib:/usr/lib/x86_64-linux-gnu/gazebo-11/plugins:/opt/ros/humble/opt/rviz_ogre_vendor/lib:/opt/ros/humble/lib/x86_64-linux-gnu:/opt/ros/humble/lib /usr/bin/cmake /home/ghlins/new_tracker/src/rm_auto_aim/armor_detector -DCMAKE_INSTALL_PREFIX=/home/ghlins/new_tracker/install/armor_detector
[7.013s] Invoking command in '/home/ghlins/new_tracker/build/armor_detector': CMAKE_PREFIX_PATH=/home/ghlins/new_tracker/install/auto_aim_interfaces:/home/ghlins/new_tracker/install/new_armor_tracker:/home/ghlins/new_tracker/install/my_ros2_opencv_pkg:/home/ghlins/new_tracker/install/armor_detector:/opt/ros/humble LD_LIBRARY_PATH=/home/ghlins/new_tracker/install/auto_aim_interfaces/lib:/home/ghlins/new_tracker/install/new_armor_tracker/lib:/home/ghlins/new_tracker/install/armor_detector/lib:/usr/lib/x86_64-linux-gnu/gazebo-11/plugins:/opt/ros/humble/opt/rviz_ogre_vendor/lib:/opt/ros/humble/lib/x86_64-linux-gnu:/opt/ros/humble/lib /usr/bin/cmake --build /home/ghlins/new_tracker/build/armor_detector -- -j20 -l20
[7.048s] [ 13%] [32mBuilding CXX object gtest/CMakeFiles/gtest.dir/src/gtest-all.cc.o[0m
[7.048s] [ 13%] [32mBuilding CXX object CMakeFiles/armor_detector.dir/src/number_classifier.cpp.o[0m
[7.049s] [ 20%] [32mBuilding CXX object CMakeFiles/armor_detector.dir/src/detector_node.cpp.o[0m
[7.049s] [ 26%] [32mBuilding CXX object gtest/CMakeFiles/gtest_main.dir/src/gtest_main.cc.o[0m
[7.049s] [ 33%] [32mBuilding CXX object CMakeFiles/armor_detector.dir/src/pnp_solver.cpp.o[0m
[7.049s] [ 40%] [32mBuilding CXX object CMakeFiles/armor_detector.dir/src/detector.cpp.o[0m
[7.050s] [ 46%] [32mBuilding CXX object CMakeFiles/armor_detector_node.dir/rclcpp_components/node_main_armor_detector_node.cpp.o[0m
[7.642s] [ 53%] [32m[1mLinking CXX static library libgtest_main.a[0m
[7.672s] [ 53%] Built target gtest_main
[9.759s] [ 60%] [32m[1mLinking CXX static library libgtest.a[0m
[9.797s] [ 60%] Built target gtest
[10.132s] [ 66%] [32m[1mLinking CXX executable armor_detector_node[0m
[10.304s] [ 66%] Built target armor_detector_node
[21.262s] [ 73%] [32m[1mLinking CXX shared library libarmor_detector.so[0m
[22.030s] [ 73%] Built target armor_detector
[22.042s] [ 86%] [32mBuilding CXX object CMakeFiles/test_node_startup.dir/test/test_node_startup.cpp.o[0m
[22.042s] [ 86%] [32mBuilding CXX object CMakeFiles/test_number_cls.dir/test/test_number_cls.cpp.o[0m
[23.594s] [ 93%] [32m[1mLinking CXX executable test_number_cls[0m
[24.270s] [ 93%] Built target test_number_cls
[26.412s] [100%] [32m[1mLinking CXX executable test_node_startup[0m
[27.029s] [100%] Built target test_node_startup
[27.035s] Invoked command in '/home/ghlins/new_tracker/build/armor_detector' returned '0': CMAKE_PREFIX_PATH=/home/ghlins/new_tracker/install/auto_aim_interfaces:/home/ghlins/new_tracker/install/new_armor_tracker:/home/ghlins/new_tracker/install/my_ros2_opencv_pkg:/home/ghlins/new_tracker/install/armor_detector:/opt/ros/humble LD_LIBRARY_PATH=/home/ghlins/new_tracker/install/auto_aim_interfaces/lib:/home/ghlins/new_tracker/install/new_armor_tracker/lib:/home/ghlins/new_tracker/install/armor_detector/lib:/usr/lib/x86_64-linux-gnu/gazebo-11/plugins:/opt/ros/humble/opt/rviz_ogre_vendor/lib:/opt/ros/humble/lib/x86_64-linux-gnu:/opt/ros/humble/lib /usr/bin/cmake --build /home/ghlins/new_tracker/build/armor_detector -- -j20 -l20
[27.060s] Invoking command in '/home/ghlins/new_tracker/build/armor_detector': CMAKE_PREFIX_PATH=/home/ghlins/new_tracker/install/auto_aim_interfaces:/home/ghlins/new_tracker/install/new_armor_tracker:/home/ghlins/new_tracker/install/my_ros2_opencv_pkg:/home/ghlins/new_tracker/install/armor_detector:/opt/ros/humble LD_LIBRARY_PATH=/home/ghlins/new_tracker/install/auto_aim_interfaces/lib:/home/ghlins/new_tracker/install/new_armor_tracker/lib:/home/ghlins/new_tracker/install/armor_detector/lib:/usr/lib/x86_64-linux-gnu/gazebo-11/plugins:/opt/ros/humble/opt/rviz_ogre_vendor/lib:/opt/ros/humble/lib/x86_64-linux-gnu:/opt/ros/humble/lib /usr/bin/cmake --install /home/ghlins/new_tracker/build/armor_detector
[27.064s] -- Install configuration: ""
[27.064s] -- Installing: /home/ghlins/new_tracker/install/armor_detector/lib/armor_detector/armor_detector_node
[27.064s] -- Set runtime path of "/home/ghlins/new_tracker/install/armor_detector/lib/armor_detector/armor_detector_node" to ""
[27.064s] -- Up-to-date: /home/ghlins/new_tracker/install/armor_detector/include
[27.064s] -- Up-to-date: /home/ghlins/new_tracker/install/armor_detector/include/armor_detector
[27.064s] -- Up-to-date: /home/ghlins/new_tracker/install/armor_detector/include/armor_detector/number_classifier.hpp
[27.065s] -- Up-to-date: /home/ghlins/new_tracker/install/armor_detector/include/armor_detector/detector_node.hpp
[27.065s] -- Up-to-date: /home/ghlins/new_tracker/install/armor_detector/include/armor_detector/detector.hpp
[27.065s] -- Up-to-date: /home/ghlins/new_tracker/install/armor_detector/include/armor_detector/armor.hpp
[27.065s] -- Up-to-date: /home/ghlins/new_tracker/install/armor_detector/include/armor_detector/pnp_solver.hpp
[27.065s] -- Up-to-date: /home/ghlins/new_tracker/install/armor_detector/share/armor_detector/environment/library_path.sh
[27.065s] -- Installing: /home/ghlins/new_tracker/install/armor_detector/share/armor_detector/environment/library_path.dsv
[27.065s] -- Installing: /home/ghlins/new_tracker/install/armor_detector/lib/libarmor_detector.so
[27.078s] -- Set runtime path of "/home/ghlins/new_tracker/install/armor_detector/lib/libarmor_detector.so" to ""
[27.078s] -- Up-to-date: /home/ghlins/new_tracker/install/armor_detector/share/armor_detector/model
[27.078s] -- Up-to-date: /home/ghlins/new_tracker/install/armor_detector/share/armor_detector/model/mlp.onnx
[27.078s] -- Up-to-date: /home/ghlins/new_tracker/install/armor_detector/share/armor_detector/model/label.txt
[27.078s] -- Installing: /home/ghlins/new_tracker/install/armor_detector/share/ament_index/resource_index/package_run_dependencies/armor_detector
[27.078s] -- Installing: /home/ghlins/new_tracker/install/armor_detector/share/ament_index/resource_index/parent_prefix_path/armor_detector
[27.078s] -- Up-to-date: /home/ghlins/new_tracker/install/armor_detector/share/armor_detector/environment/ament_prefix_path.sh
[27.078s] -- Installing: /home/ghlins/new_tracker/install/armor_detector/share/armor_detector/environment/ament_prefix_path.dsv
[27.078s] -- Up-to-date: /home/ghlins/new_tracker/install/armor_detector/share/armor_detector/environment/path.sh
[27.079s] -- Installing: /home/ghlins/new_tracker/install/armor_detector/share/armor_detector/environment/path.dsv
[27.079s] -- Installing: /home/ghlins/new_tracker/install/armor_detector/share/armor_detector/local_setup.bash
[27.079s] -- Installing: /home/ghlins/new_tracker/install/armor_detector/share/armor_detector/local_setup.sh
[27.079s] -- Installing: /home/ghlins/new_tracker/install/armor_detector/share/armor_detector/local_setup.zsh
[27.079s] -- Installing: /home/ghlins/new_tracker/install/armor_detector/share/armor_detector/local_setup.dsv
[27.079s] -- Installing: /home/ghlins/new_tracker/install/armor_detector/share/armor_detector/package.dsv
[27.079s] -- Installing: /home/ghlins/new_tracker/install/armor_detector/share/ament_index/resource_index/packages/armor_detector
[27.079s] -- Installing: /home/ghlins/new_tracker/install/armor_detector/share/ament_index/resource_index/rclcpp_components/armor_detector
[27.079s] -- Installing: /home/ghlins/new_tracker/install/armor_detector/share/armor_detector/cmake/ament_cmake_export_dependencies-extras.cmake
[27.079s] -- Installing: /home/ghlins/new_tracker/install/armor_detector/share/armor_detector/cmake/ament_cmake_export_include_directories-extras.cmake
[27.080s] -- Installing: /home/ghlins/new_tracker/install/armor_detector/share/armor_detector/cmake/ament_cmake_export_libraries-extras.cmake
[27.080s] -- Installing: /home/ghlins/new_tracker/install/armor_detector/share/armor_detector/cmake/armor_detectorConfig.cmake
[27.080s] -- Installing: /home/ghlins/new_tracker/install/armor_detector/share/armor_detector/cmake/armor_detectorConfig-version.cmake
[27.080s] -- Up-to-date: /home/ghlins/new_tracker/install/armor_detector/share/armor_detector/package.xml
[27.082s] Invoked command in '/home/ghlins/new_tracker/build/armor_detector' returned '0': CMAKE_PREFIX_PATH=/home/ghlins/new_tracker/install/auto_aim_interfaces:/home/ghlins/new_tracker/install/new_armor_tracker:/home/ghlins/new_tracker/install/my_ros2_opencv_pkg:/home/ghlins/new_tracker/install/armor_detector:/opt/ros/humble LD_LIBRARY_PATH=/home/ghlins/new_tracker/install/auto_aim_interfaces/lib:/home/ghlins/new_tracker/install/new_armor_tracker/lib:/home/ghlins/new_tracker/install/armor_detector/lib:/usr/lib/x86_64-linux-gnu/gazebo-11/plugins:/opt/ros/humble/opt/rviz_ogre_vendor/lib:/opt/ros/humble/lib/x86_64-linux-gnu:/opt/ros/humble/lib /usr/bin/cmake --install /home/ghlins/new_tracker/build/armor_detector
