[0.063s] Invoking command in '/home/ghlins/new_tracker/build/armor_detector': AMENT_PREFIX_PATH=/home/ghlins/new_tracker/install/auto_aim_interfaces:${AMENT_PREFIX_PATH} CMAKE_PREFIX_PATH=/home/ghlins/new_tracker/install/auto_aim_interfaces:/opt/ros/humble LD_LIBRARY_PATH=/home/ghlins/new_tracker/install/auto_aim_interfaces/lib:${LD_LIBRARY_PATH} PYTHONPATH=/home/ghlins/new_tracker/install/auto_aim_interfaces/local/lib/python3.10/dist-packages:${PYTHONPATH} /usr/bin/cmake /home/ghlins/new_tracker/src/rm_auto_aim/armor_detector -DCMAKE_INSTALL_PREFIX=/home/ghlins/new_tracker/install/armor_detector
[0.153s] -- The C compiler identification is GNU 11.4.0
[0.522s] -- The CXX compiler identification is GNU 11.4.0
[0.883s] -- Detecting C compiler ABI info
[0.988s] -- Detecting C compiler ABI info - done
[0.993s] -- Check for working C compiler: /usr/bin/cc - skipped
[0.993s] -- Detecting C compile features
[0.994s] -- Detecting C compile features - done
[0.995s] -- Detecting CXX compiler ABI info
[1.114s] -- Detecting CXX compiler ABI info - done
[1.120s] -- Check for working CXX compiler: /usr/bin/c++ - skipped
[1.120s] -- Detecting CXX compile features
[1.120s] -- Detecting CXX compile features - done
[1.121s] -- Found ament_cmake_auto: 1.3.5 (/opt/ros/humble/share/ament_cmake_auto/cmake)
[1.254s] -- Found Python3: /usr/bin/python3.10 (found version "3.10.12") found components: Interpreter 
[1.314s] -- Found OpenCV: /usr (found version "4.5.4") 
[1.467s] -- Found rosidl_generator_c: 3.1.4 (/opt/ros/humble/share/rosidl_generator_c/cmake)
[1.469s] -- Found rosidl_adapter: 3.1.4 (/opt/ros/humble/share/rosidl_adapter/cmake)
[1.475s] -- Found rosidl_generator_cpp: 3.1.4 (/opt/ros/humble/share/rosidl_generator_cpp/cmake)
[1.483s] -- Using all available rosidl_typesupport_c: rosidl_typesupport_fastrtps_c;rosidl_typesupport_introspection_c
[1.495s] -- Using all available rosidl_typesupport_cpp: rosidl_typesupport_fastrtps_cpp;rosidl_typesupport_introspection_cpp
[1.540s] -- Found rmw_implementation_cmake: 6.1.1 (/opt/ros/humble/share/rmw_implementation_cmake/cmake)
[1.542s] -- Found rmw_fastrtps_cpp: 6.2.2 (/opt/ros/humble/share/rmw_fastrtps_cpp/cmake)
[1.961s] -- Found OpenSSL: /usr/lib/x86_64-linux-gnu/libcrypto.so (found version "3.0.2")  
[2.433s] -- Found FastRTPS: /opt/ros/humble/include  
[3.227s] -- Using RMW implementation 'rmw_fastrtps_cpp' as default
[3.233s] -- Looking for pthread.h
[3.336s] -- Looking for pthread.h - found
[3.336s] -- Performing Test CMAKE_HAVE_LIBC_PTHREAD
[3.449s] -- Performing Test CMAKE_HAVE_LIBC_PTHREAD - Success
[3.450s] -- Found Threads: TRUE  
[5.229s] -- Found eigen3_cmake_module: 0.1.1 (/opt/ros/humble/share/eigen3_cmake_module/cmake)
[5.229s] -- Found Eigen3: TRUE (found version "3.4.0") 
[5.230s] -- Ensuring Eigen3 include directory is part of orocos-kdl CMake target
[5.415s] -- Found ament_lint_auto: 0.12.6 (/opt/ros/humble/share/ament_lint_auto/cmake)
[5.426s] -- Found ament_cmake_gtest: 1.3.5 (/opt/ros/humble/share/ament_cmake_gtest/cmake)
[5.428s] -- Found gtest sources under '/opt/ros/humble/src/gtest_vendor': C++ tests using 'Google Test' will be built
[5.435s] -- Added test 'cppcheck' to perform static code analysis on C / C++ code
[5.435s] -- Configured cppcheck include dirs: /home/ghlins/new_tracker/src/rm_auto_aim/armor_detector/include
[5.435s] -- Configured cppcheck exclude dirs and/or files: 
[5.435s] -- Added test 'lint_cmake' to check CMake code style
[5.436s] -- Added test 'xmllint' to check XML markup files
[5.437s] -- Added test 'clang_format' to check C / C++ code style
[5.438s] -- Configuring done
[5.462s] -- Generating done
[5.464s] -- Build files have been written to: /home/ghlins/new_tracker/build/armor_detector
[5.474s] Invoked command in '/home/ghlins/new_tracker/build/armor_detector' returned '0': AMENT_PREFIX_PATH=/home/ghlins/new_tracker/install/auto_aim_interfaces:${AMENT_PREFIX_PATH} CMAKE_PREFIX_PATH=/home/ghlins/new_tracker/install/auto_aim_interfaces:/opt/ros/humble LD_LIBRARY_PATH=/home/ghlins/new_tracker/install/auto_aim_interfaces/lib:${LD_LIBRARY_PATH} PYTHONPATH=/home/ghlins/new_tracker/install/auto_aim_interfaces/local/lib/python3.10/dist-packages:${PYTHONPATH} /usr/bin/cmake /home/ghlins/new_tracker/src/rm_auto_aim/armor_detector -DCMAKE_INSTALL_PREFIX=/home/ghlins/new_tracker/install/armor_detector
[5.474s] Invoking command in '/home/ghlins/new_tracker/build/armor_detector': AMENT_PREFIX_PATH=/home/ghlins/new_tracker/install/auto_aim_interfaces:${AMENT_PREFIX_PATH} CMAKE_PREFIX_PATH=/home/ghlins/new_tracker/install/auto_aim_interfaces:/opt/ros/humble LD_LIBRARY_PATH=/home/ghlins/new_tracker/install/auto_aim_interfaces/lib:${LD_LIBRARY_PATH} PYTHONPATH=/home/ghlins/new_tracker/install/auto_aim_interfaces/local/lib/python3.10/dist-packages:${PYTHONPATH} /usr/bin/cmake --build /home/ghlins/new_tracker/build/armor_detector -- -j20 -l20
[5.503s] [  6%] [32mBuilding CXX object CMakeFiles/armor_detector.dir/src/detector.cpp.o[0m
[5.504s] [ 13%] [32mBuilding CXX object gtest/CMakeFiles/gtest_main.dir/src/gtest_main.cc.o[0m
[5.504s] [ 20%] [32mBuilding CXX object CMakeFiles/armor_detector_node.dir/rclcpp_components/node_main_armor_detector_node.cpp.o[0m
[5.504s] [ 26%] [32mBuilding CXX object gtest/CMakeFiles/gtest.dir/src/gtest-all.cc.o[0m
[5.504s] [ 33%] [32mBuilding CXX object CMakeFiles/armor_detector.dir/src/number_classifier.cpp.o[0m
[5.505s] [ 40%] [32mBuilding CXX object CMakeFiles/armor_detector.dir/src/pnp_solver.cpp.o[0m
[5.510s] [ 46%] [32mBuilding CXX object CMakeFiles/armor_detector.dir/src/detector_node.cpp.o[0m
[6.078s] [ 53%] [32m[1mLinking CXX static library libgtest_main.a[0m
[6.105s] [ 53%] Built target gtest_main
[7.930s] [ 60%] [32m[1mLinking CXX static library libgtest.a[0m
[7.966s] [ 60%] Built target gtest
[8.112s] [ 66%] [32m[1mLinking CXX executable armor_detector_node[0m
[8.276s] [ 66%] Built target armor_detector_node
[19.595s] [ 73%] [32m[1mLinking CXX shared library libarmor_detector.so[0m
[20.467s] [ 73%] Built target armor_detector
[20.479s] [ 86%] [32mBuilding CXX object CMakeFiles/test_number_cls.dir/test/test_number_cls.cpp.o[0m
[20.479s] [ 86%] [32mBuilding CXX object CMakeFiles/test_node_startup.dir/test/test_node_startup.cpp.o[0m
[22.004s] [ 93%] [32m[1mLinking CXX executable test_number_cls[0m
[22.645s] [ 93%] Built target test_number_cls
[24.926s] [100%] [32m[1mLinking CXX executable test_node_startup[0m
[25.558s] [100%] Built target test_node_startup
