[0.012s] Invoking command in '/home/ghlins/new_tracker/build/auto_aim_interfaces': CMAKE_PREFIX_PATH=/opt/ros/humble /usr/bin/cmake /home/ghlins/new_tracker/src/rm_auto_aim/auto_aim_interfaces -DCMAKE_INSTALL_PREFIX=/home/ghlins/new_tracker/install/auto_aim_interfaces
[0.086s] -- The C compiler identification is GNU 11.4.0
[0.371s] -- The CXX compiler identification is GNU 11.4.0
[0.586s] -- Detecting C compiler ABI info
[0.662s] -- Detecting C compiler ABI info - done
[0.667s] -- Check for working C compiler: /usr/bin/cc - skipped
[0.667s] -- Detecting C compile features
[0.668s] -- Detecting C compile features - done
[0.670s] -- Detecting CXX compiler ABI info
[0.755s] -- Detecting CXX compiler ABI info - done
[0.759s] -- Check for working CXX compiler: /usr/bin/c++ - skipped
[0.759s] -- Detecting CXX compile features
[0.759s] -- Detecting CXX compile features - done
[0.761s] -- Found ament_cmake: 1.3.5 (/opt/ros/humble/share/ament_cmake/cmake)
[0.857s] -- Found Python3: /usr/bin/python3.10 (found version "3.10.12") found components: Interpreter 
[0.906s] -- Found rosidl_default_generators: 1.2.0 (/opt/ros/humble/share/rosidl_default_generators/cmake)
[0.907s] -- Using all available rosidl_typesupport_c: rosidl_typesupport_fastrtps_c;rosidl_typesupport_introspection_c
[0.911s] -- Found rosidl_adapter: 3.1.4 (/opt/ros/humble/share/rosidl_adapter/cmake)
[1.000s] -- Using all available rosidl_typesupport_cpp: rosidl_typesupport_fastrtps_cpp;rosidl_typesupport_introspection_cpp
[1.020s] -- Found geometry_msgs: 4.2.3 (/opt/ros/humble/share/geometry_msgs/cmake)
[1.295s] -- Found ament_cmake_ros: 0.10.0 (/opt/ros/humble/share/ament_cmake_ros/cmake)
[1.452s] -- Using all available rosidl_typesupport_c: rosidl_typesupport_fastrtps_c;rosidl_typesupport_introspection_c
[1.652s] -- Using all available rosidl_typesupport_cpp: rosidl_typesupport_fastrtps_cpp;rosidl_typesupport_introspection_cpp
[1.754s] -- Found PythonInterp: /usr/bin/python3 (found suitable version "3.10.12", minimum required is "3.6") 
[1.755s] -- Found python_cmake_module: 0.10.0 (/opt/ros/humble/share/python_cmake_module/cmake)
[2.050s] -- Found PythonLibs: /usr/lib/x86_64-linux-gnu/libpython3.10.so (found suitable version "3.10.12", minimum required is "3.5") 
[2.050s] -- Using PYTHON_EXECUTABLE: /usr/bin/python3
[2.050s] -- Using PYTHON_INCLUDE_DIRS: /usr/include/python3.10
[2.050s] -- Using PYTHON_LIBRARIES: /usr/lib/x86_64-linux-gnu/libpython3.10.so
[2.063s] -- Found PythonExtra: .so  
[2.134s] -- Configuring done
[2.164s] -- Generating done
[2.166s] -- Build files have been written to: /home/ghlins/new_tracker/build/auto_aim_interfaces
[2.173s] Invoked command in '/home/ghlins/new_tracker/build/auto_aim_interfaces' returned '0': CMAKE_PREFIX_PATH=/opt/ros/humble /usr/bin/cmake /home/ghlins/new_tracker/src/rm_auto_aim/auto_aim_interfaces -DCMAKE_INSTALL_PREFIX=/home/ghlins/new_tracker/install/auto_aim_interfaces
[2.174s] Invoking command in '/home/ghlins/new_tracker/build/auto_aim_interfaces': CMAKE_PREFIX_PATH=/opt/ros/humble /usr/bin/cmake --build /home/ghlins/new_tracker/build/auto_aim_interfaces -- -j20 -l20
[2.196s] [  1%] [34m[1mGenerating C code for ROS interfaces[0m
[2.202s] [  2%] [34m[1mGenerating C++ code for ROS interfaces[0m
[2.206s] [  2%] Built target ament_cmake_python_copy_auto_aim_interfaces
[2.340s] running egg_info
[2.340s] creating auto_aim_interfaces.egg-info
[2.341s] writing auto_aim_interfaces.egg-info/PKG-INFO
[2.341s] writing dependency_links to auto_aim_interfaces.egg-info/dependency_links.txt
[2.341s] writing top-level names to auto_aim_interfaces.egg-info/top_level.txt
[2.341s] writing manifest file 'auto_aim_interfaces.egg-info/SOURCES.txt'
[2.342s] reading manifest file 'auto_aim_interfaces.egg-info/SOURCES.txt'
[2.343s] writing manifest file 'auto_aim_interfaces.egg-info/SOURCES.txt'
[2.361s] [  2%] Built target ament_cmake_python_build_auto_aim_interfaces_egg
[2.535s] [  2%] Built target auto_aim_interfaces__cpp
[2.541s] [  5%] [34m[1mGenerating C++ type support dispatch for ROS interfaces[0m
[2.541s] [  5%] [34m[1mGenerating C++ type support for eProsima Fast-RTPS[0m
[2.541s] [  5%] [34m[1mGenerating C++ introspection for ROS interfaces[0m
[2.702s] [  6%] [32mBuilding C object CMakeFiles/auto_aim_interfaces__rosidl_generator_c.dir/rosidl_generator_c/auto_aim_interfaces/msg/detail/armor__functions.c.o[0m
[2.702s] [  9%] [32mBuilding C object CMakeFiles/auto_aim_interfaces__rosidl_generator_c.dir/rosidl_generator_c/auto_aim_interfaces/msg/detail/debug_armor__functions.c.o[0m
[2.703s] [  9%] [32mBuilding C object CMakeFiles/auto_aim_interfaces__rosidl_generator_c.dir/rosidl_generator_c/auto_aim_interfaces/msg/detail/debug_lights__functions.c.o[0m
[2.704s] [ 10%] [32mBuilding C object CMakeFiles/auto_aim_interfaces__rosidl_generator_c.dir/rosidl_generator_c/auto_aim_interfaces/msg/detail/armors__functions.c.o[0m
[2.705s] [ 11%] [32mBuilding C object CMakeFiles/auto_aim_interfaces__rosidl_generator_c.dir/rosidl_generator_c/auto_aim_interfaces/msg/detail/target__functions.c.o[0m
[2.705s] [ 12%] [32mBuilding C object CMakeFiles/auto_aim_interfaces__rosidl_generator_c.dir/rosidl_generator_c/auto_aim_interfaces/msg/detail/debug_light__functions.c.o[0m
[2.705s] [ 13%] [32mBuilding C object CMakeFiles/auto_aim_interfaces__rosidl_generator_c.dir/rosidl_generator_c/auto_aim_interfaces/msg/detail/debug_armors__functions.c.o[0m
[2.705s] [ 14%] [32mBuilding C object CMakeFiles/auto_aim_interfaces__rosidl_generator_c.dir/rosidl_generator_c/auto_aim_interfaces/msg/detail/tracker_info__functions.c.o[0m
[2.747s] [ 16%] [32m[1mLinking C shared library libauto_aim_interfaces__rosidl_generator_c.so[0m
[2.794s] [ 18%] [32mBuilding CXX object CMakeFiles/auto_aim_interfaces__rosidl_typesupport_cpp.dir/rosidl_typesupport_cpp/auto_aim_interfaces/msg/target__type_support.cpp.o[0m
[2.794s] [ 18%] [32mBuilding CXX object CMakeFiles/auto_aim_interfaces__rosidl_typesupport_cpp.dir/rosidl_typesupport_cpp/auto_aim_interfaces/msg/armor__type_support.cpp.o[0m
[2.795s] [ 20%] [32mBuilding CXX object CMakeFiles/auto_aim_interfaces__rosidl_typesupport_cpp.dir/rosidl_typesupport_cpp/auto_aim_interfaces/msg/debug_light__type_support.cpp.o[0m
[2.795s] [ 20%] [32mBuilding CXX object CMakeFiles/auto_aim_interfaces__rosidl_typesupport_cpp.dir/rosidl_typesupport_cpp/auto_aim_interfaces/msg/debug_armor__type_support.cpp.o[0m
[2.795s] [ 21%] [32mBuilding CXX object CMakeFiles/auto_aim_interfaces__rosidl_typesupport_cpp.dir/rosidl_typesupport_cpp/auto_aim_interfaces/msg/tracker_info__type_support.cpp.o[0m
[2.796s] [ 22%] [32mBuilding CXX object CMakeFiles/auto_aim_interfaces__rosidl_typesupport_cpp.dir/rosidl_typesupport_cpp/auto_aim_interfaces/msg/armors__type_support.cpp.o[0m
[2.797s] [ 24%] [32mBuilding CXX object CMakeFiles/auto_aim_interfaces__rosidl_typesupport_cpp.dir/rosidl_typesupport_cpp/auto_aim_interfaces/msg/debug_lights__type_support.cpp.o[0m
[2.797s] [ 25%] [32mBuilding CXX object CMakeFiles/auto_aim_interfaces__rosidl_typesupport_cpp.dir/rosidl_typesupport_cpp/auto_aim_interfaces/msg/debug_armors__type_support.cpp.o[0m
[2.857s] [ 25%] Built target auto_aim_interfaces__rosidl_generator_c
[2.867s] [ 26%] [34m[1mGenerating C type support dispatch for ROS interfaces[0m
[2.868s] [ 27%] [34m[1mGenerating C type support for eProsima Fast-RTPS[0m
[2.868s] [ 28%] [34m[1mGenerating C introspection for ROS interfaces[0m
[2.898s] [ 29%] [32mBuilding CXX object CMakeFiles/auto_aim_interfaces__rosidl_typesupport_introspection_cpp.dir/rosidl_typesupport_introspection_cpp/auto_aim_interfaces/msg/detail/debug_light__type_support.cpp.o[0m
[2.898s] [ 31%] [32mBuilding CXX object CMakeFiles/auto_aim_interfaces__rosidl_typesupport_introspection_cpp.dir/rosidl_typesupport_introspection_cpp/auto_aim_interfaces/msg/detail/armor__type_support.cpp.o[0m
[2.899s] [ 32%] [32mBuilding CXX object CMakeFiles/auto_aim_interfaces__rosidl_typesupport_introspection_cpp.dir/rosidl_typesupport_introspection_cpp/auto_aim_interfaces/msg/detail/armors__type_support.cpp.o[0m
[2.899s] [ 33%] [32mBuilding CXX object CMakeFiles/auto_aim_interfaces__rosidl_typesupport_introspection_cpp.dir/rosidl_typesupport_introspection_cpp/auto_aim_interfaces/msg/detail/target__type_support.cpp.o[0m
[2.900s] [ 34%] [32mBuilding CXX object CMakeFiles/auto_aim_interfaces__rosidl_typesupport_introspection_cpp.dir/rosidl_typesupport_introspection_cpp/auto_aim_interfaces/msg/detail/debug_armor__type_support.cpp.o[0m
[2.900s] [ 35%] [32mBuilding CXX object CMakeFiles/auto_aim_interfaces__rosidl_typesupport_introspection_cpp.dir/rosidl_typesupport_introspection_cpp/auto_aim_interfaces/msg/detail/debug_lights__type_support.cpp.o[0m
[2.907s] [ 36%] [32mBuilding CXX object CMakeFiles/auto_aim_interfaces__rosidl_typesupport_introspection_cpp.dir/rosidl_typesupport_introspection_cpp/auto_aim_interfaces/msg/detail/debug_armors__type_support.cpp.o[0m
[2.911s] [ 37%] [32mBuilding CXX object CMakeFiles/auto_aim_interfaces__rosidl_typesupport_introspection_cpp.dir/rosidl_typesupport_introspection_cpp/auto_aim_interfaces/msg/detail/tracker_info__type_support.cpp.o[0m
[3.049s] [ 39%] [32mBuilding CXX object CMakeFiles/auto_aim_interfaces__rosidl_typesupport_fastrtps_cpp.dir/rosidl_typesupport_fastrtps_cpp/auto_aim_interfaces/msg/detail/dds_fastrtps/armor__type_support.cpp.o[0m
[3.084s] [ 40%] [32mBuilding CXX object CMakeFiles/auto_aim_interfaces__rosidl_typesupport_fastrtps_cpp.dir/rosidl_typesupport_fastrtps_cpp/auto_aim_interfaces/msg/detail/dds_fastrtps/armors__type_support.cpp.o[0m
[3.087s] [ 41%] [32mBuilding CXX object CMakeFiles/auto_aim_interfaces__rosidl_typesupport_fastrtps_cpp.dir/rosidl_typesupport_fastrtps_cpp/auto_aim_interfaces/msg/detail/dds_fastrtps/target__type_support.cpp.o[0m
[3.091s] [ 42%] [32mBuilding CXX object CMakeFiles/auto_aim_interfaces__rosidl_typesupport_fastrtps_cpp.dir/rosidl_typesupport_fastrtps_cpp/auto_aim_interfaces/msg/detail/dds_fastrtps/debug_light__type_support.cpp.o[0m
[3.123s] [ 43%] [32mBuilding CXX object CMakeFiles/auto_aim_interfaces__rosidl_typesupport_fastrtps_cpp.dir/rosidl_typesupport_fastrtps_cpp/auto_aim_interfaces/msg/detail/dds_fastrtps/debug_armor__type_support.cpp.o[0m
[3.129s] [ 44%] [32mBuilding CXX object CMakeFiles/auto_aim_interfaces__rosidl_typesupport_fastrtps_cpp.dir/rosidl_typesupport_fastrtps_cpp/auto_aim_interfaces/msg/detail/dds_fastrtps/debug_lights__type_support.cpp.o[0m
[3.145s] [ 45%] [32mBuilding CXX object CMakeFiles/auto_aim_interfaces__rosidl_typesupport_fastrtps_cpp.dir/rosidl_typesupport_fastrtps_cpp/auto_aim_interfaces/msg/detail/dds_fastrtps/debug_armors__type_support.cpp.o[0m
[3.166s] [ 47%] [32mBuilding CXX object CMakeFiles/auto_aim_interfaces__rosidl_typesupport_fastrtps_cpp.dir/rosidl_typesupport_fastrtps_cpp/auto_aim_interfaces/msg/detail/dds_fastrtps/tracker_info__type_support.cpp.o[0m
[3.238s] [ 48%] [32m[1mLinking CXX shared library libauto_aim_interfaces__rosidl_typesupport_cpp.so[0m
[3.424s] [ 48%] Built target auto_aim_interfaces__rosidl_typesupport_cpp
[3.452s] [ 49%] [32mBuilding CXX object CMakeFiles/auto_aim_interfaces__rosidl_typesupport_c.dir/rosidl_typesupport_c/auto_aim_interfaces/msg/target__type_support.cpp.o[0m
[3.453s] [ 50%] [32mBuilding CXX object CMakeFiles/auto_aim_interfaces__rosidl_typesupport_c.dir/rosidl_typesupport_c/auto_aim_interfaces/msg/debug_light__type_support.cpp.o[0m
[3.454s] [ 51%] [32mBuilding CXX object CMakeFiles/auto_aim_interfaces__rosidl_typesupport_c.dir/rosidl_typesupport_c/auto_aim_interfaces/msg/armors__type_support.cpp.o[0m
[3.456s] [ 52%] [32mBuilding CXX object CMakeFiles/auto_aim_interfaces__rosidl_typesupport_c.dir/rosidl_typesupport_c/auto_aim_interfaces/msg/armor__type_support.cpp.o[0m
[3.457s] [ 54%] [32mBuilding CXX object CMakeFiles/auto_aim_interfaces__rosidl_typesupport_c.dir/rosidl_typesupport_c/auto_aim_interfaces/msg/debug_lights__type_support.cpp.o[0m
[3.466s] [ 55%] [32mBuilding CXX object CMakeFiles/auto_aim_interfaces__rosidl_typesupport_c.dir/rosidl_typesupport_c/auto_aim_interfaces/msg/debug_armor__type_support.cpp.o[0m
[3.468s] [ 56%] [32mBuilding CXX object CMakeFiles/auto_aim_interfaces__rosidl_typesupport_c.dir/rosidl_typesupport_c/auto_aim_interfaces/msg/debug_armors__type_support.cpp.o[0m
[3.487s] [ 57%] [32mBuilding CXX object CMakeFiles/auto_aim_interfaces__rosidl_typesupport_c.dir/rosidl_typesupport_c/auto_aim_interfaces/msg/tracker_info__type_support.cpp.o[0m
[3.521s] [ 58%] [32m[1mLinking CXX shared library libauto_aim_interfaces__rosidl_typesupport_c.so[0m
[3.556s] [ 59%] [32m[1mLinking CXX shared library libauto_aim_interfaces__rosidl_typesupport_introspection_cpp.so[0m
[3.571s] [ 60%] [32mBuilding C object CMakeFiles/auto_aim_interfaces__rosidl_typesupport_introspection_c.dir/rosidl_typesupport_introspection_c/auto_aim_interfaces/msg/detail/target__type_support.c.o[0m
[3.571s] [ 62%] [32mBuilding C object CMakeFiles/auto_aim_interfaces__rosidl_typesupport_introspection_c.dir/rosidl_typesupport_introspection_c/auto_aim_interfaces/msg/detail/armor__type_support.c.o[0m
[3.573s] [ 63%] [32mBuilding C object CMakeFiles/auto_aim_interfaces__rosidl_typesupport_introspection_c.dir/rosidl_typesupport_introspection_c/auto_aim_interfaces/msg/detail/armors__type_support.c.o[0m
[3.579s] [ 64%] [32mBuilding C object CMakeFiles/auto_aim_interfaces__rosidl_typesupport_introspection_c.dir/rosidl_typesupport_introspection_c/auto_aim_interfaces/msg/detail/debug_light__type_support.c.o[0m
[3.586s] [ 65%] [32mBuilding C object CMakeFiles/auto_aim_interfaces__rosidl_typesupport_introspection_c.dir/rosidl_typesupport_introspection_c/auto_aim_interfaces/msg/detail/debug_armor__type_support.c.o[0m
[3.587s] [ 67%] [32mBuilding C object CMakeFiles/auto_aim_interfaces__rosidl_typesupport_introspection_c.dir/rosidl_typesupport_introspection_c/auto_aim_interfaces/msg/detail/debug_lights__type_support.c.o[0m
[3.587s] [ 67%] [32mBuilding C object CMakeFiles/auto_aim_interfaces__rosidl_typesupport_introspection_c.dir/rosidl_typesupport_introspection_c/auto_aim_interfaces/msg/detail/tracker_info__type_support.c.o[0m
[3.605s] [ 68%] [32mBuilding C object CMakeFiles/auto_aim_interfaces__rosidl_typesupport_introspection_c.dir/rosidl_typesupport_introspection_c/auto_aim_interfaces/msg/detail/debug_armors__type_support.c.o[0m
[3.608s] [ 70%] [32mBuilding CXX object CMakeFiles/auto_aim_interfaces__rosidl_typesupport_fastrtps_c.dir/rosidl_typesupport_fastrtps_c/auto_aim_interfaces/msg/detail/armor__type_support_c.cpp.o[0m
[3.610s] [ 71%] [32mBuilding CXX object CMakeFiles/auto_aim_interfaces__rosidl_typesupport_fastrtps_c.dir/rosidl_typesupport_fastrtps_c/auto_aim_interfaces/msg/detail/target__type_support_c.cpp.o[0m
[3.611s] [ 72%] [32mBuilding CXX object CMakeFiles/auto_aim_interfaces__rosidl_typesupport_fastrtps_c.dir/rosidl_typesupport_fastrtps_c/auto_aim_interfaces/msg/detail/armors__type_support_c.cpp.o[0m
[3.613s] [ 73%] [32mBuilding CXX object CMakeFiles/auto_aim_interfaces__rosidl_typesupport_fastrtps_c.dir/rosidl_typesupport_fastrtps_c/auto_aim_interfaces/msg/detail/debug_light__type_support_c.cpp.o[0m
[3.614s] [ 74%] [32mBuilding CXX object CMakeFiles/auto_aim_interfaces__rosidl_typesupport_fastrtps_c.dir/rosidl_typesupport_fastrtps_c/auto_aim_interfaces/msg/detail/debug_lights__type_support_c.cpp.o[0m
[3.621s] [ 75%] [32mBuilding CXX object CMakeFiles/auto_aim_interfaces__rosidl_typesupport_fastrtps_c.dir/rosidl_typesupport_fastrtps_c/auto_aim_interfaces/msg/detail/debug_armor__type_support_c.cpp.o[0m
[3.623s] [ 77%] [32mBuilding CXX object CMakeFiles/auto_aim_interfaces__rosidl_typesupport_fastrtps_c.dir/rosidl_typesupport_fastrtps_c/auto_aim_interfaces/msg/detail/tracker_info__type_support_c.cpp.o[0m
[3.623s] [ 78%] [32mBuilding CXX object CMakeFiles/auto_aim_interfaces__rosidl_typesupport_fastrtps_c.dir/rosidl_typesupport_fastrtps_c/auto_aim_interfaces/msg/detail/debug_armors__type_support_c.cpp.o[0m
[3.643s] [ 79%] [32m[1mLinking C shared library libauto_aim_interfaces__rosidl_typesupport_introspection_c.so[0m
[3.707s] [ 80%] [32m[1mLinking CXX shared library libauto_aim_interfaces__rosidl_typesupport_fastrtps_cpp.so[0m
[3.715s] [ 80%] Built target auto_aim_interfaces__rosidl_typesupport_c
[3.778s] [ 80%] Built target auto_aim_interfaces__rosidl_typesupport_introspection_c
[3.782s] [ 80%] Built target auto_aim_interfaces__rosidl_typesupport_introspection_cpp
[3.871s] [ 80%] Built target auto_aim_interfaces__rosidl_typesupport_fastrtps_cpp
[3.983s] [ 81%] [32m[1mLinking CXX shared library libauto_aim_interfaces__rosidl_typesupport_fastrtps_c.so[0m
[4.088s] [ 81%] Built target auto_aim_interfaces__rosidl_typesupport_fastrtps_c
[4.098s] [ 81%] Built target auto_aim_interfaces
[4.112s] [ 82%] [34m[1mGenerating Python code for ROS interfaces[0m
[4.699s] [ 82%] Built target auto_aim_interfaces__py
[4.711s] [ 86%] [32mBuilding C object CMakeFiles/auto_aim_interfaces__rosidl_generator_py.dir/rosidl_generator_py/auto_aim_interfaces/msg/_armors_s.c.o[0m
[4.711s] [ 86%] [32mBuilding C object CMakeFiles/auto_aim_interfaces__rosidl_generator_py.dir/rosidl_generator_py/auto_aim_interfaces/msg/_armor_s.c.o[0m
[4.711s] [ 86%] [32mBuilding C object CMakeFiles/auto_aim_interfaces__rosidl_generator_py.dir/rosidl_generator_py/auto_aim_interfaces/msg/_target_s.c.o[0m
[4.711s] [ 87%] [32mBuilding C object CMakeFiles/auto_aim_interfaces__rosidl_generator_py.dir/rosidl_generator_py/auto_aim_interfaces/msg/_debug_light_s.c.o[0m
[4.713s] [ 88%] [32mBuilding C object CMakeFiles/auto_aim_interfaces__rosidl_generator_py.dir/rosidl_generator_py/auto_aim_interfaces/msg/_debug_lights_s.c.o[0m
[4.714s] [ 89%] [32mBuilding C object CMakeFiles/auto_aim_interfaces__rosidl_generator_py.dir/rosidl_generator_py/auto_aim_interfaces/msg/_debug_armor_s.c.o[0m
[4.714s] [ 90%] [32mBuilding C object CMakeFiles/auto_aim_interfaces__rosidl_generator_py.dir/rosidl_generator_py/auto_aim_interfaces/msg/_debug_armors_s.c.o[0m
[4.714s] [ 91%] [32mBuilding C object CMakeFiles/auto_aim_interfaces__rosidl_generator_py.dir/rosidl_generator_py/auto_aim_interfaces/msg/_tracker_info_s.c.o[0m
[4.810s] [ 93%] [32m[1mLinking C shared library rosidl_generator_py/auto_aim_interfaces/libauto_aim_interfaces__rosidl_generator_py.so[0m
[4.896s] [ 93%] Built target auto_aim_interfaces__rosidl_generator_py
[4.908s] [ 96%] [32mBuilding C object CMakeFiles/auto_aim_interfaces__rosidl_typesupport_fastrtps_c__pyext.dir/rosidl_generator_py/auto_aim_interfaces/_auto_aim_interfaces_s.ep.rosidl_typesupport_fastrtps_c.c.o[0m
[4.908s] [ 96%] [32mBuilding C object CMakeFiles/auto_aim_interfaces__rosidl_typesupport_introspection_c__pyext.dir/rosidl_generator_py/auto_aim_interfaces/_auto_aim_interfaces_s.ep.rosidl_typesupport_introspection_c.c.o[0m
[4.908s] [ 96%] [32mBuilding C object CMakeFiles/auto_aim_interfaces__rosidl_typesupport_c__pyext.dir/rosidl_generator_py/auto_aim_interfaces/_auto_aim_interfaces_s.ep.rosidl_typesupport_c.c.o[0m
[4.975s] [100%] [32m[1mLinking C shared library rosidl_generator_py/auto_aim_interfaces/auto_aim_interfaces_s__rosidl_typesupport_fastrtps_c.cpython-310-x86_64-linux-gnu.so[0m
[4.975s] [100%] [32m[1mLinking C shared library rosidl_generator_py/auto_aim_interfaces/auto_aim_interfaces_s__rosidl_typesupport_introspection_c.cpython-310-x86_64-linux-gnu.so[0m
[4.975s] [100%] [32m[1mLinking C shared library rosidl_generator_py/auto_aim_interfaces/auto_aim_interfaces_s__rosidl_typesupport_c.cpython-310-x86_64-linux-gnu.so[0m
[5.047s] [100%] Built target auto_aim_interfaces__rosidl_typesupport_c__pyext
[5.048s] [100%] Built target auto_aim_interfaces__rosidl_typesupport_introspection_c__pyext
[5.064s] [100%] Built target auto_aim_interfaces__rosidl_typesupport_fastrtps_c__pyext
[5.071s] Invoked command in '/home/ghlins/new_tracker/build/auto_aim_interfaces' returned '0': CMAKE_PREFIX_PATH=/opt/ros/humble /usr/bin/cmake --build /home/ghlins/new_tracker/build/auto_aim_interfaces -- -j20 -l20
[5.167s] Invoking command in '/home/ghlins/new_tracker/build/auto_aim_interfaces': CMAKE_PREFIX_PATH=/opt/ros/humble /usr/bin/cmake --install /home/ghlins/new_tracker/build/auto_aim_interfaces
[5.171s] -- Install configuration: ""
[5.171s] -- Installing: /home/ghlins/new_tracker/install/auto_aim_interfaces/share/ament_index/resource_index/rosidl_interfaces/auto_aim_interfaces
[5.172s] -- Up-to-date: /home/ghlins/new_tracker/install/auto_aim_interfaces/include/auto_aim_interfaces/auto_aim_interfaces
[5.172s] -- Up-to-date: /home/ghlins/new_tracker/install/auto_aim_interfaces/include/auto_aim_interfaces/auto_aim_interfaces/msg
[5.172s] -- Installing: /home/ghlins/new_tracker/install/auto_aim_interfaces/include/auto_aim_interfaces/auto_aim_interfaces/msg/armor.h
[5.172s] -- Installing: /home/ghlins/new_tracker/install/auto_aim_interfaces/include/auto_aim_interfaces/auto_aim_interfaces/msg/debug_lights.h
[5.172s] -- Up-to-date: /home/ghlins/new_tracker/install/auto_aim_interfaces/include/auto_aim_interfaces/auto_aim_interfaces/msg/detail
[5.172s] -- Installing: /home/ghlins/new_tracker/install/auto_aim_interfaces/include/auto_aim_interfaces/auto_aim_interfaces/msg/detail/target__functions.h
[5.172s] -- Installing: /home/ghlins/new_tracker/install/auto_aim_interfaces/include/auto_aim_interfaces/auto_aim_interfaces/msg/detail/debug_light__struct.h
[5.172s] -- Installing: /home/ghlins/new_tracker/install/auto_aim_interfaces/include/auto_aim_interfaces/auto_aim_interfaces/msg/detail/armors__struct.h
[5.172s] -- Installing: /home/ghlins/new_tracker/install/auto_aim_interfaces/include/auto_aim_interfaces/auto_aim_interfaces/msg/detail/debug_armors__functions.c
[5.172s] -- Installing: /home/ghlins/new_tracker/install/auto_aim_interfaces/include/auto_aim_interfaces/auto_aim_interfaces/msg/detail/debug_light__type_support.h
[5.172s] -- Installing: /home/ghlins/new_tracker/install/auto_aim_interfaces/include/auto_aim_interfaces/auto_aim_interfaces/msg/detail/target__functions.c
[5.173s] -- Installing: /home/ghlins/new_tracker/install/auto_aim_interfaces/include/auto_aim_interfaces/auto_aim_interfaces/msg/detail/debug_armors__functions.h
[5.173s] -- Installing: /home/ghlins/new_tracker/install/auto_aim_interfaces/include/auto_aim_interfaces/auto_aim_interfaces/msg/detail/tracker_info__functions.c
[5.173s] -- Installing: /home/ghlins/new_tracker/install/auto_aim_interfaces/include/auto_aim_interfaces/auto_aim_interfaces/msg/detail/debug_armor__struct.h
[5.173s] -- Installing: /home/ghlins/new_tracker/install/auto_aim_interfaces/include/auto_aim_interfaces/auto_aim_interfaces/msg/detail/armor__type_support.h
[5.173s] -- Installing: /home/ghlins/new_tracker/install/auto_aim_interfaces/include/auto_aim_interfaces/auto_aim_interfaces/msg/detail/armor__functions.c
[5.173s] -- Installing: /home/ghlins/new_tracker/install/auto_aim_interfaces/include/auto_aim_interfaces/auto_aim_interfaces/msg/detail/debug_lights__type_support.h
[5.173s] -- Installing: /home/ghlins/new_tracker/install/auto_aim_interfaces/include/auto_aim_interfaces/auto_aim_interfaces/msg/detail/armor__functions.h
[5.173s] -- Installing: /home/ghlins/new_tracker/install/auto_aim_interfaces/include/auto_aim_interfaces/auto_aim_interfaces/msg/detail/target__struct.h
[5.174s] -- Installing: /home/ghlins/new_tracker/install/auto_aim_interfaces/include/auto_aim_interfaces/auto_aim_interfaces/msg/detail/armor__struct.h
[5.174s] -- Installing: /home/ghlins/new_tracker/install/auto_aim_interfaces/include/auto_aim_interfaces/auto_aim_interfaces/msg/detail/debug_lights__functions.h
[5.174s] -- Installing: /home/ghlins/new_tracker/install/auto_aim_interfaces/include/auto_aim_interfaces/auto_aim_interfaces/msg/detail/tracker_info__struct.h
[5.174s] -- Installing: /home/ghlins/new_tracker/install/auto_aim_interfaces/include/auto_aim_interfaces/auto_aim_interfaces/msg/detail/armors__functions.c
[5.174s] -- Installing: /home/ghlins/new_tracker/install/auto_aim_interfaces/include/auto_aim_interfaces/auto_aim_interfaces/msg/detail/debug_lights__functions.c
[5.174s] -- Installing: /home/ghlins/new_tracker/install/auto_aim_interfaces/include/auto_aim_interfaces/auto_aim_interfaces/msg/detail/debug_armors__struct.h
[5.174s] -- Installing: /home/ghlins/new_tracker/install/auto_aim_interfaces/include/auto_aim_interfaces/auto_aim_interfaces/msg/detail/tracker_info__functions.h
[5.174s] -- Installing: /home/ghlins/new_tracker/install/auto_aim_interfaces/include/auto_aim_interfaces/auto_aim_interfaces/msg/detail/target__type_support.h
[5.174s] -- Installing: /home/ghlins/new_tracker/install/auto_aim_interfaces/include/auto_aim_interfaces/auto_aim_interfaces/msg/detail/armors__type_support.h
[5.174s] -- Installing: /home/ghlins/new_tracker/install/auto_aim_interfaces/include/auto_aim_interfaces/auto_aim_interfaces/msg/detail/debug_armor__functions.c
[5.174s] -- Installing: /home/ghlins/new_tracker/install/auto_aim_interfaces/include/auto_aim_interfaces/auto_aim_interfaces/msg/detail/debug_armor__functions.h
[5.174s] -- Installing: /home/ghlins/new_tracker/install/auto_aim_interfaces/include/auto_aim_interfaces/auto_aim_interfaces/msg/detail/debug_lights__struct.h
[5.175s] -- Installing: /home/ghlins/new_tracker/install/auto_aim_interfaces/include/auto_aim_interfaces/auto_aim_interfaces/msg/detail/tracker_info__type_support.h
[5.175s] -- Installing: /home/ghlins/new_tracker/install/auto_aim_interfaces/include/auto_aim_interfaces/auto_aim_interfaces/msg/detail/armors__functions.h
[5.175s] -- Installing: /home/ghlins/new_tracker/install/auto_aim_interfaces/include/auto_aim_interfaces/auto_aim_interfaces/msg/detail/debug_light__functions.h
[5.175s] -- Installing: /home/ghlins/new_tracker/install/auto_aim_interfaces/include/auto_aim_interfaces/auto_aim_interfaces/msg/detail/debug_armor__type_support.h
[5.175s] -- Installing: /home/ghlins/new_tracker/install/auto_aim_interfaces/include/auto_aim_interfaces/auto_aim_interfaces/msg/detail/debug_armors__type_support.h
[5.175s] -- Installing: /home/ghlins/new_tracker/install/auto_aim_interfaces/include/auto_aim_interfaces/auto_aim_interfaces/msg/detail/debug_light__functions.c
[5.175s] -- Installing: /home/ghlins/new_tracker/install/auto_aim_interfaces/include/auto_aim_interfaces/auto_aim_interfaces/msg/debug_armors.h
[5.175s] -- Installing: /home/ghlins/new_tracker/install/auto_aim_interfaces/include/auto_aim_interfaces/auto_aim_interfaces/msg/debug_armor.h
[5.175s] -- Installing: /home/ghlins/new_tracker/install/auto_aim_interfaces/include/auto_aim_interfaces/auto_aim_interfaces/msg/target.h
[5.175s] -- Installing: /home/ghlins/new_tracker/install/auto_aim_interfaces/include/auto_aim_interfaces/auto_aim_interfaces/msg/debug_light.h
[5.175s] -- Installing: /home/ghlins/new_tracker/install/auto_aim_interfaces/include/auto_aim_interfaces/auto_aim_interfaces/msg/tracker_info.h
[5.175s] -- Installing: /home/ghlins/new_tracker/install/auto_aim_interfaces/include/auto_aim_interfaces/auto_aim_interfaces/msg/rosidl_generator_c__visibility_control.h
[5.175s] -- Installing: /home/ghlins/new_tracker/install/auto_aim_interfaces/include/auto_aim_interfaces/auto_aim_interfaces/msg/armors.h
[5.175s] -- Up-to-date: /home/ghlins/new_tracker/install/auto_aim_interfaces/share/auto_aim_interfaces/environment/library_path.sh
[5.176s] -- Installing: /home/ghlins/new_tracker/install/auto_aim_interfaces/share/auto_aim_interfaces/environment/library_path.dsv
[5.176s] -- Installing: /home/ghlins/new_tracker/install/auto_aim_interfaces/lib/libauto_aim_interfaces__rosidl_generator_c.so
[5.176s] -- Set runtime path of "/home/ghlins/new_tracker/install/auto_aim_interfaces/lib/libauto_aim_interfaces__rosidl_generator_c.so" to ""
[5.176s] -- Up-to-date: /home/ghlins/new_tracker/install/auto_aim_interfaces/include/auto_aim_interfaces/auto_aim_interfaces
[5.176s] -- Up-to-date: /home/ghlins/new_tracker/install/auto_aim_interfaces/include/auto_aim_interfaces/auto_aim_interfaces/msg
[5.176s] -- Installing: /home/ghlins/new_tracker/install/auto_aim_interfaces/include/auto_aim_interfaces/auto_aim_interfaces/msg/rosidl_typesupport_fastrtps_c__visibility_control.h
[5.176s] -- Up-to-date: /home/ghlins/new_tracker/install/auto_aim_interfaces/include/auto_aim_interfaces/auto_aim_interfaces/msg/detail
[5.176s] -- Installing: /home/ghlins/new_tracker/install/auto_aim_interfaces/include/auto_aim_interfaces/auto_aim_interfaces/msg/detail/debug_armors__rosidl_typesupport_fastrtps_c.h
[5.176s] -- Installing: /home/ghlins/new_tracker/install/auto_aim_interfaces/include/auto_aim_interfaces/auto_aim_interfaces/msg/detail/armor__rosidl_typesupport_fastrtps_c.h
[5.176s] -- Installing: /home/ghlins/new_tracker/install/auto_aim_interfaces/include/auto_aim_interfaces/auto_aim_interfaces/msg/detail/debug_light__rosidl_typesupport_fastrtps_c.h
[5.177s] -- Installing: /home/ghlins/new_tracker/install/auto_aim_interfaces/include/auto_aim_interfaces/auto_aim_interfaces/msg/detail/debug_lights__rosidl_typesupport_fastrtps_c.h
[5.177s] -- Installing: /home/ghlins/new_tracker/install/auto_aim_interfaces/include/auto_aim_interfaces/auto_aim_interfaces/msg/detail/debug_armor__rosidl_typesupport_fastrtps_c.h
[5.177s] -- Installing: /home/ghlins/new_tracker/install/auto_aim_interfaces/include/auto_aim_interfaces/auto_aim_interfaces/msg/detail/target__rosidl_typesupport_fastrtps_c.h
[5.177s] -- Installing: /home/ghlins/new_tracker/install/auto_aim_interfaces/include/auto_aim_interfaces/auto_aim_interfaces/msg/detail/tracker_info__rosidl_typesupport_fastrtps_c.h
[5.177s] -- Installing: /home/ghlins/new_tracker/install/auto_aim_interfaces/include/auto_aim_interfaces/auto_aim_interfaces/msg/detail/armors__rosidl_typesupport_fastrtps_c.h
[5.177s] -- Installing: /home/ghlins/new_tracker/install/auto_aim_interfaces/lib/libauto_aim_interfaces__rosidl_typesupport_fastrtps_c.so
[5.177s] -- Set runtime path of "/home/ghlins/new_tracker/install/auto_aim_interfaces/lib/libauto_aim_interfaces__rosidl_typesupport_fastrtps_c.so" to ""
[5.177s] -- Up-to-date: /home/ghlins/new_tracker/install/auto_aim_interfaces/include/auto_aim_interfaces/auto_aim_interfaces
[5.177s] -- Up-to-date: /home/ghlins/new_tracker/install/auto_aim_interfaces/include/auto_aim_interfaces/auto_aim_interfaces/msg
[5.177s] -- Installing: /home/ghlins/new_tracker/install/auto_aim_interfaces/include/auto_aim_interfaces/auto_aim_interfaces/msg/rosidl_typesupport_introspection_c__visibility_control.h
[5.177s] -- Up-to-date: /home/ghlins/new_tracker/install/auto_aim_interfaces/include/auto_aim_interfaces/auto_aim_interfaces/msg/detail
[5.178s] -- Installing: /home/ghlins/new_tracker/install/auto_aim_interfaces/include/auto_aim_interfaces/auto_aim_interfaces/msg/detail/tracker_info__type_support.c
[5.178s] -- Installing: /home/ghlins/new_tracker/install/auto_aim_interfaces/include/auto_aim_interfaces/auto_aim_interfaces/msg/detail/tracker_info__rosidl_typesupport_introspection_c.h
[5.178s] -- Installing: /home/ghlins/new_tracker/install/auto_aim_interfaces/include/auto_aim_interfaces/auto_aim_interfaces/msg/detail/target__type_support.c
[5.178s] -- Installing: /home/ghlins/new_tracker/install/auto_aim_interfaces/include/auto_aim_interfaces/auto_aim_interfaces/msg/detail/debug_armor__type_support.c
[5.178s] -- Installing: /home/ghlins/new_tracker/install/auto_aim_interfaces/include/auto_aim_interfaces/auto_aim_interfaces/msg/detail/armor__rosidl_typesupport_introspection_c.h
[5.178s] -- Installing: /home/ghlins/new_tracker/install/auto_aim_interfaces/include/auto_aim_interfaces/auto_aim_interfaces/msg/detail/armors__type_support.c
[5.179s] -- Installing: /home/ghlins/new_tracker/install/auto_aim_interfaces/include/auto_aim_interfaces/auto_aim_interfaces/msg/detail/armors__rosidl_typesupport_introspection_c.h
[5.179s] -- Installing: /home/ghlins/new_tracker/install/auto_aim_interfaces/include/auto_aim_interfaces/auto_aim_interfaces/msg/detail/debug_armors__rosidl_typesupport_introspection_c.h
[5.179s] -- Installing: /home/ghlins/new_tracker/install/auto_aim_interfaces/include/auto_aim_interfaces/auto_aim_interfaces/msg/detail/debug_lights__rosidl_typesupport_introspection_c.h
[5.179s] -- Installing: /home/ghlins/new_tracker/install/auto_aim_interfaces/include/auto_aim_interfaces/auto_aim_interfaces/msg/detail/debug_armors__type_support.c
[5.179s] -- Installing: /home/ghlins/new_tracker/install/auto_aim_interfaces/include/auto_aim_interfaces/auto_aim_interfaces/msg/detail/debug_armor__rosidl_typesupport_introspection_c.h
[5.179s] -- Installing: /home/ghlins/new_tracker/install/auto_aim_interfaces/include/auto_aim_interfaces/auto_aim_interfaces/msg/detail/debug_light__rosidl_typesupport_introspection_c.h
[5.179s] -- Installing: /home/ghlins/new_tracker/install/auto_aim_interfaces/include/auto_aim_interfaces/auto_aim_interfaces/msg/detail/target__rosidl_typesupport_introspection_c.h
[5.179s] -- Installing: /home/ghlins/new_tracker/install/auto_aim_interfaces/include/auto_aim_interfaces/auto_aim_interfaces/msg/detail/armor__type_support.c
[5.179s] -- Installing: /home/ghlins/new_tracker/install/auto_aim_interfaces/include/auto_aim_interfaces/auto_aim_interfaces/msg/detail/debug_light__type_support.c
[5.180s] -- Installing: /home/ghlins/new_tracker/install/auto_aim_interfaces/include/auto_aim_interfaces/auto_aim_interfaces/msg/detail/debug_lights__type_support.c
[5.180s] -- Installing: /home/ghlins/new_tracker/install/auto_aim_interfaces/lib/libauto_aim_interfaces__rosidl_typesupport_introspection_c.so
[5.180s] -- Set runtime path of "/home/ghlins/new_tracker/install/auto_aim_interfaces/lib/libauto_aim_interfaces__rosidl_typesupport_introspection_c.so" to ""
[5.180s] -- Installing: /home/ghlins/new_tracker/install/auto_aim_interfaces/lib/libauto_aim_interfaces__rosidl_typesupport_c.so
[5.180s] -- Set runtime path of "/home/ghlins/new_tracker/install/auto_aim_interfaces/lib/libauto_aim_interfaces__rosidl_typesupport_c.so" to ""
[5.180s] -- Up-to-date: /home/ghlins/new_tracker/install/auto_aim_interfaces/include/auto_aim_interfaces/auto_aim_interfaces
[5.180s] -- Up-to-date: /home/ghlins/new_tracker/install/auto_aim_interfaces/include/auto_aim_interfaces/auto_aim_interfaces/msg
[5.180s] -- Installing: /home/ghlins/new_tracker/install/auto_aim_interfaces/include/auto_aim_interfaces/auto_aim_interfaces/msg/debug_armors.hpp
[5.180s] -- Installing: /home/ghlins/new_tracker/install/auto_aim_interfaces/include/auto_aim_interfaces/auto_aim_interfaces/msg/target.hpp
[5.180s] -- Installing: /home/ghlins/new_tracker/install/auto_aim_interfaces/include/auto_aim_interfaces/auto_aim_interfaces/msg/debug_armor.hpp
[5.180s] -- Installing: /home/ghlins/new_tracker/install/auto_aim_interfaces/include/auto_aim_interfaces/auto_aim_interfaces/msg/debug_light.hpp
[5.180s] -- Up-to-date: /home/ghlins/new_tracker/install/auto_aim_interfaces/include/auto_aim_interfaces/auto_aim_interfaces/msg/detail
[5.181s] -- Installing: /home/ghlins/new_tracker/install/auto_aim_interfaces/include/auto_aim_interfaces/auto_aim_interfaces/msg/detail/armor__struct.hpp
[5.181s] -- Installing: /home/ghlins/new_tracker/install/auto_aim_interfaces/include/auto_aim_interfaces/auto_aim_interfaces/msg/detail/target__struct.hpp
[5.181s] -- Installing: /home/ghlins/new_tracker/install/auto_aim_interfaces/include/auto_aim_interfaces/auto_aim_interfaces/msg/detail/debug_armor__builder.hpp
[5.181s] -- Installing: /home/ghlins/new_tracker/install/auto_aim_interfaces/include/auto_aim_interfaces/auto_aim_interfaces/msg/detail/debug_armors__builder.hpp
[5.181s] -- Installing: /home/ghlins/new_tracker/install/auto_aim_interfaces/include/auto_aim_interfaces/auto_aim_interfaces/msg/detail/tracker_info__traits.hpp
[5.181s] -- Installing: /home/ghlins/new_tracker/install/auto_aim_interfaces/include/auto_aim_interfaces/auto_aim_interfaces/msg/detail/debug_light__builder.hpp
[5.181s] -- Installing: /home/ghlins/new_tracker/install/auto_aim_interfaces/include/auto_aim_interfaces/auto_aim_interfaces/msg/detail/debug_armor__traits.hpp
[5.181s] -- Installing: /home/ghlins/new_tracker/install/auto_aim_interfaces/include/auto_aim_interfaces/auto_aim_interfaces/msg/detail/debug_lights__traits.hpp
[5.181s] -- Installing: /home/ghlins/new_tracker/install/auto_aim_interfaces/include/auto_aim_interfaces/auto_aim_interfaces/msg/detail/debug_light__traits.hpp
[5.181s] -- Installing: /home/ghlins/new_tracker/install/auto_aim_interfaces/include/auto_aim_interfaces/auto_aim_interfaces/msg/detail/debug_armors__struct.hpp
[5.181s] -- Installing: /home/ghlins/new_tracker/install/auto_aim_interfaces/include/auto_aim_interfaces/auto_aim_interfaces/msg/detail/target__builder.hpp
[5.182s] -- Installing: /home/ghlins/new_tracker/install/auto_aim_interfaces/include/auto_aim_interfaces/auto_aim_interfaces/msg/detail/debug_lights__struct.hpp
[5.182s] -- Installing: /home/ghlins/new_tracker/install/auto_aim_interfaces/include/auto_aim_interfaces/auto_aim_interfaces/msg/detail/armors__struct.hpp
[5.182s] -- Installing: /home/ghlins/new_tracker/install/auto_aim_interfaces/include/auto_aim_interfaces/auto_aim_interfaces/msg/detail/debug_light__struct.hpp
[5.182s] -- Installing: /home/ghlins/new_tracker/install/auto_aim_interfaces/include/auto_aim_interfaces/auto_aim_interfaces/msg/detail/debug_lights__builder.hpp
[5.182s] -- Installing: /home/ghlins/new_tracker/install/auto_aim_interfaces/include/auto_aim_interfaces/auto_aim_interfaces/msg/detail/armors__traits.hpp
[5.182s] -- Installing: /home/ghlins/new_tracker/install/auto_aim_interfaces/include/auto_aim_interfaces/auto_aim_interfaces/msg/detail/armor__builder.hpp
[5.182s] -- Installing: /home/ghlins/new_tracker/install/auto_aim_interfaces/include/auto_aim_interfaces/auto_aim_interfaces/msg/detail/debug_armors__traits.hpp
[5.182s] -- Installing: /home/ghlins/new_tracker/install/auto_aim_interfaces/include/auto_aim_interfaces/auto_aim_interfaces/msg/detail/target__traits.hpp
[5.182s] -- Installing: /home/ghlins/new_tracker/install/auto_aim_interfaces/include/auto_aim_interfaces/auto_aim_interfaces/msg/detail/armor__traits.hpp
[5.182s] -- Installing: /home/ghlins/new_tracker/install/auto_aim_interfaces/include/auto_aim_interfaces/auto_aim_interfaces/msg/detail/armors__builder.hpp
[5.182s] -- Installing: /home/ghlins/new_tracker/install/auto_aim_interfaces/include/auto_aim_interfaces/auto_aim_interfaces/msg/detail/debug_armor__struct.hpp
[5.183s] -- Installing: /home/ghlins/new_tracker/install/auto_aim_interfaces/include/auto_aim_interfaces/auto_aim_interfaces/msg/detail/tracker_info__builder.hpp
[5.183s] -- Installing: /home/ghlins/new_tracker/install/auto_aim_interfaces/include/auto_aim_interfaces/auto_aim_interfaces/msg/detail/tracker_info__struct.hpp
[5.183s] -- Installing: /home/ghlins/new_tracker/install/auto_aim_interfaces/include/auto_aim_interfaces/auto_aim_interfaces/msg/armors.hpp
[5.183s] -- Installing: /home/ghlins/new_tracker/install/auto_aim_interfaces/include/auto_aim_interfaces/auto_aim_interfaces/msg/tracker_info.hpp
[5.183s] -- Installing: /home/ghlins/new_tracker/install/auto_aim_interfaces/include/auto_aim_interfaces/auto_aim_interfaces/msg/debug_lights.hpp
[5.183s] -- Installing: /home/ghlins/new_tracker/install/auto_aim_interfaces/include/auto_aim_interfaces/auto_aim_interfaces/msg/armor.hpp
[5.183s] -- Up-to-date: /home/ghlins/new_tracker/install/auto_aim_interfaces/include/auto_aim_interfaces/auto_aim_interfaces
[5.183s] -- Up-to-date: /home/ghlins/new_tracker/install/auto_aim_interfaces/include/auto_aim_interfaces/auto_aim_interfaces/msg
[5.184s] -- Installing: /home/ghlins/new_tracker/install/auto_aim_interfaces/include/auto_aim_interfaces/auto_aim_interfaces/msg/rosidl_typesupport_fastrtps_cpp__visibility_control.h
[5.184s] -- Up-to-date: /home/ghlins/new_tracker/install/auto_aim_interfaces/include/auto_aim_interfaces/auto_aim_interfaces/msg/detail
[5.184s] -- Installing: /home/ghlins/new_tracker/install/auto_aim_interfaces/include/auto_aim_interfaces/auto_aim_interfaces/msg/detail/target__rosidl_typesupport_fastrtps_cpp.hpp
[5.184s] -- Installing: /home/ghlins/new_tracker/install/auto_aim_interfaces/include/auto_aim_interfaces/auto_aim_interfaces/msg/detail/armors__rosidl_typesupport_fastrtps_cpp.hpp
[5.184s] -- Installing: /home/ghlins/new_tracker/install/auto_aim_interfaces/include/auto_aim_interfaces/auto_aim_interfaces/msg/detail/debug_armors__rosidl_typesupport_fastrtps_cpp.hpp
[5.184s] -- Installing: /home/ghlins/new_tracker/install/auto_aim_interfaces/include/auto_aim_interfaces/auto_aim_interfaces/msg/detail/tracker_info__rosidl_typesupport_fastrtps_cpp.hpp
[5.184s] -- Installing: /home/ghlins/new_tracker/install/auto_aim_interfaces/include/auto_aim_interfaces/auto_aim_interfaces/msg/detail/armor__rosidl_typesupport_fastrtps_cpp.hpp
[5.185s] -- Installing: /home/ghlins/new_tracker/install/auto_aim_interfaces/include/auto_aim_interfaces/auto_aim_interfaces/msg/detail/debug_armor__rosidl_typesupport_fastrtps_cpp.hpp
[5.185s] -- Up-to-date: /home/ghlins/new_tracker/install/auto_aim_interfaces/include/auto_aim_interfaces/auto_aim_interfaces/msg/detail/dds_fastrtps
[5.185s] -- Installing: /home/ghlins/new_tracker/install/auto_aim_interfaces/include/auto_aim_interfaces/auto_aim_interfaces/msg/detail/debug_light__rosidl_typesupport_fastrtps_cpp.hpp
[5.185s] -- Installing: /home/ghlins/new_tracker/install/auto_aim_interfaces/include/auto_aim_interfaces/auto_aim_interfaces/msg/detail/debug_lights__rosidl_typesupport_fastrtps_cpp.hpp
[5.185s] -- Installing: /home/ghlins/new_tracker/install/auto_aim_interfaces/lib/libauto_aim_interfaces__rosidl_typesupport_fastrtps_cpp.so
[5.185s] -- Set runtime path of "/home/ghlins/new_tracker/install/auto_aim_interfaces/lib/libauto_aim_interfaces__rosidl_typesupport_fastrtps_cpp.so" to ""
[5.185s] -- Up-to-date: /home/ghlins/new_tracker/install/auto_aim_interfaces/include/auto_aim_interfaces/auto_aim_interfaces
[5.185s] -- Up-to-date: /home/ghlins/new_tracker/install/auto_aim_interfaces/include/auto_aim_interfaces/auto_aim_interfaces/msg
[5.185s] -- Up-to-date: /home/ghlins/new_tracker/install/auto_aim_interfaces/include/auto_aim_interfaces/auto_aim_interfaces/msg/detail
[5.185s] -- Installing: /home/ghlins/new_tracker/install/auto_aim_interfaces/include/auto_aim_interfaces/auto_aim_interfaces/msg/detail/debug_armor__type_support.cpp
[5.186s] -- Installing: /home/ghlins/new_tracker/install/auto_aim_interfaces/include/auto_aim_interfaces/auto_aim_interfaces/msg/detail/armor__rosidl_typesupport_introspection_cpp.hpp
[5.186s] -- Installing: /home/ghlins/new_tracker/install/auto_aim_interfaces/include/auto_aim_interfaces/auto_aim_interfaces/msg/detail/debug_armor__rosidl_typesupport_introspection_cpp.hpp
[5.186s] -- Installing: /home/ghlins/new_tracker/install/auto_aim_interfaces/include/auto_aim_interfaces/auto_aim_interfaces/msg/detail/debug_armors__rosidl_typesupport_introspection_cpp.hpp
[5.186s] -- Installing: /home/ghlins/new_tracker/install/auto_aim_interfaces/include/auto_aim_interfaces/auto_aim_interfaces/msg/detail/debug_light__type_support.cpp
[5.186s] -- Installing: /home/ghlins/new_tracker/install/auto_aim_interfaces/include/auto_aim_interfaces/auto_aim_interfaces/msg/detail/debug_light__rosidl_typesupport_introspection_cpp.hpp
[5.186s] -- Installing: /home/ghlins/new_tracker/install/auto_aim_interfaces/include/auto_aim_interfaces/auto_aim_interfaces/msg/detail/debug_armors__type_support.cpp
[5.186s] -- Installing: /home/ghlins/new_tracker/install/auto_aim_interfaces/include/auto_aim_interfaces/auto_aim_interfaces/msg/detail/target__type_support.cpp
[5.186s] -- Installing: /home/ghlins/new_tracker/install/auto_aim_interfaces/include/auto_aim_interfaces/auto_aim_interfaces/msg/detail/debug_lights__rosidl_typesupport_introspection_cpp.hpp
[5.186s] -- Installing: /home/ghlins/new_tracker/install/auto_aim_interfaces/include/auto_aim_interfaces/auto_aim_interfaces/msg/detail/tracker_info__rosidl_typesupport_introspection_cpp.hpp
[5.186s] -- Installing: /home/ghlins/new_tracker/install/auto_aim_interfaces/include/auto_aim_interfaces/auto_aim_interfaces/msg/detail/debug_lights__type_support.cpp
[5.186s] -- Installing: /home/ghlins/new_tracker/install/auto_aim_interfaces/include/auto_aim_interfaces/auto_aim_interfaces/msg/detail/tracker_info__type_support.cpp
[5.186s] -- Installing: /home/ghlins/new_tracker/install/auto_aim_interfaces/include/auto_aim_interfaces/auto_aim_interfaces/msg/detail/armor__type_support.cpp
[5.186s] -- Installing: /home/ghlins/new_tracker/install/auto_aim_interfaces/include/auto_aim_interfaces/auto_aim_interfaces/msg/detail/armors__rosidl_typesupport_introspection_cpp.hpp
[5.186s] -- Installing: /home/ghlins/new_tracker/install/auto_aim_interfaces/include/auto_aim_interfaces/auto_aim_interfaces/msg/detail/target__rosidl_typesupport_introspection_cpp.hpp
[5.186s] -- Installing: /home/ghlins/new_tracker/install/auto_aim_interfaces/include/auto_aim_interfaces/auto_aim_interfaces/msg/detail/armors__type_support.cpp
[5.186s] -- Installing: /home/ghlins/new_tracker/install/auto_aim_interfaces/lib/libauto_aim_interfaces__rosidl_typesupport_introspection_cpp.so
[5.186s] -- Set runtime path of "/home/ghlins/new_tracker/install/auto_aim_interfaces/lib/libauto_aim_interfaces__rosidl_typesupport_introspection_cpp.so" to ""
[5.186s] -- Installing: /home/ghlins/new_tracker/install/auto_aim_interfaces/lib/libauto_aim_interfaces__rosidl_typesupport_cpp.so
[5.186s] -- Set runtime path of "/home/ghlins/new_tracker/install/auto_aim_interfaces/lib/libauto_aim_interfaces__rosidl_typesupport_cpp.so" to ""
[5.186s] -- Installing: /home/ghlins/new_tracker/install/auto_aim_interfaces/share/auto_aim_interfaces/environment/pythonpath.sh
[5.186s] -- Installing: /home/ghlins/new_tracker/install/auto_aim_interfaces/share/auto_aim_interfaces/environment/pythonpath.dsv
[5.186s] -- Up-to-date: /home/ghlins/new_tracker/install/auto_aim_interfaces/local/lib/python3.10/dist-packages/auto_aim_interfaces-0.0.0-py3.10.egg-info
[5.186s] -- Installing: /home/ghlins/new_tracker/install/auto_aim_interfaces/local/lib/python3.10/dist-packages/auto_aim_interfaces-0.0.0-py3.10.egg-info/top_level.txt
[5.186s] -- Installing: /home/ghlins/new_tracker/install/auto_aim_interfaces/local/lib/python3.10/dist-packages/auto_aim_interfaces-0.0.0-py3.10.egg-info/PKG-INFO
[5.186s] -- Installing: /home/ghlins/new_tracker/install/auto_aim_interfaces/local/lib/python3.10/dist-packages/auto_aim_interfaces-0.0.0-py3.10.egg-info/SOURCES.txt
[5.186s] -- Installing: /home/ghlins/new_tracker/install/auto_aim_interfaces/local/lib/python3.10/dist-packages/auto_aim_interfaces-0.0.0-py3.10.egg-info/dependency_links.txt
[5.186s] -- Up-to-date: /home/ghlins/new_tracker/install/auto_aim_interfaces/local/lib/python3.10/dist-packages/auto_aim_interfaces
[5.186s] -- Installing: /home/ghlins/new_tracker/install/auto_aim_interfaces/local/lib/python3.10/dist-packages/auto_aim_interfaces/auto_aim_interfaces_s__rosidl_typesupport_fastrtps_c.cpython-310-x86_64-linux-gnu.so
[5.186s] -- Installing: /home/ghlins/new_tracker/install/auto_aim_interfaces/local/lib/python3.10/dist-packages/auto_aim_interfaces/auto_aim_interfaces_s__rosidl_typesupport_c.cpython-310-x86_64-linux-gnu.so
[5.186s] -- Installing: /home/ghlins/new_tracker/install/auto_aim_interfaces/local/lib/python3.10/dist-packages/auto_aim_interfaces/libauto_aim_interfaces__rosidl_generator_py.so
[5.186s] -- Installing: /home/ghlins/new_tracker/install/auto_aim_interfaces/local/lib/python3.10/dist-packages/auto_aim_interfaces/_auto_aim_interfaces_s.ep.rosidl_typesupport_c.c
[5.186s] -- Installing: /home/ghlins/new_tracker/install/auto_aim_interfaces/local/lib/python3.10/dist-packages/auto_aim_interfaces/_auto_aim_interfaces_s.ep.rosidl_typesupport_introspection_c.c
[5.186s] -- Installing: /home/ghlins/new_tracker/install/auto_aim_interfaces/local/lib/python3.10/dist-packages/auto_aim_interfaces/__init__.py
[5.186s] -- Up-to-date: /home/ghlins/new_tracker/install/auto_aim_interfaces/local/lib/python3.10/dist-packages/auto_aim_interfaces/msg
[5.187s] -- Installing: /home/ghlins/new_tracker/install/auto_aim_interfaces/local/lib/python3.10/dist-packages/auto_aim_interfaces/msg/_target_s.c
[5.187s] -- Installing: /home/ghlins/new_tracker/install/auto_aim_interfaces/local/lib/python3.10/dist-packages/auto_aim_interfaces/msg/_armor_s.c
[5.187s] -- Installing: /home/ghlins/new_tracker/install/auto_aim_interfaces/local/lib/python3.10/dist-packages/auto_aim_interfaces/msg/_debug_light_s.c
[5.187s] -- Installing: /home/ghlins/new_tracker/install/auto_aim_interfaces/local/lib/python3.10/dist-packages/auto_aim_interfaces/msg/_armor.py
[5.187s] -- Installing: /home/ghlins/new_tracker/install/auto_aim_interfaces/local/lib/python3.10/dist-packages/auto_aim_interfaces/msg/_debug_armor.py
[5.187s] -- Installing: /home/ghlins/new_tracker/install/auto_aim_interfaces/local/lib/python3.10/dist-packages/auto_aim_interfaces/msg/_debug_armors.py
[5.187s] -- Installing: /home/ghlins/new_tracker/install/auto_aim_interfaces/local/lib/python3.10/dist-packages/auto_aim_interfaces/msg/_debug_armors_s.c
[5.187s] -- Installing: /home/ghlins/new_tracker/install/auto_aim_interfaces/local/lib/python3.10/dist-packages/auto_aim_interfaces/msg/_armors_s.c
[5.187s] -- Installing: /home/ghlins/new_tracker/install/auto_aim_interfaces/local/lib/python3.10/dist-packages/auto_aim_interfaces/msg/_target.py
[5.187s] -- Installing: /home/ghlins/new_tracker/install/auto_aim_interfaces/local/lib/python3.10/dist-packages/auto_aim_interfaces/msg/__init__.py
[5.187s] -- Installing: /home/ghlins/new_tracker/install/auto_aim_interfaces/local/lib/python3.10/dist-packages/auto_aim_interfaces/msg/_tracker_info.py
[5.187s] -- Installing: /home/ghlins/new_tracker/install/auto_aim_interfaces/local/lib/python3.10/dist-packages/auto_aim_interfaces/msg/_debug_armor_s.c
[5.187s] -- Installing: /home/ghlins/new_tracker/install/auto_aim_interfaces/local/lib/python3.10/dist-packages/auto_aim_interfaces/msg/_tracker_info_s.c
[5.187s] -- Installing: /home/ghlins/new_tracker/install/auto_aim_interfaces/local/lib/python3.10/dist-packages/auto_aim_interfaces/msg/_debug_light.py
[5.187s] -- Installing: /home/ghlins/new_tracker/install/auto_aim_interfaces/local/lib/python3.10/dist-packages/auto_aim_interfaces/msg/_armors.py
[5.187s] -- Installing: /home/ghlins/new_tracker/install/auto_aim_interfaces/local/lib/python3.10/dist-packages/auto_aim_interfaces/msg/_debug_lights.py
[5.187s] -- Installing: /home/ghlins/new_tracker/install/auto_aim_interfaces/local/lib/python3.10/dist-packages/auto_aim_interfaces/msg/_debug_lights_s.c
[5.187s] -- Installing: /home/ghlins/new_tracker/install/auto_aim_interfaces/local/lib/python3.10/dist-packages/auto_aim_interfaces/_auto_aim_interfaces_s.ep.rosidl_typesupport_fastrtps_c.c
[5.187s] -- Installing: /home/ghlins/new_tracker/install/auto_aim_interfaces/local/lib/python3.10/dist-packages/auto_aim_interfaces/auto_aim_interfaces_s__rosidl_typesupport_introspection_c.cpython-310-x86_64-linux-gnu.so
[5.212s] Listing '/home/ghlins/new_tracker/install/auto_aim_interfaces/local/lib/python3.10/dist-packages/auto_aim_interfaces'...
[5.212s] Compiling '/home/ghlins/new_tracker/install/auto_aim_interfaces/local/lib/python3.10/dist-packages/auto_aim_interfaces/__init__.py'...
[5.212s] Listing '/home/ghlins/new_tracker/install/auto_aim_interfaces/local/lib/python3.10/dist-packages/auto_aim_interfaces/msg'...
[5.212s] Compiling '/home/ghlins/new_tracker/install/auto_aim_interfaces/local/lib/python3.10/dist-packages/auto_aim_interfaces/msg/__init__.py'...
[5.212s] Compiling '/home/ghlins/new_tracker/install/auto_aim_interfaces/local/lib/python3.10/dist-packages/auto_aim_interfaces/msg/_armor.py'...
[5.212s] Compiling '/home/ghlins/new_tracker/install/auto_aim_interfaces/local/lib/python3.10/dist-packages/auto_aim_interfaces/msg/_armors.py'...
[5.212s] Compiling '/home/ghlins/new_tracker/install/auto_aim_interfaces/local/lib/python3.10/dist-packages/auto_aim_interfaces/msg/_debug_armor.py'...
[5.212s] Compiling '/home/ghlins/new_tracker/install/auto_aim_interfaces/local/lib/python3.10/dist-packages/auto_aim_interfaces/msg/_debug_armors.py'...
[5.212s] Compiling '/home/ghlins/new_tracker/install/auto_aim_interfaces/local/lib/python3.10/dist-packages/auto_aim_interfaces/msg/_debug_light.py'...
[5.212s] Compiling '/home/ghlins/new_tracker/install/auto_aim_interfaces/local/lib/python3.10/dist-packages/auto_aim_interfaces/msg/_debug_lights.py'...
[5.212s] Compiling '/home/ghlins/new_tracker/install/auto_aim_interfaces/local/lib/python3.10/dist-packages/auto_aim_interfaces/msg/_target.py'...
[5.212s] Compiling '/home/ghlins/new_tracker/install/auto_aim_interfaces/local/lib/python3.10/dist-packages/auto_aim_interfaces/msg/_tracker_info.py'...
[5.216s] -- Installing: /home/ghlins/new_tracker/install/auto_aim_interfaces/local/lib/python3.10/dist-packages/auto_aim_interfaces/auto_aim_interfaces_s__rosidl_typesupport_fastrtps_c.cpython-310-x86_64-linux-gnu.so
[5.216s] -- Set runtime path of "/home/ghlins/new_tracker/install/auto_aim_interfaces/local/lib/python3.10/dist-packages/auto_aim_interfaces/auto_aim_interfaces_s__rosidl_typesupport_fastrtps_c.cpython-310-x86_64-linux-gnu.so" to ""
[5.216s] -- Installing: /home/ghlins/new_tracker/install/auto_aim_interfaces/local/lib/python3.10/dist-packages/auto_aim_interfaces/auto_aim_interfaces_s__rosidl_typesupport_introspection_c.cpython-310-x86_64-linux-gnu.so
[5.216s] -- Set runtime path of "/home/ghlins/new_tracker/install/auto_aim_interfaces/local/lib/python3.10/dist-packages/auto_aim_interfaces/auto_aim_interfaces_s__rosidl_typesupport_introspection_c.cpython-310-x86_64-linux-gnu.so" to ""
[5.216s] -- Installing: /home/ghlins/new_tracker/install/auto_aim_interfaces/local/lib/python3.10/dist-packages/auto_aim_interfaces/auto_aim_interfaces_s__rosidl_typesupport_c.cpython-310-x86_64-linux-gnu.so
[5.216s] -- Set runtime path of "/home/ghlins/new_tracker/install/auto_aim_interfaces/local/lib/python3.10/dist-packages/auto_aim_interfaces/auto_aim_interfaces_s__rosidl_typesupport_c.cpython-310-x86_64-linux-gnu.so" to ""
[5.216s] -- Installing: /home/ghlins/new_tracker/install/auto_aim_interfaces/lib/libauto_aim_interfaces__rosidl_generator_py.so
[5.217s] -- Set runtime path of "/home/ghlins/new_tracker/install/auto_aim_interfaces/lib/libauto_aim_interfaces__rosidl_generator_py.so" to ""
[5.217s] -- Installing: /home/ghlins/new_tracker/install/auto_aim_interfaces/share/auto_aim_interfaces/msg/Armor.idl
[5.217s] -- Installing: /home/ghlins/new_tracker/install/auto_aim_interfaces/share/auto_aim_interfaces/msg/Armors.idl
[5.217s] -- Installing: /home/ghlins/new_tracker/install/auto_aim_interfaces/share/auto_aim_interfaces/msg/Target.idl
[5.217s] -- Installing: /home/ghlins/new_tracker/install/auto_aim_interfaces/share/auto_aim_interfaces/msg/DebugLight.idl
[5.217s] -- Installing: /home/ghlins/new_tracker/install/auto_aim_interfaces/share/auto_aim_interfaces/msg/DebugLights.idl
[5.217s] -- Installing: /home/ghlins/new_tracker/install/auto_aim_interfaces/share/auto_aim_interfaces/msg/DebugArmor.idl
[5.217s] -- Installing: /home/ghlins/new_tracker/install/auto_aim_interfaces/share/auto_aim_interfaces/msg/DebugArmors.idl
[5.217s] -- Installing: /home/ghlins/new_tracker/install/auto_aim_interfaces/share/auto_aim_interfaces/msg/TrackerInfo.idl
[5.218s] -- Up-to-date: /home/ghlins/new_tracker/install/auto_aim_interfaces/share/auto_aim_interfaces/msg/Armor.msg
[5.218s] -- Up-to-date: /home/ghlins/new_tracker/install/auto_aim_interfaces/share/auto_aim_interfaces/msg/Armors.msg
[5.218s] -- Up-to-date: /home/ghlins/new_tracker/install/auto_aim_interfaces/share/auto_aim_interfaces/msg/Target.msg
[5.218s] -- Up-to-date: /home/ghlins/new_tracker/install/auto_aim_interfaces/share/auto_aim_interfaces/msg/DebugLight.msg
[5.218s] -- Up-to-date: /home/ghlins/new_tracker/install/auto_aim_interfaces/share/auto_aim_interfaces/msg/DebugLights.msg
[5.218s] -- Up-to-date: /home/ghlins/new_tracker/install/auto_aim_interfaces/share/auto_aim_interfaces/msg/DebugArmor.msg
[5.218s] -- Up-to-date: /home/ghlins/new_tracker/install/auto_aim_interfaces/share/auto_aim_interfaces/msg/DebugArmors.msg
[5.218s] -- Up-to-date: /home/ghlins/new_tracker/install/auto_aim_interfaces/share/auto_aim_interfaces/msg/TrackerInfo.msg
[5.218s] -- Installing: /home/ghlins/new_tracker/install/auto_aim_interfaces/share/ament_index/resource_index/package_run_dependencies/auto_aim_interfaces
[5.218s] -- Installing: /home/ghlins/new_tracker/install/auto_aim_interfaces/share/ament_index/resource_index/parent_prefix_path/auto_aim_interfaces
[5.219s] -- Up-to-date: /home/ghlins/new_tracker/install/auto_aim_interfaces/share/auto_aim_interfaces/environment/ament_prefix_path.sh
[5.219s] -- Installing: /home/ghlins/new_tracker/install/auto_aim_interfaces/share/auto_aim_interfaces/environment/ament_prefix_path.dsv
[5.219s] -- Up-to-date: /home/ghlins/new_tracker/install/auto_aim_interfaces/share/auto_aim_interfaces/environment/path.sh
[5.219s] -- Installing: /home/ghlins/new_tracker/install/auto_aim_interfaces/share/auto_aim_interfaces/environment/path.dsv
[5.219s] -- Installing: /home/ghlins/new_tracker/install/auto_aim_interfaces/share/auto_aim_interfaces/local_setup.bash
[5.219s] -- Installing: /home/ghlins/new_tracker/install/auto_aim_interfaces/share/auto_aim_interfaces/local_setup.sh
[5.219s] -- Installing: /home/ghlins/new_tracker/install/auto_aim_interfaces/share/auto_aim_interfaces/local_setup.zsh
[5.219s] -- Installing: /home/ghlins/new_tracker/install/auto_aim_interfaces/share/auto_aim_interfaces/local_setup.dsv
[5.219s] -- Installing: /home/ghlins/new_tracker/install/auto_aim_interfaces/share/auto_aim_interfaces/package.dsv
[5.219s] -- Installing: /home/ghlins/new_tracker/install/auto_aim_interfaces/share/ament_index/resource_index/packages/auto_aim_interfaces
[5.219s] -- Installing: /home/ghlins/new_tracker/install/auto_aim_interfaces/share/auto_aim_interfaces/cmake/export_auto_aim_interfaces__rosidl_generator_cExport.cmake
[5.219s] -- Installing: /home/ghlins/new_tracker/install/auto_aim_interfaces/share/auto_aim_interfaces/cmake/export_auto_aim_interfaces__rosidl_generator_cExport-noconfig.cmake
[5.219s] -- Installing: /home/ghlins/new_tracker/install/auto_aim_interfaces/share/auto_aim_interfaces/cmake/export_auto_aim_interfaces__rosidl_typesupport_fastrtps_cExport.cmake
[5.219s] -- Installing: /home/ghlins/new_tracker/install/auto_aim_interfaces/share/auto_aim_interfaces/cmake/export_auto_aim_interfaces__rosidl_typesupport_fastrtps_cExport-noconfig.cmake
[5.219s] -- Installing: /home/ghlins/new_tracker/install/auto_aim_interfaces/share/auto_aim_interfaces/cmake/auto_aim_interfaces__rosidl_typesupport_introspection_cExport.cmake
[5.220s] -- Installing: /home/ghlins/new_tracker/install/auto_aim_interfaces/share/auto_aim_interfaces/cmake/auto_aim_interfaces__rosidl_typesupport_introspection_cExport-noconfig.cmake
[5.220s] -- Installing: /home/ghlins/new_tracker/install/auto_aim_interfaces/share/auto_aim_interfaces/cmake/auto_aim_interfaces__rosidl_typesupport_cExport.cmake
[5.220s] -- Installing: /home/ghlins/new_tracker/install/auto_aim_interfaces/share/auto_aim_interfaces/cmake/auto_aim_interfaces__rosidl_typesupport_cExport-noconfig.cmake
[5.220s] -- Installing: /home/ghlins/new_tracker/install/auto_aim_interfaces/share/auto_aim_interfaces/cmake/export_auto_aim_interfaces__rosidl_generator_cppExport.cmake
[5.220s] -- Installing: /home/ghlins/new_tracker/install/auto_aim_interfaces/share/auto_aim_interfaces/cmake/export_auto_aim_interfaces__rosidl_typesupport_fastrtps_cppExport.cmake
[5.220s] -- Installing: /home/ghlins/new_tracker/install/auto_aim_interfaces/share/auto_aim_interfaces/cmake/export_auto_aim_interfaces__rosidl_typesupport_fastrtps_cppExport-noconfig.cmake
[5.220s] -- Installing: /home/ghlins/new_tracker/install/auto_aim_interfaces/share/auto_aim_interfaces/cmake/auto_aim_interfaces__rosidl_typesupport_introspection_cppExport.cmake
[5.220s] -- Installing: /home/ghlins/new_tracker/install/auto_aim_interfaces/share/auto_aim_interfaces/cmake/auto_aim_interfaces__rosidl_typesupport_introspection_cppExport-noconfig.cmake
[5.220s] -- Installing: /home/ghlins/new_tracker/install/auto_aim_interfaces/share/auto_aim_interfaces/cmake/auto_aim_interfaces__rosidl_typesupport_cppExport.cmake
[5.220s] -- Installing: /home/ghlins/new_tracker/install/auto_aim_interfaces/share/auto_aim_interfaces/cmake/auto_aim_interfaces__rosidl_typesupport_cppExport-noconfig.cmake
[5.221s] -- Installing: /home/ghlins/new_tracker/install/auto_aim_interfaces/share/auto_aim_interfaces/cmake/export_auto_aim_interfaces__rosidl_generator_pyExport.cmake
[5.221s] -- Installing: /home/ghlins/new_tracker/install/auto_aim_interfaces/share/auto_aim_interfaces/cmake/export_auto_aim_interfaces__rosidl_generator_pyExport-noconfig.cmake
[5.221s] -- Installing: /home/ghlins/new_tracker/install/auto_aim_interfaces/share/auto_aim_interfaces/cmake/rosidl_cmake-extras.cmake
[5.221s] -- Installing: /home/ghlins/new_tracker/install/auto_aim_interfaces/share/auto_aim_interfaces/cmake/ament_cmake_export_dependencies-extras.cmake
[5.221s] -- Installing: /home/ghlins/new_tracker/install/auto_aim_interfaces/share/auto_aim_interfaces/cmake/ament_cmake_export_include_directories-extras.cmake
[5.221s] -- Installing: /home/ghlins/new_tracker/install/auto_aim_interfaces/share/auto_aim_interfaces/cmake/ament_cmake_export_libraries-extras.cmake
[5.221s] -- Installing: /home/ghlins/new_tracker/install/auto_aim_interfaces/share/auto_aim_interfaces/cmake/ament_cmake_export_targets-extras.cmake
[5.221s] -- Installing: /home/ghlins/new_tracker/install/auto_aim_interfaces/share/auto_aim_interfaces/cmake/rosidl_cmake_export_typesupport_targets-extras.cmake
[5.221s] -- Installing: /home/ghlins/new_tracker/install/auto_aim_interfaces/share/auto_aim_interfaces/cmake/rosidl_cmake_export_typesupport_libraries-extras.cmake
[5.221s] -- Installing: /home/ghlins/new_tracker/install/auto_aim_interfaces/share/auto_aim_interfaces/cmake/auto_aim_interfacesConfig.cmake
[5.221s] -- Installing: /home/ghlins/new_tracker/install/auto_aim_interfaces/share/auto_aim_interfaces/cmake/auto_aim_interfacesConfig-version.cmake
[5.221s] -- Up-to-date: /home/ghlins/new_tracker/install/auto_aim_interfaces/share/auto_aim_interfaces/package.xml
[5.223s] Invoked command in '/home/ghlins/new_tracker/build/auto_aim_interfaces' returned '0': CMAKE_PREFIX_PATH=/opt/ros/humble /usr/bin/cmake --install /home/ghlins/new_tracker/build/auto_aim_interfaces
