[0.082s] Invoking command in '/home/ghlins/new_tracker/build/new_armor_tracker': AMENT_PREFIX_PATH=/home/ghlins/new_tracker/install/auto_aim_interfaces:${AMENT_PREFIX_PATH} CMAKE_PREFIX_PATH=/home/ghlins/new_tracker/install/auto_aim_interfaces:/opt/ros/humble LD_LIBRARY_PATH=/home/ghlins/new_tracker/install/auto_aim_interfaces/lib:${LD_LIBRARY_PATH} PYTHONPATH=/home/ghlins/new_tracker/install/auto_aim_interfaces/local/lib/python3.10/dist-packages:${PYTHONPATH} /usr/bin/cmake /home/ghlins/new_tracker/src/rm_auto_aim/new_tracker -DCMAKE_INSTALL_PREFIX=/home/ghlins/new_tracker/install/new_armor_tracker
[0.185s] -- The C compiler identification is GNU 11.4.0
[0.576s] -- The CXX compiler identification is GNU 11.4.0
[0.842s] -- Detecting C compiler ABI info
[0.952s] -- Detecting C compiler ABI info - done
[0.957s] -- Check for working C compiler: /usr/bin/cc - skipped
[0.957s] -- Detecting C compile features
[0.957s] -- Detecting C compile features - done
[0.959s] -- Detecting CXX compiler ABI info
[1.085s] -- Detecting CXX compiler ABI info - done
[1.090s] -- Check for working CXX compiler: /usr/bin/c++ - skipped
[1.091s] -- Detecting CXX compile features
[1.091s] -- Detecting CXX compile features - done
[1.092s] -- Found ament_cmake_auto: 1.3.5 (/opt/ros/humble/share/ament_cmake_auto/cmake)
[1.226s] -- Found Python3: /usr/bin/python3.10 (found version "3.10.12") found components: Interpreter 
[1.304s] -- Found OpenCV: /usr (found version "4.5.4") 
[1.472s] -- Found rosidl_generator_c: 3.1.4 (/opt/ros/humble/share/rosidl_generator_c/cmake)
[1.475s] -- Found rosidl_adapter: 3.1.4 (/opt/ros/humble/share/rosidl_adapter/cmake)
[1.483s] -- Found rosidl_generator_cpp: 3.1.4 (/opt/ros/humble/share/rosidl_generator_cpp/cmake)
[1.492s] -- Using all available rosidl_typesupport_c: rosidl_typesupport_fastrtps_c;rosidl_typesupport_introspection_c
[1.505s] -- Using all available rosidl_typesupport_cpp: rosidl_typesupport_fastrtps_cpp;rosidl_typesupport_introspection_cpp
[1.555s] -- Found rmw_implementation_cmake: 6.1.1 (/opt/ros/humble/share/rmw_implementation_cmake/cmake)
[1.557s] -- Found rmw_fastrtps_cpp: 6.2.2 (/opt/ros/humble/share/rmw_fastrtps_cpp/cmake)
[2.140s] -- Found OpenSSL: /usr/lib/x86_64-linux-gnu/libcrypto.so (found version "3.0.2")  
[2.838s] -- Found FastRTPS: /opt/ros/humble/include  
[5.069s] -- Using RMW implementation 'rmw_fastrtps_cpp' as default
[5.076s] -- Looking for pthread.h
[5.216s] -- Looking for pthread.h - found
[5.216s] -- Performing Test CMAKE_HAVE_LIBC_PTHREAD
[5.375s] -- Performing Test CMAKE_HAVE_LIBC_PTHREAD - Success
[5.376s] -- Found Threads: TRUE  
[7.259s] -- Found eigen3_cmake_module: 0.1.1 (/opt/ros/humble/share/eigen3_cmake_module/cmake)
[7.260s] -- Found Eigen3: TRUE (found version "3.4.0") 
[7.260s] -- Ensuring Eigen3 include directory is part of orocos-kdl CMake target
[7.500s] -- Found ament_lint_auto: 0.12.6 (/opt/ros/humble/share/ament_lint_auto/cmake)
[7.514s] -- Added test 'cppcheck' to perform static code analysis on C / C++ code
[7.514s] -- Configured cppcheck include dirs: /home/ghlins/new_tracker/src/rm_auto_aim/new_tracker/include
[7.514s] -- Configured cppcheck exclude dirs and/or files: 
[7.515s] -- Added test 'flake8' to check Python code syntax and style conventions
[7.515s] -- Added test 'lint_cmake' to check CMake code style
[7.516s] -- Added test 'pep257' to check Python code against some of the docstring style conventions in PEP 257
[7.516s] -- Added test 'xmllint' to check XML markup files
[7.517s] -- Added test 'clang_format' to check C / C++ code style
[7.519s] -- Configuring done
[7.532s] -- Generating done
[7.533s] -- Build files have been written to: /home/ghlins/new_tracker/build/new_armor_tracker
