[0.012s] Invoking command in '/home/ghlins/new_tracker/build/auto_aim_interfaces': CMAKE_PREFIX_PATH=/opt/ros/humble /usr/bin/cmake /home/ghlins/new_tracker/src/rm_auto_aim/auto_aim_interfaces -DCMAKE_INSTALL_PREFIX=/home/ghlins/new_tracker/install/auto_aim_interfaces
[0.095s] -- The C compiler identification is GNU 11.4.0
[0.408s] -- The CXX compiler identification is GNU 11.4.0
[0.632s] -- Detecting C compiler ABI info
[0.739s] -- Detecting C compiler ABI info - done
[0.746s] -- Check for working C compiler: /usr/bin/cc - skipped
[0.746s] -- Detecting C compile features
[0.746s] -- Detecting C compile features - done
[0.749s] -- Detecting CXX compiler ABI info
[0.860s] -- Detecting CXX compiler ABI info - done
[0.865s] -- Check for working CXX compiler: /usr/bin/c++ - skipped
[0.865s] -- Detecting CXX compile features
[0.865s] -- Detecting CXX compile features - done
[0.867s] -- Found ament_cmake: 1.3.5 (/opt/ros/humble/share/ament_cmake/cmake)
[0.972s] -- Found Python3: /usr/bin/python3.10 (found version "3.10.12") found components: Interpreter 
[1.029s] -- Found rosidl_default_generators: 1.2.0 (/opt/ros/humble/share/rosidl_default_generators/cmake)
[1.031s] -- Using all available rosidl_typesupport_c: rosidl_typesupport_fastrtps_c;rosidl_typesupport_introspection_c
[1.034s] -- Found rosidl_adapter: 3.1.4 (/opt/ros/humble/share/rosidl_adapter/cmake)
[1.121s] -- Using all available rosidl_typesupport_cpp: rosidl_typesupport_fastrtps_cpp;rosidl_typesupport_introspection_cpp
[1.143s] -- Found geometry_msgs: 4.2.3 (/opt/ros/humble/share/geometry_msgs/cmake)
[1.431s] -- Found ament_cmake_ros: 0.10.0 (/opt/ros/humble/share/ament_cmake_ros/cmake)
[1.589s] -- Using all available rosidl_typesupport_c: rosidl_typesupport_fastrtps_c;rosidl_typesupport_introspection_c
[1.801s] -- Using all available rosidl_typesupport_cpp: rosidl_typesupport_fastrtps_cpp;rosidl_typesupport_introspection_cpp
[1.931s] -- Found PythonInterp: /usr/bin/python3 (found suitable version "3.10.12", minimum required is "3.6") 
[1.932s] -- Found python_cmake_module: 0.10.0 (/opt/ros/humble/share/python_cmake_module/cmake)
[2.315s] -- Found PythonLibs: /usr/lib/x86_64-linux-gnu/libpython3.10.so (found suitable version "3.10.12", minimum required is "3.5") 
[2.315s] -- Using PYTHON_EXECUTABLE: /usr/bin/python3
[2.315s] -- Using PYTHON_INCLUDE_DIRS: /usr/include/python3.10
[2.315s] -- Using PYTHON_LIBRARIES: /usr/lib/x86_64-linux-gnu/libpython3.10.so
[2.329s] -- Found PythonExtra: .so  
[2.407s] -- Configuring done
[2.436s] -- Generating done
[2.437s] -- Build files have been written to: /home/ghlins/new_tracker/build/auto_aim_interfaces
[2.446s] Invoked command in '/home/ghlins/new_tracker/build/auto_aim_interfaces' returned '0': CMAKE_PREFIX_PATH=/opt/ros/humble /usr/bin/cmake /home/ghlins/new_tracker/src/rm_auto_aim/auto_aim_interfaces -DCMAKE_INSTALL_PREFIX=/home/ghlins/new_tracker/install/auto_aim_interfaces
[2.447s] Invoking command in '/home/ghlins/new_tracker/build/auto_aim_interfaces': CMAKE_PREFIX_PATH=/opt/ros/humble /usr/bin/cmake --build /home/ghlins/new_tracker/build/auto_aim_interfaces -- -j20 -l20
[2.470s] [  1%] [34m[1mGenerating C code for ROS interfaces[0m
[2.476s] [  2%] [34m[1mGenerating C++ code for ROS interfaces[0m
[2.481s] [  2%] Built target ament_cmake_python_copy_auto_aim_interfaces
[2.623s] running egg_info
[2.623s] creating auto_aim_interfaces.egg-info
[2.624s] writing auto_aim_interfaces.egg-info/PKG-INFO
[2.624s] writing dependency_links to auto_aim_interfaces.egg-info/dependency_links.txt
[2.624s] writing top-level names to auto_aim_interfaces.egg-info/top_level.txt
[2.624s] writing manifest file 'auto_aim_interfaces.egg-info/SOURCES.txt'
[2.626s] reading manifest file 'auto_aim_interfaces.egg-info/SOURCES.txt'
[2.626s] writing manifest file 'auto_aim_interfaces.egg-info/SOURCES.txt'
[2.644s] [  2%] Built target ament_cmake_python_build_auto_aim_interfaces_egg
[2.820s] [  2%] Built target auto_aim_interfaces__cpp
[2.826s] [  4%] [34m[1mGenerating C++ type support for eProsima Fast-RTPS[0m
[2.826s] [  4%] [34m[1mGenerating C++ type support dispatch for ROS interfaces[0m
[2.827s] [  5%] [34m[1mGenerating C++ introspection for ROS interfaces[0m
[2.937s] [  6%] [32mBuilding C object CMakeFiles/auto_aim_interfaces__rosidl_generator_c.dir/rosidl_generator_c/auto_aim_interfaces/msg/detail/armor__functions.c.o[0m
[2.939s] [  8%] [32mBuilding C object CMakeFiles/auto_aim_interfaces__rosidl_generator_c.dir/rosidl_generator_c/auto_aim_interfaces/msg/detail/debug_armors__functions.c.o[0m
[2.939s] [ 10%] [32mBuilding C object CMakeFiles/auto_aim_interfaces__rosidl_generator_c.dir/rosidl_generator_c/auto_aim_interfaces/msg/detail/armors__functions.c.o[0m
[2.940s] [ 10%] [32mBuilding C object CMakeFiles/auto_aim_interfaces__rosidl_generator_c.dir/rosidl_generator_c/auto_aim_interfaces/msg/detail/target__functions.c.o[0m
[2.940s] [ 11%] [32mBuilding C object CMakeFiles/auto_aim_interfaces__rosidl_generator_c.dir/rosidl_generator_c/auto_aim_interfaces/msg/detail/debug_light__functions.c.o[0m
[2.940s] [ 13%] [32mBuilding C object CMakeFiles/auto_aim_interfaces__rosidl_generator_c.dir/rosidl_generator_c/auto_aim_interfaces/msg/detail/debug_armor__functions.c.o[0m
[2.940s] [ 13%] [32mBuilding C object CMakeFiles/auto_aim_interfaces__rosidl_generator_c.dir/rosidl_generator_c/auto_aim_interfaces/msg/detail/debug_lights__functions.c.o[0m
[2.941s] [ 14%] [32mBuilding C object CMakeFiles/auto_aim_interfaces__rosidl_generator_c.dir/rosidl_generator_c/auto_aim_interfaces/msg/detail/tracker_info__functions.c.o[0m
[2.989s] [ 16%] [32m[1mLinking C shared library libauto_aim_interfaces__rosidl_generator_c.so[0m
[3.098s] [ 18%] [32mBuilding CXX object CMakeFiles/auto_aim_interfaces__rosidl_typesupport_cpp.dir/rosidl_typesupport_cpp/auto_aim_interfaces/msg/debug_light__type_support.cpp.o[0m
[3.098s] [ 17%] [32mBuilding CXX object CMakeFiles/auto_aim_interfaces__rosidl_typesupport_cpp.dir/rosidl_typesupport_cpp/auto_aim_interfaces/msg/armors__type_support.cpp.o[0m
[3.098s] [ 19%] [32mBuilding CXX object CMakeFiles/auto_aim_interfaces__rosidl_typesupport_cpp.dir/rosidl_typesupport_cpp/auto_aim_interfaces/msg/armor__type_support.cpp.o[0m
[3.098s] [ 20%] [32mBuilding CXX object CMakeFiles/auto_aim_interfaces__rosidl_typesupport_cpp.dir/rosidl_typesupport_cpp/auto_aim_interfaces/msg/debug_lights__type_support.cpp.o[0m
[3.099s] [ 21%] [32mBuilding CXX object CMakeFiles/auto_aim_interfaces__rosidl_typesupport_cpp.dir/rosidl_typesupport_cpp/auto_aim_interfaces/msg/debug_armor__type_support.cpp.o[0m
[3.100s] [ 24%] [32mBuilding CXX object CMakeFiles/auto_aim_interfaces__rosidl_typesupport_cpp.dir/rosidl_typesupport_cpp/auto_aim_interfaces/msg/debug_armors__type_support.cpp.o[0m
[3.100s] [ 22%] [32mBuilding CXX object CMakeFiles/auto_aim_interfaces__rosidl_typesupport_cpp.dir/rosidl_typesupport_cpp/auto_aim_interfaces/msg/target__type_support.cpp.o[0m
[3.101s] [ 25%] [32mBuilding CXX object CMakeFiles/auto_aim_interfaces__rosidl_typesupport_cpp.dir/rosidl_typesupport_cpp/auto_aim_interfaces/msg/tracker_info__type_support.cpp.o[0m
[3.135s] [ 25%] Built target auto_aim_interfaces__rosidl_generator_c
[3.145s] [ 28%] [34m[1mGenerating C type support dispatch for ROS interfaces[0m
[3.145s] [ 28%] [34m[1mGenerating C type support for eProsima Fast-RTPS[0m
[3.145s] [ 28%] [34m[1mGenerating C introspection for ROS interfaces[0m
[3.185s] [ 29%] [32mBuilding CXX object CMakeFiles/auto_aim_interfaces__rosidl_typesupport_introspection_cpp.dir/rosidl_typesupport_introspection_cpp/auto_aim_interfaces/msg/detail/armor__type_support.cpp.o[0m
[3.185s] [ 32%] [32mBuilding CXX object CMakeFiles/auto_aim_interfaces__rosidl_typesupport_introspection_cpp.dir/rosidl_typesupport_introspection_cpp/auto_aim_interfaces/msg/detail/debug_light__type_support.cpp.o[0m
[3.186s] [ 32%] [32mBuilding CXX object CMakeFiles/auto_aim_interfaces__rosidl_typesupport_introspection_cpp.dir/rosidl_typesupport_introspection_cpp/auto_aim_interfaces/msg/detail/debug_armor__type_support.cpp.o[0m
[3.186s] [ 33%] [32mBuilding CXX object CMakeFiles/auto_aim_interfaces__rosidl_typesupport_introspection_cpp.dir/rosidl_typesupport_introspection_cpp/auto_aim_interfaces/msg/detail/target__type_support.cpp.o[0m
[3.187s] [ 34%] [32mBuilding CXX object CMakeFiles/auto_aim_interfaces__rosidl_typesupport_introspection_cpp.dir/rosidl_typesupport_introspection_cpp/auto_aim_interfaces/msg/detail/debug_lights__type_support.cpp.o[0m
[3.187s] [ 35%] [32mBuilding CXX object CMakeFiles/auto_aim_interfaces__rosidl_typesupport_introspection_cpp.dir/rosidl_typesupport_introspection_cpp/auto_aim_interfaces/msg/detail/armors__type_support.cpp.o[0m
[3.196s] [ 36%] [32mBuilding CXX object CMakeFiles/auto_aim_interfaces__rosidl_typesupport_introspection_cpp.dir/rosidl_typesupport_introspection_cpp/auto_aim_interfaces/msg/detail/debug_armors__type_support.cpp.o[0m
[3.241s] [ 37%] [32mBuilding CXX object CMakeFiles/auto_aim_interfaces__rosidl_typesupport_introspection_cpp.dir/rosidl_typesupport_introspection_cpp/auto_aim_interfaces/msg/detail/tracker_info__type_support.cpp.o[0m
[3.448s] [ 39%] [32mBuilding CXX object CMakeFiles/auto_aim_interfaces__rosidl_typesupport_fastrtps_cpp.dir/rosidl_typesupport_fastrtps_cpp/auto_aim_interfaces/msg/detail/dds_fastrtps/armor__type_support.cpp.o[0m
[3.450s] [ 40%] [32mBuilding CXX object CMakeFiles/auto_aim_interfaces__rosidl_typesupport_fastrtps_cpp.dir/rosidl_typesupport_fastrtps_cpp/auto_aim_interfaces/msg/detail/dds_fastrtps/armors__type_support.cpp.o[0m
[3.456s] [ 42%] [32mBuilding CXX object CMakeFiles/auto_aim_interfaces__rosidl_typesupport_fastrtps_cpp.dir/rosidl_typesupport_fastrtps_cpp/auto_aim_interfaces/msg/detail/dds_fastrtps/debug_lights__type_support.cpp.o[0m
[3.456s] [ 42%] [32mBuilding CXX object CMakeFiles/auto_aim_interfaces__rosidl_typesupport_fastrtps_cpp.dir/rosidl_typesupport_fastrtps_cpp/auto_aim_interfaces/msg/detail/dds_fastrtps/debug_light__type_support.cpp.o[0m
[3.458s] [ 43%] [32mBuilding CXX object CMakeFiles/auto_aim_interfaces__rosidl_typesupport_fastrtps_cpp.dir/rosidl_typesupport_fastrtps_cpp/auto_aim_interfaces/msg/detail/dds_fastrtps/target__type_support.cpp.o[0m
[3.472s] [ 44%] [32mBuilding CXX object CMakeFiles/auto_aim_interfaces__rosidl_typesupport_fastrtps_cpp.dir/rosidl_typesupport_fastrtps_cpp/auto_aim_interfaces/msg/detail/dds_fastrtps/debug_armors__type_support.cpp.o[0m
[3.490s] [ 45%] [32mBuilding CXX object CMakeFiles/auto_aim_interfaces__rosidl_typesupport_fastrtps_cpp.dir/rosidl_typesupport_fastrtps_cpp/auto_aim_interfaces/msg/detail/dds_fastrtps/debug_armor__type_support.cpp.o[0m
[3.530s] [ 47%] [32mBuilding CXX object CMakeFiles/auto_aim_interfaces__rosidl_typesupport_fastrtps_cpp.dir/rosidl_typesupport_fastrtps_cpp/auto_aim_interfaces/msg/detail/dds_fastrtps/tracker_info__type_support.cpp.o[0m
[3.686s] [ 48%] [32m[1mLinking CXX shared library libauto_aim_interfaces__rosidl_typesupport_cpp.so[0m
[3.742s] [ 49%] [32mBuilding CXX object CMakeFiles/auto_aim_interfaces__rosidl_typesupport_c.dir/rosidl_typesupport_c/auto_aim_interfaces/msg/armor__type_support.cpp.o[0m
[3.744s] [ 50%] [32mBuilding CXX object CMakeFiles/auto_aim_interfaces__rosidl_typesupport_c.dir/rosidl_typesupport_c/auto_aim_interfaces/msg/debug_light__type_support.cpp.o[0m
[3.749s] [ 52%] [32mBuilding CXX object CMakeFiles/auto_aim_interfaces__rosidl_typesupport_c.dir/rosidl_typesupport_c/auto_aim_interfaces/msg/armors__type_support.cpp.o[0m
[3.750s] [ 52%] [32mBuilding CXX object CMakeFiles/auto_aim_interfaces__rosidl_typesupport_c.dir/rosidl_typesupport_c/auto_aim_interfaces/msg/target__type_support.cpp.o[0m
[3.770s] [ 54%] [32mBuilding CXX object CMakeFiles/auto_aim_interfaces__rosidl_typesupport_c.dir/rosidl_typesupport_c/auto_aim_interfaces/msg/debug_lights__type_support.cpp.o[0m
[3.784s] [ 55%] [32mBuilding CXX object CMakeFiles/auto_aim_interfaces__rosidl_typesupport_c.dir/rosidl_typesupport_c/auto_aim_interfaces/msg/debug_armors__type_support.cpp.o[0m
[3.790s] [ 56%] [32mBuilding CXX object CMakeFiles/auto_aim_interfaces__rosidl_typesupport_c.dir/rosidl_typesupport_c/auto_aim_interfaces/msg/debug_armor__type_support.cpp.o[0m
[3.808s] [ 57%] [32mBuilding CXX object CMakeFiles/auto_aim_interfaces__rosidl_typesupport_c.dir/rosidl_typesupport_c/auto_aim_interfaces/msg/tracker_info__type_support.cpp.o[0m
[3.842s] [ 58%] [32m[1mLinking CXX shared library libauto_aim_interfaces__rosidl_typesupport_c.so[0m
[3.903s] [ 59%] [32mBuilding C object CMakeFiles/auto_aim_interfaces__rosidl_typesupport_introspection_c.dir/rosidl_typesupport_introspection_c/auto_aim_interfaces/msg/detail/armors__type_support.c.o[0m
[3.915s] [ 59%] Built target auto_aim_interfaces__rosidl_typesupport_cpp
[3.918s] [ 60%] [32mBuilding C object CMakeFiles/auto_aim_interfaces__rosidl_typesupport_introspection_c.dir/rosidl_typesupport_introspection_c/auto_aim_interfaces/msg/detail/target__type_support.c.o[0m
[3.919s] [ 63%] [32mBuilding C object CMakeFiles/auto_aim_interfaces__rosidl_typesupport_introspection_c.dir/rosidl_typesupport_introspection_c/auto_aim_interfaces/msg/detail/debug_light__type_support.c.o[0m
[3.919s] [ 63%] [32mBuilding C object CMakeFiles/auto_aim_interfaces__rosidl_typesupport_introspection_c.dir/rosidl_typesupport_introspection_c/auto_aim_interfaces/msg/detail/armor__type_support.c.o[0m
[3.921s] [ 64%] [32mBuilding C object CMakeFiles/auto_aim_interfaces__rosidl_typesupport_introspection_c.dir/rosidl_typesupport_introspection_c/auto_aim_interfaces/msg/detail/debug_lights__type_support.c.o[0m
[3.927s] [ 65%] [32mBuilding C object CMakeFiles/auto_aim_interfaces__rosidl_typesupport_introspection_c.dir/rosidl_typesupport_introspection_c/auto_aim_interfaces/msg/detail/debug_armor__type_support.c.o[0m
[3.937s] [ 66%] [32mBuilding C object CMakeFiles/auto_aim_interfaces__rosidl_typesupport_introspection_c.dir/rosidl_typesupport_introspection_c/auto_aim_interfaces/msg/detail/debug_armors__type_support.c.o[0m
[3.943s] [ 67%] [32mBuilding C object CMakeFiles/auto_aim_interfaces__rosidl_typesupport_introspection_c.dir/rosidl_typesupport_introspection_c/auto_aim_interfaces/msg/detail/tracker_info__type_support.c.o[0m
[3.957s] [ 68%] [32mBuilding CXX object CMakeFiles/auto_aim_interfaces__rosidl_typesupport_fastrtps_c.dir/rosidl_typesupport_fastrtps_c/auto_aim_interfaces/msg/detail/armors__type_support_c.cpp.o[0m
[3.958s] [ 70%] [32mBuilding CXX object CMakeFiles/auto_aim_interfaces__rosidl_typesupport_fastrtps_c.dir/rosidl_typesupport_fastrtps_c/auto_aim_interfaces/msg/detail/armor__type_support_c.cpp.o[0m
[3.964s] [ 72%] [32mBuilding CXX object CMakeFiles/auto_aim_interfaces__rosidl_typesupport_fastrtps_c.dir/rosidl_typesupport_fastrtps_c/auto_aim_interfaces/msg/detail/debug_light__type_support_c.cpp.o[0m
[3.965s] [ 72%] [32mBuilding CXX object CMakeFiles/auto_aim_interfaces__rosidl_typesupport_fastrtps_c.dir/rosidl_typesupport_fastrtps_c/auto_aim_interfaces/msg/detail/target__type_support_c.cpp.o[0m
[3.979s] [ 73%] [32mBuilding CXX object CMakeFiles/auto_aim_interfaces__rosidl_typesupport_fastrtps_c.dir/rosidl_typesupport_fastrtps_c/auto_aim_interfaces/msg/detail/debug_lights__type_support_c.cpp.o[0m
[3.984s] [ 75%] [32mBuilding CXX object CMakeFiles/auto_aim_interfaces__rosidl_typesupport_fastrtps_c.dir/rosidl_typesupport_fastrtps_c/auto_aim_interfaces/msg/detail/debug_armor__type_support_c.cpp.o[0m
[3.984s] [ 75%] [32mBuilding CXX object CMakeFiles/auto_aim_interfaces__rosidl_typesupport_fastrtps_c.dir/rosidl_typesupport_fastrtps_c/auto_aim_interfaces/msg/detail/tracker_info__type_support_c.cpp.o[0m
[3.985s] [ 77%] [32m[1mLinking C shared library libauto_aim_interfaces__rosidl_typesupport_introspection_c.so[0m
[3.992s] [ 78%] [32mBuilding CXX object CMakeFiles/auto_aim_interfaces__rosidl_typesupport_fastrtps_c.dir/rosidl_typesupport_fastrtps_c/auto_aim_interfaces/msg/detail/debug_armors__type_support_c.cpp.o[0m
[4.020s] [ 79%] [32m[1mLinking CXX shared library libauto_aim_interfaces__rosidl_typesupport_introspection_cpp.so[0m
[4.092s] [ 79%] Built target auto_aim_interfaces__rosidl_typesupport_c
[4.147s] [ 80%] [32m[1mLinking CXX shared library libauto_aim_interfaces__rosidl_typesupport_fastrtps_cpp.so[0m
[4.187s] [ 80%] Built target auto_aim_interfaces__rosidl_typesupport_introspection_c
[4.250s] [ 80%] Built target auto_aim_interfaces__rosidl_typesupport_introspection_cpp
[4.346s] [ 80%] Built target auto_aim_interfaces__rosidl_typesupport_fastrtps_cpp
[4.389s] [ 81%] [32m[1mLinking CXX shared library libauto_aim_interfaces__rosidl_typesupport_fastrtps_c.so[0m
[4.491s] [ 81%] Built target auto_aim_interfaces__rosidl_typesupport_fastrtps_c
[4.502s] [ 81%] Built target auto_aim_interfaces
[4.515s] [ 82%] [34m[1mGenerating Python code for ROS interfaces[0m
[5.054s] [ 82%] Built target auto_aim_interfaces__py
[5.067s] [ 85%] [32mBuilding C object CMakeFiles/auto_aim_interfaces__rosidl_generator_py.dir/rosidl_generator_py/auto_aim_interfaces/msg/_armors_s.c.o[0m
[5.067s] [ 85%] [32mBuilding C object CMakeFiles/auto_aim_interfaces__rosidl_generator_py.dir/rosidl_generator_py/auto_aim_interfaces/msg/_target_s.c.o[0m
[5.067s] [ 86%] [32mBuilding C object CMakeFiles/auto_aim_interfaces__rosidl_generator_py.dir/rosidl_generator_py/auto_aim_interfaces/msg/_debug_lights_s.c.o[0m
[5.067s] [ 87%] [32mBuilding C object CMakeFiles/auto_aim_interfaces__rosidl_generator_py.dir/rosidl_generator_py/auto_aim_interfaces/msg/_debug_armor_s.c.o[0m
[5.068s] [ 88%] [32mBuilding C object CMakeFiles/auto_aim_interfaces__rosidl_generator_py.dir/rosidl_generator_py/auto_aim_interfaces/msg/_armor_s.c.o[0m
[5.068s] [ 89%] [32mBuilding C object CMakeFiles/auto_aim_interfaces__rosidl_generator_py.dir/rosidl_generator_py/auto_aim_interfaces/msg/_debug_light_s.c.o[0m
[5.069s] [ 90%] [32mBuilding C object CMakeFiles/auto_aim_interfaces__rosidl_generator_py.dir/rosidl_generator_py/auto_aim_interfaces/msg/_debug_armors_s.c.o[0m
[5.069s] [ 91%] [32mBuilding C object CMakeFiles/auto_aim_interfaces__rosidl_generator_py.dir/rosidl_generator_py/auto_aim_interfaces/msg/_tracker_info_s.c.o[0m
[5.164s] [ 93%] [32m[1mLinking C shared library rosidl_generator_py/auto_aim_interfaces/libauto_aim_interfaces__rosidl_generator_py.so[0m
[5.297s] [ 93%] Built target auto_aim_interfaces__rosidl_generator_py
[5.309s] [ 96%] [32mBuilding C object CMakeFiles/auto_aim_interfaces__rosidl_typesupport_fastrtps_c__pyext.dir/rosidl_generator_py/auto_aim_interfaces/_auto_aim_interfaces_s.ep.rosidl_typesupport_fastrtps_c.c.o[0m
[5.309s] [ 96%] [32mBuilding C object CMakeFiles/auto_aim_interfaces__rosidl_typesupport_introspection_c__pyext.dir/rosidl_generator_py/auto_aim_interfaces/_auto_aim_interfaces_s.ep.rosidl_typesupport_introspection_c.c.o[0m
[5.309s] [ 96%] [32mBuilding C object CMakeFiles/auto_aim_interfaces__rosidl_typesupport_c__pyext.dir/rosidl_generator_py/auto_aim_interfaces/_auto_aim_interfaces_s.ep.rosidl_typesupport_c.c.o[0m
[5.379s] [100%] [32m[1mLinking C shared library rosidl_generator_py/auto_aim_interfaces/auto_aim_interfaces_s__rosidl_typesupport_c.cpython-310-x86_64-linux-gnu.so[0m
[5.379s] [100%] [32m[1mLinking C shared library rosidl_generator_py/auto_aim_interfaces/auto_aim_interfaces_s__rosidl_typesupport_fastrtps_c.cpython-310-x86_64-linux-gnu.so[0m
[5.379s] [100%] [32m[1mLinking C shared library rosidl_generator_py/auto_aim_interfaces/auto_aim_interfaces_s__rosidl_typesupport_introspection_c.cpython-310-x86_64-linux-gnu.so[0m
[5.465s] [100%] Built target auto_aim_interfaces__rosidl_typesupport_introspection_c__pyext
[5.465s] [100%] Built target auto_aim_interfaces__rosidl_typesupport_fastrtps_c__pyext
[5.470s] [100%] Built target auto_aim_interfaces__rosidl_typesupport_c__pyext
[5.478s] Invoked command in '/home/ghlins/new_tracker/build/auto_aim_interfaces' returned '0': CMAKE_PREFIX_PATH=/opt/ros/humble /usr/bin/cmake --build /home/ghlins/new_tracker/build/auto_aim_interfaces -- -j20 -l20
[5.573s] Invoking command in '/home/ghlins/new_tracker/build/auto_aim_interfaces': CMAKE_PREFIX_PATH=/opt/ros/humble /usr/bin/cmake --install /home/ghlins/new_tracker/build/auto_aim_interfaces
[5.578s] -- Install configuration: ""
[5.578s] -- Installing: /home/ghlins/new_tracker/install/auto_aim_interfaces/share/ament_index/resource_index/rosidl_interfaces/auto_aim_interfaces
[5.578s] -- Up-to-date: /home/ghlins/new_tracker/install/auto_aim_interfaces/include/auto_aim_interfaces/auto_aim_interfaces
[5.578s] -- Up-to-date: /home/ghlins/new_tracker/install/auto_aim_interfaces/include/auto_aim_interfaces/auto_aim_interfaces/msg
[5.578s] -- Installing: /home/ghlins/new_tracker/install/auto_aim_interfaces/include/auto_aim_interfaces/auto_aim_interfaces/msg/debug_lights.h
[5.578s] -- Installing: /home/ghlins/new_tracker/install/auto_aim_interfaces/include/auto_aim_interfaces/auto_aim_interfaces/msg/debug_armor.h
[5.578s] -- Installing: /home/ghlins/new_tracker/install/auto_aim_interfaces/include/auto_aim_interfaces/auto_aim_interfaces/msg/target.h
[5.579s] -- Installing: /home/ghlins/new_tracker/install/auto_aim_interfaces/include/auto_aim_interfaces/auto_aim_interfaces/msg/debug_armors.h
[5.579s] -- Installing: /home/ghlins/new_tracker/install/auto_aim_interfaces/include/auto_aim_interfaces/auto_aim_interfaces/msg/debug_light.h
[5.579s] -- Installing: /home/ghlins/new_tracker/install/auto_aim_interfaces/include/auto_aim_interfaces/auto_aim_interfaces/msg/armors.h
[5.579s] -- Installing: /home/ghlins/new_tracker/install/auto_aim_interfaces/include/auto_aim_interfaces/auto_aim_interfaces/msg/armor.h
[5.579s] -- Installing: /home/ghlins/new_tracker/install/auto_aim_interfaces/include/auto_aim_interfaces/auto_aim_interfaces/msg/tracker_info.h
[5.579s] -- Installing: /home/ghlins/new_tracker/install/auto_aim_interfaces/include/auto_aim_interfaces/auto_aim_interfaces/msg/rosidl_generator_c__visibility_control.h
[5.579s] -- Up-to-date: /home/ghlins/new_tracker/install/auto_aim_interfaces/include/auto_aim_interfaces/auto_aim_interfaces/msg/detail
[5.579s] -- Installing: /home/ghlins/new_tracker/install/auto_aim_interfaces/include/auto_aim_interfaces/auto_aim_interfaces/msg/detail/debug_armors__functions.h
[5.579s] -- Installing: /home/ghlins/new_tracker/install/auto_aim_interfaces/include/auto_aim_interfaces/auto_aim_interfaces/msg/detail/armor__functions.c
[5.580s] -- Installing: /home/ghlins/new_tracker/install/auto_aim_interfaces/include/auto_aim_interfaces/auto_aim_interfaces/msg/detail/debug_lights__type_support.h
[5.580s] -- Installing: /home/ghlins/new_tracker/install/auto_aim_interfaces/include/auto_aim_interfaces/auto_aim_interfaces/msg/detail/debug_lights__struct.h
[5.580s] -- Installing: /home/ghlins/new_tracker/install/auto_aim_interfaces/include/auto_aim_interfaces/auto_aim_interfaces/msg/detail/target__type_support.h
[5.580s] -- Installing: /home/ghlins/new_tracker/install/auto_aim_interfaces/include/auto_aim_interfaces/auto_aim_interfaces/msg/detail/debug_light__functions.c
[5.580s] -- Installing: /home/ghlins/new_tracker/install/auto_aim_interfaces/include/auto_aim_interfaces/auto_aim_interfaces/msg/detail/debug_light__type_support.h
[5.580s] -- Installing: /home/ghlins/new_tracker/install/auto_aim_interfaces/include/auto_aim_interfaces/auto_aim_interfaces/msg/detail/debug_armors__struct.h
[5.580s] -- Installing: /home/ghlins/new_tracker/install/auto_aim_interfaces/include/auto_aim_interfaces/auto_aim_interfaces/msg/detail/target__functions.c
[5.580s] -- Installing: /home/ghlins/new_tracker/install/auto_aim_interfaces/include/auto_aim_interfaces/auto_aim_interfaces/msg/detail/target__struct.h
[5.580s] -- Installing: /home/ghlins/new_tracker/install/auto_aim_interfaces/include/auto_aim_interfaces/auto_aim_interfaces/msg/detail/debug_armor__functions.h
[5.580s] -- Installing: /home/ghlins/new_tracker/install/auto_aim_interfaces/include/auto_aim_interfaces/auto_aim_interfaces/msg/detail/armors__struct.h
[5.580s] -- Installing: /home/ghlins/new_tracker/install/auto_aim_interfaces/include/auto_aim_interfaces/auto_aim_interfaces/msg/detail/target__functions.h
[5.581s] -- Installing: /home/ghlins/new_tracker/install/auto_aim_interfaces/include/auto_aim_interfaces/auto_aim_interfaces/msg/detail/armor__type_support.h
[5.581s] -- Installing: /home/ghlins/new_tracker/install/auto_aim_interfaces/include/auto_aim_interfaces/auto_aim_interfaces/msg/detail/tracker_info__type_support.h
[5.581s] -- Installing: /home/ghlins/new_tracker/install/auto_aim_interfaces/include/auto_aim_interfaces/auto_aim_interfaces/msg/detail/tracker_info__struct.h
[5.581s] -- Installing: /home/ghlins/new_tracker/install/auto_aim_interfaces/include/auto_aim_interfaces/auto_aim_interfaces/msg/detail/tracker_info__functions.c
[5.581s] -- Installing: /home/ghlins/new_tracker/install/auto_aim_interfaces/include/auto_aim_interfaces/auto_aim_interfaces/msg/detail/armor__struct.h
[5.581s] -- Installing: /home/ghlins/new_tracker/install/auto_aim_interfaces/include/auto_aim_interfaces/auto_aim_interfaces/msg/detail/armors__type_support.h
[5.581s] -- Installing: /home/ghlins/new_tracker/install/auto_aim_interfaces/include/auto_aim_interfaces/auto_aim_interfaces/msg/detail/debug_armor__struct.h
[5.581s] -- Installing: /home/ghlins/new_tracker/install/auto_aim_interfaces/include/auto_aim_interfaces/auto_aim_interfaces/msg/detail/debug_lights__functions.h
[5.581s] -- Installing: /home/ghlins/new_tracker/install/auto_aim_interfaces/include/auto_aim_interfaces/auto_aim_interfaces/msg/detail/armor__functions.h
[5.581s] -- Installing: /home/ghlins/new_tracker/install/auto_aim_interfaces/include/auto_aim_interfaces/auto_aim_interfaces/msg/detail/debug_armors__type_support.h
[5.581s] -- Installing: /home/ghlins/new_tracker/install/auto_aim_interfaces/include/auto_aim_interfaces/auto_aim_interfaces/msg/detail/debug_light__functions.h
[5.581s] -- Installing: /home/ghlins/new_tracker/install/auto_aim_interfaces/include/auto_aim_interfaces/auto_aim_interfaces/msg/detail/debug_armors__functions.c
[5.582s] -- Installing: /home/ghlins/new_tracker/install/auto_aim_interfaces/include/auto_aim_interfaces/auto_aim_interfaces/msg/detail/armors__functions.h
[5.582s] -- Installing: /home/ghlins/new_tracker/install/auto_aim_interfaces/include/auto_aim_interfaces/auto_aim_interfaces/msg/detail/debug_light__struct.h
[5.582s] -- Installing: /home/ghlins/new_tracker/install/auto_aim_interfaces/include/auto_aim_interfaces/auto_aim_interfaces/msg/detail/debug_armor__type_support.h
[5.582s] -- Installing: /home/ghlins/new_tracker/install/auto_aim_interfaces/include/auto_aim_interfaces/auto_aim_interfaces/msg/detail/tracker_info__functions.h
[5.582s] -- Installing: /home/ghlins/new_tracker/install/auto_aim_interfaces/include/auto_aim_interfaces/auto_aim_interfaces/msg/detail/debug_armor__functions.c
[5.582s] -- Installing: /home/ghlins/new_tracker/install/auto_aim_interfaces/include/auto_aim_interfaces/auto_aim_interfaces/msg/detail/debug_lights__functions.c
[5.582s] -- Installing: /home/ghlins/new_tracker/install/auto_aim_interfaces/include/auto_aim_interfaces/auto_aim_interfaces/msg/detail/armors__functions.c
[5.582s] -- Up-to-date: /home/ghlins/new_tracker/install/auto_aim_interfaces/share/auto_aim_interfaces/environment/library_path.sh
[5.582s] -- Installing: /home/ghlins/new_tracker/install/auto_aim_interfaces/share/auto_aim_interfaces/environment/library_path.dsv
[5.582s] -- Installing: /home/ghlins/new_tracker/install/auto_aim_interfaces/lib/libauto_aim_interfaces__rosidl_generator_c.so
[5.582s] -- Set runtime path of "/home/ghlins/new_tracker/install/auto_aim_interfaces/lib/libauto_aim_interfaces__rosidl_generator_c.so" to ""
[5.582s] -- Up-to-date: /home/ghlins/new_tracker/install/auto_aim_interfaces/include/auto_aim_interfaces/auto_aim_interfaces
[5.582s] -- Up-to-date: /home/ghlins/new_tracker/install/auto_aim_interfaces/include/auto_aim_interfaces/auto_aim_interfaces/msg
[5.582s] -- Installing: /home/ghlins/new_tracker/install/auto_aim_interfaces/include/auto_aim_interfaces/auto_aim_interfaces/msg/rosidl_typesupport_fastrtps_c__visibility_control.h
[5.582s] -- Up-to-date: /home/ghlins/new_tracker/install/auto_aim_interfaces/include/auto_aim_interfaces/auto_aim_interfaces/msg/detail
[5.582s] -- Installing: /home/ghlins/new_tracker/install/auto_aim_interfaces/include/auto_aim_interfaces/auto_aim_interfaces/msg/detail/armors__rosidl_typesupport_fastrtps_c.h
[5.583s] -- Installing: /home/ghlins/new_tracker/install/auto_aim_interfaces/include/auto_aim_interfaces/auto_aim_interfaces/msg/detail/armor__rosidl_typesupport_fastrtps_c.h
[5.583s] -- Installing: /home/ghlins/new_tracker/install/auto_aim_interfaces/include/auto_aim_interfaces/auto_aim_interfaces/msg/detail/debug_light__rosidl_typesupport_fastrtps_c.h
[5.583s] -- Installing: /home/ghlins/new_tracker/install/auto_aim_interfaces/include/auto_aim_interfaces/auto_aim_interfaces/msg/detail/debug_armors__rosidl_typesupport_fastrtps_c.h
[5.583s] -- Installing: /home/ghlins/new_tracker/install/auto_aim_interfaces/include/auto_aim_interfaces/auto_aim_interfaces/msg/detail/target__rosidl_typesupport_fastrtps_c.h
[5.583s] -- Installing: /home/ghlins/new_tracker/install/auto_aim_interfaces/include/auto_aim_interfaces/auto_aim_interfaces/msg/detail/debug_armor__rosidl_typesupport_fastrtps_c.h
[5.583s] -- Installing: /home/ghlins/new_tracker/install/auto_aim_interfaces/include/auto_aim_interfaces/auto_aim_interfaces/msg/detail/debug_lights__rosidl_typesupport_fastrtps_c.h
[5.583s] -- Installing: /home/ghlins/new_tracker/install/auto_aim_interfaces/include/auto_aim_interfaces/auto_aim_interfaces/msg/detail/tracker_info__rosidl_typesupport_fastrtps_c.h
[5.583s] -- Installing: /home/ghlins/new_tracker/install/auto_aim_interfaces/lib/libauto_aim_interfaces__rosidl_typesupport_fastrtps_c.so
[5.583s] -- Set runtime path of "/home/ghlins/new_tracker/install/auto_aim_interfaces/lib/libauto_aim_interfaces__rosidl_typesupport_fastrtps_c.so" to ""
[5.583s] -- Up-to-date: /home/ghlins/new_tracker/install/auto_aim_interfaces/include/auto_aim_interfaces/auto_aim_interfaces
[5.584s] -- Up-to-date: /home/ghlins/new_tracker/install/auto_aim_interfaces/include/auto_aim_interfaces/auto_aim_interfaces/msg
[5.584s] -- Installing: /home/ghlins/new_tracker/install/auto_aim_interfaces/include/auto_aim_interfaces/auto_aim_interfaces/msg/rosidl_typesupport_introspection_c__visibility_control.h
[5.584s] -- Up-to-date: /home/ghlins/new_tracker/install/auto_aim_interfaces/include/auto_aim_interfaces/auto_aim_interfaces/msg/detail
[5.584s] -- Installing: /home/ghlins/new_tracker/install/auto_aim_interfaces/include/auto_aim_interfaces/auto_aim_interfaces/msg/detail/debug_lights__rosidl_typesupport_introspection_c.h
[5.584s] -- Installing: /home/ghlins/new_tracker/install/auto_aim_interfaces/include/auto_aim_interfaces/auto_aim_interfaces/msg/detail/debug_lights__type_support.c
[5.584s] -- Installing: /home/ghlins/new_tracker/install/auto_aim_interfaces/include/auto_aim_interfaces/auto_aim_interfaces/msg/detail/armor__rosidl_typesupport_introspection_c.h
[5.584s] -- Installing: /home/ghlins/new_tracker/install/auto_aim_interfaces/include/auto_aim_interfaces/auto_aim_interfaces/msg/detail/armors__type_support.c
[5.584s] -- Installing: /home/ghlins/new_tracker/install/auto_aim_interfaces/include/auto_aim_interfaces/auto_aim_interfaces/msg/detail/debug_light__type_support.c
[5.584s] -- Installing: /home/ghlins/new_tracker/install/auto_aim_interfaces/include/auto_aim_interfaces/auto_aim_interfaces/msg/detail/tracker_info__type_support.c
[5.584s] -- Installing: /home/ghlins/new_tracker/install/auto_aim_interfaces/include/auto_aim_interfaces/auto_aim_interfaces/msg/detail/target__rosidl_typesupport_introspection_c.h
[5.584s] -- Installing: /home/ghlins/new_tracker/install/auto_aim_interfaces/include/auto_aim_interfaces/auto_aim_interfaces/msg/detail/armor__type_support.c
[5.585s] -- Installing: /home/ghlins/new_tracker/install/auto_aim_interfaces/include/auto_aim_interfaces/auto_aim_interfaces/msg/detail/debug_light__rosidl_typesupport_introspection_c.h
[5.585s] -- Installing: /home/ghlins/new_tracker/install/auto_aim_interfaces/include/auto_aim_interfaces/auto_aim_interfaces/msg/detail/tracker_info__rosidl_typesupport_introspection_c.h
[5.585s] -- Installing: /home/ghlins/new_tracker/install/auto_aim_interfaces/include/auto_aim_interfaces/auto_aim_interfaces/msg/detail/debug_armor__rosidl_typesupport_introspection_c.h
[5.585s] -- Installing: /home/ghlins/new_tracker/install/auto_aim_interfaces/include/auto_aim_interfaces/auto_aim_interfaces/msg/detail/armors__rosidl_typesupport_introspection_c.h
[5.585s] -- Installing: /home/ghlins/new_tracker/install/auto_aim_interfaces/include/auto_aim_interfaces/auto_aim_interfaces/msg/detail/debug_armors__type_support.c
[5.585s] -- Installing: /home/ghlins/new_tracker/install/auto_aim_interfaces/include/auto_aim_interfaces/auto_aim_interfaces/msg/detail/debug_armor__type_support.c
[5.585s] -- Installing: /home/ghlins/new_tracker/install/auto_aim_interfaces/include/auto_aim_interfaces/auto_aim_interfaces/msg/detail/target__type_support.c
[5.585s] -- Installing: /home/ghlins/new_tracker/install/auto_aim_interfaces/include/auto_aim_interfaces/auto_aim_interfaces/msg/detail/debug_armors__rosidl_typesupport_introspection_c.h
[5.585s] -- Installing: /home/ghlins/new_tracker/install/auto_aim_interfaces/lib/libauto_aim_interfaces__rosidl_typesupport_introspection_c.so
[5.585s] -- Set runtime path of "/home/ghlins/new_tracker/install/auto_aim_interfaces/lib/libauto_aim_interfaces__rosidl_typesupport_introspection_c.so" to ""
[5.586s] -- Installing: /home/ghlins/new_tracker/install/auto_aim_interfaces/lib/libauto_aim_interfaces__rosidl_typesupport_c.so
[5.586s] -- Set runtime path of "/home/ghlins/new_tracker/install/auto_aim_interfaces/lib/libauto_aim_interfaces__rosidl_typesupport_c.so" to ""
[5.586s] -- Up-to-date: /home/ghlins/new_tracker/install/auto_aim_interfaces/include/auto_aim_interfaces/auto_aim_interfaces
[5.586s] -- Up-to-date: /home/ghlins/new_tracker/install/auto_aim_interfaces/include/auto_aim_interfaces/auto_aim_interfaces/msg
[5.586s] -- Installing: /home/ghlins/new_tracker/install/auto_aim_interfaces/include/auto_aim_interfaces/auto_aim_interfaces/msg/armors.hpp
[5.586s] -- Installing: /home/ghlins/new_tracker/install/auto_aim_interfaces/include/auto_aim_interfaces/auto_aim_interfaces/msg/debug_lights.hpp
[5.586s] -- Installing: /home/ghlins/new_tracker/install/auto_aim_interfaces/include/auto_aim_interfaces/auto_aim_interfaces/msg/debug_armor.hpp
[5.586s] -- Installing: /home/ghlins/new_tracker/install/auto_aim_interfaces/include/auto_aim_interfaces/auto_aim_interfaces/msg/debug_light.hpp
[5.586s] -- Installing: /home/ghlins/new_tracker/install/auto_aim_interfaces/include/auto_aim_interfaces/auto_aim_interfaces/msg/armor.hpp
[5.586s] -- Installing: /home/ghlins/new_tracker/install/auto_aim_interfaces/include/auto_aim_interfaces/auto_aim_interfaces/msg/debug_armors.hpp
[5.587s] -- Installing: /home/ghlins/new_tracker/install/auto_aim_interfaces/include/auto_aim_interfaces/auto_aim_interfaces/msg/tracker_info.hpp
[5.587s] -- Up-to-date: /home/ghlins/new_tracker/install/auto_aim_interfaces/include/auto_aim_interfaces/auto_aim_interfaces/msg/detail
[5.587s] -- Installing: /home/ghlins/new_tracker/install/auto_aim_interfaces/include/auto_aim_interfaces/auto_aim_interfaces/msg/detail/debug_armor__struct.hpp
[5.587s] -- Installing: /home/ghlins/new_tracker/install/auto_aim_interfaces/include/auto_aim_interfaces/auto_aim_interfaces/msg/detail/armors__traits.hpp
[5.587s] -- Installing: /home/ghlins/new_tracker/install/auto_aim_interfaces/include/auto_aim_interfaces/auto_aim_interfaces/msg/detail/debug_light__traits.hpp
[5.587s] -- Installing: /home/ghlins/new_tracker/install/auto_aim_interfaces/include/auto_aim_interfaces/auto_aim_interfaces/msg/detail/debug_armors__builder.hpp
[5.587s] -- Installing: /home/ghlins/new_tracker/install/auto_aim_interfaces/include/auto_aim_interfaces/auto_aim_interfaces/msg/detail/tracker_info__traits.hpp
[5.587s] -- Installing: /home/ghlins/new_tracker/install/auto_aim_interfaces/include/auto_aim_interfaces/auto_aim_interfaces/msg/detail/target__traits.hpp
[5.587s] -- Installing: /home/ghlins/new_tracker/install/auto_aim_interfaces/include/auto_aim_interfaces/auto_aim_interfaces/msg/detail/armor__builder.hpp
[5.587s] -- Installing: /home/ghlins/new_tracker/install/auto_aim_interfaces/include/auto_aim_interfaces/auto_aim_interfaces/msg/detail/debug_light__builder.hpp
[5.587s] -- Installing: /home/ghlins/new_tracker/install/auto_aim_interfaces/include/auto_aim_interfaces/auto_aim_interfaces/msg/detail/tracker_info__builder.hpp
[5.587s] -- Installing: /home/ghlins/new_tracker/install/auto_aim_interfaces/include/auto_aim_interfaces/auto_aim_interfaces/msg/detail/armor__struct.hpp
[5.587s] -- Installing: /home/ghlins/new_tracker/install/auto_aim_interfaces/include/auto_aim_interfaces/auto_aim_interfaces/msg/detail/debug_lights__struct.hpp
[5.588s] -- Installing: /home/ghlins/new_tracker/install/auto_aim_interfaces/include/auto_aim_interfaces/auto_aim_interfaces/msg/detail/armor__traits.hpp
[5.588s] -- Installing: /home/ghlins/new_tracker/install/auto_aim_interfaces/include/auto_aim_interfaces/auto_aim_interfaces/msg/detail/debug_armors__struct.hpp
[5.588s] -- Installing: /home/ghlins/new_tracker/install/auto_aim_interfaces/include/auto_aim_interfaces/auto_aim_interfaces/msg/detail/armors__builder.hpp
[5.588s] -- Installing: /home/ghlins/new_tracker/install/auto_aim_interfaces/include/auto_aim_interfaces/auto_aim_interfaces/msg/detail/tracker_info__struct.hpp
[5.588s] -- Installing: /home/ghlins/new_tracker/install/auto_aim_interfaces/include/auto_aim_interfaces/auto_aim_interfaces/msg/detail/debug_light__struct.hpp
[5.588s] -- Installing: /home/ghlins/new_tracker/install/auto_aim_interfaces/include/auto_aim_interfaces/auto_aim_interfaces/msg/detail/target__struct.hpp
[5.588s] -- Installing: /home/ghlins/new_tracker/install/auto_aim_interfaces/include/auto_aim_interfaces/auto_aim_interfaces/msg/detail/debug_armors__traits.hpp
[5.588s] -- Installing: /home/ghlins/new_tracker/install/auto_aim_interfaces/include/auto_aim_interfaces/auto_aim_interfaces/msg/detail/debug_armor__traits.hpp
[5.588s] -- Installing: /home/ghlins/new_tracker/install/auto_aim_interfaces/include/auto_aim_interfaces/auto_aim_interfaces/msg/detail/target__builder.hpp
[5.588s] -- Installing: /home/ghlins/new_tracker/install/auto_aim_interfaces/include/auto_aim_interfaces/auto_aim_interfaces/msg/detail/debug_lights__traits.hpp
[5.588s] -- Installing: /home/ghlins/new_tracker/install/auto_aim_interfaces/include/auto_aim_interfaces/auto_aim_interfaces/msg/detail/armors__struct.hpp
[5.588s] -- Installing: /home/ghlins/new_tracker/install/auto_aim_interfaces/include/auto_aim_interfaces/auto_aim_interfaces/msg/detail/debug_lights__builder.hpp
[5.588s] -- Installing: /home/ghlins/new_tracker/install/auto_aim_interfaces/include/auto_aim_interfaces/auto_aim_interfaces/msg/detail/debug_armor__builder.hpp
[5.589s] -- Installing: /home/ghlins/new_tracker/install/auto_aim_interfaces/include/auto_aim_interfaces/auto_aim_interfaces/msg/target.hpp
[5.589s] -- Up-to-date: /home/ghlins/new_tracker/install/auto_aim_interfaces/include/auto_aim_interfaces/auto_aim_interfaces
[5.589s] -- Up-to-date: /home/ghlins/new_tracker/install/auto_aim_interfaces/include/auto_aim_interfaces/auto_aim_interfaces/msg
[5.589s] -- Installing: /home/ghlins/new_tracker/install/auto_aim_interfaces/include/auto_aim_interfaces/auto_aim_interfaces/msg/rosidl_typesupport_fastrtps_cpp__visibility_control.h
[5.589s] -- Up-to-date: /home/ghlins/new_tracker/install/auto_aim_interfaces/include/auto_aim_interfaces/auto_aim_interfaces/msg/detail
[5.589s] -- Installing: /home/ghlins/new_tracker/install/auto_aim_interfaces/include/auto_aim_interfaces/auto_aim_interfaces/msg/detail/armor__rosidl_typesupport_fastrtps_cpp.hpp
[5.589s] -- Installing: /home/ghlins/new_tracker/install/auto_aim_interfaces/include/auto_aim_interfaces/auto_aim_interfaces/msg/detail/debug_armor__rosidl_typesupport_fastrtps_cpp.hpp
[5.589s] -- Installing: /home/ghlins/new_tracker/install/auto_aim_interfaces/include/auto_aim_interfaces/auto_aim_interfaces/msg/detail/debug_light__rosidl_typesupport_fastrtps_cpp.hpp
[5.589s] -- Installing: /home/ghlins/new_tracker/install/auto_aim_interfaces/include/auto_aim_interfaces/auto_aim_interfaces/msg/detail/target__rosidl_typesupport_fastrtps_cpp.hpp
[5.589s] -- Installing: /home/ghlins/new_tracker/install/auto_aim_interfaces/include/auto_aim_interfaces/auto_aim_interfaces/msg/detail/armors__rosidl_typesupport_fastrtps_cpp.hpp
[5.589s] -- Installing: /home/ghlins/new_tracker/install/auto_aim_interfaces/include/auto_aim_interfaces/auto_aim_interfaces/msg/detail/tracker_info__rosidl_typesupport_fastrtps_cpp.hpp
[5.590s] -- Up-to-date: /home/ghlins/new_tracker/install/auto_aim_interfaces/include/auto_aim_interfaces/auto_aim_interfaces/msg/detail/dds_fastrtps
[5.590s] -- Installing: /home/ghlins/new_tracker/install/auto_aim_interfaces/include/auto_aim_interfaces/auto_aim_interfaces/msg/detail/debug_lights__rosidl_typesupport_fastrtps_cpp.hpp
[5.590s] -- Installing: /home/ghlins/new_tracker/install/auto_aim_interfaces/include/auto_aim_interfaces/auto_aim_interfaces/msg/detail/debug_armors__rosidl_typesupport_fastrtps_cpp.hpp
[5.590s] -- Installing: /home/ghlins/new_tracker/install/auto_aim_interfaces/lib/libauto_aim_interfaces__rosidl_typesupport_fastrtps_cpp.so
[5.590s] -- Set runtime path of "/home/ghlins/new_tracker/install/auto_aim_interfaces/lib/libauto_aim_interfaces__rosidl_typesupport_fastrtps_cpp.so" to ""
[5.590s] -- Up-to-date: /home/ghlins/new_tracker/install/auto_aim_interfaces/include/auto_aim_interfaces/auto_aim_interfaces
[5.590s] -- Up-to-date: /home/ghlins/new_tracker/install/auto_aim_interfaces/include/auto_aim_interfaces/auto_aim_interfaces/msg
[5.590s] -- Up-to-date: /home/ghlins/new_tracker/install/auto_aim_interfaces/include/auto_aim_interfaces/auto_aim_interfaces/msg/detail
[5.590s] -- Installing: /home/ghlins/new_tracker/install/auto_aim_interfaces/include/auto_aim_interfaces/auto_aim_interfaces/msg/detail/armors__rosidl_typesupport_introspection_cpp.hpp
[5.590s] -- Installing: /home/ghlins/new_tracker/install/auto_aim_interfaces/include/auto_aim_interfaces/auto_aim_interfaces/msg/detail/debug_lights__rosidl_typesupport_introspection_cpp.hpp
[5.590s] -- Installing: /home/ghlins/new_tracker/install/auto_aim_interfaces/include/auto_aim_interfaces/auto_aim_interfaces/msg/detail/armors__type_support.cpp
[5.590s] -- Installing: /home/ghlins/new_tracker/install/auto_aim_interfaces/include/auto_aim_interfaces/auto_aim_interfaces/msg/detail/debug_armors__type_support.cpp
[5.590s] -- Installing: /home/ghlins/new_tracker/install/auto_aim_interfaces/include/auto_aim_interfaces/auto_aim_interfaces/msg/detail/armor__type_support.cpp
[5.590s] -- Installing: /home/ghlins/new_tracker/install/auto_aim_interfaces/include/auto_aim_interfaces/auto_aim_interfaces/msg/detail/debug_lights__type_support.cpp
[5.591s] -- Installing: /home/ghlins/new_tracker/install/auto_aim_interfaces/include/auto_aim_interfaces/auto_aim_interfaces/msg/detail/debug_light__type_support.cpp
[5.591s] -- Installing: /home/ghlins/new_tracker/install/auto_aim_interfaces/include/auto_aim_interfaces/auto_aim_interfaces/msg/detail/target__rosidl_typesupport_introspection_cpp.hpp
[5.591s] -- Installing: /home/ghlins/new_tracker/install/auto_aim_interfaces/include/auto_aim_interfaces/auto_aim_interfaces/msg/detail/debug_armor__rosidl_typesupport_introspection_cpp.hpp
[5.591s] -- Installing: /home/ghlins/new_tracker/install/auto_aim_interfaces/include/auto_aim_interfaces/auto_aim_interfaces/msg/detail/tracker_info__rosidl_typesupport_introspection_cpp.hpp
[5.591s] -- Installing: /home/ghlins/new_tracker/install/auto_aim_interfaces/include/auto_aim_interfaces/auto_aim_interfaces/msg/detail/debug_light__rosidl_typesupport_introspection_cpp.hpp
[5.591s] -- Installing: /home/ghlins/new_tracker/install/auto_aim_interfaces/include/auto_aim_interfaces/auto_aim_interfaces/msg/detail/target__type_support.cpp
[5.591s] -- Installing: /home/ghlins/new_tracker/install/auto_aim_interfaces/include/auto_aim_interfaces/auto_aim_interfaces/msg/detail/tracker_info__type_support.cpp
[5.592s] -- Installing: /home/ghlins/new_tracker/install/auto_aim_interfaces/include/auto_aim_interfaces/auto_aim_interfaces/msg/detail/debug_armors__rosidl_typesupport_introspection_cpp.hpp
[5.592s] -- Installing: /home/ghlins/new_tracker/install/auto_aim_interfaces/include/auto_aim_interfaces/auto_aim_interfaces/msg/detail/armor__rosidl_typesupport_introspection_cpp.hpp
[5.592s] -- Installing: /home/ghlins/new_tracker/install/auto_aim_interfaces/include/auto_aim_interfaces/auto_aim_interfaces/msg/detail/debug_armor__type_support.cpp
[5.592s] -- Installing: /home/ghlins/new_tracker/install/auto_aim_interfaces/lib/libauto_aim_interfaces__rosidl_typesupport_introspection_cpp.so
[5.592s] -- Set runtime path of "/home/ghlins/new_tracker/install/auto_aim_interfaces/lib/libauto_aim_interfaces__rosidl_typesupport_introspection_cpp.so" to ""
[5.592s] -- Installing: /home/ghlins/new_tracker/install/auto_aim_interfaces/lib/libauto_aim_interfaces__rosidl_typesupport_cpp.so
[5.592s] -- Set runtime path of "/home/ghlins/new_tracker/install/auto_aim_interfaces/lib/libauto_aim_interfaces__rosidl_typesupport_cpp.so" to ""
[5.592s] -- Installing: /home/ghlins/new_tracker/install/auto_aim_interfaces/share/auto_aim_interfaces/environment/pythonpath.sh
[5.592s] -- Installing: /home/ghlins/new_tracker/install/auto_aim_interfaces/share/auto_aim_interfaces/environment/pythonpath.dsv
[5.592s] -- Up-to-date: /home/ghlins/new_tracker/install/auto_aim_interfaces/local/lib/python3.10/dist-packages/auto_aim_interfaces-0.0.0-py3.10.egg-info
[5.593s] -- Installing: /home/ghlins/new_tracker/install/auto_aim_interfaces/local/lib/python3.10/dist-packages/auto_aim_interfaces-0.0.0-py3.10.egg-info/top_level.txt
[5.593s] -- Installing: /home/ghlins/new_tracker/install/auto_aim_interfaces/local/lib/python3.10/dist-packages/auto_aim_interfaces-0.0.0-py3.10.egg-info/dependency_links.txt
[5.593s] -- Installing: /home/ghlins/new_tracker/install/auto_aim_interfaces/local/lib/python3.10/dist-packages/auto_aim_interfaces-0.0.0-py3.10.egg-info/SOURCES.txt
[5.593s] -- Installing: /home/ghlins/new_tracker/install/auto_aim_interfaces/local/lib/python3.10/dist-packages/auto_aim_interfaces-0.0.0-py3.10.egg-info/PKG-INFO
[5.593s] -- Up-to-date: /home/ghlins/new_tracker/install/auto_aim_interfaces/local/lib/python3.10/dist-packages/auto_aim_interfaces
[5.593s] -- Installing: /home/ghlins/new_tracker/install/auto_aim_interfaces/local/lib/python3.10/dist-packages/auto_aim_interfaces/auto_aim_interfaces_s__rosidl_typesupport_c.cpython-310-x86_64-linux-gnu.so
[5.593s] -- Installing: /home/ghlins/new_tracker/install/auto_aim_interfaces/local/lib/python3.10/dist-packages/auto_aim_interfaces/_auto_aim_interfaces_s.ep.rosidl_typesupport_introspection_c.c
[5.593s] -- Installing: /home/ghlins/new_tracker/install/auto_aim_interfaces/local/lib/python3.10/dist-packages/auto_aim_interfaces/_auto_aim_interfaces_s.ep.rosidl_typesupport_c.c
[5.593s] -- Installing: /home/ghlins/new_tracker/install/auto_aim_interfaces/local/lib/python3.10/dist-packages/auto_aim_interfaces/auto_aim_interfaces_s__rosidl_typesupport_fastrtps_c.cpython-310-x86_64-linux-gnu.so
[5.593s] -- Up-to-date: /home/ghlins/new_tracker/install/auto_aim_interfaces/local/lib/python3.10/dist-packages/auto_aim_interfaces/msg
[5.593s] -- Installing: /home/ghlins/new_tracker/install/auto_aim_interfaces/local/lib/python3.10/dist-packages/auto_aim_interfaces/msg/_target.py
[5.593s] -- Installing: /home/ghlins/new_tracker/install/auto_aim_interfaces/local/lib/python3.10/dist-packages/auto_aim_interfaces/msg/_debug_lights_s.c
[5.593s] -- Installing: /home/ghlins/new_tracker/install/auto_aim_interfaces/local/lib/python3.10/dist-packages/auto_aim_interfaces/msg/_tracker_info_s.c
[5.593s] -- Installing: /home/ghlins/new_tracker/install/auto_aim_interfaces/local/lib/python3.10/dist-packages/auto_aim_interfaces/msg/_debug_armor.py
[5.593s] -- Installing: /home/ghlins/new_tracker/install/auto_aim_interfaces/local/lib/python3.10/dist-packages/auto_aim_interfaces/msg/_debug_light_s.c
[5.593s] -- Installing: /home/ghlins/new_tracker/install/auto_aim_interfaces/local/lib/python3.10/dist-packages/auto_aim_interfaces/msg/_debug_armors_s.c
[5.593s] -- Installing: /home/ghlins/new_tracker/install/auto_aim_interfaces/local/lib/python3.10/dist-packages/auto_aim_interfaces/msg/_debug_armors.py
[5.593s] -- Installing: /home/ghlins/new_tracker/install/auto_aim_interfaces/local/lib/python3.10/dist-packages/auto_aim_interfaces/msg/_armors.py
[5.594s] -- Installing: /home/ghlins/new_tracker/install/auto_aim_interfaces/local/lib/python3.10/dist-packages/auto_aim_interfaces/msg/_armor_s.c
[5.594s] -- Installing: /home/ghlins/new_tracker/install/auto_aim_interfaces/local/lib/python3.10/dist-packages/auto_aim_interfaces/msg/_armor.py
[5.594s] -- Installing: /home/ghlins/new_tracker/install/auto_aim_interfaces/local/lib/python3.10/dist-packages/auto_aim_interfaces/msg/_debug_lights.py
[5.594s] -- Installing: /home/ghlins/new_tracker/install/auto_aim_interfaces/local/lib/python3.10/dist-packages/auto_aim_interfaces/msg/_tracker_info.py
[5.594s] -- Installing: /home/ghlins/new_tracker/install/auto_aim_interfaces/local/lib/python3.10/dist-packages/auto_aim_interfaces/msg/_debug_light.py
[5.594s] -- Installing: /home/ghlins/new_tracker/install/auto_aim_interfaces/local/lib/python3.10/dist-packages/auto_aim_interfaces/msg/_target_s.c
[5.594s] -- Installing: /home/ghlins/new_tracker/install/auto_aim_interfaces/local/lib/python3.10/dist-packages/auto_aim_interfaces/msg/_armors_s.c
[5.594s] -- Installing: /home/ghlins/new_tracker/install/auto_aim_interfaces/local/lib/python3.10/dist-packages/auto_aim_interfaces/msg/__init__.py
[5.594s] -- Installing: /home/ghlins/new_tracker/install/auto_aim_interfaces/local/lib/python3.10/dist-packages/auto_aim_interfaces/msg/_debug_armor_s.c
[5.594s] -- Installing: /home/ghlins/new_tracker/install/auto_aim_interfaces/local/lib/python3.10/dist-packages/auto_aim_interfaces/_auto_aim_interfaces_s.ep.rosidl_typesupport_fastrtps_c.c
[5.594s] -- Installing: /home/ghlins/new_tracker/install/auto_aim_interfaces/local/lib/python3.10/dist-packages/auto_aim_interfaces/libauto_aim_interfaces__rosidl_generator_py.so
[5.594s] -- Installing: /home/ghlins/new_tracker/install/auto_aim_interfaces/local/lib/python3.10/dist-packages/auto_aim_interfaces/__init__.py
[5.594s] -- Installing: /home/ghlins/new_tracker/install/auto_aim_interfaces/local/lib/python3.10/dist-packages/auto_aim_interfaces/auto_aim_interfaces_s__rosidl_typesupport_introspection_c.cpython-310-x86_64-linux-gnu.so
[5.619s] Listing '/home/ghlins/new_tracker/install/auto_aim_interfaces/local/lib/python3.10/dist-packages/auto_aim_interfaces'...
[5.619s] Compiling '/home/ghlins/new_tracker/install/auto_aim_interfaces/local/lib/python3.10/dist-packages/auto_aim_interfaces/__init__.py'...
[5.619s] Listing '/home/ghlins/new_tracker/install/auto_aim_interfaces/local/lib/python3.10/dist-packages/auto_aim_interfaces/msg'...
[5.619s] Compiling '/home/ghlins/new_tracker/install/auto_aim_interfaces/local/lib/python3.10/dist-packages/auto_aim_interfaces/msg/__init__.py'...
[5.619s] Compiling '/home/ghlins/new_tracker/install/auto_aim_interfaces/local/lib/python3.10/dist-packages/auto_aim_interfaces/msg/_armor.py'...
[5.619s] Compiling '/home/ghlins/new_tracker/install/auto_aim_interfaces/local/lib/python3.10/dist-packages/auto_aim_interfaces/msg/_armors.py'...
[5.619s] Compiling '/home/ghlins/new_tracker/install/auto_aim_interfaces/local/lib/python3.10/dist-packages/auto_aim_interfaces/msg/_debug_armor.py'...
[5.619s] Compiling '/home/ghlins/new_tracker/install/auto_aim_interfaces/local/lib/python3.10/dist-packages/auto_aim_interfaces/msg/_debug_armors.py'...
[5.619s] Compiling '/home/ghlins/new_tracker/install/auto_aim_interfaces/local/lib/python3.10/dist-packages/auto_aim_interfaces/msg/_debug_light.py'...
[5.619s] Compiling '/home/ghlins/new_tracker/install/auto_aim_interfaces/local/lib/python3.10/dist-packages/auto_aim_interfaces/msg/_debug_lights.py'...
[5.619s] Compiling '/home/ghlins/new_tracker/install/auto_aim_interfaces/local/lib/python3.10/dist-packages/auto_aim_interfaces/msg/_target.py'...
[5.619s] Compiling '/home/ghlins/new_tracker/install/auto_aim_interfaces/local/lib/python3.10/dist-packages/auto_aim_interfaces/msg/_tracker_info.py'...
[5.623s] -- Installing: /home/ghlins/new_tracker/install/auto_aim_interfaces/local/lib/python3.10/dist-packages/auto_aim_interfaces/auto_aim_interfaces_s__rosidl_typesupport_fastrtps_c.cpython-310-x86_64-linux-gnu.so
[5.623s] -- Set runtime path of "/home/ghlins/new_tracker/install/auto_aim_interfaces/local/lib/python3.10/dist-packages/auto_aim_interfaces/auto_aim_interfaces_s__rosidl_typesupport_fastrtps_c.cpython-310-x86_64-linux-gnu.so" to ""
[5.623s] -- Installing: /home/ghlins/new_tracker/install/auto_aim_interfaces/local/lib/python3.10/dist-packages/auto_aim_interfaces/auto_aim_interfaces_s__rosidl_typesupport_introspection_c.cpython-310-x86_64-linux-gnu.so
[5.623s] -- Set runtime path of "/home/ghlins/new_tracker/install/auto_aim_interfaces/local/lib/python3.10/dist-packages/auto_aim_interfaces/auto_aim_interfaces_s__rosidl_typesupport_introspection_c.cpython-310-x86_64-linux-gnu.so" to ""
[5.623s] -- Installing: /home/ghlins/new_tracker/install/auto_aim_interfaces/local/lib/python3.10/dist-packages/auto_aim_interfaces/auto_aim_interfaces_s__rosidl_typesupport_c.cpython-310-x86_64-linux-gnu.so
[5.623s] -- Set runtime path of "/home/ghlins/new_tracker/install/auto_aim_interfaces/local/lib/python3.10/dist-packages/auto_aim_interfaces/auto_aim_interfaces_s__rosidl_typesupport_c.cpython-310-x86_64-linux-gnu.so" to ""
[5.623s] -- Installing: /home/ghlins/new_tracker/install/auto_aim_interfaces/lib/libauto_aim_interfaces__rosidl_generator_py.so
[5.624s] -- Set runtime path of "/home/ghlins/new_tracker/install/auto_aim_interfaces/lib/libauto_aim_interfaces__rosidl_generator_py.so" to ""
[5.624s] -- Installing: /home/ghlins/new_tracker/install/auto_aim_interfaces/share/auto_aim_interfaces/msg/Armor.idl
[5.624s] -- Installing: /home/ghlins/new_tracker/install/auto_aim_interfaces/share/auto_aim_interfaces/msg/Armors.idl
[5.624s] -- Installing: /home/ghlins/new_tracker/install/auto_aim_interfaces/share/auto_aim_interfaces/msg/Target.idl
[5.625s] -- Installing: /home/ghlins/new_tracker/install/auto_aim_interfaces/share/auto_aim_interfaces/msg/DebugLight.idl
[5.625s] -- Installing: /home/ghlins/new_tracker/install/auto_aim_interfaces/share/auto_aim_interfaces/msg/DebugLights.idl
[5.625s] -- Installing: /home/ghlins/new_tracker/install/auto_aim_interfaces/share/auto_aim_interfaces/msg/DebugArmor.idl
[5.625s] -- Installing: /home/ghlins/new_tracker/install/auto_aim_interfaces/share/auto_aim_interfaces/msg/DebugArmors.idl
[5.625s] -- Installing: /home/ghlins/new_tracker/install/auto_aim_interfaces/share/auto_aim_interfaces/msg/TrackerInfo.idl
[5.625s] -- Up-to-date: /home/ghlins/new_tracker/install/auto_aim_interfaces/share/auto_aim_interfaces/msg/Armor.msg
[5.626s] -- Up-to-date: /home/ghlins/new_tracker/install/auto_aim_interfaces/share/auto_aim_interfaces/msg/Armors.msg
[5.626s] -- Up-to-date: /home/ghlins/new_tracker/install/auto_aim_interfaces/share/auto_aim_interfaces/msg/Target.msg
[5.626s] -- Up-to-date: /home/ghlins/new_tracker/install/auto_aim_interfaces/share/auto_aim_interfaces/msg/DebugLight.msg
[5.626s] -- Up-to-date: /home/ghlins/new_tracker/install/auto_aim_interfaces/share/auto_aim_interfaces/msg/DebugLights.msg
[5.626s] -- Up-to-date: /home/ghlins/new_tracker/install/auto_aim_interfaces/share/auto_aim_interfaces/msg/DebugArmor.msg
[5.626s] -- Up-to-date: /home/ghlins/new_tracker/install/auto_aim_interfaces/share/auto_aim_interfaces/msg/DebugArmors.msg
[5.626s] -- Up-to-date: /home/ghlins/new_tracker/install/auto_aim_interfaces/share/auto_aim_interfaces/msg/TrackerInfo.msg
[5.626s] -- Installing: /home/ghlins/new_tracker/install/auto_aim_interfaces/share/ament_index/resource_index/package_run_dependencies/auto_aim_interfaces
[5.626s] -- Installing: /home/ghlins/new_tracker/install/auto_aim_interfaces/share/ament_index/resource_index/parent_prefix_path/auto_aim_interfaces
[5.626s] -- Up-to-date: /home/ghlins/new_tracker/install/auto_aim_interfaces/share/auto_aim_interfaces/environment/ament_prefix_path.sh
[5.626s] -- Installing: /home/ghlins/new_tracker/install/auto_aim_interfaces/share/auto_aim_interfaces/environment/ament_prefix_path.dsv
[5.626s] -- Up-to-date: /home/ghlins/new_tracker/install/auto_aim_interfaces/share/auto_aim_interfaces/environment/path.sh
[5.627s] -- Installing: /home/ghlins/new_tracker/install/auto_aim_interfaces/share/auto_aim_interfaces/environment/path.dsv
[5.627s] -- Installing: /home/ghlins/new_tracker/install/auto_aim_interfaces/share/auto_aim_interfaces/local_setup.bash
[5.627s] -- Installing: /home/ghlins/new_tracker/install/auto_aim_interfaces/share/auto_aim_interfaces/local_setup.sh
[5.627s] -- Installing: /home/ghlins/new_tracker/install/auto_aim_interfaces/share/auto_aim_interfaces/local_setup.zsh
[5.627s] -- Installing: /home/ghlins/new_tracker/install/auto_aim_interfaces/share/auto_aim_interfaces/local_setup.dsv
[5.627s] -- Installing: /home/ghlins/new_tracker/install/auto_aim_interfaces/share/auto_aim_interfaces/package.dsv
[5.627s] -- Installing: /home/ghlins/new_tracker/install/auto_aim_interfaces/share/ament_index/resource_index/packages/auto_aim_interfaces
[5.627s] -- Installing: /home/ghlins/new_tracker/install/auto_aim_interfaces/share/auto_aim_interfaces/cmake/export_auto_aim_interfaces__rosidl_generator_cExport.cmake
[5.627s] -- Installing: /home/ghlins/new_tracker/install/auto_aim_interfaces/share/auto_aim_interfaces/cmake/export_auto_aim_interfaces__rosidl_generator_cExport-noconfig.cmake
[5.628s] -- Installing: /home/ghlins/new_tracker/install/auto_aim_interfaces/share/auto_aim_interfaces/cmake/export_auto_aim_interfaces__rosidl_typesupport_fastrtps_cExport.cmake
[5.628s] -- Installing: /home/ghlins/new_tracker/install/auto_aim_interfaces/share/auto_aim_interfaces/cmake/export_auto_aim_interfaces__rosidl_typesupport_fastrtps_cExport-noconfig.cmake
[5.628s] -- Installing: /home/ghlins/new_tracker/install/auto_aim_interfaces/share/auto_aim_interfaces/cmake/auto_aim_interfaces__rosidl_typesupport_introspection_cExport.cmake
[5.628s] -- Installing: /home/ghlins/new_tracker/install/auto_aim_interfaces/share/auto_aim_interfaces/cmake/auto_aim_interfaces__rosidl_typesupport_introspection_cExport-noconfig.cmake
[5.628s] -- Installing: /home/ghlins/new_tracker/install/auto_aim_interfaces/share/auto_aim_interfaces/cmake/auto_aim_interfaces__rosidl_typesupport_cExport.cmake
[5.628s] -- Installing: /home/ghlins/new_tracker/install/auto_aim_interfaces/share/auto_aim_interfaces/cmake/auto_aim_interfaces__rosidl_typesupport_cExport-noconfig.cmake
[5.628s] -- Installing: /home/ghlins/new_tracker/install/auto_aim_interfaces/share/auto_aim_interfaces/cmake/export_auto_aim_interfaces__rosidl_generator_cppExport.cmake
[5.628s] -- Installing: /home/ghlins/new_tracker/install/auto_aim_interfaces/share/auto_aim_interfaces/cmake/export_auto_aim_interfaces__rosidl_typesupport_fastrtps_cppExport.cmake
[5.628s] -- Installing: /home/ghlins/new_tracker/install/auto_aim_interfaces/share/auto_aim_interfaces/cmake/export_auto_aim_interfaces__rosidl_typesupport_fastrtps_cppExport-noconfig.cmake
[5.628s] -- Installing: /home/ghlins/new_tracker/install/auto_aim_interfaces/share/auto_aim_interfaces/cmake/auto_aim_interfaces__rosidl_typesupport_introspection_cppExport.cmake
[5.629s] -- Installing: /home/ghlins/new_tracker/install/auto_aim_interfaces/share/auto_aim_interfaces/cmake/auto_aim_interfaces__rosidl_typesupport_introspection_cppExport-noconfig.cmake
[5.629s] -- Installing: /home/ghlins/new_tracker/install/auto_aim_interfaces/share/auto_aim_interfaces/cmake/auto_aim_interfaces__rosidl_typesupport_cppExport.cmake
[5.629s] -- Installing: /home/ghlins/new_tracker/install/auto_aim_interfaces/share/auto_aim_interfaces/cmake/auto_aim_interfaces__rosidl_typesupport_cppExport-noconfig.cmake
[5.629s] -- Installing: /home/ghlins/new_tracker/install/auto_aim_interfaces/share/auto_aim_interfaces/cmake/export_auto_aim_interfaces__rosidl_generator_pyExport.cmake
[5.629s] -- Installing: /home/ghlins/new_tracker/install/auto_aim_interfaces/share/auto_aim_interfaces/cmake/export_auto_aim_interfaces__rosidl_generator_pyExport-noconfig.cmake
[5.629s] -- Installing: /home/ghlins/new_tracker/install/auto_aim_interfaces/share/auto_aim_interfaces/cmake/rosidl_cmake-extras.cmake
[5.629s] -- Installing: /home/ghlins/new_tracker/install/auto_aim_interfaces/share/auto_aim_interfaces/cmake/ament_cmake_export_dependencies-extras.cmake
[5.629s] -- Installing: /home/ghlins/new_tracker/install/auto_aim_interfaces/share/auto_aim_interfaces/cmake/ament_cmake_export_include_directories-extras.cmake
[5.629s] -- Installing: /home/ghlins/new_tracker/install/auto_aim_interfaces/share/auto_aim_interfaces/cmake/ament_cmake_export_libraries-extras.cmake
[5.629s] -- Installing: /home/ghlins/new_tracker/install/auto_aim_interfaces/share/auto_aim_interfaces/cmake/ament_cmake_export_targets-extras.cmake
[5.629s] -- Installing: /home/ghlins/new_tracker/install/auto_aim_interfaces/share/auto_aim_interfaces/cmake/rosidl_cmake_export_typesupport_targets-extras.cmake
[5.629s] -- Installing: /home/ghlins/new_tracker/install/auto_aim_interfaces/share/auto_aim_interfaces/cmake/rosidl_cmake_export_typesupport_libraries-extras.cmake
[5.630s] -- Installing: /home/ghlins/new_tracker/install/auto_aim_interfaces/share/auto_aim_interfaces/cmake/auto_aim_interfacesConfig.cmake
[5.630s] -- Installing: /home/ghlins/new_tracker/install/auto_aim_interfaces/share/auto_aim_interfaces/cmake/auto_aim_interfacesConfig-version.cmake
[5.630s] -- Up-to-date: /home/ghlins/new_tracker/install/auto_aim_interfaces/share/auto_aim_interfaces/package.xml
[5.632s] Invoked command in '/home/ghlins/new_tracker/build/auto_aim_interfaces' returned '0': CMAKE_PREFIX_PATH=/opt/ros/humble /usr/bin/cmake --install /home/ghlins/new_tracker/build/auto_aim_interfaces
