[0.237s] DEBUG:colcon:Command line arguments: ['/usr/bin/colcon', 'build']
[0.237s] DEBUG:colcon:Parsed command line arguments: Namespace(log_base=None, log_level=None, verb_name='build', build_base='build', install_base='install', merge_install=False, symlink_install=False, test_result_base=None, continue_on_error=False, executor='parallel', parallel_workers=20, event_handlers=None, ignore_user_meta=False, metas=['./colcon.meta'], base_paths=['.'], packages_ignore=None, packages_ignore_regex=None, paths=None, packages_up_to=None, packages_up_to_regex=None, packages_above=None, packages_above_and_dependencies=None, packages_above_depth=None, packages_select_by_dep=None, packages_skip_by_dep=None, packages_skip_up_to=None, packages_select_build_failed=False, packages_skip_build_finished=False, packages_select_test_failures=False, packages_skip_test_passed=False, packages_select=None, packages_skip=None, packages_select_regex=None, packages_skip_regex=None, packages_start=None, packages_end=None, allow_overriding=[], cmake_args=None, cmake_target=None, cmake_target_skip_unavailable=False, cmake_clean_cache=False, cmake_clean_first=False, cmake_force_configure=False, ament_cmake_args=None, catkin_cmake_args=None, catkin_skip_building_tests=False, verb_parser=<colcon_defaults.argument_parser.defaults.DefaultArgumentsDecorator object at 0x7f5581496350>, verb_extension=<colcon_core.verb.build.BuildVerb object at 0x7f5581c4e110>, main=<bound method BuildVerb.main of <colcon_core.verb.build.BuildVerb object at 0x7f5581c4e110>>)
[0.258s] Level 1:colcon.colcon_core.package_discovery:discover_packages(colcon_meta) check parameters
[0.258s] Level 1:colcon.colcon_core.package_discovery:discover_packages(recursive) check parameters
[0.258s] Level 1:colcon.colcon_core.package_discovery:discover_packages(ignore) check parameters
[0.258s] Level 1:colcon.colcon_core.package_discovery:discover_packages(path) check parameters
[0.258s] Level 1:colcon.colcon_core.package_discovery:discover_packages(colcon_meta) discover
[0.258s] Level 1:colcon.colcon_core.package_discovery:discover_packages(recursive) discover
[0.258s] INFO:colcon.colcon_core.package_discovery:Crawling recursively for packages in '/home/ghlins/new_tracker'
[0.258s] Level 1:colcon.colcon_core.package_identification:_identify(.) by extensions ['ignore', 'ignore_ament_install']
[0.258s] Level 1:colcon.colcon_core.package_identification:_identify(.) by extension 'ignore'
[0.258s] Level 1:colcon.colcon_core.package_identification:_identify(.) by extension 'ignore_ament_install'
[0.258s] Level 1:colcon.colcon_core.package_identification:_identify(.) by extensions ['colcon_pkg']
[0.258s] Level 1:colcon.colcon_core.package_identification:_identify(.) by extension 'colcon_pkg'
[0.258s] Level 1:colcon.colcon_core.package_identification:_identify(.) by extensions ['colcon_meta']
[0.258s] Level 1:colcon.colcon_core.package_identification:_identify(.) by extension 'colcon_meta'
[0.258s] Level 1:colcon.colcon_core.package_identification:_identify(.) by extensions ['ros']
[0.258s] Level 1:colcon.colcon_core.package_identification:_identify(.) by extension 'ros'
[0.266s] Level 1:colcon.colcon_core.package_identification:_identify(.) by extensions ['cmake', 'python']
[0.266s] Level 1:colcon.colcon_core.package_identification:_identify(.) by extension 'cmake'
[0.266s] Level 1:colcon.colcon_core.package_identification:_identify(.) by extension 'python'
[0.266s] Level 1:colcon.colcon_core.package_identification:_identify(.) by extensions ['python_setup_py']
[0.266s] Level 1:colcon.colcon_core.package_identification:_identify(.) by extension 'python_setup_py'
[0.266s] Level 1:colcon.colcon_core.package_identification:_identify(build) by extensions ['ignore', 'ignore_ament_install']
[0.266s] Level 1:colcon.colcon_core.package_identification:_identify(build) by extension 'ignore'
[0.266s] Level 1:colcon.colcon_core.package_identification:_identify(build) ignored
[0.266s] Level 1:colcon.colcon_core.package_identification:_identify(install) by extensions ['ignore', 'ignore_ament_install']
[0.266s] Level 1:colcon.colcon_core.package_identification:_identify(install) by extension 'ignore'
[0.266s] Level 1:colcon.colcon_core.package_identification:_identify(install) ignored
[0.266s] Level 1:colcon.colcon_core.package_identification:_identify(log) by extensions ['ignore', 'ignore_ament_install']
[0.266s] Level 1:colcon.colcon_core.package_identification:_identify(log) by extension 'ignore'
[0.266s] Level 1:colcon.colcon_core.package_identification:_identify(log) ignored
[0.266s] Level 1:colcon.colcon_core.package_identification:_identify(src) by extensions ['ignore', 'ignore_ament_install']
[0.266s] Level 1:colcon.colcon_core.package_identification:_identify(src) by extension 'ignore'
[0.266s] Level 1:colcon.colcon_core.package_identification:_identify(src) by extension 'ignore_ament_install'
[0.266s] Level 1:colcon.colcon_core.package_identification:_identify(src) by extensions ['colcon_pkg']
[0.266s] Level 1:colcon.colcon_core.package_identification:_identify(src) by extension 'colcon_pkg'
[0.266s] Level 1:colcon.colcon_core.package_identification:_identify(src) by extensions ['colcon_meta']
[0.266s] Level 1:colcon.colcon_core.package_identification:_identify(src) by extension 'colcon_meta'
[0.266s] Level 1:colcon.colcon_core.package_identification:_identify(src) by extensions ['ros']
[0.266s] Level 1:colcon.colcon_core.package_identification:_identify(src) by extension 'ros'
[0.266s] Level 1:colcon.colcon_core.package_identification:_identify(src) by extensions ['cmake', 'python']
[0.266s] Level 1:colcon.colcon_core.package_identification:_identify(src) by extension 'cmake'
[0.266s] Level 1:colcon.colcon_core.package_identification:_identify(src) by extension 'python'
[0.266s] Level 1:colcon.colcon_core.package_identification:_identify(src) by extensions ['python_setup_py']
[0.267s] Level 1:colcon.colcon_core.package_identification:_identify(src) by extension 'python_setup_py'
[0.267s] Level 1:colcon.colcon_core.package_identification:_identify(src/my_ros2_opencv_pkg) by extensions ['ignore', 'ignore_ament_install']
[0.267s] Level 1:colcon.colcon_core.package_identification:_identify(src/my_ros2_opencv_pkg) by extension 'ignore'
[0.267s] Level 1:colcon.colcon_core.package_identification:_identify(src/my_ros2_opencv_pkg) by extension 'ignore_ament_install'
[0.267s] Level 1:colcon.colcon_core.package_identification:_identify(src/my_ros2_opencv_pkg) by extensions ['colcon_pkg']
[0.267s] Level 1:colcon.colcon_core.package_identification:_identify(src/my_ros2_opencv_pkg) by extension 'colcon_pkg'
[0.267s] Level 1:colcon.colcon_core.package_identification:_identify(src/my_ros2_opencv_pkg) by extensions ['colcon_meta']
[0.267s] Level 1:colcon.colcon_core.package_identification:_identify(src/my_ros2_opencv_pkg) by extension 'colcon_meta'
[0.267s] Level 1:colcon.colcon_core.package_identification:_identify(src/my_ros2_opencv_pkg) by extensions ['ros']
[0.267s] Level 1:colcon.colcon_core.package_identification:_identify(src/my_ros2_opencv_pkg) by extension 'ros'
[0.268s] DEBUG:colcon.colcon_core.package_identification:Package 'src/my_ros2_opencv_pkg' with type 'ros.ament_cmake' and name 'my_ros2_opencv_pkg'
[0.268s] Level 1:colcon.colcon_core.package_identification:_identify(src/rm_auto_aim) by extensions ['ignore', 'ignore_ament_install']
[0.268s] Level 1:colcon.colcon_core.package_identification:_identify(src/rm_auto_aim) by extension 'ignore'
[0.268s] Level 1:colcon.colcon_core.package_identification:_identify(src/rm_auto_aim) by extension 'ignore_ament_install'
[0.268s] Level 1:colcon.colcon_core.package_identification:_identify(src/rm_auto_aim) by extensions ['colcon_pkg']
[0.268s] Level 1:colcon.colcon_core.package_identification:_identify(src/rm_auto_aim) by extension 'colcon_pkg'
[0.269s] Level 1:colcon.colcon_core.package_identification:_identify(src/rm_auto_aim) by extensions ['colcon_meta']
[0.269s] Level 1:colcon.colcon_core.package_identification:_identify(src/rm_auto_aim) by extension 'colcon_meta'
[0.269s] Level 1:colcon.colcon_core.package_identification:_identify(src/rm_auto_aim) by extensions ['ros']
[0.269s] Level 1:colcon.colcon_core.package_identification:_identify(src/rm_auto_aim) by extension 'ros'
[0.269s] Level 1:colcon.colcon_core.package_identification:_identify(src/rm_auto_aim) by extensions ['cmake', 'python']
[0.269s] Level 1:colcon.colcon_core.package_identification:_identify(src/rm_auto_aim) by extension 'cmake'
[0.269s] Level 1:colcon.colcon_core.package_identification:_identify(src/rm_auto_aim) by extension 'python'
[0.269s] Level 1:colcon.colcon_core.package_identification:_identify(src/rm_auto_aim) by extensions ['python_setup_py']
[0.269s] Level 1:colcon.colcon_core.package_identification:_identify(src/rm_auto_aim) by extension 'python_setup_py'
[0.269s] Level 1:colcon.colcon_core.package_identification:_identify(src/rm_auto_aim/armor_detector) by extensions ['ignore', 'ignore_ament_install']
[0.269s] Level 1:colcon.colcon_core.package_identification:_identify(src/rm_auto_aim/armor_detector) by extension 'ignore'
[0.269s] Level 1:colcon.colcon_core.package_identification:_identify(src/rm_auto_aim/armor_detector) by extension 'ignore_ament_install'
[0.269s] Level 1:colcon.colcon_core.package_identification:_identify(src/rm_auto_aim/armor_detector) by extensions ['colcon_pkg']
[0.269s] Level 1:colcon.colcon_core.package_identification:_identify(src/rm_auto_aim/armor_detector) by extension 'colcon_pkg'
[0.269s] Level 1:colcon.colcon_core.package_identification:_identify(src/rm_auto_aim/armor_detector) by extensions ['colcon_meta']
[0.269s] Level 1:colcon.colcon_core.package_identification:_identify(src/rm_auto_aim/armor_detector) by extension 'colcon_meta'
[0.269s] Level 1:colcon.colcon_core.package_identification:_identify(src/rm_auto_aim/armor_detector) by extensions ['ros']
[0.269s] Level 1:colcon.colcon_core.package_identification:_identify(src/rm_auto_aim/armor_detector) by extension 'ros'
[0.270s] DEBUG:colcon.colcon_core.package_identification:Package 'src/rm_auto_aim/armor_detector' with type 'ros.ament_cmake' and name 'armor_detector'
[0.270s] Level 1:colcon.colcon_core.package_identification:_identify(src/rm_auto_aim/auto_aim_interfaces) by extensions ['ignore', 'ignore_ament_install']
[0.270s] Level 1:colcon.colcon_core.package_identification:_identify(src/rm_auto_aim/auto_aim_interfaces) by extension 'ignore'
[0.270s] Level 1:colcon.colcon_core.package_identification:_identify(src/rm_auto_aim/auto_aim_interfaces) by extension 'ignore_ament_install'
[0.270s] Level 1:colcon.colcon_core.package_identification:_identify(src/rm_auto_aim/auto_aim_interfaces) by extensions ['colcon_pkg']
[0.270s] Level 1:colcon.colcon_core.package_identification:_identify(src/rm_auto_aim/auto_aim_interfaces) by extension 'colcon_pkg'
[0.270s] Level 1:colcon.colcon_core.package_identification:_identify(src/rm_auto_aim/auto_aim_interfaces) by extensions ['colcon_meta']
[0.270s] Level 1:colcon.colcon_core.package_identification:_identify(src/rm_auto_aim/auto_aim_interfaces) by extension 'colcon_meta'
[0.270s] Level 1:colcon.colcon_core.package_identification:_identify(src/rm_auto_aim/auto_aim_interfaces) by extensions ['ros']
[0.270s] Level 1:colcon.colcon_core.package_identification:_identify(src/rm_auto_aim/auto_aim_interfaces) by extension 'ros'
[0.270s] DEBUG:colcon.colcon_core.package_identification:Package 'src/rm_auto_aim/auto_aim_interfaces' with type 'ros.ament_cmake' and name 'auto_aim_interfaces'
[0.270s] Level 1:colcon.colcon_core.package_identification:_identify(src/rm_auto_aim/docs) by extensions ['ignore', 'ignore_ament_install']
[0.270s] Level 1:colcon.colcon_core.package_identification:_identify(src/rm_auto_aim/docs) by extension 'ignore'
[0.270s] Level 1:colcon.colcon_core.package_identification:_identify(src/rm_auto_aim/docs) by extension 'ignore_ament_install'
[0.270s] Level 1:colcon.colcon_core.package_identification:_identify(src/rm_auto_aim/docs) by extensions ['colcon_pkg']
[0.270s] Level 1:colcon.colcon_core.package_identification:_identify(src/rm_auto_aim/docs) by extension 'colcon_pkg'
[0.270s] Level 1:colcon.colcon_core.package_identification:_identify(src/rm_auto_aim/docs) by extensions ['colcon_meta']
[0.270s] Level 1:colcon.colcon_core.package_identification:_identify(src/rm_auto_aim/docs) by extension 'colcon_meta'
[0.270s] Level 1:colcon.colcon_core.package_identification:_identify(src/rm_auto_aim/docs) by extensions ['ros']
[0.271s] Level 1:colcon.colcon_core.package_identification:_identify(src/rm_auto_aim/docs) by extension 'ros'
[0.271s] Level 1:colcon.colcon_core.package_identification:_identify(src/rm_auto_aim/docs) by extensions ['cmake', 'python']
[0.271s] Level 1:colcon.colcon_core.package_identification:_identify(src/rm_auto_aim/docs) by extension 'cmake'
[0.271s] Level 1:colcon.colcon_core.package_identification:_identify(src/rm_auto_aim/docs) by extension 'python'
[0.271s] Level 1:colcon.colcon_core.package_identification:_identify(src/rm_auto_aim/docs) by extensions ['python_setup_py']
[0.271s] Level 1:colcon.colcon_core.package_identification:_identify(src/rm_auto_aim/docs) by extension 'python_setup_py'
[0.271s] Level 1:colcon.colcon_core.package_identification:_identify(src/rm_auto_aim/new_tracker) by extensions ['ignore', 'ignore_ament_install']
[0.271s] Level 1:colcon.colcon_core.package_identification:_identify(src/rm_auto_aim/new_tracker) by extension 'ignore'
[0.271s] Level 1:colcon.colcon_core.package_identification:_identify(src/rm_auto_aim/new_tracker) by extension 'ignore_ament_install'
[0.271s] Level 1:colcon.colcon_core.package_identification:_identify(src/rm_auto_aim/new_tracker) by extensions ['colcon_pkg']
[0.271s] Level 1:colcon.colcon_core.package_identification:_identify(src/rm_auto_aim/new_tracker) by extension 'colcon_pkg'
[0.271s] Level 1:colcon.colcon_core.package_identification:_identify(src/rm_auto_aim/new_tracker) by extensions ['colcon_meta']
[0.271s] Level 1:colcon.colcon_core.package_identification:_identify(src/rm_auto_aim/new_tracker) by extension 'colcon_meta'
[0.271s] Level 1:colcon.colcon_core.package_identification:_identify(src/rm_auto_aim/new_tracker) by extensions ['ros']
[0.271s] Level 1:colcon.colcon_core.package_identification:_identify(src/rm_auto_aim/new_tracker) by extension 'ros'
[0.271s] DEBUG:colcon.colcon_core.package_identification:Package 'src/rm_auto_aim/new_tracker' with type 'ros.ament_cmake' and name 'new_armor_tracker'
[0.272s] Level 1:colcon.colcon_core.package_discovery:discover_packages(recursive) using defaults
[0.272s] Level 1:colcon.colcon_core.package_discovery:discover_packages(ignore) discover
[0.272s] Level 1:colcon.colcon_core.package_discovery:discover_packages(ignore) using defaults
[0.272s] Level 1:colcon.colcon_core.package_discovery:discover_packages(path) discover
[0.272s] Level 1:colcon.colcon_core.package_discovery:discover_packages(path) using defaults
[0.286s] Level 1:colcon.colcon_core.package_discovery:discover_packages(prefix_path) check parameters
[0.286s] Level 1:colcon.colcon_core.package_discovery:discover_packages(prefix_path) discover
[0.288s] DEBUG:colcon.colcon_installed_package_information.package_discovery:Found 368 installed packages in /opt/ros/humble
[0.289s] Level 1:colcon.colcon_core.package_discovery:discover_packages(prefix_path) using defaults
[0.326s] Level 5:colcon.colcon_core.verb:set package 'auto_aim_interfaces' build argument 'cmake_args' from command line to 'None'
[0.326s] Level 5:colcon.colcon_core.verb:set package 'auto_aim_interfaces' build argument 'cmake_target' from command line to 'None'
[0.326s] Level 5:colcon.colcon_core.verb:set package 'auto_aim_interfaces' build argument 'cmake_target_skip_unavailable' from command line to 'False'
[0.326s] Level 5:colcon.colcon_core.verb:set package 'auto_aim_interfaces' build argument 'cmake_clean_cache' from command line to 'False'
[0.326s] Level 5:colcon.colcon_core.verb:set package 'auto_aim_interfaces' build argument 'cmake_clean_first' from command line to 'False'
[0.326s] Level 5:colcon.colcon_core.verb:set package 'auto_aim_interfaces' build argument 'cmake_force_configure' from command line to 'False'
[0.326s] Level 5:colcon.colcon_core.verb:set package 'auto_aim_interfaces' build argument 'ament_cmake_args' from command line to 'None'
[0.326s] Level 5:colcon.colcon_core.verb:set package 'auto_aim_interfaces' build argument 'catkin_cmake_args' from command line to 'None'
[0.326s] Level 5:colcon.colcon_core.verb:set package 'auto_aim_interfaces' build argument 'catkin_skip_building_tests' from command line to 'False'
[0.326s] DEBUG:colcon.colcon_core.verb:Building package 'auto_aim_interfaces' with the following arguments: {'ament_cmake_args': None, 'build_base': '/home/ghlins/new_tracker/build/auto_aim_interfaces', 'catkin_cmake_args': None, 'catkin_skip_building_tests': False, 'cmake_args': None, 'cmake_clean_cache': False, 'cmake_clean_first': False, 'cmake_force_configure': False, 'cmake_target': None, 'cmake_target_skip_unavailable': False, 'install_base': '/home/ghlins/new_tracker/install/auto_aim_interfaces', 'merge_install': False, 'path': '/home/ghlins/new_tracker/src/rm_auto_aim/auto_aim_interfaces', 'symlink_install': False, 'test_result_base': None}
[0.326s] Level 5:colcon.colcon_core.verb:set package 'my_ros2_opencv_pkg' build argument 'cmake_args' from command line to 'None'
[0.327s] Level 5:colcon.colcon_core.verb:set package 'my_ros2_opencv_pkg' build argument 'cmake_target' from command line to 'None'
[0.327s] Level 5:colcon.colcon_core.verb:set package 'my_ros2_opencv_pkg' build argument 'cmake_target_skip_unavailable' from command line to 'False'
[0.327s] Level 5:colcon.colcon_core.verb:set package 'my_ros2_opencv_pkg' build argument 'cmake_clean_cache' from command line to 'False'
[0.327s] Level 5:colcon.colcon_core.verb:set package 'my_ros2_opencv_pkg' build argument 'cmake_clean_first' from command line to 'False'
[0.327s] Level 5:colcon.colcon_core.verb:set package 'my_ros2_opencv_pkg' build argument 'cmake_force_configure' from command line to 'False'
[0.327s] Level 5:colcon.colcon_core.verb:set package 'my_ros2_opencv_pkg' build argument 'ament_cmake_args' from command line to 'None'
[0.327s] Level 5:colcon.colcon_core.verb:set package 'my_ros2_opencv_pkg' build argument 'catkin_cmake_args' from command line to 'None'
[0.327s] Level 5:colcon.colcon_core.verb:set package 'my_ros2_opencv_pkg' build argument 'catkin_skip_building_tests' from command line to 'False'
[0.327s] DEBUG:colcon.colcon_core.verb:Building package 'my_ros2_opencv_pkg' with the following arguments: {'ament_cmake_args': None, 'build_base': '/home/ghlins/new_tracker/build/my_ros2_opencv_pkg', 'catkin_cmake_args': None, 'catkin_skip_building_tests': False, 'cmake_args': None, 'cmake_clean_cache': False, 'cmake_clean_first': False, 'cmake_force_configure': False, 'cmake_target': None, 'cmake_target_skip_unavailable': False, 'install_base': '/home/ghlins/new_tracker/install/my_ros2_opencv_pkg', 'merge_install': False, 'path': '/home/ghlins/new_tracker/src/my_ros2_opencv_pkg', 'symlink_install': False, 'test_result_base': None}
[0.327s] Level 5:colcon.colcon_core.verb:set package 'armor_detector' build argument 'cmake_args' from command line to 'None'
[0.327s] Level 5:colcon.colcon_core.verb:set package 'armor_detector' build argument 'cmake_target' from command line to 'None'
[0.327s] Level 5:colcon.colcon_core.verb:set package 'armor_detector' build argument 'cmake_target_skip_unavailable' from command line to 'False'
[0.327s] Level 5:colcon.colcon_core.verb:set package 'armor_detector' build argument 'cmake_clean_cache' from command line to 'False'
[0.327s] Level 5:colcon.colcon_core.verb:set package 'armor_detector' build argument 'cmake_clean_first' from command line to 'False'
[0.327s] Level 5:colcon.colcon_core.verb:set package 'armor_detector' build argument 'cmake_force_configure' from command line to 'False'
[0.327s] Level 5:colcon.colcon_core.verb:set package 'armor_detector' build argument 'ament_cmake_args' from command line to 'None'
[0.327s] Level 5:colcon.colcon_core.verb:set package 'armor_detector' build argument 'catkin_cmake_args' from command line to 'None'
[0.327s] Level 5:colcon.colcon_core.verb:set package 'armor_detector' build argument 'catkin_skip_building_tests' from command line to 'False'
[0.327s] DEBUG:colcon.colcon_core.verb:Building package 'armor_detector' with the following arguments: {'ament_cmake_args': None, 'build_base': '/home/ghlins/new_tracker/build/armor_detector', 'catkin_cmake_args': None, 'catkin_skip_building_tests': False, 'cmake_args': None, 'cmake_clean_cache': False, 'cmake_clean_first': False, 'cmake_force_configure': False, 'cmake_target': None, 'cmake_target_skip_unavailable': False, 'install_base': '/home/ghlins/new_tracker/install/armor_detector', 'merge_install': False, 'path': '/home/ghlins/new_tracker/src/rm_auto_aim/armor_detector', 'symlink_install': False, 'test_result_base': None}
[0.328s] Level 5:colcon.colcon_core.verb:set package 'new_armor_tracker' build argument 'cmake_args' from command line to 'None'
[0.328s] Level 5:colcon.colcon_core.verb:set package 'new_armor_tracker' build argument 'cmake_target' from command line to 'None'
[0.328s] Level 5:colcon.colcon_core.verb:set package 'new_armor_tracker' build argument 'cmake_target_skip_unavailable' from command line to 'False'
[0.328s] Level 5:colcon.colcon_core.verb:set package 'new_armor_tracker' build argument 'cmake_clean_cache' from command line to 'False'
[0.328s] Level 5:colcon.colcon_core.verb:set package 'new_armor_tracker' build argument 'cmake_clean_first' from command line to 'False'
[0.328s] Level 5:colcon.colcon_core.verb:set package 'new_armor_tracker' build argument 'cmake_force_configure' from command line to 'False'
[0.328s] Level 5:colcon.colcon_core.verb:set package 'new_armor_tracker' build argument 'ament_cmake_args' from command line to 'None'
[0.328s] Level 5:colcon.colcon_core.verb:set package 'new_armor_tracker' build argument 'catkin_cmake_args' from command line to 'None'
[0.328s] Level 5:colcon.colcon_core.verb:set package 'new_armor_tracker' build argument 'catkin_skip_building_tests' from command line to 'False'
[0.328s] DEBUG:colcon.colcon_core.verb:Building package 'new_armor_tracker' with the following arguments: {'ament_cmake_args': None, 'build_base': '/home/ghlins/new_tracker/build/new_armor_tracker', 'catkin_cmake_args': None, 'catkin_skip_building_tests': False, 'cmake_args': None, 'cmake_clean_cache': False, 'cmake_clean_first': False, 'cmake_force_configure': False, 'cmake_target': None, 'cmake_target_skip_unavailable': False, 'install_base': '/home/ghlins/new_tracker/install/new_armor_tracker', 'merge_install': False, 'path': '/home/ghlins/new_tracker/src/rm_auto_aim/new_tracker', 'symlink_install': False, 'test_result_base': None}
[0.328s] INFO:colcon.colcon_core.executor:Executing jobs using 'parallel' executor
[0.330s] DEBUG:colcon.colcon_parallel_executor.executor.parallel:run_until_complete
[0.330s] INFO:colcon.colcon_ros.task.ament_cmake.build:Building ROS package in '/home/ghlins/new_tracker/src/rm_auto_aim/auto_aim_interfaces' with build type 'ament_cmake'
[0.331s] INFO:colcon.colcon_cmake.task.cmake.build:Building CMake package in '/home/ghlins/new_tracker/src/rm_auto_aim/auto_aim_interfaces'
[0.334s] INFO:colcon.colcon_core.plugin_system:Skipping extension 'colcon_core.shell.bat': Not used on non-Windows systems
[0.334s] INFO:colcon.colcon_core.shell:Skip shell extension 'powershell' for command environment: Not usable outside of PowerShell
[0.334s] DEBUG:colcon.colcon_core.shell:Skip shell extension 'dsv' for command environment
[0.336s] INFO:colcon.colcon_ros.task.ament_cmake.build:Building ROS package in '/home/ghlins/new_tracker/src/my_ros2_opencv_pkg' with build type 'ament_cmake'
[0.337s] INFO:colcon.colcon_cmake.task.cmake.build:Building CMake package in '/home/ghlins/new_tracker/src/my_ros2_opencv_pkg'
[0.337s] INFO:colcon.colcon_core.shell:Skip shell extension 'powershell' for command environment: Not usable outside of PowerShell
[0.337s] DEBUG:colcon.colcon_core.shell:Skip shell extension 'dsv' for command environment
[0.345s] DEBUG:colcon.colcon_core.event_handler.log_command:Invoking command in '/home/ghlins/new_tracker/build/auto_aim_interfaces': CMAKE_PREFIX_PATH=/opt/ros/humble /usr/bin/cmake /home/ghlins/new_tracker/src/rm_auto_aim/auto_aim_interfaces -DCMAKE_INSTALL_PREFIX=/home/ghlins/new_tracker/install/auto_aim_interfaces
[0.345s] DEBUG:colcon.colcon_core.event_handler.log_command:Invoking command in '/home/ghlins/new_tracker/build/my_ros2_opencv_pkg': CMAKE_PREFIX_PATH=/opt/ros/humble /usr/bin/cmake /home/ghlins/new_tracker/src/my_ros2_opencv_pkg -DCMAKE_INSTALL_PREFIX=/home/ghlins/new_tracker/install/my_ros2_opencv_pkg
[2.882s] DEBUG:colcon.colcon_core.event_handler.log_command:Invoked command in '/home/ghlins/new_tracker/build/auto_aim_interfaces' returned '0': CMAKE_PREFIX_PATH=/opt/ros/humble /usr/bin/cmake /home/ghlins/new_tracker/src/rm_auto_aim/auto_aim_interfaces -DCMAKE_INSTALL_PREFIX=/home/ghlins/new_tracker/install/auto_aim_interfaces
[2.884s] DEBUG:colcon.colcon_core.event_handler.log_command:Invoking command in '/home/ghlins/new_tracker/build/auto_aim_interfaces': CMAKE_PREFIX_PATH=/opt/ros/humble /usr/bin/cmake --build /home/ghlins/new_tracker/build/auto_aim_interfaces -- -j20 -l20
[6.071s] DEBUG:colcon.colcon_core.event_handler.log_command:Invoked command in '/home/ghlins/new_tracker/build/auto_aim_interfaces' returned '0': CMAKE_PREFIX_PATH=/opt/ros/humble /usr/bin/cmake --build /home/ghlins/new_tracker/build/auto_aim_interfaces -- -j20 -l20
[6.173s] DEBUG:colcon.colcon_core.event_handler.log_command:Invoking command in '/home/ghlins/new_tracker/build/auto_aim_interfaces': CMAKE_PREFIX_PATH=/opt/ros/humble /usr/bin/cmake --install /home/ghlins/new_tracker/build/auto_aim_interfaces
[6.233s] Level 1:colcon.colcon_core.environment:create_environment_scripts_only(auto_aim_interfaces)
[6.233s] DEBUG:colcon.colcon_core.event_handler.log_command:Invoked command in '/home/ghlins/new_tracker/build/auto_aim_interfaces' returned '0': CMAKE_PREFIX_PATH=/opt/ros/humble /usr/bin/cmake --install /home/ghlins/new_tracker/build/auto_aim_interfaces
[6.236s] Level 1:colcon.colcon_core.environment:checking '/home/ghlins/new_tracker/install/auto_aim_interfaces' for CMake module files
[6.236s] Level 1:colcon.colcon_core.environment:checking '/home/ghlins/new_tracker/install/auto_aim_interfaces' for CMake config files
[6.237s] Level 1:colcon.colcon_core.shell:create_environment_hook('auto_aim_interfaces', 'cmake_prefix_path')
[6.237s] INFO:colcon.colcon_core.shell:Creating environment hook '/home/ghlins/new_tracker/install/auto_aim_interfaces/share/auto_aim_interfaces/hook/cmake_prefix_path.ps1'
[6.238s] INFO:colcon.colcon_core.shell:Creating environment descriptor '/home/ghlins/new_tracker/install/auto_aim_interfaces/share/auto_aim_interfaces/hook/cmake_prefix_path.dsv'
[6.238s] INFO:colcon.colcon_core.shell:Creating environment hook '/home/ghlins/new_tracker/install/auto_aim_interfaces/share/auto_aim_interfaces/hook/cmake_prefix_path.sh'
[6.239s] Level 1:colcon.colcon_core.environment:checking '/home/ghlins/new_tracker/install/auto_aim_interfaces/lib'
[6.239s] Level 1:colcon.colcon_core.shell:create_environment_hook('auto_aim_interfaces', 'ld_library_path_lib')
[6.240s] INFO:colcon.colcon_core.shell:Creating environment hook '/home/ghlins/new_tracker/install/auto_aim_interfaces/share/auto_aim_interfaces/hook/ld_library_path_lib.ps1'
[6.240s] INFO:colcon.colcon_core.shell:Creating environment descriptor '/home/ghlins/new_tracker/install/auto_aim_interfaces/share/auto_aim_interfaces/hook/ld_library_path_lib.dsv'
[6.240s] INFO:colcon.colcon_core.shell:Creating environment hook '/home/ghlins/new_tracker/install/auto_aim_interfaces/share/auto_aim_interfaces/hook/ld_library_path_lib.sh'
[6.240s] Level 1:colcon.colcon_core.environment:checking '/home/ghlins/new_tracker/install/auto_aim_interfaces/bin'
[6.240s] Level 1:colcon.colcon_core.environment:checking '/home/ghlins/new_tracker/install/auto_aim_interfaces/lib/pkgconfig/auto_aim_interfaces.pc'
[6.241s] Level 1:colcon.colcon_core.environment:checking '/home/ghlins/new_tracker/install/auto_aim_interfaces/lib/python3.10/site-packages'
[6.241s] Level 1:colcon.colcon_core.environment:checking '/home/ghlins/new_tracker/install/auto_aim_interfaces/bin'
[6.242s] INFO:colcon.colcon_core.shell:Creating package script '/home/ghlins/new_tracker/install/auto_aim_interfaces/share/auto_aim_interfaces/package.ps1'
[6.242s] INFO:colcon.colcon_core.shell:Creating package descriptor '/home/ghlins/new_tracker/install/auto_aim_interfaces/share/auto_aim_interfaces/package.dsv'
[6.243s] INFO:colcon.colcon_core.shell:Creating package script '/home/ghlins/new_tracker/install/auto_aim_interfaces/share/auto_aim_interfaces/package.sh'
[6.243s] INFO:colcon.colcon_core.shell:Creating package script '/home/ghlins/new_tracker/install/auto_aim_interfaces/share/auto_aim_interfaces/package.bash'
[6.244s] INFO:colcon.colcon_core.shell:Creating package script '/home/ghlins/new_tracker/install/auto_aim_interfaces/share/auto_aim_interfaces/package.zsh'
[6.244s] Level 1:colcon.colcon_core.environment:create_file_with_runtime_dependencies(/home/ghlins/new_tracker/install/auto_aim_interfaces/share/colcon-core/packages/auto_aim_interfaces)
[6.343s] Level 1:colcon.colcon_core.environment:create_environment_scripts_only(auto_aim_interfaces)
[6.344s] Level 1:colcon.colcon_core.environment:checking '/home/ghlins/new_tracker/install/auto_aim_interfaces' for CMake module files
[6.344s] Level 1:colcon.colcon_core.environment:checking '/home/ghlins/new_tracker/install/auto_aim_interfaces' for CMake config files
[6.345s] Level 1:colcon.colcon_core.shell:create_environment_hook('auto_aim_interfaces', 'cmake_prefix_path')
[6.345s] INFO:colcon.colcon_core.shell:Creating environment hook '/home/ghlins/new_tracker/install/auto_aim_interfaces/share/auto_aim_interfaces/hook/cmake_prefix_path.ps1'
[6.346s] INFO:colcon.colcon_core.shell:Creating environment descriptor '/home/ghlins/new_tracker/install/auto_aim_interfaces/share/auto_aim_interfaces/hook/cmake_prefix_path.dsv'
[6.346s] INFO:colcon.colcon_core.shell:Creating environment hook '/home/ghlins/new_tracker/install/auto_aim_interfaces/share/auto_aim_interfaces/hook/cmake_prefix_path.sh'
[6.347s] Level 1:colcon.colcon_core.environment:checking '/home/ghlins/new_tracker/install/auto_aim_interfaces/lib'
[6.347s] Level 1:colcon.colcon_core.shell:create_environment_hook('auto_aim_interfaces', 'ld_library_path_lib')
[6.348s] INFO:colcon.colcon_core.shell:Creating environment hook '/home/ghlins/new_tracker/install/auto_aim_interfaces/share/auto_aim_interfaces/hook/ld_library_path_lib.ps1'
[6.348s] INFO:colcon.colcon_core.shell:Creating environment descriptor '/home/ghlins/new_tracker/install/auto_aim_interfaces/share/auto_aim_interfaces/hook/ld_library_path_lib.dsv'
[6.348s] INFO:colcon.colcon_core.shell:Creating environment hook '/home/ghlins/new_tracker/install/auto_aim_interfaces/share/auto_aim_interfaces/hook/ld_library_path_lib.sh'
[6.348s] Level 1:colcon.colcon_core.environment:checking '/home/ghlins/new_tracker/install/auto_aim_interfaces/bin'
[6.348s] Level 1:colcon.colcon_core.environment:checking '/home/ghlins/new_tracker/install/auto_aim_interfaces/lib/pkgconfig/auto_aim_interfaces.pc'
[6.348s] Level 1:colcon.colcon_core.environment:checking '/home/ghlins/new_tracker/install/auto_aim_interfaces/lib/python3.10/site-packages'
[6.349s] Level 1:colcon.colcon_core.environment:checking '/home/ghlins/new_tracker/install/auto_aim_interfaces/bin'
[6.349s] INFO:colcon.colcon_core.shell:Creating package script '/home/ghlins/new_tracker/install/auto_aim_interfaces/share/auto_aim_interfaces/package.ps1'
[6.350s] INFO:colcon.colcon_core.shell:Creating package descriptor '/home/ghlins/new_tracker/install/auto_aim_interfaces/share/auto_aim_interfaces/package.dsv'
[6.350s] INFO:colcon.colcon_core.shell:Creating package script '/home/ghlins/new_tracker/install/auto_aim_interfaces/share/auto_aim_interfaces/package.sh'
[6.350s] INFO:colcon.colcon_core.shell:Creating package script '/home/ghlins/new_tracker/install/auto_aim_interfaces/share/auto_aim_interfaces/package.bash'
[6.351s] INFO:colcon.colcon_core.shell:Creating package script '/home/ghlins/new_tracker/install/auto_aim_interfaces/share/auto_aim_interfaces/package.zsh'
[6.351s] Level 1:colcon.colcon_core.environment:create_file_with_runtime_dependencies(/home/ghlins/new_tracker/install/auto_aim_interfaces/share/colcon-core/packages/auto_aim_interfaces)
[6.351s] INFO:colcon.colcon_ros.task.ament_cmake.build:Building ROS package in '/home/ghlins/new_tracker/src/rm_auto_aim/armor_detector' with build type 'ament_cmake'
[6.351s] INFO:colcon.colcon_cmake.task.cmake.build:Building CMake package in '/home/ghlins/new_tracker/src/rm_auto_aim/armor_detector'
[6.352s] INFO:colcon.colcon_core.shell:Skip shell extension 'powershell' for command environment: Not usable outside of PowerShell
[6.352s] DEBUG:colcon.colcon_core.shell:Skip shell extension 'dsv' for command environment
[6.355s] INFO:colcon.colcon_ros.task.ament_cmake.build:Building ROS package in '/home/ghlins/new_tracker/src/rm_auto_aim/new_tracker' with build type 'ament_cmake'
[6.355s] INFO:colcon.colcon_cmake.task.cmake.build:Building CMake package in '/home/ghlins/new_tracker/src/rm_auto_aim/new_tracker'
[6.356s] INFO:colcon.colcon_core.shell:Skip shell extension 'powershell' for command environment: Not usable outside of PowerShell
[6.356s] DEBUG:colcon.colcon_core.shell:Skip shell extension 'dsv' for command environment
[6.439s] DEBUG:colcon.colcon_core.event_handler.log_command:Invoking command in '/home/ghlins/new_tracker/build/armor_detector': AMENT_PREFIX_PATH=/home/ghlins/new_tracker/install/auto_aim_interfaces:${AMENT_PREFIX_PATH} CMAKE_PREFIX_PATH=/home/ghlins/new_tracker/install/auto_aim_interfaces:/opt/ros/humble LD_LIBRARY_PATH=/home/ghlins/new_tracker/install/auto_aim_interfaces/lib:${LD_LIBRARY_PATH} PYTHONPATH=/home/ghlins/new_tracker/install/auto_aim_interfaces/local/lib/python3.10/dist-packages:${PYTHONPATH} /usr/bin/cmake /home/ghlins/new_tracker/src/rm_auto_aim/armor_detector -DCMAKE_INSTALL_PREFIX=/home/ghlins/new_tracker/install/armor_detector
[6.440s] DEBUG:colcon.colcon_core.event_handler.log_command:Invoking command in '/home/ghlins/new_tracker/build/new_armor_tracker': AMENT_PREFIX_PATH=/home/ghlins/new_tracker/install/auto_aim_interfaces:${AMENT_PREFIX_PATH} CMAKE_PREFIX_PATH=/home/ghlins/new_tracker/install/auto_aim_interfaces:/opt/ros/humble LD_LIBRARY_PATH=/home/ghlins/new_tracker/install/auto_aim_interfaces/lib:${LD_LIBRARY_PATH} PYTHONPATH=/home/ghlins/new_tracker/install/auto_aim_interfaces/local/lib/python3.10/dist-packages:${PYTHONPATH} /usr/bin/cmake /home/ghlins/new_tracker/src/rm_auto_aim/new_tracker -DCMAKE_INSTALL_PREFIX=/home/ghlins/new_tracker/install/new_armor_tracker
[10.029s] DEBUG:colcon.colcon_core.event_handler.log_command:Invoked command in '/home/ghlins/new_tracker/build/my_ros2_opencv_pkg' returned '0': CMAKE_PREFIX_PATH=/opt/ros/humble /usr/bin/cmake /home/ghlins/new_tracker/src/my_ros2_opencv_pkg -DCMAKE_INSTALL_PREFIX=/home/ghlins/new_tracker/install/my_ros2_opencv_pkg
[10.030s] DEBUG:colcon.colcon_core.event_handler.log_command:Invoking command in '/home/ghlins/new_tracker/build/my_ros2_opencv_pkg': CMAKE_PREFIX_PATH=/opt/ros/humble /usr/bin/cmake --build /home/ghlins/new_tracker/build/my_ros2_opencv_pkg -- -j20 -l20
[14.066s] DEBUG:colcon.colcon_core.event_handler.log_command:Invoked command in '/home/ghlins/new_tracker/build/new_armor_tracker' returned '0': AMENT_PREFIX_PATH=/home/ghlins/new_tracker/install/auto_aim_interfaces:${AMENT_PREFIX_PATH} CMAKE_PREFIX_PATH=/home/ghlins/new_tracker/install/auto_aim_interfaces:/opt/ros/humble LD_LIBRARY_PATH=/home/ghlins/new_tracker/install/auto_aim_interfaces/lib:${LD_LIBRARY_PATH} PYTHONPATH=/home/ghlins/new_tracker/install/auto_aim_interfaces/local/lib/python3.10/dist-packages:${PYTHONPATH} /usr/bin/cmake /home/ghlins/new_tracker/src/rm_auto_aim/new_tracker -DCMAKE_INSTALL_PREFIX=/home/ghlins/new_tracker/install/new_armor_tracker
[14.068s] DEBUG:colcon.colcon_core.event_handler.log_command:Invoking command in '/home/ghlins/new_tracker/build/new_armor_tracker': AMENT_PREFIX_PATH=/home/ghlins/new_tracker/install/auto_aim_interfaces:${AMENT_PREFIX_PATH} CMAKE_PREFIX_PATH=/home/ghlins/new_tracker/install/auto_aim_interfaces:/opt/ros/humble LD_LIBRARY_PATH=/home/ghlins/new_tracker/install/auto_aim_interfaces/lib:${LD_LIBRARY_PATH} PYTHONPATH=/home/ghlins/new_tracker/install/auto_aim_interfaces/local/lib/python3.10/dist-packages:${PYTHONPATH} /usr/bin/cmake --build /home/ghlins/new_tracker/build/new_armor_tracker -- -j20 -l20
[14.603s] DEBUG:colcon.colcon_core.event_handler.log_command:Invoked command in '/home/ghlins/new_tracker/build/my_ros2_opencv_pkg' returned '0': CMAKE_PREFIX_PATH=/opt/ros/humble /usr/bin/cmake --build /home/ghlins/new_tracker/build/my_ros2_opencv_pkg -- -j20 -l20
[14.617s] DEBUG:colcon.colcon_core.event_handler.log_command:Invoking command in '/home/ghlins/new_tracker/build/my_ros2_opencv_pkg': CMAKE_PREFIX_PATH=/opt/ros/humble /usr/bin/cmake --install /home/ghlins/new_tracker/build/my_ros2_opencv_pkg
[14.624s] Level 1:colcon.colcon_core.environment:create_environment_scripts_only(my_ros2_opencv_pkg)
[14.624s] DEBUG:colcon.colcon_core.event_handler.log_command:Invoked command in '/home/ghlins/new_tracker/build/my_ros2_opencv_pkg' returned '0': CMAKE_PREFIX_PATH=/opt/ros/humble /usr/bin/cmake --install /home/ghlins/new_tracker/build/my_ros2_opencv_pkg
[14.626s] Level 1:colcon.colcon_core.environment:checking '/home/ghlins/new_tracker/install/my_ros2_opencv_pkg' for CMake module files
[14.626s] Level 1:colcon.colcon_core.environment:checking '/home/ghlins/new_tracker/install/my_ros2_opencv_pkg' for CMake config files
[14.626s] Level 1:colcon.colcon_core.shell:create_environment_hook('my_ros2_opencv_pkg', 'cmake_prefix_path')
[14.627s] INFO:colcon.colcon_core.shell:Creating environment hook '/home/ghlins/new_tracker/install/my_ros2_opencv_pkg/share/my_ros2_opencv_pkg/hook/cmake_prefix_path.ps1'
[14.628s] INFO:colcon.colcon_core.shell:Creating environment descriptor '/home/ghlins/new_tracker/install/my_ros2_opencv_pkg/share/my_ros2_opencv_pkg/hook/cmake_prefix_path.dsv'
[14.628s] INFO:colcon.colcon_core.shell:Creating environment hook '/home/ghlins/new_tracker/install/my_ros2_opencv_pkg/share/my_ros2_opencv_pkg/hook/cmake_prefix_path.sh'
[14.628s] Level 1:colcon.colcon_core.environment:checking '/home/ghlins/new_tracker/install/my_ros2_opencv_pkg/lib'
[14.628s] Level 1:colcon.colcon_core.environment:checking '/home/ghlins/new_tracker/install/my_ros2_opencv_pkg/bin'
[14.628s] Level 1:colcon.colcon_core.environment:checking '/home/ghlins/new_tracker/install/my_ros2_opencv_pkg/lib/pkgconfig/my_ros2_opencv_pkg.pc'
[14.628s] Level 1:colcon.colcon_core.environment:checking '/home/ghlins/new_tracker/install/my_ros2_opencv_pkg/lib/python3.10/site-packages'
[14.628s] Level 1:colcon.colcon_core.environment:checking '/home/ghlins/new_tracker/install/my_ros2_opencv_pkg/bin'
[14.629s] INFO:colcon.colcon_core.shell:Creating package script '/home/ghlins/new_tracker/install/my_ros2_opencv_pkg/share/my_ros2_opencv_pkg/package.ps1'
[14.630s] INFO:colcon.colcon_core.shell:Creating package descriptor '/home/ghlins/new_tracker/install/my_ros2_opencv_pkg/share/my_ros2_opencv_pkg/package.dsv'
[14.630s] INFO:colcon.colcon_core.shell:Creating package script '/home/ghlins/new_tracker/install/my_ros2_opencv_pkg/share/my_ros2_opencv_pkg/package.sh'
[14.630s] INFO:colcon.colcon_core.shell:Creating package script '/home/ghlins/new_tracker/install/my_ros2_opencv_pkg/share/my_ros2_opencv_pkg/package.bash'
[14.630s] INFO:colcon.colcon_core.shell:Creating package script '/home/ghlins/new_tracker/install/my_ros2_opencv_pkg/share/my_ros2_opencv_pkg/package.zsh'
[14.630s] Level 1:colcon.colcon_core.environment:create_file_with_runtime_dependencies(/home/ghlins/new_tracker/install/my_ros2_opencv_pkg/share/colcon-core/packages/my_ros2_opencv_pkg)
[14.646s] Level 1:colcon.colcon_core.environment:create_environment_scripts_only(my_ros2_opencv_pkg)
[14.647s] Level 1:colcon.colcon_core.environment:checking '/home/ghlins/new_tracker/install/my_ros2_opencv_pkg' for CMake module files
[14.648s] Level 1:colcon.colcon_core.environment:checking '/home/ghlins/new_tracker/install/my_ros2_opencv_pkg' for CMake config files
[14.648s] Level 1:colcon.colcon_core.shell:create_environment_hook('my_ros2_opencv_pkg', 'cmake_prefix_path')
[14.648s] INFO:colcon.colcon_core.shell:Creating environment hook '/home/ghlins/new_tracker/install/my_ros2_opencv_pkg/share/my_ros2_opencv_pkg/hook/cmake_prefix_path.ps1'
[14.649s] INFO:colcon.colcon_core.shell:Creating environment descriptor '/home/ghlins/new_tracker/install/my_ros2_opencv_pkg/share/my_ros2_opencv_pkg/hook/cmake_prefix_path.dsv'
[14.649s] INFO:colcon.colcon_core.shell:Creating environment hook '/home/ghlins/new_tracker/install/my_ros2_opencv_pkg/share/my_ros2_opencv_pkg/hook/cmake_prefix_path.sh'
[14.649s] Level 1:colcon.colcon_core.environment:checking '/home/ghlins/new_tracker/install/my_ros2_opencv_pkg/lib'
[14.649s] Level 1:colcon.colcon_core.environment:checking '/home/ghlins/new_tracker/install/my_ros2_opencv_pkg/bin'
[14.649s] Level 1:colcon.colcon_core.environment:checking '/home/ghlins/new_tracker/install/my_ros2_opencv_pkg/lib/pkgconfig/my_ros2_opencv_pkg.pc'
[14.650s] Level 1:colcon.colcon_core.environment:checking '/home/ghlins/new_tracker/install/my_ros2_opencv_pkg/lib/python3.10/site-packages'
[14.650s] Level 1:colcon.colcon_core.environment:checking '/home/ghlins/new_tracker/install/my_ros2_opencv_pkg/bin'
[14.650s] INFO:colcon.colcon_core.shell:Creating package script '/home/ghlins/new_tracker/install/my_ros2_opencv_pkg/share/my_ros2_opencv_pkg/package.ps1'
[14.651s] INFO:colcon.colcon_core.shell:Creating package descriptor '/home/ghlins/new_tracker/install/my_ros2_opencv_pkg/share/my_ros2_opencv_pkg/package.dsv'
[14.651s] INFO:colcon.colcon_core.shell:Creating package script '/home/ghlins/new_tracker/install/my_ros2_opencv_pkg/share/my_ros2_opencv_pkg/package.sh'
[14.651s] INFO:colcon.colcon_core.shell:Creating package script '/home/ghlins/new_tracker/install/my_ros2_opencv_pkg/share/my_ros2_opencv_pkg/package.bash'
[14.651s] INFO:colcon.colcon_core.shell:Creating package script '/home/ghlins/new_tracker/install/my_ros2_opencv_pkg/share/my_ros2_opencv_pkg/package.zsh'
[14.652s] Level 1:colcon.colcon_core.environment:create_file_with_runtime_dependencies(/home/ghlins/new_tracker/install/my_ros2_opencv_pkg/share/colcon-core/packages/my_ros2_opencv_pkg)
[15.256s] DEBUG:colcon.colcon_core.event_handler.log_command:Invoked command in '/home/ghlins/new_tracker/build/armor_detector' returned '0': AMENT_PREFIX_PATH=/home/ghlins/new_tracker/install/auto_aim_interfaces:${AMENT_PREFIX_PATH} CMAKE_PREFIX_PATH=/home/ghlins/new_tracker/install/auto_aim_interfaces:/opt/ros/humble LD_LIBRARY_PATH=/home/ghlins/new_tracker/install/auto_aim_interfaces/lib:${LD_LIBRARY_PATH} PYTHONPATH=/home/ghlins/new_tracker/install/auto_aim_interfaces/local/lib/python3.10/dist-packages:${PYTHONPATH} /usr/bin/cmake /home/ghlins/new_tracker/src/rm_auto_aim/armor_detector -DCMAKE_INSTALL_PREFIX=/home/ghlins/new_tracker/install/armor_detector
[15.258s] DEBUG:colcon.colcon_core.event_handler.log_command:Invoking command in '/home/ghlins/new_tracker/build/armor_detector': AMENT_PREFIX_PATH=/home/ghlins/new_tracker/install/auto_aim_interfaces:${AMENT_PREFIX_PATH} CMAKE_PREFIX_PATH=/home/ghlins/new_tracker/install/auto_aim_interfaces:/opt/ros/humble LD_LIBRARY_PATH=/home/ghlins/new_tracker/install/auto_aim_interfaces/lib:${LD_LIBRARY_PATH} PYTHONPATH=/home/ghlins/new_tracker/install/auto_aim_interfaces/local/lib/python3.10/dist-packages:${PYTHONPATH} /usr/bin/cmake --build /home/ghlins/new_tracker/build/armor_detector -- -j20 -l20
[21.985s] DEBUG:colcon.colcon_core.event_handler.log_command:Invoked command in '/home/ghlins/new_tracker/build/new_armor_tracker' returned '0': AMENT_PREFIX_PATH=/home/ghlins/new_tracker/install/auto_aim_interfaces:${AMENT_PREFIX_PATH} CMAKE_PREFIX_PATH=/home/ghlins/new_tracker/install/auto_aim_interfaces:/opt/ros/humble LD_LIBRARY_PATH=/home/ghlins/new_tracker/install/auto_aim_interfaces/lib:${LD_LIBRARY_PATH} PYTHONPATH=/home/ghlins/new_tracker/install/auto_aim_interfaces/local/lib/python3.10/dist-packages:${PYTHONPATH} /usr/bin/cmake --build /home/ghlins/new_tracker/build/new_armor_tracker -- -j20 -l20
[22.002s] DEBUG:colcon.colcon_core.event_handler.log_command:Invoking command in '/home/ghlins/new_tracker/build/new_armor_tracker': AMENT_PREFIX_PATH=/home/ghlins/new_tracker/install/auto_aim_interfaces:${AMENT_PREFIX_PATH} CMAKE_PREFIX_PATH=/home/ghlins/new_tracker/install/auto_aim_interfaces:/opt/ros/humble LD_LIBRARY_PATH=/home/ghlins/new_tracker/install/auto_aim_interfaces/lib:${LD_LIBRARY_PATH} PYTHONPATH=/home/ghlins/new_tracker/install/auto_aim_interfaces/local/lib/python3.10/dist-packages:${PYTHONPATH} /usr/bin/cmake --install /home/ghlins/new_tracker/build/new_armor_tracker
[22.015s] Level 1:colcon.colcon_core.environment:create_environment_scripts_only(new_armor_tracker)
[22.015s] DEBUG:colcon.colcon_core.event_handler.log_command:Invoked command in '/home/ghlins/new_tracker/build/new_armor_tracker' returned '0': AMENT_PREFIX_PATH=/home/ghlins/new_tracker/install/auto_aim_interfaces:${AMENT_PREFIX_PATH} CMAKE_PREFIX_PATH=/home/ghlins/new_tracker/install/auto_aim_interfaces:/opt/ros/humble LD_LIBRARY_PATH=/home/ghlins/new_tracker/install/auto_aim_interfaces/lib:${LD_LIBRARY_PATH} PYTHONPATH=/home/ghlins/new_tracker/install/auto_aim_interfaces/local/lib/python3.10/dist-packages:${PYTHONPATH} /usr/bin/cmake --install /home/ghlins/new_tracker/build/new_armor_tracker
[22.017s] Level 1:colcon.colcon_core.environment:checking '/home/ghlins/new_tracker/install/new_armor_tracker' for CMake module files
[22.017s] Level 1:colcon.colcon_core.environment:checking '/home/ghlins/new_tracker/install/new_armor_tracker' for CMake config files
[22.017s] Level 1:colcon.colcon_core.shell:create_environment_hook('new_armor_tracker', 'cmake_prefix_path')
[22.018s] INFO:colcon.colcon_core.shell:Creating environment hook '/home/ghlins/new_tracker/install/new_armor_tracker/share/new_armor_tracker/hook/cmake_prefix_path.ps1'
[22.018s] INFO:colcon.colcon_core.shell:Creating environment descriptor '/home/ghlins/new_tracker/install/new_armor_tracker/share/new_armor_tracker/hook/cmake_prefix_path.dsv'
[22.018s] INFO:colcon.colcon_core.shell:Creating environment hook '/home/ghlins/new_tracker/install/new_armor_tracker/share/new_armor_tracker/hook/cmake_prefix_path.sh'
[22.019s] Level 1:colcon.colcon_core.environment:checking '/home/ghlins/new_tracker/install/new_armor_tracker/lib'
[22.019s] Level 1:colcon.colcon_core.shell:create_environment_hook('new_armor_tracker', 'ld_library_path_lib')
[22.019s] INFO:colcon.colcon_core.shell:Creating environment hook '/home/ghlins/new_tracker/install/new_armor_tracker/share/new_armor_tracker/hook/ld_library_path_lib.ps1'
[22.020s] INFO:colcon.colcon_core.shell:Creating environment descriptor '/home/ghlins/new_tracker/install/new_armor_tracker/share/new_armor_tracker/hook/ld_library_path_lib.dsv'
[22.020s] INFO:colcon.colcon_core.shell:Creating environment hook '/home/ghlins/new_tracker/install/new_armor_tracker/share/new_armor_tracker/hook/ld_library_path_lib.sh'
[22.020s] Level 1:colcon.colcon_core.environment:checking '/home/ghlins/new_tracker/install/new_armor_tracker/bin'
[22.020s] Level 1:colcon.colcon_core.environment:checking '/home/ghlins/new_tracker/install/new_armor_tracker/lib/pkgconfig/new_armor_tracker.pc'
[22.020s] Level 1:colcon.colcon_core.environment:checking '/home/ghlins/new_tracker/install/new_armor_tracker/lib/python3.10/site-packages'
[22.020s] Level 1:colcon.colcon_core.environment:checking '/home/ghlins/new_tracker/install/new_armor_tracker/bin'
[22.021s] INFO:colcon.colcon_core.shell:Creating package script '/home/ghlins/new_tracker/install/new_armor_tracker/share/new_armor_tracker/package.ps1'
[22.021s] INFO:colcon.colcon_core.shell:Creating package descriptor '/home/ghlins/new_tracker/install/new_armor_tracker/share/new_armor_tracker/package.dsv'
[22.022s] INFO:colcon.colcon_core.shell:Creating package script '/home/ghlins/new_tracker/install/new_armor_tracker/share/new_armor_tracker/package.sh'
[22.022s] INFO:colcon.colcon_core.shell:Creating package script '/home/ghlins/new_tracker/install/new_armor_tracker/share/new_armor_tracker/package.bash'
[22.022s] INFO:colcon.colcon_core.shell:Creating package script '/home/ghlins/new_tracker/install/new_armor_tracker/share/new_armor_tracker/package.zsh'
[22.022s] Level 1:colcon.colcon_core.environment:create_file_with_runtime_dependencies(/home/ghlins/new_tracker/install/new_armor_tracker/share/colcon-core/packages/new_armor_tracker)
[22.038s] Level 1:colcon.colcon_core.environment:create_environment_scripts_only(new_armor_tracker)
[22.039s] Level 1:colcon.colcon_core.environment:checking '/home/ghlins/new_tracker/install/new_armor_tracker' for CMake module files
[22.040s] Level 1:colcon.colcon_core.environment:checking '/home/ghlins/new_tracker/install/new_armor_tracker' for CMake config files
[22.040s] Level 1:colcon.colcon_core.shell:create_environment_hook('new_armor_tracker', 'cmake_prefix_path')
[22.040s] INFO:colcon.colcon_core.shell:Creating environment hook '/home/ghlins/new_tracker/install/new_armor_tracker/share/new_armor_tracker/hook/cmake_prefix_path.ps1'
[22.041s] INFO:colcon.colcon_core.shell:Creating environment descriptor '/home/ghlins/new_tracker/install/new_armor_tracker/share/new_armor_tracker/hook/cmake_prefix_path.dsv'
[22.041s] INFO:colcon.colcon_core.shell:Creating environment hook '/home/ghlins/new_tracker/install/new_armor_tracker/share/new_armor_tracker/hook/cmake_prefix_path.sh'
[22.041s] Level 1:colcon.colcon_core.environment:checking '/home/ghlins/new_tracker/install/new_armor_tracker/lib'
[22.041s] Level 1:colcon.colcon_core.shell:create_environment_hook('new_armor_tracker', 'ld_library_path_lib')
[22.042s] INFO:colcon.colcon_core.shell:Creating environment hook '/home/ghlins/new_tracker/install/new_armor_tracker/share/new_armor_tracker/hook/ld_library_path_lib.ps1'
[22.042s] INFO:colcon.colcon_core.shell:Creating environment descriptor '/home/ghlins/new_tracker/install/new_armor_tracker/share/new_armor_tracker/hook/ld_library_path_lib.dsv'
[22.043s] INFO:colcon.colcon_core.shell:Creating environment hook '/home/ghlins/new_tracker/install/new_armor_tracker/share/new_armor_tracker/hook/ld_library_path_lib.sh'
[22.043s] Level 1:colcon.colcon_core.environment:checking '/home/ghlins/new_tracker/install/new_armor_tracker/bin'
[22.043s] Level 1:colcon.colcon_core.environment:checking '/home/ghlins/new_tracker/install/new_armor_tracker/lib/pkgconfig/new_armor_tracker.pc'
[22.043s] Level 1:colcon.colcon_core.environment:checking '/home/ghlins/new_tracker/install/new_armor_tracker/lib/python3.10/site-packages'
[22.043s] Level 1:colcon.colcon_core.environment:checking '/home/ghlins/new_tracker/install/new_armor_tracker/bin'
[22.044s] INFO:colcon.colcon_core.shell:Creating package script '/home/ghlins/new_tracker/install/new_armor_tracker/share/new_armor_tracker/package.ps1'
[22.044s] INFO:colcon.colcon_core.shell:Creating package descriptor '/home/ghlins/new_tracker/install/new_armor_tracker/share/new_armor_tracker/package.dsv'
[22.044s] INFO:colcon.colcon_core.shell:Creating package script '/home/ghlins/new_tracker/install/new_armor_tracker/share/new_armor_tracker/package.sh'
[22.045s] INFO:colcon.colcon_core.shell:Creating package script '/home/ghlins/new_tracker/install/new_armor_tracker/share/new_armor_tracker/package.bash'
[22.045s] INFO:colcon.colcon_core.shell:Creating package script '/home/ghlins/new_tracker/install/new_armor_tracker/share/new_armor_tracker/package.zsh'
[22.045s] Level 1:colcon.colcon_core.environment:create_file_with_runtime_dependencies(/home/ghlins/new_tracker/install/new_armor_tracker/share/colcon-core/packages/new_armor_tracker)
[35.074s] DEBUG:colcon.colcon_core.event_handler.log_command:Invoked command in '/home/ghlins/new_tracker/build/armor_detector' returned '0': AMENT_PREFIX_PATH=/home/ghlins/new_tracker/install/auto_aim_interfaces:${AMENT_PREFIX_PATH} CMAKE_PREFIX_PATH=/home/ghlins/new_tracker/install/auto_aim_interfaces:/opt/ros/humble LD_LIBRARY_PATH=/home/ghlins/new_tracker/install/auto_aim_interfaces/lib:${LD_LIBRARY_PATH} PYTHONPATH=/home/ghlins/new_tracker/install/auto_aim_interfaces/local/lib/python3.10/dist-packages:${PYTHONPATH} /usr/bin/cmake --build /home/ghlins/new_tracker/build/armor_detector -- -j20 -l20
[35.098s] DEBUG:colcon.colcon_core.event_handler.log_command:Invoking command in '/home/ghlins/new_tracker/build/armor_detector': AMENT_PREFIX_PATH=/home/ghlins/new_tracker/install/auto_aim_interfaces:${AMENT_PREFIX_PATH} CMAKE_PREFIX_PATH=/home/ghlins/new_tracker/install/auto_aim_interfaces:/opt/ros/humble LD_LIBRARY_PATH=/home/ghlins/new_tracker/install/auto_aim_interfaces/lib:${LD_LIBRARY_PATH} PYTHONPATH=/home/ghlins/new_tracker/install/auto_aim_interfaces/local/lib/python3.10/dist-packages:${PYTHONPATH} /usr/bin/cmake --install /home/ghlins/new_tracker/build/armor_detector
[35.119s] Level 1:colcon.colcon_core.environment:create_environment_scripts_only(armor_detector)
[35.120s] Level 1:colcon.colcon_core.environment:checking '/home/ghlins/new_tracker/install/armor_detector' for CMake module files
[35.120s] DEBUG:colcon.colcon_core.event_handler.log_command:Invoked command in '/home/ghlins/new_tracker/build/armor_detector' returned '0': AMENT_PREFIX_PATH=/home/ghlins/new_tracker/install/auto_aim_interfaces:${AMENT_PREFIX_PATH} CMAKE_PREFIX_PATH=/home/ghlins/new_tracker/install/auto_aim_interfaces:/opt/ros/humble LD_LIBRARY_PATH=/home/ghlins/new_tracker/install/auto_aim_interfaces/lib:${LD_LIBRARY_PATH} PYTHONPATH=/home/ghlins/new_tracker/install/auto_aim_interfaces/local/lib/python3.10/dist-packages:${PYTHONPATH} /usr/bin/cmake --install /home/ghlins/new_tracker/build/armor_detector
[35.121s] Level 1:colcon.colcon_core.environment:checking '/home/ghlins/new_tracker/install/armor_detector' for CMake config files
[35.121s] Level 1:colcon.colcon_core.shell:create_environment_hook('armor_detector', 'cmake_prefix_path')
[35.121s] INFO:colcon.colcon_core.shell:Creating environment hook '/home/ghlins/new_tracker/install/armor_detector/share/armor_detector/hook/cmake_prefix_path.ps1'
[35.122s] INFO:colcon.colcon_core.shell:Creating environment descriptor '/home/ghlins/new_tracker/install/armor_detector/share/armor_detector/hook/cmake_prefix_path.dsv'
[35.122s] INFO:colcon.colcon_core.shell:Creating environment hook '/home/ghlins/new_tracker/install/armor_detector/share/armor_detector/hook/cmake_prefix_path.sh'
[35.122s] Level 1:colcon.colcon_core.environment:checking '/home/ghlins/new_tracker/install/armor_detector/lib'
[35.122s] Level 1:colcon.colcon_core.shell:create_environment_hook('armor_detector', 'ld_library_path_lib')
[35.123s] INFO:colcon.colcon_core.shell:Creating environment hook '/home/ghlins/new_tracker/install/armor_detector/share/armor_detector/hook/ld_library_path_lib.ps1'
[35.123s] INFO:colcon.colcon_core.shell:Creating environment descriptor '/home/ghlins/new_tracker/install/armor_detector/share/armor_detector/hook/ld_library_path_lib.dsv'
[35.123s] INFO:colcon.colcon_core.shell:Creating environment hook '/home/ghlins/new_tracker/install/armor_detector/share/armor_detector/hook/ld_library_path_lib.sh'
[35.124s] Level 1:colcon.colcon_core.environment:checking '/home/ghlins/new_tracker/install/armor_detector/bin'
[35.124s] Level 1:colcon.colcon_core.environment:checking '/home/ghlins/new_tracker/install/armor_detector/lib/pkgconfig/armor_detector.pc'
[35.124s] Level 1:colcon.colcon_core.environment:checking '/home/ghlins/new_tracker/install/armor_detector/lib/python3.10/site-packages'
[35.124s] Level 1:colcon.colcon_core.environment:checking '/home/ghlins/new_tracker/install/armor_detector/bin'
[35.125s] INFO:colcon.colcon_core.shell:Creating package script '/home/ghlins/new_tracker/install/armor_detector/share/armor_detector/package.ps1'
[35.125s] INFO:colcon.colcon_core.shell:Creating package descriptor '/home/ghlins/new_tracker/install/armor_detector/share/armor_detector/package.dsv'
[35.125s] INFO:colcon.colcon_core.shell:Creating package script '/home/ghlins/new_tracker/install/armor_detector/share/armor_detector/package.sh'
[35.125s] INFO:colcon.colcon_core.shell:Creating package script '/home/ghlins/new_tracker/install/armor_detector/share/armor_detector/package.bash'
[35.126s] INFO:colcon.colcon_core.shell:Creating package script '/home/ghlins/new_tracker/install/armor_detector/share/armor_detector/package.zsh'
[35.126s] Level 1:colcon.colcon_core.environment:create_file_with_runtime_dependencies(/home/ghlins/new_tracker/install/armor_detector/share/colcon-core/packages/armor_detector)
[35.149s] Level 1:colcon.colcon_core.environment:create_environment_scripts_only(armor_detector)
[35.150s] Level 1:colcon.colcon_core.environment:checking '/home/ghlins/new_tracker/install/armor_detector' for CMake module files
[35.150s] Level 1:colcon.colcon_core.environment:checking '/home/ghlins/new_tracker/install/armor_detector' for CMake config files
[35.151s] Level 1:colcon.colcon_core.shell:create_environment_hook('armor_detector', 'cmake_prefix_path')
[35.151s] INFO:colcon.colcon_core.shell:Creating environment hook '/home/ghlins/new_tracker/install/armor_detector/share/armor_detector/hook/cmake_prefix_path.ps1'
[35.152s] INFO:colcon.colcon_core.shell:Creating environment descriptor '/home/ghlins/new_tracker/install/armor_detector/share/armor_detector/hook/cmake_prefix_path.dsv'
[35.152s] INFO:colcon.colcon_core.shell:Creating environment hook '/home/ghlins/new_tracker/install/armor_detector/share/armor_detector/hook/cmake_prefix_path.sh'
[35.153s] Level 1:colcon.colcon_core.environment:checking '/home/ghlins/new_tracker/install/armor_detector/lib'
[35.153s] Level 1:colcon.colcon_core.shell:create_environment_hook('armor_detector', 'ld_library_path_lib')
[35.153s] INFO:colcon.colcon_core.shell:Creating environment hook '/home/ghlins/new_tracker/install/armor_detector/share/armor_detector/hook/ld_library_path_lib.ps1'
[35.154s] INFO:colcon.colcon_core.shell:Creating environment descriptor '/home/ghlins/new_tracker/install/armor_detector/share/armor_detector/hook/ld_library_path_lib.dsv'
[35.154s] INFO:colcon.colcon_core.shell:Creating environment hook '/home/ghlins/new_tracker/install/armor_detector/share/armor_detector/hook/ld_library_path_lib.sh'
[35.154s] Level 1:colcon.colcon_core.environment:checking '/home/ghlins/new_tracker/install/armor_detector/bin'
[35.154s] Level 1:colcon.colcon_core.environment:checking '/home/ghlins/new_tracker/install/armor_detector/lib/pkgconfig/armor_detector.pc'
[35.154s] Level 1:colcon.colcon_core.environment:checking '/home/ghlins/new_tracker/install/armor_detector/lib/python3.10/site-packages'
[35.154s] Level 1:colcon.colcon_core.environment:checking '/home/ghlins/new_tracker/install/armor_detector/bin'
[35.155s] INFO:colcon.colcon_core.shell:Creating package script '/home/ghlins/new_tracker/install/armor_detector/share/armor_detector/package.ps1'
[35.155s] INFO:colcon.colcon_core.shell:Creating package descriptor '/home/ghlins/new_tracker/install/armor_detector/share/armor_detector/package.dsv'
[35.156s] INFO:colcon.colcon_core.shell:Creating package script '/home/ghlins/new_tracker/install/armor_detector/share/armor_detector/package.sh'
[35.156s] INFO:colcon.colcon_core.shell:Creating package script '/home/ghlins/new_tracker/install/armor_detector/share/armor_detector/package.bash'
[35.156s] INFO:colcon.colcon_core.shell:Creating package script '/home/ghlins/new_tracker/install/armor_detector/share/armor_detector/package.zsh'
[35.156s] Level 1:colcon.colcon_core.environment:create_file_with_runtime_dependencies(/home/ghlins/new_tracker/install/armor_detector/share/colcon-core/packages/armor_detector)
[35.157s] DEBUG:colcon.colcon_parallel_executor.executor.parallel:closing loop
[35.157s] DEBUG:colcon.colcon_parallel_executor.executor.parallel:loop closed
[35.157s] DEBUG:colcon.colcon_parallel_executor.executor.parallel:run_until_complete finished with '0'
[35.158s] DEBUG:colcon.colcon_core.event_reactor:joining thread
[35.198s] INFO:colcon.colcon_core.plugin_system:Skipping extension 'colcon_notification.desktop_notification.notify_send': Could not find 'notify-send'
[35.199s] INFO:colcon.colcon_core.plugin_system:Skipping extension 'colcon_notification.desktop_notification.terminal_notifier': Not used on non-Darwin systems
[35.199s] INFO:colcon.colcon_core.plugin_system:Skipping extension 'colcon_notification.desktop_notification.win32': Not used on non-Windows systems
[35.199s] INFO:colcon.colcon_notification.desktop_notification:Sending desktop notification using 'notify2'
[35.200s] DEBUG:colcon.colcon_notification.desktop_notification.notify2:Failed to initialize notify2: org.freedesktop.DBus.Error.ServiceUnknown: The name org.freedesktop.Notifications was not provided by any .service files
[35.200s] DEBUG:colcon.colcon_core.event_reactor:joined thread
[35.201s] INFO:colcon.colcon_core.shell:Creating prefix script '/home/ghlins/new_tracker/install/local_setup.ps1'
[35.202s] INFO:colcon.colcon_core.shell:Creating prefix util module '/home/ghlins/new_tracker/install/_local_setup_util_ps1.py'
[35.203s] INFO:colcon.colcon_core.shell:Creating prefix chain script '/home/ghlins/new_tracker/install/setup.ps1'
[35.204s] INFO:colcon.colcon_core.shell:Creating prefix script '/home/ghlins/new_tracker/install/local_setup.sh'
[35.204s] INFO:colcon.colcon_core.shell:Creating prefix util module '/home/ghlins/new_tracker/install/_local_setup_util_sh.py'
[35.204s] INFO:colcon.colcon_core.shell:Creating prefix chain script '/home/ghlins/new_tracker/install/setup.sh'
[35.205s] INFO:colcon.colcon_core.shell:Creating prefix script '/home/ghlins/new_tracker/install/local_setup.bash'
[35.205s] INFO:colcon.colcon_core.shell:Creating prefix chain script '/home/ghlins/new_tracker/install/setup.bash'
[35.206s] INFO:colcon.colcon_core.shell:Creating prefix script '/home/ghlins/new_tracker/install/local_setup.zsh'
[35.206s] INFO:colcon.colcon_core.shell:Creating prefix chain script '/home/ghlins/new_tracker/install/setup.zsh'
