[0.245s] DEBUG:colcon:Command line arguments: ['/usr/bin/colcon', 'build']
[0.245s] DEBUG:colcon:Parsed command line arguments: Namespace(log_base=None, log_level=None, verb_name='build', build_base='build', install_base='install', merge_install=False, symlink_install=False, test_result_base=None, continue_on_error=False, executor='parallel', parallel_workers=20, event_handlers=None, ignore_user_meta=False, metas=['./colcon.meta'], base_paths=['.'], packages_ignore=None, packages_ignore_regex=None, paths=None, packages_up_to=None, packages_up_to_regex=None, packages_above=None, packages_above_and_dependencies=None, packages_above_depth=None, packages_select_by_dep=None, packages_skip_by_dep=None, packages_skip_up_to=None, packages_select_build_failed=False, packages_skip_build_finished=False, packages_select_test_failures=False, packages_skip_test_passed=False, packages_select=None, packages_skip=None, packages_select_regex=None, packages_skip_regex=None, packages_start=None, packages_end=None, allow_overriding=[], cmake_args=None, cmake_target=None, cmake_target_skip_unavailable=False, cmake_clean_cache=False, cmake_clean_first=False, cmake_force_configure=False, ament_cmake_args=None, catkin_cmake_args=None, catkin_skip_building_tests=False, verb_parser=<colcon_defaults.argument_parser.defaults.DefaultArgumentsDecorator object at 0x7fe371f33430>, verb_extension=<colcon_core.verb.build.BuildVerb object at 0x7fe3727412a0>, main=<bound method BuildVerb.main of <colcon_core.verb.build.BuildVerb object at 0x7fe3727412a0>>)
[0.267s] Level 1:colcon.colcon_core.package_discovery:discover_packages(colcon_meta) check parameters
[0.267s] Level 1:colcon.colcon_core.package_discovery:discover_packages(recursive) check parameters
[0.267s] Level 1:colcon.colcon_core.package_discovery:discover_packages(ignore) check parameters
[0.267s] Level 1:colcon.colcon_core.package_discovery:discover_packages(path) check parameters
[0.267s] Level 1:colcon.colcon_core.package_discovery:discover_packages(colcon_meta) discover
[0.267s] Level 1:colcon.colcon_core.package_discovery:discover_packages(recursive) discover
[0.267s] INFO:colcon.colcon_core.package_discovery:Crawling recursively for packages in '/home/ghlins/new_tracker'
[0.267s] Level 1:colcon.colcon_core.package_identification:_identify(.) by extensions ['ignore', 'ignore_ament_install']
[0.267s] Level 1:colcon.colcon_core.package_identification:_identify(.) by extension 'ignore'
[0.267s] Level 1:colcon.colcon_core.package_identification:_identify(.) by extension 'ignore_ament_install'
[0.267s] Level 1:colcon.colcon_core.package_identification:_identify(.) by extensions ['colcon_pkg']
[0.267s] Level 1:colcon.colcon_core.package_identification:_identify(.) by extension 'colcon_pkg'
[0.267s] Level 1:colcon.colcon_core.package_identification:_identify(.) by extensions ['colcon_meta']
[0.267s] Level 1:colcon.colcon_core.package_identification:_identify(.) by extension 'colcon_meta'
[0.267s] Level 1:colcon.colcon_core.package_identification:_identify(.) by extensions ['ros']
[0.267s] Level 1:colcon.colcon_core.package_identification:_identify(.) by extension 'ros'
[0.275s] Level 1:colcon.colcon_core.package_identification:_identify(.) by extensions ['cmake', 'python']
[0.275s] Level 1:colcon.colcon_core.package_identification:_identify(.) by extension 'cmake'
[0.275s] Level 1:colcon.colcon_core.package_identification:_identify(.) by extension 'python'
[0.275s] Level 1:colcon.colcon_core.package_identification:_identify(.) by extensions ['python_setup_py']
[0.275s] Level 1:colcon.colcon_core.package_identification:_identify(.) by extension 'python_setup_py'
[0.275s] Level 1:colcon.colcon_core.package_identification:_identify(build) by extensions ['ignore', 'ignore_ament_install']
[0.275s] Level 1:colcon.colcon_core.package_identification:_identify(build) by extension 'ignore'
[0.275s] Level 1:colcon.colcon_core.package_identification:_identify(build) ignored
[0.275s] Level 1:colcon.colcon_core.package_identification:_identify(install) by extensions ['ignore', 'ignore_ament_install']
[0.276s] Level 1:colcon.colcon_core.package_identification:_identify(install) by extension 'ignore'
[0.276s] Level 1:colcon.colcon_core.package_identification:_identify(install) ignored
[0.276s] Level 1:colcon.colcon_core.package_identification:_identify(log) by extensions ['ignore', 'ignore_ament_install']
[0.276s] Level 1:colcon.colcon_core.package_identification:_identify(log) by extension 'ignore'
[0.276s] Level 1:colcon.colcon_core.package_identification:_identify(log) ignored
[0.276s] Level 1:colcon.colcon_core.package_identification:_identify(src) by extensions ['ignore', 'ignore_ament_install']
[0.276s] Level 1:colcon.colcon_core.package_identification:_identify(src) by extension 'ignore'
[0.276s] Level 1:colcon.colcon_core.package_identification:_identify(src) by extension 'ignore_ament_install'
[0.276s] Level 1:colcon.colcon_core.package_identification:_identify(src) by extensions ['colcon_pkg']
[0.276s] Level 1:colcon.colcon_core.package_identification:_identify(src) by extension 'colcon_pkg'
[0.276s] Level 1:colcon.colcon_core.package_identification:_identify(src) by extensions ['colcon_meta']
[0.276s] Level 1:colcon.colcon_core.package_identification:_identify(src) by extension 'colcon_meta'
[0.276s] Level 1:colcon.colcon_core.package_identification:_identify(src) by extensions ['ros']
[0.276s] Level 1:colcon.colcon_core.package_identification:_identify(src) by extension 'ros'
[0.276s] Level 1:colcon.colcon_core.package_identification:_identify(src) by extensions ['cmake', 'python']
[0.276s] Level 1:colcon.colcon_core.package_identification:_identify(src) by extension 'cmake'
[0.276s] Level 1:colcon.colcon_core.package_identification:_identify(src) by extension 'python'
[0.276s] Level 1:colcon.colcon_core.package_identification:_identify(src) by extensions ['python_setup_py']
[0.276s] Level 1:colcon.colcon_core.package_identification:_identify(src) by extension 'python_setup_py'
[0.276s] Level 1:colcon.colcon_core.package_identification:_identify(src/bringup) by extensions ['ignore', 'ignore_ament_install']
[0.276s] Level 1:colcon.colcon_core.package_identification:_identify(src/bringup) by extension 'ignore'
[0.276s] Level 1:colcon.colcon_core.package_identification:_identify(src/bringup) by extension 'ignore_ament_install'
[0.276s] Level 1:colcon.colcon_core.package_identification:_identify(src/bringup) by extensions ['colcon_pkg']
[0.276s] Level 1:colcon.colcon_core.package_identification:_identify(src/bringup) by extension 'colcon_pkg'
[0.276s] Level 1:colcon.colcon_core.package_identification:_identify(src/bringup) by extensions ['colcon_meta']
[0.276s] Level 1:colcon.colcon_core.package_identification:_identify(src/bringup) by extension 'colcon_meta'
[0.276s] Level 1:colcon.colcon_core.package_identification:_identify(src/bringup) by extensions ['ros']
[0.276s] Level 1:colcon.colcon_core.package_identification:_identify(src/bringup) by extension 'ros'
[0.278s] DEBUG:colcon.colcon_core.package_identification:Package 'src/bringup' with type 'ros.ament_cmake' and name 'bringup'
[0.278s] Level 1:colcon.colcon_core.package_identification:_identify(src/my_ros2_opencv_pkg) by extensions ['ignore', 'ignore_ament_install']
[0.278s] Level 1:colcon.colcon_core.package_identification:_identify(src/my_ros2_opencv_pkg) by extension 'ignore'
[0.278s] Level 1:colcon.colcon_core.package_identification:_identify(src/my_ros2_opencv_pkg) by extension 'ignore_ament_install'
[0.278s] Level 1:colcon.colcon_core.package_identification:_identify(src/my_ros2_opencv_pkg) by extensions ['colcon_pkg']
[0.278s] Level 1:colcon.colcon_core.package_identification:_identify(src/my_ros2_opencv_pkg) by extension 'colcon_pkg'
[0.278s] Level 1:colcon.colcon_core.package_identification:_identify(src/my_ros2_opencv_pkg) by extensions ['colcon_meta']
[0.278s] Level 1:colcon.colcon_core.package_identification:_identify(src/my_ros2_opencv_pkg) by extension 'colcon_meta'
[0.278s] Level 1:colcon.colcon_core.package_identification:_identify(src/my_ros2_opencv_pkg) by extensions ['ros']
[0.278s] Level 1:colcon.colcon_core.package_identification:_identify(src/my_ros2_opencv_pkg) by extension 'ros'
[0.279s] DEBUG:colcon.colcon_core.package_identification:Package 'src/my_ros2_opencv_pkg' with type 'ros.ament_cmake' and name 'my_ros2_opencv_pkg'
[0.279s] Level 1:colcon.colcon_core.package_identification:_identify(src/rm_auto_aim) by extensions ['ignore', 'ignore_ament_install']
[0.279s] Level 1:colcon.colcon_core.package_identification:_identify(src/rm_auto_aim) by extension 'ignore'
[0.279s] Level 1:colcon.colcon_core.package_identification:_identify(src/rm_auto_aim) by extension 'ignore_ament_install'
[0.279s] Level 1:colcon.colcon_core.package_identification:_identify(src/rm_auto_aim) by extensions ['colcon_pkg']
[0.279s] Level 1:colcon.colcon_core.package_identification:_identify(src/rm_auto_aim) by extension 'colcon_pkg'
[0.279s] Level 1:colcon.colcon_core.package_identification:_identify(src/rm_auto_aim) by extensions ['colcon_meta']
[0.279s] Level 1:colcon.colcon_core.package_identification:_identify(src/rm_auto_aim) by extension 'colcon_meta'
[0.279s] Level 1:colcon.colcon_core.package_identification:_identify(src/rm_auto_aim) by extensions ['ros']
[0.279s] Level 1:colcon.colcon_core.package_identification:_identify(src/rm_auto_aim) by extension 'ros'
[0.279s] Level 1:colcon.colcon_core.package_identification:_identify(src/rm_auto_aim) by extensions ['cmake', 'python']
[0.279s] Level 1:colcon.colcon_core.package_identification:_identify(src/rm_auto_aim) by extension 'cmake'
[0.279s] Level 1:colcon.colcon_core.package_identification:_identify(src/rm_auto_aim) by extension 'python'
[0.279s] Level 1:colcon.colcon_core.package_identification:_identify(src/rm_auto_aim) by extensions ['python_setup_py']
[0.279s] Level 1:colcon.colcon_core.package_identification:_identify(src/rm_auto_aim) by extension 'python_setup_py'
[0.279s] Level 1:colcon.colcon_core.package_identification:_identify(src/rm_auto_aim/armor_detector) by extensions ['ignore', 'ignore_ament_install']
[0.279s] Level 1:colcon.colcon_core.package_identification:_identify(src/rm_auto_aim/armor_detector) by extension 'ignore'
[0.279s] Level 1:colcon.colcon_core.package_identification:_identify(src/rm_auto_aim/armor_detector) by extension 'ignore_ament_install'
[0.280s] Level 1:colcon.colcon_core.package_identification:_identify(src/rm_auto_aim/armor_detector) by extensions ['colcon_pkg']
[0.280s] Level 1:colcon.colcon_core.package_identification:_identify(src/rm_auto_aim/armor_detector) by extension 'colcon_pkg'
[0.280s] Level 1:colcon.colcon_core.package_identification:_identify(src/rm_auto_aim/armor_detector) by extensions ['colcon_meta']
[0.280s] Level 1:colcon.colcon_core.package_identification:_identify(src/rm_auto_aim/armor_detector) by extension 'colcon_meta'
[0.280s] Level 1:colcon.colcon_core.package_identification:_identify(src/rm_auto_aim/armor_detector) by extensions ['ros']
[0.280s] Level 1:colcon.colcon_core.package_identification:_identify(src/rm_auto_aim/armor_detector) by extension 'ros'
[0.280s] DEBUG:colcon.colcon_core.package_identification:Package 'src/rm_auto_aim/armor_detector' with type 'ros.ament_cmake' and name 'armor_detector'
[0.281s] Level 1:colcon.colcon_core.package_identification:_identify(src/rm_auto_aim/auto_aim_interfaces) by extensions ['ignore', 'ignore_ament_install']
[0.281s] Level 1:colcon.colcon_core.package_identification:_identify(src/rm_auto_aim/auto_aim_interfaces) by extension 'ignore'
[0.281s] Level 1:colcon.colcon_core.package_identification:_identify(src/rm_auto_aim/auto_aim_interfaces) by extension 'ignore_ament_install'
[0.281s] Level 1:colcon.colcon_core.package_identification:_identify(src/rm_auto_aim/auto_aim_interfaces) by extensions ['colcon_pkg']
[0.281s] Level 1:colcon.colcon_core.package_identification:_identify(src/rm_auto_aim/auto_aim_interfaces) by extension 'colcon_pkg'
[0.281s] Level 1:colcon.colcon_core.package_identification:_identify(src/rm_auto_aim/auto_aim_interfaces) by extensions ['colcon_meta']
[0.281s] Level 1:colcon.colcon_core.package_identification:_identify(src/rm_auto_aim/auto_aim_interfaces) by extension 'colcon_meta'
[0.281s] Level 1:colcon.colcon_core.package_identification:_identify(src/rm_auto_aim/auto_aim_interfaces) by extensions ['ros']
[0.281s] Level 1:colcon.colcon_core.package_identification:_identify(src/rm_auto_aim/auto_aim_interfaces) by extension 'ros'
[0.281s] DEBUG:colcon.colcon_core.package_identification:Package 'src/rm_auto_aim/auto_aim_interfaces' with type 'ros.ament_cmake' and name 'auto_aim_interfaces'
[0.281s] Level 1:colcon.colcon_core.package_identification:_identify(src/rm_auto_aim/docs) by extensions ['ignore', 'ignore_ament_install']
[0.281s] Level 1:colcon.colcon_core.package_identification:_identify(src/rm_auto_aim/docs) by extension 'ignore'
[0.281s] Level 1:colcon.colcon_core.package_identification:_identify(src/rm_auto_aim/docs) by extension 'ignore_ament_install'
[0.281s] Level 1:colcon.colcon_core.package_identification:_identify(src/rm_auto_aim/docs) by extensions ['colcon_pkg']
[0.281s] Level 1:colcon.colcon_core.package_identification:_identify(src/rm_auto_aim/docs) by extension 'colcon_pkg'
[0.281s] Level 1:colcon.colcon_core.package_identification:_identify(src/rm_auto_aim/docs) by extensions ['colcon_meta']
[0.281s] Level 1:colcon.colcon_core.package_identification:_identify(src/rm_auto_aim/docs) by extension 'colcon_meta'
[0.281s] Level 1:colcon.colcon_core.package_identification:_identify(src/rm_auto_aim/docs) by extensions ['ros']
[0.281s] Level 1:colcon.colcon_core.package_identification:_identify(src/rm_auto_aim/docs) by extension 'ros'
[0.281s] Level 1:colcon.colcon_core.package_identification:_identify(src/rm_auto_aim/docs) by extensions ['cmake', 'python']
[0.282s] Level 1:colcon.colcon_core.package_identification:_identify(src/rm_auto_aim/docs) by extension 'cmake'
[0.282s] Level 1:colcon.colcon_core.package_identification:_identify(src/rm_auto_aim/docs) by extension 'python'
[0.282s] Level 1:colcon.colcon_core.package_identification:_identify(src/rm_auto_aim/docs) by extensions ['python_setup_py']
[0.282s] Level 1:colcon.colcon_core.package_identification:_identify(src/rm_auto_aim/docs) by extension 'python_setup_py'
[0.282s] Level 1:colcon.colcon_core.package_identification:_identify(src/rm_auto_aim/new_tracker) by extensions ['ignore', 'ignore_ament_install']
[0.282s] Level 1:colcon.colcon_core.package_identification:_identify(src/rm_auto_aim/new_tracker) by extension 'ignore'
[0.282s] Level 1:colcon.colcon_core.package_identification:_identify(src/rm_auto_aim/new_tracker) by extension 'ignore_ament_install'
[0.282s] Level 1:colcon.colcon_core.package_identification:_identify(src/rm_auto_aim/new_tracker) by extensions ['colcon_pkg']
[0.282s] Level 1:colcon.colcon_core.package_identification:_identify(src/rm_auto_aim/new_tracker) by extension 'colcon_pkg'
[0.282s] Level 1:colcon.colcon_core.package_identification:_identify(src/rm_auto_aim/new_tracker) by extensions ['colcon_meta']
[0.282s] Level 1:colcon.colcon_core.package_identification:_identify(src/rm_auto_aim/new_tracker) by extension 'colcon_meta'
[0.282s] Level 1:colcon.colcon_core.package_identification:_identify(src/rm_auto_aim/new_tracker) by extensions ['ros']
[0.282s] Level 1:colcon.colcon_core.package_identification:_identify(src/rm_auto_aim/new_tracker) by extension 'ros'
[0.282s] DEBUG:colcon.colcon_core.package_identification:Package 'src/rm_auto_aim/new_tracker' with type 'ros.ament_cmake' and name 'new_armor_tracker'
[0.283s] Level 1:colcon.colcon_core.package_discovery:discover_packages(recursive) using defaults
[0.283s] Level 1:colcon.colcon_core.package_discovery:discover_packages(ignore) discover
[0.283s] Level 1:colcon.colcon_core.package_discovery:discover_packages(ignore) using defaults
[0.283s] Level 1:colcon.colcon_core.package_discovery:discover_packages(path) discover
[0.283s] Level 1:colcon.colcon_core.package_discovery:discover_packages(path) using defaults
[0.299s] Level 1:colcon.colcon_core.package_discovery:discover_packages(prefix_path) check parameters
[0.299s] Level 1:colcon.colcon_core.package_discovery:discover_packages(prefix_path) discover
[0.301s] DEBUG:colcon.colcon_installed_package_information.package_discovery:Found 5 installed packages in /home/ghlins/new_tracker/install
[0.302s] DEBUG:colcon.colcon_installed_package_information.package_discovery:Found 368 installed packages in /opt/ros/humble
[0.303s] Level 1:colcon.colcon_core.package_discovery:discover_packages(prefix_path) using defaults
[0.343s] Level 5:colcon.colcon_core.verb:set package 'auto_aim_interfaces' build argument 'cmake_args' from command line to 'None'
[0.343s] Level 5:colcon.colcon_core.verb:set package 'auto_aim_interfaces' build argument 'cmake_target' from command line to 'None'
[0.343s] Level 5:colcon.colcon_core.verb:set package 'auto_aim_interfaces' build argument 'cmake_target_skip_unavailable' from command line to 'False'
[0.343s] Level 5:colcon.colcon_core.verb:set package 'auto_aim_interfaces' build argument 'cmake_clean_cache' from command line to 'False'
[0.343s] Level 5:colcon.colcon_core.verb:set package 'auto_aim_interfaces' build argument 'cmake_clean_first' from command line to 'False'
[0.343s] Level 5:colcon.colcon_core.verb:set package 'auto_aim_interfaces' build argument 'cmake_force_configure' from command line to 'False'
[0.343s] Level 5:colcon.colcon_core.verb:set package 'auto_aim_interfaces' build argument 'ament_cmake_args' from command line to 'None'
[0.343s] Level 5:colcon.colcon_core.verb:set package 'auto_aim_interfaces' build argument 'catkin_cmake_args' from command line to 'None'
[0.343s] Level 5:colcon.colcon_core.verb:set package 'auto_aim_interfaces' build argument 'catkin_skip_building_tests' from command line to 'False'
[0.343s] DEBUG:colcon.colcon_core.verb:Building package 'auto_aim_interfaces' with the following arguments: {'ament_cmake_args': None, 'build_base': '/home/ghlins/new_tracker/build/auto_aim_interfaces', 'catkin_cmake_args': None, 'catkin_skip_building_tests': False, 'cmake_args': None, 'cmake_clean_cache': False, 'cmake_clean_first': False, 'cmake_force_configure': False, 'cmake_target': None, 'cmake_target_skip_unavailable': False, 'install_base': '/home/ghlins/new_tracker/install/auto_aim_interfaces', 'merge_install': False, 'path': '/home/ghlins/new_tracker/src/rm_auto_aim/auto_aim_interfaces', 'symlink_install': False, 'test_result_base': None}
[0.344s] Level 5:colcon.colcon_core.verb:set package 'my_ros2_opencv_pkg' build argument 'cmake_args' from command line to 'None'
[0.344s] Level 5:colcon.colcon_core.verb:set package 'my_ros2_opencv_pkg' build argument 'cmake_target' from command line to 'None'
[0.344s] Level 5:colcon.colcon_core.verb:set package 'my_ros2_opencv_pkg' build argument 'cmake_target_skip_unavailable' from command line to 'False'
[0.344s] Level 5:colcon.colcon_core.verb:set package 'my_ros2_opencv_pkg' build argument 'cmake_clean_cache' from command line to 'False'
[0.344s] Level 5:colcon.colcon_core.verb:set package 'my_ros2_opencv_pkg' build argument 'cmake_clean_first' from command line to 'False'
[0.344s] Level 5:colcon.colcon_core.verb:set package 'my_ros2_opencv_pkg' build argument 'cmake_force_configure' from command line to 'False'
[0.344s] Level 5:colcon.colcon_core.verb:set package 'my_ros2_opencv_pkg' build argument 'ament_cmake_args' from command line to 'None'
[0.344s] Level 5:colcon.colcon_core.verb:set package 'my_ros2_opencv_pkg' build argument 'catkin_cmake_args' from command line to 'None'
[0.344s] Level 5:colcon.colcon_core.verb:set package 'my_ros2_opencv_pkg' build argument 'catkin_skip_building_tests' from command line to 'False'
[0.344s] DEBUG:colcon.colcon_core.verb:Building package 'my_ros2_opencv_pkg' with the following arguments: {'ament_cmake_args': None, 'build_base': '/home/ghlins/new_tracker/build/my_ros2_opencv_pkg', 'catkin_cmake_args': None, 'catkin_skip_building_tests': False, 'cmake_args': None, 'cmake_clean_cache': False, 'cmake_clean_first': False, 'cmake_force_configure': False, 'cmake_target': None, 'cmake_target_skip_unavailable': False, 'install_base': '/home/ghlins/new_tracker/install/my_ros2_opencv_pkg', 'merge_install': False, 'path': '/home/ghlins/new_tracker/src/my_ros2_opencv_pkg', 'symlink_install': False, 'test_result_base': None}
[0.344s] Level 5:colcon.colcon_core.verb:set package 'armor_detector' build argument 'cmake_args' from command line to 'None'
[0.344s] Level 5:colcon.colcon_core.verb:set package 'armor_detector' build argument 'cmake_target' from command line to 'None'
[0.344s] Level 5:colcon.colcon_core.verb:set package 'armor_detector' build argument 'cmake_target_skip_unavailable' from command line to 'False'
[0.344s] Level 5:colcon.colcon_core.verb:set package 'armor_detector' build argument 'cmake_clean_cache' from command line to 'False'
[0.344s] Level 5:colcon.colcon_core.verb:set package 'armor_detector' build argument 'cmake_clean_first' from command line to 'False'
[0.344s] Level 5:colcon.colcon_core.verb:set package 'armor_detector' build argument 'cmake_force_configure' from command line to 'False'
[0.344s] Level 5:colcon.colcon_core.verb:set package 'armor_detector' build argument 'ament_cmake_args' from command line to 'None'
[0.344s] Level 5:colcon.colcon_core.verb:set package 'armor_detector' build argument 'catkin_cmake_args' from command line to 'None'
[0.345s] Level 5:colcon.colcon_core.verb:set package 'armor_detector' build argument 'catkin_skip_building_tests' from command line to 'False'
[0.345s] DEBUG:colcon.colcon_core.verb:Building package 'armor_detector' with the following arguments: {'ament_cmake_args': None, 'build_base': '/home/ghlins/new_tracker/build/armor_detector', 'catkin_cmake_args': None, 'catkin_skip_building_tests': False, 'cmake_args': None, 'cmake_clean_cache': False, 'cmake_clean_first': False, 'cmake_force_configure': False, 'cmake_target': None, 'cmake_target_skip_unavailable': False, 'install_base': '/home/ghlins/new_tracker/install/armor_detector', 'merge_install': False, 'path': '/home/ghlins/new_tracker/src/rm_auto_aim/armor_detector', 'symlink_install': False, 'test_result_base': None}
[0.345s] Level 5:colcon.colcon_core.verb:set package 'bringup' build argument 'cmake_args' from command line to 'None'
[0.345s] Level 5:colcon.colcon_core.verb:set package 'bringup' build argument 'cmake_target' from command line to 'None'
[0.345s] Level 5:colcon.colcon_core.verb:set package 'bringup' build argument 'cmake_target_skip_unavailable' from command line to 'False'
[0.345s] Level 5:colcon.colcon_core.verb:set package 'bringup' build argument 'cmake_clean_cache' from command line to 'False'
[0.345s] Level 5:colcon.colcon_core.verb:set package 'bringup' build argument 'cmake_clean_first' from command line to 'False'
[0.345s] Level 5:colcon.colcon_core.verb:set package 'bringup' build argument 'cmake_force_configure' from command line to 'False'
[0.345s] Level 5:colcon.colcon_core.verb:set package 'bringup' build argument 'ament_cmake_args' from command line to 'None'
[0.345s] Level 5:colcon.colcon_core.verb:set package 'bringup' build argument 'catkin_cmake_args' from command line to 'None'
[0.345s] Level 5:colcon.colcon_core.verb:set package 'bringup' build argument 'catkin_skip_building_tests' from command line to 'False'
[0.345s] DEBUG:colcon.colcon_core.verb:Building package 'bringup' with the following arguments: {'ament_cmake_args': None, 'build_base': '/home/ghlins/new_tracker/build/bringup', 'catkin_cmake_args': None, 'catkin_skip_building_tests': False, 'cmake_args': None, 'cmake_clean_cache': False, 'cmake_clean_first': False, 'cmake_force_configure': False, 'cmake_target': None, 'cmake_target_skip_unavailable': False, 'install_base': '/home/ghlins/new_tracker/install/bringup', 'merge_install': False, 'path': '/home/ghlins/new_tracker/src/bringup', 'symlink_install': False, 'test_result_base': None}
[0.346s] Level 5:colcon.colcon_core.verb:set package 'new_armor_tracker' build argument 'cmake_args' from command line to 'None'
[0.346s] Level 5:colcon.colcon_core.verb:set package 'new_armor_tracker' build argument 'cmake_target' from command line to 'None'
[0.346s] Level 5:colcon.colcon_core.verb:set package 'new_armor_tracker' build argument 'cmake_target_skip_unavailable' from command line to 'False'
[0.346s] Level 5:colcon.colcon_core.verb:set package 'new_armor_tracker' build argument 'cmake_clean_cache' from command line to 'False'
[0.346s] Level 5:colcon.colcon_core.verb:set package 'new_armor_tracker' build argument 'cmake_clean_first' from command line to 'False'
[0.346s] Level 5:colcon.colcon_core.verb:set package 'new_armor_tracker' build argument 'cmake_force_configure' from command line to 'False'
[0.346s] Level 5:colcon.colcon_core.verb:set package 'new_armor_tracker' build argument 'ament_cmake_args' from command line to 'None'
[0.346s] Level 5:colcon.colcon_core.verb:set package 'new_armor_tracker' build argument 'catkin_cmake_args' from command line to 'None'
[0.346s] Level 5:colcon.colcon_core.verb:set package 'new_armor_tracker' build argument 'catkin_skip_building_tests' from command line to 'False'
[0.346s] DEBUG:colcon.colcon_core.verb:Building package 'new_armor_tracker' with the following arguments: {'ament_cmake_args': None, 'build_base': '/home/ghlins/new_tracker/build/new_armor_tracker', 'catkin_cmake_args': None, 'catkin_skip_building_tests': False, 'cmake_args': None, 'cmake_clean_cache': False, 'cmake_clean_first': False, 'cmake_force_configure': False, 'cmake_target': None, 'cmake_target_skip_unavailable': False, 'install_base': '/home/ghlins/new_tracker/install/new_armor_tracker', 'merge_install': False, 'path': '/home/ghlins/new_tracker/src/rm_auto_aim/new_tracker', 'symlink_install': False, 'test_result_base': None}
[0.346s] INFO:colcon.colcon_core.executor:Executing jobs using 'parallel' executor
[0.348s] DEBUG:colcon.colcon_parallel_executor.executor.parallel:run_until_complete
[0.349s] INFO:colcon.colcon_ros.task.ament_cmake.build:Building ROS package in '/home/ghlins/new_tracker/src/rm_auto_aim/auto_aim_interfaces' with build type 'ament_cmake'
[0.349s] INFO:colcon.colcon_cmake.task.cmake.build:Building CMake package in '/home/ghlins/new_tracker/src/rm_auto_aim/auto_aim_interfaces'
[0.352s] INFO:colcon.colcon_core.plugin_system:Skipping extension 'colcon_core.shell.bat': Not used on non-Windows systems
[0.352s] INFO:colcon.colcon_core.shell:Skip shell extension 'powershell' for command environment: Not usable outside of PowerShell
[0.352s] DEBUG:colcon.colcon_core.shell:Skip shell extension 'dsv' for command environment
[0.355s] INFO:colcon.colcon_ros.task.ament_cmake.build:Building ROS package in '/home/ghlins/new_tracker/src/my_ros2_opencv_pkg' with build type 'ament_cmake'
[0.355s] INFO:colcon.colcon_cmake.task.cmake.build:Building CMake package in '/home/ghlins/new_tracker/src/my_ros2_opencv_pkg'
[0.356s] INFO:colcon.colcon_core.shell:Skip shell extension 'powershell' for command environment: Not usable outside of PowerShell
[0.356s] DEBUG:colcon.colcon_core.shell:Skip shell extension 'dsv' for command environment
[0.365s] DEBUG:colcon.colcon_core.event_handler.log_command:Invoking command in '/home/ghlins/new_tracker/build/auto_aim_interfaces': CMAKE_PREFIX_PATH=${CMAKE_PREFIX_PATH}:/opt/ros/humble /usr/bin/cmake /home/ghlins/new_tracker/src/rm_auto_aim/auto_aim_interfaces -DCMAKE_INSTALL_PREFIX=/home/ghlins/new_tracker/install/auto_aim_interfaces
[0.366s] DEBUG:colcon.colcon_core.event_handler.log_command:Invoking command in '/home/ghlins/new_tracker/build/my_ros2_opencv_pkg': CMAKE_PREFIX_PATH=${CMAKE_PREFIX_PATH}:/opt/ros/humble /usr/bin/cmake /home/ghlins/new_tracker/src/my_ros2_opencv_pkg -DCMAKE_INSTALL_PREFIX=/home/ghlins/new_tracker/install/my_ros2_opencv_pkg
[2.668s] DEBUG:colcon.colcon_core.event_handler.log_command:Invoked command in '/home/ghlins/new_tracker/build/auto_aim_interfaces' returned '0': CMAKE_PREFIX_PATH=${CMAKE_PREFIX_PATH}:/opt/ros/humble /usr/bin/cmake /home/ghlins/new_tracker/src/rm_auto_aim/auto_aim_interfaces -DCMAKE_INSTALL_PREFIX=/home/ghlins/new_tracker/install/auto_aim_interfaces
[2.669s] DEBUG:colcon.colcon_core.event_handler.log_command:Invoking command in '/home/ghlins/new_tracker/build/auto_aim_interfaces': CMAKE_PREFIX_PATH=${CMAKE_PREFIX_PATH}:/opt/ros/humble /usr/bin/cmake --build /home/ghlins/new_tracker/build/auto_aim_interfaces -- -j20 -l20
[6.397s] DEBUG:colcon.colcon_core.event_handler.log_command:Invoked command in '/home/ghlins/new_tracker/build/auto_aim_interfaces' returned '0': CMAKE_PREFIX_PATH=${CMAKE_PREFIX_PATH}:/opt/ros/humble /usr/bin/cmake --build /home/ghlins/new_tracker/build/auto_aim_interfaces -- -j20 -l20
[6.553s] DEBUG:colcon.colcon_core.event_handler.log_command:Invoking command in '/home/ghlins/new_tracker/build/auto_aim_interfaces': CMAKE_PREFIX_PATH=${CMAKE_PREFIX_PATH}:/opt/ros/humble /usr/bin/cmake --install /home/ghlins/new_tracker/build/auto_aim_interfaces
[6.632s] Level 1:colcon.colcon_core.environment:create_environment_scripts_only(auto_aim_interfaces)
[6.633s] DEBUG:colcon.colcon_core.event_handler.log_command:Invoked command in '/home/ghlins/new_tracker/build/auto_aim_interfaces' returned '0': CMAKE_PREFIX_PATH=${CMAKE_PREFIX_PATH}:/opt/ros/humble /usr/bin/cmake --install /home/ghlins/new_tracker/build/auto_aim_interfaces
[6.638s] Level 1:colcon.colcon_core.environment:checking '/home/ghlins/new_tracker/install/auto_aim_interfaces' for CMake module files
[6.638s] Level 1:colcon.colcon_core.environment:checking '/home/ghlins/new_tracker/install/auto_aim_interfaces' for CMake config files
[6.639s] Level 1:colcon.colcon_core.shell:create_environment_hook('auto_aim_interfaces', 'cmake_prefix_path')
[6.640s] INFO:colcon.colcon_core.shell:Creating environment hook '/home/ghlins/new_tracker/install/auto_aim_interfaces/share/auto_aim_interfaces/hook/cmake_prefix_path.ps1'
[6.640s] INFO:colcon.colcon_core.shell:Creating environment descriptor '/home/ghlins/new_tracker/install/auto_aim_interfaces/share/auto_aim_interfaces/hook/cmake_prefix_path.dsv'
[6.641s] INFO:colcon.colcon_core.shell:Creating environment hook '/home/ghlins/new_tracker/install/auto_aim_interfaces/share/auto_aim_interfaces/hook/cmake_prefix_path.sh'
[6.641s] Level 1:colcon.colcon_core.environment:checking '/home/ghlins/new_tracker/install/auto_aim_interfaces/lib'
[6.641s] Level 1:colcon.colcon_core.shell:create_environment_hook('auto_aim_interfaces', 'ld_library_path_lib')
[6.642s] INFO:colcon.colcon_core.shell:Creating environment hook '/home/ghlins/new_tracker/install/auto_aim_interfaces/share/auto_aim_interfaces/hook/ld_library_path_lib.ps1'
[6.643s] INFO:colcon.colcon_core.shell:Creating environment descriptor '/home/ghlins/new_tracker/install/auto_aim_interfaces/share/auto_aim_interfaces/hook/ld_library_path_lib.dsv'
[6.643s] INFO:colcon.colcon_core.shell:Creating environment hook '/home/ghlins/new_tracker/install/auto_aim_interfaces/share/auto_aim_interfaces/hook/ld_library_path_lib.sh'
[6.643s] Level 1:colcon.colcon_core.environment:checking '/home/ghlins/new_tracker/install/auto_aim_interfaces/bin'
[6.643s] Level 1:colcon.colcon_core.environment:checking '/home/ghlins/new_tracker/install/auto_aim_interfaces/lib/pkgconfig/auto_aim_interfaces.pc'
[6.643s] Level 1:colcon.colcon_core.environment:checking '/home/ghlins/new_tracker/install/auto_aim_interfaces/lib/python3.10/site-packages'
[6.644s] Level 1:colcon.colcon_core.environment:checking '/home/ghlins/new_tracker/install/auto_aim_interfaces/bin'
[6.645s] INFO:colcon.colcon_core.shell:Creating package script '/home/ghlins/new_tracker/install/auto_aim_interfaces/share/auto_aim_interfaces/package.ps1'
[6.645s] INFO:colcon.colcon_core.shell:Creating package descriptor '/home/ghlins/new_tracker/install/auto_aim_interfaces/share/auto_aim_interfaces/package.dsv'
[6.645s] INFO:colcon.colcon_core.shell:Creating package script '/home/ghlins/new_tracker/install/auto_aim_interfaces/share/auto_aim_interfaces/package.sh'
[6.646s] INFO:colcon.colcon_core.shell:Creating package script '/home/ghlins/new_tracker/install/auto_aim_interfaces/share/auto_aim_interfaces/package.bash'
[6.646s] INFO:colcon.colcon_core.shell:Creating package script '/home/ghlins/new_tracker/install/auto_aim_interfaces/share/auto_aim_interfaces/package.zsh'
[6.647s] Level 1:colcon.colcon_core.environment:create_file_with_runtime_dependencies(/home/ghlins/new_tracker/install/auto_aim_interfaces/share/colcon-core/packages/auto_aim_interfaces)
[6.789s] Level 1:colcon.colcon_core.environment:create_environment_scripts_only(auto_aim_interfaces)
[6.790s] Level 1:colcon.colcon_core.environment:checking '/home/ghlins/new_tracker/install/auto_aim_interfaces' for CMake module files
[6.791s] Level 1:colcon.colcon_core.environment:checking '/home/ghlins/new_tracker/install/auto_aim_interfaces' for CMake config files
[6.791s] Level 1:colcon.colcon_core.shell:create_environment_hook('auto_aim_interfaces', 'cmake_prefix_path')
[6.792s] INFO:colcon.colcon_core.shell:Creating environment hook '/home/ghlins/new_tracker/install/auto_aim_interfaces/share/auto_aim_interfaces/hook/cmake_prefix_path.ps1'
[6.792s] INFO:colcon.colcon_core.shell:Creating environment descriptor '/home/ghlins/new_tracker/install/auto_aim_interfaces/share/auto_aim_interfaces/hook/cmake_prefix_path.dsv'
[6.793s] INFO:colcon.colcon_core.shell:Creating environment hook '/home/ghlins/new_tracker/install/auto_aim_interfaces/share/auto_aim_interfaces/hook/cmake_prefix_path.sh'
[6.793s] Level 1:colcon.colcon_core.environment:checking '/home/ghlins/new_tracker/install/auto_aim_interfaces/lib'
[6.793s] Level 1:colcon.colcon_core.shell:create_environment_hook('auto_aim_interfaces', 'ld_library_path_lib')
[6.794s] INFO:colcon.colcon_core.shell:Creating environment hook '/home/ghlins/new_tracker/install/auto_aim_interfaces/share/auto_aim_interfaces/hook/ld_library_path_lib.ps1'
[6.795s] INFO:colcon.colcon_core.shell:Creating environment descriptor '/home/ghlins/new_tracker/install/auto_aim_interfaces/share/auto_aim_interfaces/hook/ld_library_path_lib.dsv'
[6.795s] INFO:colcon.colcon_core.shell:Creating environment hook '/home/ghlins/new_tracker/install/auto_aim_interfaces/share/auto_aim_interfaces/hook/ld_library_path_lib.sh'
[6.795s] Level 1:colcon.colcon_core.environment:checking '/home/ghlins/new_tracker/install/auto_aim_interfaces/bin'
[6.795s] Level 1:colcon.colcon_core.environment:checking '/home/ghlins/new_tracker/install/auto_aim_interfaces/lib/pkgconfig/auto_aim_interfaces.pc'
[6.795s] Level 1:colcon.colcon_core.environment:checking '/home/ghlins/new_tracker/install/auto_aim_interfaces/lib/python3.10/site-packages'
[6.796s] Level 1:colcon.colcon_core.environment:checking '/home/ghlins/new_tracker/install/auto_aim_interfaces/bin'
[6.796s] INFO:colcon.colcon_core.shell:Creating package script '/home/ghlins/new_tracker/install/auto_aim_interfaces/share/auto_aim_interfaces/package.ps1'
[6.797s] INFO:colcon.colcon_core.shell:Creating package descriptor '/home/ghlins/new_tracker/install/auto_aim_interfaces/share/auto_aim_interfaces/package.dsv'
[6.797s] INFO:colcon.colcon_core.shell:Creating package script '/home/ghlins/new_tracker/install/auto_aim_interfaces/share/auto_aim_interfaces/package.sh'
[6.797s] INFO:colcon.colcon_core.shell:Creating package script '/home/ghlins/new_tracker/install/auto_aim_interfaces/share/auto_aim_interfaces/package.bash'
[6.798s] INFO:colcon.colcon_core.shell:Creating package script '/home/ghlins/new_tracker/install/auto_aim_interfaces/share/auto_aim_interfaces/package.zsh'
[6.798s] Level 1:colcon.colcon_core.environment:create_file_with_runtime_dependencies(/home/ghlins/new_tracker/install/auto_aim_interfaces/share/colcon-core/packages/auto_aim_interfaces)
[6.798s] INFO:colcon.colcon_ros.task.ament_cmake.build:Building ROS package in '/home/ghlins/new_tracker/src/rm_auto_aim/armor_detector' with build type 'ament_cmake'
[6.799s] INFO:colcon.colcon_cmake.task.cmake.build:Building CMake package in '/home/ghlins/new_tracker/src/rm_auto_aim/armor_detector'
[6.800s] INFO:colcon.colcon_core.shell:Skip shell extension 'powershell' for command environment: Not usable outside of PowerShell
[6.800s] DEBUG:colcon.colcon_core.shell:Skip shell extension 'dsv' for command environment
[6.804s] INFO:colcon.colcon_ros.task.ament_cmake.build:Building ROS package in '/home/ghlins/new_tracker/src/rm_auto_aim/new_tracker' with build type 'ament_cmake'
[6.804s] INFO:colcon.colcon_cmake.task.cmake.build:Building CMake package in '/home/ghlins/new_tracker/src/rm_auto_aim/new_tracker'
[6.805s] INFO:colcon.colcon_core.shell:Skip shell extension 'powershell' for command environment: Not usable outside of PowerShell
[6.805s] DEBUG:colcon.colcon_core.shell:Skip shell extension 'dsv' for command environment
[6.895s] DEBUG:colcon.colcon_core.event_handler.log_command:Invoking command in '/home/ghlins/new_tracker/build/armor_detector': CMAKE_PREFIX_PATH=/home/ghlins/new_tracker/install/auto_aim_interfaces:/home/ghlins/new_tracker/install/new_armor_tracker:/home/ghlins/new_tracker/install/my_ros2_opencv_pkg:/home/ghlins/new_tracker/install/armor_detector:/opt/ros/humble LD_LIBRARY_PATH=/home/ghlins/new_tracker/install/auto_aim_interfaces/lib:/home/ghlins/new_tracker/install/new_armor_tracker/lib:/home/ghlins/new_tracker/install/armor_detector/lib:/usr/lib/x86_64-linux-gnu/gazebo-11/plugins:/opt/ros/humble/opt/rviz_ogre_vendor/lib:/opt/ros/humble/lib/x86_64-linux-gnu:/opt/ros/humble/lib /usr/bin/cmake /home/ghlins/new_tracker/src/rm_auto_aim/armor_detector -DCMAKE_INSTALL_PREFIX=/home/ghlins/new_tracker/install/armor_detector
[6.896s] DEBUG:colcon.colcon_core.event_handler.log_command:Invoking command in '/home/ghlins/new_tracker/build/new_armor_tracker': CMAKE_PREFIX_PATH=/home/ghlins/new_tracker/install/auto_aim_interfaces:/home/ghlins/new_tracker/install/new_armor_tracker:/home/ghlins/new_tracker/install/my_ros2_opencv_pkg:/home/ghlins/new_tracker/install/armor_detector:/opt/ros/humble LD_LIBRARY_PATH=/home/ghlins/new_tracker/install/auto_aim_interfaces/lib:/home/ghlins/new_tracker/install/new_armor_tracker/lib:/home/ghlins/new_tracker/install/armor_detector/lib:/usr/lib/x86_64-linux-gnu/gazebo-11/plugins:/opt/ros/humble/opt/rviz_ogre_vendor/lib:/opt/ros/humble/lib/x86_64-linux-gnu:/opt/ros/humble/lib /usr/bin/cmake /home/ghlins/new_tracker/src/rm_auto_aim/new_tracker -DCMAKE_INSTALL_PREFIX=/home/ghlins/new_tracker/install/new_armor_tracker
[9.271s] DEBUG:colcon.colcon_core.event_handler.log_command:Invoked command in '/home/ghlins/new_tracker/build/my_ros2_opencv_pkg' returned '0': CMAKE_PREFIX_PATH=${CMAKE_PREFIX_PATH}:/opt/ros/humble /usr/bin/cmake /home/ghlins/new_tracker/src/my_ros2_opencv_pkg -DCMAKE_INSTALL_PREFIX=/home/ghlins/new_tracker/install/my_ros2_opencv_pkg
[9.273s] DEBUG:colcon.colcon_core.event_handler.log_command:Invoking command in '/home/ghlins/new_tracker/build/my_ros2_opencv_pkg': CMAKE_PREFIX_PATH=${CMAKE_PREFIX_PATH}:/opt/ros/humble /usr/bin/cmake --build /home/ghlins/new_tracker/build/my_ros2_opencv_pkg -- -j20 -l20
[15.781s] DEBUG:colcon.colcon_core.event_handler.log_command:Invoked command in '/home/ghlins/new_tracker/build/armor_detector' returned '0': CMAKE_PREFIX_PATH=/home/ghlins/new_tracker/install/auto_aim_interfaces:/home/ghlins/new_tracker/install/new_armor_tracker:/home/ghlins/new_tracker/install/my_ros2_opencv_pkg:/home/ghlins/new_tracker/install/armor_detector:/opt/ros/humble LD_LIBRARY_PATH=/home/ghlins/new_tracker/install/auto_aim_interfaces/lib:/home/ghlins/new_tracker/install/new_armor_tracker/lib:/home/ghlins/new_tracker/install/armor_detector/lib:/usr/lib/x86_64-linux-gnu/gazebo-11/plugins:/opt/ros/humble/opt/rviz_ogre_vendor/lib:/opt/ros/humble/lib/x86_64-linux-gnu:/opt/ros/humble/lib /usr/bin/cmake /home/ghlins/new_tracker/src/rm_auto_aim/armor_detector -DCMAKE_INSTALL_PREFIX=/home/ghlins/new_tracker/install/armor_detector
[15.782s] DEBUG:colcon.colcon_core.event_handler.log_command:Invoking command in '/home/ghlins/new_tracker/build/armor_detector': CMAKE_PREFIX_PATH=/home/ghlins/new_tracker/install/auto_aim_interfaces:/home/ghlins/new_tracker/install/new_armor_tracker:/home/ghlins/new_tracker/install/my_ros2_opencv_pkg:/home/ghlins/new_tracker/install/armor_detector:/opt/ros/humble LD_LIBRARY_PATH=/home/ghlins/new_tracker/install/auto_aim_interfaces/lib:/home/ghlins/new_tracker/install/new_armor_tracker/lib:/home/ghlins/new_tracker/install/armor_detector/lib:/usr/lib/x86_64-linux-gnu/gazebo-11/plugins:/opt/ros/humble/opt/rviz_ogre_vendor/lib:/opt/ros/humble/lib/x86_64-linux-gnu:/opt/ros/humble/lib /usr/bin/cmake --build /home/ghlins/new_tracker/build/armor_detector -- -j20 -l20
[16.263s] DEBUG:colcon.colcon_core.event_handler.log_command:Invoked command in '/home/ghlins/new_tracker/build/new_armor_tracker' returned '0': CMAKE_PREFIX_PATH=/home/ghlins/new_tracker/install/auto_aim_interfaces:/home/ghlins/new_tracker/install/new_armor_tracker:/home/ghlins/new_tracker/install/my_ros2_opencv_pkg:/home/ghlins/new_tracker/install/armor_detector:/opt/ros/humble LD_LIBRARY_PATH=/home/ghlins/new_tracker/install/auto_aim_interfaces/lib:/home/ghlins/new_tracker/install/new_armor_tracker/lib:/home/ghlins/new_tracker/install/armor_detector/lib:/usr/lib/x86_64-linux-gnu/gazebo-11/plugins:/opt/ros/humble/opt/rviz_ogre_vendor/lib:/opt/ros/humble/lib/x86_64-linux-gnu:/opt/ros/humble/lib /usr/bin/cmake /home/ghlins/new_tracker/src/rm_auto_aim/new_tracker -DCMAKE_INSTALL_PREFIX=/home/ghlins/new_tracker/install/new_armor_tracker
[16.266s] DEBUG:colcon.colcon_core.event_handler.log_command:Invoking command in '/home/ghlins/new_tracker/build/new_armor_tracker': CMAKE_PREFIX_PATH=/home/ghlins/new_tracker/install/auto_aim_interfaces:/home/ghlins/new_tracker/install/new_armor_tracker:/home/ghlins/new_tracker/install/my_ros2_opencv_pkg:/home/ghlins/new_tracker/install/armor_detector:/opt/ros/humble LD_LIBRARY_PATH=/home/ghlins/new_tracker/install/auto_aim_interfaces/lib:/home/ghlins/new_tracker/install/new_armor_tracker/lib:/home/ghlins/new_tracker/install/armor_detector/lib:/usr/lib/x86_64-linux-gnu/gazebo-11/plugins:/opt/ros/humble/opt/rviz_ogre_vendor/lib:/opt/ros/humble/lib/x86_64-linux-gnu:/opt/ros/humble/lib /usr/bin/cmake --build /home/ghlins/new_tracker/build/new_armor_tracker -- -j20 -l20
[18.674s] DEBUG:colcon.colcon_core.event_handler.log_command:Invoked command in '/home/ghlins/new_tracker/build/my_ros2_opencv_pkg' returned '0': CMAKE_PREFIX_PATH=${CMAKE_PREFIX_PATH}:/opt/ros/humble /usr/bin/cmake --build /home/ghlins/new_tracker/build/my_ros2_opencv_pkg -- -j20 -l20
[18.697s] DEBUG:colcon.colcon_core.event_handler.log_command:Invoking command in '/home/ghlins/new_tracker/build/my_ros2_opencv_pkg': CMAKE_PREFIX_PATH=${CMAKE_PREFIX_PATH}:/opt/ros/humble /usr/bin/cmake --install /home/ghlins/new_tracker/build/my_ros2_opencv_pkg
[18.709s] Level 1:colcon.colcon_core.environment:create_environment_scripts_only(my_ros2_opencv_pkg)
[18.710s] DEBUG:colcon.colcon_core.event_handler.log_command:Invoked command in '/home/ghlins/new_tracker/build/my_ros2_opencv_pkg' returned '0': CMAKE_PREFIX_PATH=${CMAKE_PREFIX_PATH}:/opt/ros/humble /usr/bin/cmake --install /home/ghlins/new_tracker/build/my_ros2_opencv_pkg
[18.711s] Level 1:colcon.colcon_core.environment:checking '/home/ghlins/new_tracker/install/my_ros2_opencv_pkg' for CMake module files
[18.712s] Level 1:colcon.colcon_core.environment:checking '/home/ghlins/new_tracker/install/my_ros2_opencv_pkg' for CMake config files
[18.712s] Level 1:colcon.colcon_core.shell:create_environment_hook('my_ros2_opencv_pkg', 'cmake_prefix_path')
[18.713s] INFO:colcon.colcon_core.shell:Creating environment hook '/home/ghlins/new_tracker/install/my_ros2_opencv_pkg/share/my_ros2_opencv_pkg/hook/cmake_prefix_path.ps1'
[18.714s] INFO:colcon.colcon_core.shell:Creating environment descriptor '/home/ghlins/new_tracker/install/my_ros2_opencv_pkg/share/my_ros2_opencv_pkg/hook/cmake_prefix_path.dsv'
[18.714s] INFO:colcon.colcon_core.shell:Creating environment hook '/home/ghlins/new_tracker/install/my_ros2_opencv_pkg/share/my_ros2_opencv_pkg/hook/cmake_prefix_path.sh'
[18.714s] Level 1:colcon.colcon_core.environment:checking '/home/ghlins/new_tracker/install/my_ros2_opencv_pkg/lib'
[18.714s] Level 1:colcon.colcon_core.environment:checking '/home/ghlins/new_tracker/install/my_ros2_opencv_pkg/bin'
[18.714s] Level 1:colcon.colcon_core.environment:checking '/home/ghlins/new_tracker/install/my_ros2_opencv_pkg/lib/pkgconfig/my_ros2_opencv_pkg.pc'
[18.715s] Level 1:colcon.colcon_core.environment:checking '/home/ghlins/new_tracker/install/my_ros2_opencv_pkg/lib/python3.10/site-packages'
[18.715s] Level 1:colcon.colcon_core.environment:checking '/home/ghlins/new_tracker/install/my_ros2_opencv_pkg/bin'
[18.716s] INFO:colcon.colcon_core.shell:Creating package script '/home/ghlins/new_tracker/install/my_ros2_opencv_pkg/share/my_ros2_opencv_pkg/package.ps1'
[18.716s] INFO:colcon.colcon_core.shell:Creating package descriptor '/home/ghlins/new_tracker/install/my_ros2_opencv_pkg/share/my_ros2_opencv_pkg/package.dsv'
[18.717s] INFO:colcon.colcon_core.shell:Creating package script '/home/ghlins/new_tracker/install/my_ros2_opencv_pkg/share/my_ros2_opencv_pkg/package.sh'
[18.717s] INFO:colcon.colcon_core.shell:Creating package script '/home/ghlins/new_tracker/install/my_ros2_opencv_pkg/share/my_ros2_opencv_pkg/package.bash'
[18.717s] INFO:colcon.colcon_core.shell:Creating package script '/home/ghlins/new_tracker/install/my_ros2_opencv_pkg/share/my_ros2_opencv_pkg/package.zsh'
[18.717s] Level 1:colcon.colcon_core.environment:create_file_with_runtime_dependencies(/home/ghlins/new_tracker/install/my_ros2_opencv_pkg/share/colcon-core/packages/my_ros2_opencv_pkg)
[18.739s] Level 1:colcon.colcon_core.environment:create_environment_scripts_only(my_ros2_opencv_pkg)
[18.741s] Level 1:colcon.colcon_core.environment:checking '/home/ghlins/new_tracker/install/my_ros2_opencv_pkg' for CMake module files
[18.741s] Level 1:colcon.colcon_core.environment:checking '/home/ghlins/new_tracker/install/my_ros2_opencv_pkg' for CMake config files
[18.741s] Level 1:colcon.colcon_core.shell:create_environment_hook('my_ros2_opencv_pkg', 'cmake_prefix_path')
[18.742s] INFO:colcon.colcon_core.shell:Creating environment hook '/home/ghlins/new_tracker/install/my_ros2_opencv_pkg/share/my_ros2_opencv_pkg/hook/cmake_prefix_path.ps1'
[18.743s] INFO:colcon.colcon_core.shell:Creating environment descriptor '/home/ghlins/new_tracker/install/my_ros2_opencv_pkg/share/my_ros2_opencv_pkg/hook/cmake_prefix_path.dsv'
[18.743s] INFO:colcon.colcon_core.shell:Creating environment hook '/home/ghlins/new_tracker/install/my_ros2_opencv_pkg/share/my_ros2_opencv_pkg/hook/cmake_prefix_path.sh'
[18.743s] Level 1:colcon.colcon_core.environment:checking '/home/ghlins/new_tracker/install/my_ros2_opencv_pkg/lib'
[18.743s] Level 1:colcon.colcon_core.environment:checking '/home/ghlins/new_tracker/install/my_ros2_opencv_pkg/bin'
[18.744s] Level 1:colcon.colcon_core.environment:checking '/home/ghlins/new_tracker/install/my_ros2_opencv_pkg/lib/pkgconfig/my_ros2_opencv_pkg.pc'
[18.744s] Level 1:colcon.colcon_core.environment:checking '/home/ghlins/new_tracker/install/my_ros2_opencv_pkg/lib/python3.10/site-packages'
[18.744s] Level 1:colcon.colcon_core.environment:checking '/home/ghlins/new_tracker/install/my_ros2_opencv_pkg/bin'
[18.745s] INFO:colcon.colcon_core.shell:Creating package script '/home/ghlins/new_tracker/install/my_ros2_opencv_pkg/share/my_ros2_opencv_pkg/package.ps1'
[18.745s] INFO:colcon.colcon_core.shell:Creating package descriptor '/home/ghlins/new_tracker/install/my_ros2_opencv_pkg/share/my_ros2_opencv_pkg/package.dsv'
[18.746s] INFO:colcon.colcon_core.shell:Creating package script '/home/ghlins/new_tracker/install/my_ros2_opencv_pkg/share/my_ros2_opencv_pkg/package.sh'
[18.746s] INFO:colcon.colcon_core.shell:Creating package script '/home/ghlins/new_tracker/install/my_ros2_opencv_pkg/share/my_ros2_opencv_pkg/package.bash'
[18.746s] INFO:colcon.colcon_core.shell:Creating package script '/home/ghlins/new_tracker/install/my_ros2_opencv_pkg/share/my_ros2_opencv_pkg/package.zsh'
[18.747s] Level 1:colcon.colcon_core.environment:create_file_with_runtime_dependencies(/home/ghlins/new_tracker/install/my_ros2_opencv_pkg/share/colcon-core/packages/my_ros2_opencv_pkg)
[18.747s] INFO:colcon.colcon_ros.task.ament_cmake.build:Building ROS package in '/home/ghlins/new_tracker/src/bringup' with build type 'ament_cmake'
[18.747s] INFO:colcon.colcon_cmake.task.cmake.build:Building CMake package in '/home/ghlins/new_tracker/src/bringup'
[18.748s] INFO:colcon.colcon_core.shell:Skip shell extension 'powershell' for command environment: Not usable outside of PowerShell
[18.748s] DEBUG:colcon.colcon_core.shell:Skip shell extension 'dsv' for command environment
[18.803s] DEBUG:colcon.colcon_core.event_handler.log_command:Invoking command in '/home/ghlins/new_tracker/build/bringup': CMAKE_PREFIX_PATH=/home/ghlins/new_tracker/install/my_ros2_opencv_pkg:/home/ghlins/new_tracker/install/new_armor_tracker:/home/ghlins/new_tracker/install/armor_detector:/home/ghlins/new_tracker/install/auto_aim_interfaces:/opt/ros/humble /usr/bin/cmake /home/ghlins/new_tracker/src/bringup -DCMAKE_INSTALL_PREFIX=/home/ghlins/new_tracker/install/bringup
[20.547s] DEBUG:colcon.colcon_core.event_handler.log_command:Invoked command in '/home/ghlins/new_tracker/build/bringup' returned '0': CMAKE_PREFIX_PATH=/home/ghlins/new_tracker/install/my_ros2_opencv_pkg:/home/ghlins/new_tracker/install/new_armor_tracker:/home/ghlins/new_tracker/install/armor_detector:/home/ghlins/new_tracker/install/auto_aim_interfaces:/opt/ros/humble /usr/bin/cmake /home/ghlins/new_tracker/src/bringup -DCMAKE_INSTALL_PREFIX=/home/ghlins/new_tracker/install/bringup
[20.549s] DEBUG:colcon.colcon_core.event_handler.log_command:Invoking command in '/home/ghlins/new_tracker/build/bringup': CMAKE_PREFIX_PATH=/home/ghlins/new_tracker/install/my_ros2_opencv_pkg:/home/ghlins/new_tracker/install/new_armor_tracker:/home/ghlins/new_tracker/install/armor_detector:/home/ghlins/new_tracker/install/auto_aim_interfaces:/opt/ros/humble /usr/bin/cmake --build /home/ghlins/new_tracker/build/bringup -- -j20 -l20
[20.576s] DEBUG:colcon.colcon_core.event_handler.log_command:Invoked command in '/home/ghlins/new_tracker/build/bringup' returned '0': CMAKE_PREFIX_PATH=/home/ghlins/new_tracker/install/my_ros2_opencv_pkg:/home/ghlins/new_tracker/install/new_armor_tracker:/home/ghlins/new_tracker/install/armor_detector:/home/ghlins/new_tracker/install/auto_aim_interfaces:/opt/ros/humble /usr/bin/cmake --build /home/ghlins/new_tracker/build/bringup -- -j20 -l20
[20.595s] DEBUG:colcon.colcon_core.event_handler.log_command:Invoking command in '/home/ghlins/new_tracker/build/bringup': CMAKE_PREFIX_PATH=/home/ghlins/new_tracker/install/my_ros2_opencv_pkg:/home/ghlins/new_tracker/install/new_armor_tracker:/home/ghlins/new_tracker/install/armor_detector:/home/ghlins/new_tracker/install/auto_aim_interfaces:/opt/ros/humble /usr/bin/cmake --install /home/ghlins/new_tracker/build/bringup
[20.603s] Level 1:colcon.colcon_core.environment:create_environment_scripts_only(bringup)
[20.603s] DEBUG:colcon.colcon_core.event_handler.log_command:Invoked command in '/home/ghlins/new_tracker/build/bringup' returned '0': CMAKE_PREFIX_PATH=/home/ghlins/new_tracker/install/my_ros2_opencv_pkg:/home/ghlins/new_tracker/install/new_armor_tracker:/home/ghlins/new_tracker/install/armor_detector:/home/ghlins/new_tracker/install/auto_aim_interfaces:/opt/ros/humble /usr/bin/cmake --install /home/ghlins/new_tracker/build/bringup
[20.606s] Level 1:colcon.colcon_core.environment:checking '/home/ghlins/new_tracker/install/bringup' for CMake module files
[20.607s] Level 1:colcon.colcon_core.environment:checking '/home/ghlins/new_tracker/install/bringup' for CMake config files
[20.607s] Level 1:colcon.colcon_core.shell:create_environment_hook('bringup', 'cmake_prefix_path')
[20.608s] INFO:colcon.colcon_core.shell:Creating environment hook '/home/ghlins/new_tracker/install/bringup/share/bringup/hook/cmake_prefix_path.ps1'
[20.608s] INFO:colcon.colcon_core.shell:Creating environment descriptor '/home/ghlins/new_tracker/install/bringup/share/bringup/hook/cmake_prefix_path.dsv'
[20.609s] INFO:colcon.colcon_core.shell:Creating environment hook '/home/ghlins/new_tracker/install/bringup/share/bringup/hook/cmake_prefix_path.sh'
[20.609s] Level 1:colcon.colcon_core.environment:checking '/home/ghlins/new_tracker/install/bringup/bin'
[20.609s] Level 1:colcon.colcon_core.environment:checking '/home/ghlins/new_tracker/install/bringup/lib/pkgconfig/bringup.pc'
[20.609s] Level 1:colcon.colcon_core.environment:checking '/home/ghlins/new_tracker/install/bringup/lib/python3.10/site-packages'
[20.610s] Level 1:colcon.colcon_core.environment:checking '/home/ghlins/new_tracker/install/bringup/bin'
[20.611s] INFO:colcon.colcon_core.shell:Creating package script '/home/ghlins/new_tracker/install/bringup/share/bringup/package.ps1'
[20.611s] INFO:colcon.colcon_core.shell:Creating package descriptor '/home/ghlins/new_tracker/install/bringup/share/bringup/package.dsv'
[20.611s] INFO:colcon.colcon_core.shell:Creating package script '/home/ghlins/new_tracker/install/bringup/share/bringup/package.sh'
[20.612s] INFO:colcon.colcon_core.shell:Creating package script '/home/ghlins/new_tracker/install/bringup/share/bringup/package.bash'
[20.612s] INFO:colcon.colcon_core.shell:Creating package script '/home/ghlins/new_tracker/install/bringup/share/bringup/package.zsh'
[20.612s] Level 1:colcon.colcon_core.environment:create_file_with_runtime_dependencies(/home/ghlins/new_tracker/install/bringup/share/colcon-core/packages/bringup)
[20.632s] Level 1:colcon.colcon_core.environment:create_environment_scripts_only(bringup)
[20.633s] Level 1:colcon.colcon_core.environment:checking '/home/ghlins/new_tracker/install/bringup' for CMake module files
[20.634s] Level 1:colcon.colcon_core.environment:checking '/home/ghlins/new_tracker/install/bringup' for CMake config files
[20.634s] Level 1:colcon.colcon_core.shell:create_environment_hook('bringup', 'cmake_prefix_path')
[20.635s] INFO:colcon.colcon_core.shell:Creating environment hook '/home/ghlins/new_tracker/install/bringup/share/bringup/hook/cmake_prefix_path.ps1'
[20.635s] INFO:colcon.colcon_core.shell:Creating environment descriptor '/home/ghlins/new_tracker/install/bringup/share/bringup/hook/cmake_prefix_path.dsv'
[20.636s] INFO:colcon.colcon_core.shell:Creating environment hook '/home/ghlins/new_tracker/install/bringup/share/bringup/hook/cmake_prefix_path.sh'
[20.636s] Level 1:colcon.colcon_core.environment:checking '/home/ghlins/new_tracker/install/bringup/bin'
[20.636s] Level 1:colcon.colcon_core.environment:checking '/home/ghlins/new_tracker/install/bringup/lib/pkgconfig/bringup.pc'
[20.636s] Level 1:colcon.colcon_core.environment:checking '/home/ghlins/new_tracker/install/bringup/lib/python3.10/site-packages'
[20.636s] Level 1:colcon.colcon_core.environment:checking '/home/ghlins/new_tracker/install/bringup/bin'
[20.637s] INFO:colcon.colcon_core.shell:Creating package script '/home/ghlins/new_tracker/install/bringup/share/bringup/package.ps1'
[20.638s] INFO:colcon.colcon_core.shell:Creating package descriptor '/home/ghlins/new_tracker/install/bringup/share/bringup/package.dsv'
[20.638s] INFO:colcon.colcon_core.shell:Creating package script '/home/ghlins/new_tracker/install/bringup/share/bringup/package.sh'
[20.639s] INFO:colcon.colcon_core.shell:Creating package script '/home/ghlins/new_tracker/install/bringup/share/bringup/package.bash'
[20.639s] INFO:colcon.colcon_core.shell:Creating package script '/home/ghlins/new_tracker/install/bringup/share/bringup/package.zsh'
[20.639s] Level 1:colcon.colcon_core.environment:create_file_with_runtime_dependencies(/home/ghlins/new_tracker/install/bringup/share/colcon-core/packages/bringup)
[25.857s] DEBUG:colcon.colcon_core.event_handler.log_command:Invoked command in '/home/ghlins/new_tracker/build/new_armor_tracker' returned '0': CMAKE_PREFIX_PATH=/home/ghlins/new_tracker/install/auto_aim_interfaces:/home/ghlins/new_tracker/install/new_armor_tracker:/home/ghlins/new_tracker/install/my_ros2_opencv_pkg:/home/ghlins/new_tracker/install/armor_detector:/opt/ros/humble LD_LIBRARY_PATH=/home/ghlins/new_tracker/install/auto_aim_interfaces/lib:/home/ghlins/new_tracker/install/new_armor_tracker/lib:/home/ghlins/new_tracker/install/armor_detector/lib:/usr/lib/x86_64-linux-gnu/gazebo-11/plugins:/opt/ros/humble/opt/rviz_ogre_vendor/lib:/opt/ros/humble/lib/x86_64-linux-gnu:/opt/ros/humble/lib /usr/bin/cmake --build /home/ghlins/new_tracker/build/new_armor_tracker -- -j20 -l20
[25.880s] DEBUG:colcon.colcon_core.event_handler.log_command:Invoking command in '/home/ghlins/new_tracker/build/new_armor_tracker': CMAKE_PREFIX_PATH=/home/ghlins/new_tracker/install/auto_aim_interfaces:/home/ghlins/new_tracker/install/new_armor_tracker:/home/ghlins/new_tracker/install/my_ros2_opencv_pkg:/home/ghlins/new_tracker/install/armor_detector:/opt/ros/humble LD_LIBRARY_PATH=/home/ghlins/new_tracker/install/auto_aim_interfaces/lib:/home/ghlins/new_tracker/install/new_armor_tracker/lib:/home/ghlins/new_tracker/install/armor_detector/lib:/usr/lib/x86_64-linux-gnu/gazebo-11/plugins:/opt/ros/humble/opt/rviz_ogre_vendor/lib:/opt/ros/humble/lib/x86_64-linux-gnu:/opt/ros/humble/lib /usr/bin/cmake --install /home/ghlins/new_tracker/build/new_armor_tracker
[25.887s] DEBUG:colcon.colcon_core.event_handler.log_command:Invoked command in '/home/ghlins/new_tracker/build/new_armor_tracker' returned '1': CMAKE_PREFIX_PATH=/home/ghlins/new_tracker/install/auto_aim_interfaces:/home/ghlins/new_tracker/install/new_armor_tracker:/home/ghlins/new_tracker/install/my_ros2_opencv_pkg:/home/ghlins/new_tracker/install/armor_detector:/opt/ros/humble LD_LIBRARY_PATH=/home/ghlins/new_tracker/install/auto_aim_interfaces/lib:/home/ghlins/new_tracker/install/new_armor_tracker/lib:/home/ghlins/new_tracker/install/armor_detector/lib:/usr/lib/x86_64-linux-gnu/gazebo-11/plugins:/opt/ros/humble/opt/rviz_ogre_vendor/lib:/opt/ros/humble/lib/x86_64-linux-gnu:/opt/ros/humble/lib /usr/bin/cmake --install /home/ghlins/new_tracker/build/new_armor_tracker
[25.908s] Level 1:colcon.colcon_core.environment:create_environment_scripts_only(new_armor_tracker)
[25.909s] Level 1:colcon.colcon_core.environment:checking '/home/ghlins/new_tracker/install/new_armor_tracker' for CMake module files
[25.910s] Level 1:colcon.colcon_core.environment:checking '/home/ghlins/new_tracker/install/new_armor_tracker' for CMake config files
[25.910s] Level 1:colcon.colcon_core.shell:create_environment_hook('new_armor_tracker', 'cmake_prefix_path')
[25.911s] INFO:colcon.colcon_core.shell:Creating environment hook '/home/ghlins/new_tracker/install/new_armor_tracker/share/new_armor_tracker/hook/cmake_prefix_path.ps1'
[25.911s] INFO:colcon.colcon_core.shell:Creating environment descriptor '/home/ghlins/new_tracker/install/new_armor_tracker/share/new_armor_tracker/hook/cmake_prefix_path.dsv'
[25.911s] INFO:colcon.colcon_core.shell:Creating environment hook '/home/ghlins/new_tracker/install/new_armor_tracker/share/new_armor_tracker/hook/cmake_prefix_path.sh'
[25.912s] Level 1:colcon.colcon_core.environment:checking '/home/ghlins/new_tracker/install/new_armor_tracker/lib'
[25.912s] Level 1:colcon.colcon_core.shell:create_environment_hook('new_armor_tracker', 'ld_library_path_lib')
[25.913s] INFO:colcon.colcon_core.shell:Creating environment hook '/home/ghlins/new_tracker/install/new_armor_tracker/share/new_armor_tracker/hook/ld_library_path_lib.ps1'
[25.913s] INFO:colcon.colcon_core.shell:Creating environment descriptor '/home/ghlins/new_tracker/install/new_armor_tracker/share/new_armor_tracker/hook/ld_library_path_lib.dsv'
[25.913s] INFO:colcon.colcon_core.shell:Creating environment hook '/home/ghlins/new_tracker/install/new_armor_tracker/share/new_armor_tracker/hook/ld_library_path_lib.sh'
[25.913s] Level 1:colcon.colcon_core.environment:checking '/home/ghlins/new_tracker/install/new_armor_tracker/bin'
[25.913s] Level 1:colcon.colcon_core.environment:checking '/home/ghlins/new_tracker/install/new_armor_tracker/lib/pkgconfig/new_armor_tracker.pc'
[25.914s] Level 1:colcon.colcon_core.environment:checking '/home/ghlins/new_tracker/install/new_armor_tracker/lib/python3.10/site-packages'
[25.914s] Level 1:colcon.colcon_core.environment:checking '/home/ghlins/new_tracker/install/new_armor_tracker/bin'
[25.915s] INFO:colcon.colcon_core.shell:Creating package script '/home/ghlins/new_tracker/install/new_armor_tracker/share/new_armor_tracker/package.ps1'
[25.915s] INFO:colcon.colcon_core.shell:Creating package descriptor '/home/ghlins/new_tracker/install/new_armor_tracker/share/new_armor_tracker/package.dsv'
[25.916s] INFO:colcon.colcon_core.shell:Creating package script '/home/ghlins/new_tracker/install/new_armor_tracker/share/new_armor_tracker/package.sh'
[25.916s] INFO:colcon.colcon_core.shell:Creating package script '/home/ghlins/new_tracker/install/new_armor_tracker/share/new_armor_tracker/package.bash'
[25.916s] INFO:colcon.colcon_core.shell:Creating package script '/home/ghlins/new_tracker/install/new_armor_tracker/share/new_armor_tracker/package.zsh'
[25.916s] Level 1:colcon.colcon_core.environment:create_file_with_runtime_dependencies(/home/ghlins/new_tracker/install/new_armor_tracker/share/colcon-core/packages/new_armor_tracker)
[37.962s] DEBUG:colcon.colcon_parallel_executor.executor.parallel:closing loop
[37.962s] DEBUG:colcon.colcon_parallel_executor.executor.parallel:loop closed
[37.963s] DEBUG:colcon.colcon_parallel_executor.executor.parallel:run_until_complete finished with '1'
[37.963s] DEBUG:colcon.colcon_core.event_reactor:joining thread
[38.004s] INFO:colcon.colcon_core.plugin_system:Skipping extension 'colcon_notification.desktop_notification.notify_send': Could not find 'notify-send'
[38.004s] INFO:colcon.colcon_core.plugin_system:Skipping extension 'colcon_notification.desktop_notification.terminal_notifier': Not used on non-Darwin systems
[38.004s] INFO:colcon.colcon_core.plugin_system:Skipping extension 'colcon_notification.desktop_notification.win32': Not used on non-Windows systems
[38.004s] INFO:colcon.colcon_notification.desktop_notification:Sending desktop notification using 'notify2'
[38.005s] DEBUG:colcon.colcon_notification.desktop_notification.notify2:Failed to initialize notify2: org.freedesktop.DBus.Error.ServiceUnknown: The name org.freedesktop.Notifications was not provided by any .service files
[38.005s] DEBUG:colcon.colcon_core.event_reactor:joined thread
[38.006s] INFO:colcon.colcon_core.shell:Creating prefix script '/home/ghlins/new_tracker/install/local_setup.ps1'
[38.007s] INFO:colcon.colcon_core.shell:Creating prefix util module '/home/ghlins/new_tracker/install/_local_setup_util_ps1.py'
[38.008s] INFO:colcon.colcon_core.shell:Creating prefix chain script '/home/ghlins/new_tracker/install/setup.ps1'
[38.009s] INFO:colcon.colcon_core.shell:Creating prefix script '/home/ghlins/new_tracker/install/local_setup.sh'
[38.009s] INFO:colcon.colcon_core.shell:Creating prefix util module '/home/ghlins/new_tracker/install/_local_setup_util_sh.py'
[38.010s] INFO:colcon.colcon_core.shell:Creating prefix chain script '/home/ghlins/new_tracker/install/setup.sh'
[38.011s] INFO:colcon.colcon_core.shell:Creating prefix script '/home/ghlins/new_tracker/install/local_setup.bash'
[38.011s] INFO:colcon.colcon_core.shell:Creating prefix chain script '/home/ghlins/new_tracker/install/setup.bash'
[38.012s] INFO:colcon.colcon_core.shell:Creating prefix script '/home/ghlins/new_tracker/install/local_setup.zsh'
[38.012s] INFO:colcon.colcon_core.shell:Creating prefix chain script '/home/ghlins/new_tracker/install/setup.zsh'
