[0.051s] Invoking command in '/home/ghlins/new_tracker/build/armor_detector': AMENT_PREFIX_PATH=/home/ghlins/new_tracker/install/auto_aim_interfaces:${AMENT_PREFIX_PATH} CMAKE_PREFIX_PATH=/home/ghlins/new_tracker/install/auto_aim_interfaces:/opt/ros/humble LD_LIBRARY_PATH=/home/ghlins/new_tracker/install/auto_aim_interfaces/lib:${LD_LIBRARY_PATH} PYTHONPATH=/home/ghlins/new_tracker/install/auto_aim_interfaces/local/lib/python3.10/dist-packages:${PYTHONPATH} /usr/bin/cmake /home/ghlins/new_tracker/src/rm_auto_aim/armor_detector -DCMAKE_INSTALL_PREFIX=/home/ghlins/new_tracker/install/armor_detector
[0.144s] -- The C compiler identification is GNU 11.4.0
[0.456s] -- The CXX compiler identification is GNU 11.4.0
[0.669s] -- Detecting C compiler ABI info
[0.749s] -- Detecting C compiler ABI info - done
[0.753s] -- Check for working C compiler: /usr/bin/cc - skipped
[0.753s] -- Detecting C compile features
[0.754s] -- Detecting C compile features - done
[0.755s] -- Detecting CXX compiler ABI info
[0.835s] -- Detecting CXX compiler ABI info - done
[0.840s] -- Check for working CXX compiler: /usr/bin/c++ - skipped
[0.840s] -- Detecting CXX compile features
[0.840s] -- Detecting CXX compile features - done
[0.841s] -- Found ament_cmake_auto: 1.3.5 (/opt/ros/humble/share/ament_cmake_auto/cmake)
[0.943s] -- Found Python3: /usr/bin/python3.10 (found version "3.10.12") found components: Interpreter 
[1.001s] -- Found OpenCV: /usr (found version "4.5.4") 
[1.181s] -- Found rosidl_generator_c: 3.1.4 (/opt/ros/humble/share/rosidl_generator_c/cmake)
[1.184s] -- Found rosidl_adapter: 3.1.4 (/opt/ros/humble/share/rosidl_adapter/cmake)
[1.189s] -- Found rosidl_generator_cpp: 3.1.4 (/opt/ros/humble/share/rosidl_generator_cpp/cmake)
[1.198s] -- Using all available rosidl_typesupport_c: rosidl_typesupport_fastrtps_c;rosidl_typesupport_introspection_c
[1.210s] -- Using all available rosidl_typesupport_cpp: rosidl_typesupport_fastrtps_cpp;rosidl_typesupport_introspection_cpp
[1.252s] -- Found rmw_implementation_cmake: 6.1.1 (/opt/ros/humble/share/rmw_implementation_cmake/cmake)
[1.254s] -- Found rmw_fastrtps_cpp: 6.2.2 (/opt/ros/humble/share/rmw_fastrtps_cpp/cmake)
[1.657s] -- Found OpenSSL: /usr/lib/x86_64-linux-gnu/libcrypto.so (found version "3.0.2")  
[2.021s] -- Found FastRTPS: /opt/ros/humble/include  
[2.666s] -- Using RMW implementation 'rmw_fastrtps_cpp' as default
[2.672s] -- Looking for pthread.h
[2.746s] -- Looking for pthread.h - found
[2.747s] -- Performing Test CMAKE_HAVE_LIBC_PTHREAD
[2.821s] -- Performing Test CMAKE_HAVE_LIBC_PTHREAD - Success
[2.821s] -- Found Threads: TRUE  
[4.283s] -- Found eigen3_cmake_module: 0.1.1 (/opt/ros/humble/share/eigen3_cmake_module/cmake)
[4.284s] -- Found Eigen3: TRUE (found version "3.4.0") 
[4.284s] -- Ensuring Eigen3 include directory is part of orocos-kdl CMake target
[4.458s] -- Found ament_lint_auto: 0.12.6 (/opt/ros/humble/share/ament_lint_auto/cmake)
[4.469s] -- Found ament_cmake_gtest: 1.3.5 (/opt/ros/humble/share/ament_cmake_gtest/cmake)
[4.473s] -- Found gtest sources under '/opt/ros/humble/src/gtest_vendor': C++ tests using 'Google Test' will be built
[4.482s] -- Added test 'cppcheck' to perform static code analysis on C / C++ code
[4.482s] -- Configured cppcheck include dirs: /home/ghlins/new_tracker/src/rm_auto_aim/armor_detector/include
[4.482s] -- Configured cppcheck exclude dirs and/or files: 
[4.483s] -- Added test 'lint_cmake' to check CMake code style
[4.483s] -- Added test 'xmllint' to check XML markup files
[4.484s] -- Added test 'clang_format' to check C / C++ code style
[4.486s] -- Configuring done
[4.507s] -- Generating done
[4.508s] -- Build files have been written to: /home/ghlins/new_tracker/build/armor_detector
[4.517s] Invoked command in '/home/ghlins/new_tracker/build/armor_detector' returned '0': AMENT_PREFIX_PATH=/home/ghlins/new_tracker/install/auto_aim_interfaces:${AMENT_PREFIX_PATH} CMAKE_PREFIX_PATH=/home/ghlins/new_tracker/install/auto_aim_interfaces:/opt/ros/humble LD_LIBRARY_PATH=/home/ghlins/new_tracker/install/auto_aim_interfaces/lib:${LD_LIBRARY_PATH} PYTHONPATH=/home/ghlins/new_tracker/install/auto_aim_interfaces/local/lib/python3.10/dist-packages:${PYTHONPATH} /usr/bin/cmake /home/ghlins/new_tracker/src/rm_auto_aim/armor_detector -DCMAKE_INSTALL_PREFIX=/home/ghlins/new_tracker/install/armor_detector
[4.517s] Invoking command in '/home/ghlins/new_tracker/build/armor_detector': AMENT_PREFIX_PATH=/home/ghlins/new_tracker/install/auto_aim_interfaces:${AMENT_PREFIX_PATH} CMAKE_PREFIX_PATH=/home/ghlins/new_tracker/install/auto_aim_interfaces:/opt/ros/humble LD_LIBRARY_PATH=/home/ghlins/new_tracker/install/auto_aim_interfaces/lib:${LD_LIBRARY_PATH} PYTHONPATH=/home/ghlins/new_tracker/install/auto_aim_interfaces/local/lib/python3.10/dist-packages:${PYTHONPATH} /usr/bin/cmake --build /home/ghlins/new_tracker/build/armor_detector -- -j20 -l20
[4.544s] [  6%] [32mBuilding CXX object gtest/CMakeFiles/gtest_main.dir/src/gtest_main.cc.o[0m
[4.544s] [ 20%] [32mBuilding CXX object gtest/CMakeFiles/gtest.dir/src/gtest-all.cc.o[0m
[4.544s] [ 20%] [32mBuilding CXX object CMakeFiles/armor_detector.dir/src/number_classifier.cpp.o[0m
[4.545s] [ 26%] [32mBuilding CXX object CMakeFiles/armor_detector.dir/src/pnp_solver.cpp.o[0m
[4.545s] [ 33%] [32mBuilding CXX object CMakeFiles/armor_detector.dir/src/detector_node.cpp.o[0m
[4.545s] [ 40%] [32mBuilding CXX object CMakeFiles/armor_detector.dir/src/detector.cpp.o[0m
[4.545s] [ 46%] [32mBuilding CXX object CMakeFiles/armor_detector_node.dir/rclcpp_components/node_main_armor_detector_node.cpp.o[0m
[5.030s] [ 53%] [32m[1mLinking CXX static library libgtest_main.a[0m
[5.055s] [ 53%] Built target gtest_main
[6.614s] [ 60%] [32m[1mLinking CXX static library libgtest.a[0m
[6.643s] [ 60%] Built target gtest
[6.835s] [ 66%] [32m[1mLinking CXX executable armor_detector_node[0m
[6.962s] [ 66%] Built target armor_detector_node
[15.289s] [ 73%] [32m[1mLinking CXX shared library libarmor_detector.so[0m
[15.902s] [ 73%] Built target armor_detector
[15.911s] [ 80%] [32mBuilding CXX object CMakeFiles/test_node_startup.dir/test/test_node_startup.cpp.o[0m
[15.911s] [ 86%] [32mBuilding CXX object CMakeFiles/test_number_cls.dir/test/test_number_cls.cpp.o[0m
[17.261s] [ 93%] [32m[1mLinking CXX executable test_number_cls[0m
[17.782s] [ 93%] Built target test_number_cls
[19.371s] [100%] [32m[1mLinking CXX executable test_node_startup[0m
[19.877s] [100%] Built target test_node_startup
[19.882s] Invoked command in '/home/ghlins/new_tracker/build/armor_detector' returned '0': AMENT_PREFIX_PATH=/home/ghlins/new_tracker/install/auto_aim_interfaces:${AMENT_PREFIX_PATH} CMAKE_PREFIX_PATH=/home/ghlins/new_tracker/install/auto_aim_interfaces:/opt/ros/humble LD_LIBRARY_PATH=/home/ghlins/new_tracker/install/auto_aim_interfaces/lib:${LD_LIBRARY_PATH} PYTHONPATH=/home/ghlins/new_tracker/install/auto_aim_interfaces/local/lib/python3.10/dist-packages:${PYTHONPATH} /usr/bin/cmake --build /home/ghlins/new_tracker/build/armor_detector -- -j20 -l20
[19.902s] Invoking command in '/home/ghlins/new_tracker/build/armor_detector': AMENT_PREFIX_PATH=/home/ghlins/new_tracker/install/auto_aim_interfaces:${AMENT_PREFIX_PATH} CMAKE_PREFIX_PATH=/home/ghlins/new_tracker/install/auto_aim_interfaces:/opt/ros/humble LD_LIBRARY_PATH=/home/ghlins/new_tracker/install/auto_aim_interfaces/lib:${LD_LIBRARY_PATH} PYTHONPATH=/home/ghlins/new_tracker/install/auto_aim_interfaces/local/lib/python3.10/dist-packages:${PYTHONPATH} /usr/bin/cmake --install /home/ghlins/new_tracker/build/armor_detector
[19.905s] -- Install configuration: ""
[19.906s] -- Installing: /home/ghlins/new_tracker/install/armor_detector/lib/armor_detector/armor_detector_node
[19.906s] -- Set runtime path of "/home/ghlins/new_tracker/install/armor_detector/lib/armor_detector/armor_detector_node" to ""
[19.906s] -- Up-to-date: /home/ghlins/new_tracker/install/armor_detector/include
[19.906s] -- Up-to-date: /home/ghlins/new_tracker/install/armor_detector/include/armor_detector
[19.907s] -- Up-to-date: /home/ghlins/new_tracker/install/armor_detector/include/armor_detector/number_classifier.hpp
[19.907s] -- Up-to-date: /home/ghlins/new_tracker/install/armor_detector/include/armor_detector/detector_node.hpp
[19.907s] -- Up-to-date: /home/ghlins/new_tracker/install/armor_detector/include/armor_detector/detector.hpp
[19.907s] -- Up-to-date: /home/ghlins/new_tracker/install/armor_detector/include/armor_detector/armor.hpp
[19.907s] -- Up-to-date: /home/ghlins/new_tracker/install/armor_detector/include/armor_detector/pnp_solver.hpp
[19.907s] -- Up-to-date: /home/ghlins/new_tracker/install/armor_detector/share/armor_detector/environment/library_path.sh
[19.907s] -- Installing: /home/ghlins/new_tracker/install/armor_detector/share/armor_detector/environment/library_path.dsv
[19.908s] -- Installing: /home/ghlins/new_tracker/install/armor_detector/lib/libarmor_detector.so
[19.915s] -- Set runtime path of "/home/ghlins/new_tracker/install/armor_detector/lib/libarmor_detector.so" to ""
[19.915s] -- Up-to-date: /home/ghlins/new_tracker/install/armor_detector/share/armor_detector/model
[19.915s] -- Up-to-date: /home/ghlins/new_tracker/install/armor_detector/share/armor_detector/model/mlp.onnx
[19.915s] -- Up-to-date: /home/ghlins/new_tracker/install/armor_detector/share/armor_detector/model/label.txt
[19.915s] -- Installing: /home/ghlins/new_tracker/install/armor_detector/share/ament_index/resource_index/package_run_dependencies/armor_detector
[19.915s] -- Installing: /home/ghlins/new_tracker/install/armor_detector/share/ament_index/resource_index/parent_prefix_path/armor_detector
[19.916s] -- Up-to-date: /home/ghlins/new_tracker/install/armor_detector/share/armor_detector/environment/ament_prefix_path.sh
[19.916s] -- Installing: /home/ghlins/new_tracker/install/armor_detector/share/armor_detector/environment/ament_prefix_path.dsv
[19.916s] -- Up-to-date: /home/ghlins/new_tracker/install/armor_detector/share/armor_detector/environment/path.sh
[19.916s] -- Installing: /home/ghlins/new_tracker/install/armor_detector/share/armor_detector/environment/path.dsv
[19.916s] -- Installing: /home/ghlins/new_tracker/install/armor_detector/share/armor_detector/local_setup.bash
[19.916s] -- Installing: /home/ghlins/new_tracker/install/armor_detector/share/armor_detector/local_setup.sh
[19.916s] -- Installing: /home/ghlins/new_tracker/install/armor_detector/share/armor_detector/local_setup.zsh
[19.916s] -- Installing: /home/ghlins/new_tracker/install/armor_detector/share/armor_detector/local_setup.dsv
[19.916s] -- Installing: /home/ghlins/new_tracker/install/armor_detector/share/armor_detector/package.dsv
[19.917s] -- Installing: /home/ghlins/new_tracker/install/armor_detector/share/ament_index/resource_index/packages/armor_detector
[19.917s] -- Installing: /home/ghlins/new_tracker/install/armor_detector/share/ament_index/resource_index/rclcpp_components/armor_detector
[19.917s] -- Installing: /home/ghlins/new_tracker/install/armor_detector/share/armor_detector/cmake/ament_cmake_export_dependencies-extras.cmake
[19.917s] -- Installing: /home/ghlins/new_tracker/install/armor_detector/share/armor_detector/cmake/ament_cmake_export_include_directories-extras.cmake
[19.917s] -- Installing: /home/ghlins/new_tracker/install/armor_detector/share/armor_detector/cmake/ament_cmake_export_libraries-extras.cmake
[19.917s] -- Installing: /home/ghlins/new_tracker/install/armor_detector/share/armor_detector/cmake/armor_detectorConfig.cmake
[19.917s] -- Installing: /home/ghlins/new_tracker/install/armor_detector/share/armor_detector/cmake/armor_detectorConfig-version.cmake
[19.917s] -- Up-to-date: /home/ghlins/new_tracker/install/armor_detector/share/armor_detector/package.xml
[19.918s] Invoked command in '/home/ghlins/new_tracker/build/armor_detector' returned '0': AMENT_PREFIX_PATH=/home/ghlins/new_tracker/install/auto_aim_interfaces:${AMENT_PREFIX_PATH} CMAKE_PREFIX_PATH=/home/ghlins/new_tracker/install/auto_aim_interfaces:/opt/ros/humble LD_LIBRARY_PATH=/home/ghlins/new_tracker/install/auto_aim_interfaces/lib:${LD_LIBRARY_PATH} PYTHONPATH=/home/ghlins/new_tracker/install/auto_aim_interfaces/local/lib/python3.10/dist-packages:${PYTHONPATH} /usr/bin/cmake --install /home/ghlins/new_tracker/build/armor_detector
