[0.009s] Invoking command in '/home/ghlins/new_tracker/build/auto_aim_interfaces': CMAKE_PREFIX_PATH=/opt/ros/humble /usr/bin/cmake /home/ghlins/new_tracker/src/rm_auto_aim/auto_aim_interfaces -DCMAKE_INSTALL_PREFIX=/home/ghlins/new_tracker/install/auto_aim_interfaces
[0.134s] -- The C compiler identification is GNU 11.4.0
[0.494s] -- The CXX compiler identification is GNU 11.4.0
[0.727s] -- Detecting C compiler ABI info
[0.833s] -- Detecting C compiler ABI info - done
[0.838s] -- Check for working C compiler: /usr/bin/cc - skipped
[0.838s] -- Detecting C compile features
[0.838s] -- Detecting C compile features - done
[0.840s] -- Detecting CXX compiler ABI info
[0.965s] -- Detecting CXX compiler ABI info - done
[0.970s] -- Check for working CXX compiler: /usr/bin/c++ - skipped
[0.970s] -- Detecting CXX compile features
[0.970s] -- Detecting CXX compile features - done
[0.971s] -- Found ament_cmake: 1.3.5 (/opt/ros/humble/share/ament_cmake/cmake)
[1.077s] -- Found Python3: /usr/bin/python3.10 (found version "3.10.12") found components: Interpreter 
[1.129s] -- Found rosidl_default_generators: 1.2.0 (/opt/ros/humble/share/rosidl_default_generators/cmake)
[1.130s] -- Using all available rosidl_typesupport_c: rosidl_typesupport_fastrtps_c;rosidl_typesupport_introspection_c
[1.134s] -- Found rosidl_adapter: 3.1.4 (/opt/ros/humble/share/rosidl_adapter/cmake)
[1.234s] -- Using all available rosidl_typesupport_cpp: rosidl_typesupport_fastrtps_cpp;rosidl_typesupport_introspection_cpp
[1.255s] -- Found geometry_msgs: 4.2.3 (/opt/ros/humble/share/geometry_msgs/cmake)
[1.548s] -- Found ament_cmake_ros: 0.10.0 (/opt/ros/humble/share/ament_cmake_ros/cmake)
[1.705s] -- Using all available rosidl_typesupport_c: rosidl_typesupport_fastrtps_c;rosidl_typesupport_introspection_c
[1.914s] -- Using all available rosidl_typesupport_cpp: rosidl_typesupport_fastrtps_cpp;rosidl_typesupport_introspection_cpp
[2.065s] -- Found PythonInterp: /usr/bin/python3 (found suitable version "3.10.12", minimum required is "3.6") 
[2.066s] -- Found python_cmake_module: 0.10.0 (/opt/ros/humble/share/python_cmake_module/cmake)
[2.465s] -- Found PythonLibs: /usr/lib/x86_64-linux-gnu/libpython3.10.so (found suitable version "3.10.12", minimum required is "3.5") 
[2.465s] -- Using PYTHON_EXECUTABLE: /usr/bin/python3
[2.465s] -- Using PYTHON_INCLUDE_DIRS: /usr/include/python3.10
[2.465s] -- Using PYTHON_LIBRARIES: /usr/lib/x86_64-linux-gnu/libpython3.10.so
[2.479s] -- Found PythonExtra: .so  
[2.559s] -- Configuring done
[2.606s] -- Generating done
[2.609s] -- Build files have been written to: /home/ghlins/new_tracker/build/auto_aim_interfaces
[2.621s] Invoked command in '/home/ghlins/new_tracker/build/auto_aim_interfaces' returned '0': CMAKE_PREFIX_PATH=/opt/ros/humble /usr/bin/cmake /home/ghlins/new_tracker/src/rm_auto_aim/auto_aim_interfaces -DCMAKE_INSTALL_PREFIX=/home/ghlins/new_tracker/install/auto_aim_interfaces
[2.622s] Invoking command in '/home/ghlins/new_tracker/build/auto_aim_interfaces': CMAKE_PREFIX_PATH=/opt/ros/humble /usr/bin/cmake --build /home/ghlins/new_tracker/build/auto_aim_interfaces -- -j20 -l20
[2.647s] [  1%] [34m[1mGenerating C code for ROS interfaces[0m
[2.653s] [  2%] [34m[1mGenerating C++ code for ROS interfaces[0m
[2.658s] [  2%] Built target ament_cmake_python_copy_auto_aim_interfaces
[2.797s] running egg_info
[2.797s] creating auto_aim_interfaces.egg-info
[2.798s] writing auto_aim_interfaces.egg-info/PKG-INFO
[2.798s] writing dependency_links to auto_aim_interfaces.egg-info/dependency_links.txt
[2.798s] writing top-level names to auto_aim_interfaces.egg-info/top_level.txt
[2.798s] writing manifest file 'auto_aim_interfaces.egg-info/SOURCES.txt'
[2.799s] reading manifest file 'auto_aim_interfaces.egg-info/SOURCES.txt'
[2.799s] writing manifest file 'auto_aim_interfaces.egg-info/SOURCES.txt'
[2.818s] [  2%] Built target ament_cmake_python_build_auto_aim_interfaces_egg
[3.005s] [  2%] Built target auto_aim_interfaces__cpp
[3.014s] [  3%] [34m[1mGenerating C++ type support dispatch for ROS interfaces[0m
[3.014s] [  4%] [34m[1mGenerating C++ type support for eProsima Fast-RTPS[0m
[3.017s] [  5%] [34m[1mGenerating C++ introspection for ROS interfaces[0m
[3.030s] [  6%] [32mBuilding C object CMakeFiles/auto_aim_interfaces__rosidl_generator_c.dir/rosidl_generator_c/auto_aim_interfaces/msg/detail/debug_light__functions.c.o[0m
[3.030s] [  8%] [32mBuilding C object CMakeFiles/auto_aim_interfaces__rosidl_generator_c.dir/rosidl_generator_c/auto_aim_interfaces/msg/detail/debug_lights__functions.c.o[0m
[3.030s] [  9%] [32mBuilding C object CMakeFiles/auto_aim_interfaces__rosidl_generator_c.dir/rosidl_generator_c/auto_aim_interfaces/msg/detail/debug_armor__functions.c.o[0m
[3.030s] [ 10%] [32mBuilding C object CMakeFiles/auto_aim_interfaces__rosidl_generator_c.dir/rosidl_generator_c/auto_aim_interfaces/msg/detail/armor__functions.c.o[0m
[3.031s] [ 11%] [32mBuilding C object CMakeFiles/auto_aim_interfaces__rosidl_generator_c.dir/rosidl_generator_c/auto_aim_interfaces/msg/detail/armors__functions.c.o[0m
[3.031s] [ 12%] [32mBuilding C object CMakeFiles/auto_aim_interfaces__rosidl_generator_c.dir/rosidl_generator_c/auto_aim_interfaces/msg/detail/target__functions.c.o[0m
[3.033s] [ 13%] [32mBuilding C object CMakeFiles/auto_aim_interfaces__rosidl_generator_c.dir/rosidl_generator_c/auto_aim_interfaces/msg/detail/debug_armors__functions.c.o[0m
[3.033s] [ 14%] [32mBuilding C object CMakeFiles/auto_aim_interfaces__rosidl_generator_c.dir/rosidl_generator_c/auto_aim_interfaces/msg/detail/tracker_info__functions.c.o[0m
[3.078s] [ 16%] [32m[1mLinking C shared library libauto_aim_interfaces__rosidl_generator_c.so[0m
[3.223s] [ 16%] Built target auto_aim_interfaces__rosidl_generator_c
[3.232s] [ 17%] [34m[1mGenerating C type support dispatch for ROS interfaces[0m
[3.233s] [ 18%] [34m[1mGenerating C type support for eProsima Fast-RTPS[0m
[3.233s] [ 19%] [34m[1mGenerating C introspection for ROS interfaces[0m
[3.325s] [ 20%] [32mBuilding CXX object CMakeFiles/auto_aim_interfaces__rosidl_typesupport_cpp.dir/rosidl_typesupport_cpp/auto_aim_interfaces/msg/armors__type_support.cpp.o[0m
[3.327s] [ 21%] [32mBuilding CXX object CMakeFiles/auto_aim_interfaces__rosidl_typesupport_cpp.dir/rosidl_typesupport_cpp/auto_aim_interfaces/msg/armor__type_support.cpp.o[0m
[3.327s] [ 22%] [32mBuilding CXX object CMakeFiles/auto_aim_interfaces__rosidl_typesupport_cpp.dir/rosidl_typesupport_cpp/auto_aim_interfaces/msg/debug_light__type_support.cpp.o[0m
[3.327s] [ 24%] [32mBuilding CXX object CMakeFiles/auto_aim_interfaces__rosidl_typesupport_cpp.dir/rosidl_typesupport_cpp/auto_aim_interfaces/msg/debug_armor__type_support.cpp.o[0m
[3.327s] [ 25%] [32mBuilding CXX object CMakeFiles/auto_aim_interfaces__rosidl_typesupport_cpp.dir/rosidl_typesupport_cpp/auto_aim_interfaces/msg/debug_lights__type_support.cpp.o[0m
[3.328s] [ 26%] [32mBuilding CXX object CMakeFiles/auto_aim_interfaces__rosidl_typesupport_cpp.dir/rosidl_typesupport_cpp/auto_aim_interfaces/msg/debug_armors__type_support.cpp.o[0m
[3.328s] [ 27%] [32mBuilding CXX object CMakeFiles/auto_aim_interfaces__rosidl_typesupport_cpp.dir/rosidl_typesupport_cpp/auto_aim_interfaces/msg/tracker_info__type_support.cpp.o[0m
[3.328s] [ 28%] [32mBuilding CXX object CMakeFiles/auto_aim_interfaces__rosidl_typesupport_cpp.dir/rosidl_typesupport_cpp/auto_aim_interfaces/msg/target__type_support.cpp.o[0m
[3.553s] [ 29%] [32mBuilding CXX object CMakeFiles/auto_aim_interfaces__rosidl_typesupport_introspection_cpp.dir/rosidl_typesupport_introspection_cpp/auto_aim_interfaces/msg/detail/armor__type_support.cpp.o[0m
[3.554s] [ 31%] [32mBuilding CXX object CMakeFiles/auto_aim_interfaces__rosidl_typesupport_introspection_cpp.dir/rosidl_typesupport_introspection_cpp/auto_aim_interfaces/msg/detail/target__type_support.cpp.o[0m
[3.555s] [ 32%] [32mBuilding CXX object CMakeFiles/auto_aim_interfaces__rosidl_typesupport_introspection_cpp.dir/rosidl_typesupport_introspection_cpp/auto_aim_interfaces/msg/detail/armors__type_support.cpp.o[0m
[3.561s] [ 33%] [32mBuilding CXX object CMakeFiles/auto_aim_interfaces__rosidl_typesupport_introspection_cpp.dir/rosidl_typesupport_introspection_cpp/auto_aim_interfaces/msg/detail/debug_light__type_support.cpp.o[0m
[3.568s] [ 34%] [32mBuilding CXX object CMakeFiles/auto_aim_interfaces__rosidl_typesupport_introspection_cpp.dir/rosidl_typesupport_introspection_cpp/auto_aim_interfaces/msg/detail/debug_armor__type_support.cpp.o[0m
[3.569s] [ 35%] [32mBuilding CXX object CMakeFiles/auto_aim_interfaces__rosidl_typesupport_introspection_cpp.dir/rosidl_typesupport_introspection_cpp/auto_aim_interfaces/msg/detail/debug_lights__type_support.cpp.o[0m
[3.590s] [ 36%] [32mBuilding CXX object CMakeFiles/auto_aim_interfaces__rosidl_typesupport_introspection_cpp.dir/rosidl_typesupport_introspection_cpp/auto_aim_interfaces/msg/detail/debug_armors__type_support.cpp.o[0m
[3.598s] [ 39%] [32mBuilding CXX object CMakeFiles/auto_aim_interfaces__rosidl_typesupport_introspection_cpp.dir/rosidl_typesupport_introspection_cpp/auto_aim_interfaces/msg/detail/tracker_info__type_support.cpp.o[0m
[3.599s] [ 39%] [32mBuilding CXX object CMakeFiles/auto_aim_interfaces__rosidl_typesupport_fastrtps_cpp.dir/rosidl_typesupport_fastrtps_cpp/auto_aim_interfaces/msg/detail/dds_fastrtps/armor__type_support.cpp.o[0m
[3.639s] [ 40%] [32mBuilding CXX object CMakeFiles/auto_aim_interfaces__rosidl_typesupport_fastrtps_cpp.dir/rosidl_typesupport_fastrtps_cpp/auto_aim_interfaces/msg/detail/dds_fastrtps/armors__type_support.cpp.o[0m
[3.642s] [ 41%] [32mBuilding CXX object CMakeFiles/auto_aim_interfaces__rosidl_typesupport_fastrtps_cpp.dir/rosidl_typesupport_fastrtps_cpp/auto_aim_interfaces/msg/detail/dds_fastrtps/debug_light__type_support.cpp.o[0m
[3.644s] [ 42%] [32mBuilding CXX object CMakeFiles/auto_aim_interfaces__rosidl_typesupport_fastrtps_cpp.dir/rosidl_typesupport_fastrtps_cpp/auto_aim_interfaces/msg/detail/dds_fastrtps/debug_lights__type_support.cpp.o[0m
[3.648s] [ 43%] [32mBuilding CXX object CMakeFiles/auto_aim_interfaces__rosidl_typesupport_fastrtps_cpp.dir/rosidl_typesupport_fastrtps_cpp/auto_aim_interfaces/msg/detail/dds_fastrtps/target__type_support.cpp.o[0m
[3.675s] [ 44%] [32mBuilding CXX object CMakeFiles/auto_aim_interfaces__rosidl_typesupport_fastrtps_cpp.dir/rosidl_typesupport_fastrtps_cpp/auto_aim_interfaces/msg/detail/dds_fastrtps/debug_armor__type_support.cpp.o[0m
[3.680s] [ 45%] [32mBuilding CXX object CMakeFiles/auto_aim_interfaces__rosidl_typesupport_fastrtps_cpp.dir/rosidl_typesupport_fastrtps_cpp/auto_aim_interfaces/msg/detail/dds_fastrtps/debug_armors__type_support.cpp.o[0m
[3.731s] [ 47%] [32m[1mLinking CXX shared library libauto_aim_interfaces__rosidl_typesupport_cpp.so[0m
[3.742s] [ 48%] [32mBuilding CXX object CMakeFiles/auto_aim_interfaces__rosidl_typesupport_fastrtps_cpp.dir/rosidl_typesupport_fastrtps_cpp/auto_aim_interfaces/msg/detail/dds_fastrtps/tracker_info__type_support.cpp.o[0m
[3.794s] [ 49%] [32mBuilding CXX object CMakeFiles/auto_aim_interfaces__rosidl_typesupport_c.dir/rosidl_typesupport_c/auto_aim_interfaces/msg/armor__type_support.cpp.o[0m
[3.858s] [ 50%] [32mBuilding CXX object CMakeFiles/auto_aim_interfaces__rosidl_typesupport_c.dir/rosidl_typesupport_c/auto_aim_interfaces/msg/armors__type_support.cpp.o[0m
[3.993s] [ 51%] [32mBuilding CXX object CMakeFiles/auto_aim_interfaces__rosidl_typesupport_c.dir/rosidl_typesupport_c/auto_aim_interfaces/msg/target__type_support.cpp.o[0m
[4.092s] [ 51%] Built target auto_aim_interfaces__rosidl_typesupport_cpp
[4.111s] [ 52%] [32mBuilding CXX object CMakeFiles/auto_aim_interfaces__rosidl_typesupport_c.dir/rosidl_typesupport_c/auto_aim_interfaces/msg/debug_light__type_support.cpp.o[0m
[4.119s] [ 54%] [32mBuilding CXX object CMakeFiles/auto_aim_interfaces__rosidl_typesupport_c.dir/rosidl_typesupport_c/auto_aim_interfaces/msg/debug_lights__type_support.cpp.o[0m
[4.151s] [ 55%] [32mBuilding CXX object CMakeFiles/auto_aim_interfaces__rosidl_typesupport_c.dir/rosidl_typesupport_c/auto_aim_interfaces/msg/debug_armor__type_support.cpp.o[0m
[4.152s] [ 56%] [32mBuilding CXX object CMakeFiles/auto_aim_interfaces__rosidl_typesupport_c.dir/rosidl_typesupport_c/auto_aim_interfaces/msg/debug_armors__type_support.cpp.o[0m
[4.159s] [ 57%] [32mBuilding C object CMakeFiles/auto_aim_interfaces__rosidl_typesupport_introspection_c.dir/rosidl_typesupport_introspection_c/auto_aim_interfaces/msg/detail/armor__type_support.c.o[0m
[4.162s] [ 58%] [32mBuilding C object CMakeFiles/auto_aim_interfaces__rosidl_typesupport_introspection_c.dir/rosidl_typesupport_introspection_c/auto_aim_interfaces/msg/detail/armors__type_support.c.o[0m
[4.165s] [ 59%] [32mBuilding CXX object CMakeFiles/auto_aim_interfaces__rosidl_typesupport_c.dir/rosidl_typesupport_c/auto_aim_interfaces/msg/tracker_info__type_support.cpp.o[0m
[4.168s] [ 62%] [32mBuilding C object CMakeFiles/auto_aim_interfaces__rosidl_typesupport_introspection_c.dir/rosidl_typesupport_introspection_c/auto_aim_interfaces/msg/detail/debug_light__type_support.c.o[0m
[4.171s] [ 62%] [32mBuilding C object CMakeFiles/auto_aim_interfaces__rosidl_typesupport_introspection_c.dir/rosidl_typesupport_introspection_c/auto_aim_interfaces/msg/detail/target__type_support.c.o[0m
[4.175s] [ 63%] [32mBuilding C object CMakeFiles/auto_aim_interfaces__rosidl_typesupport_introspection_c.dir/rosidl_typesupport_introspection_c/auto_aim_interfaces/msg/detail/debug_lights__type_support.c.o[0m
[4.199s] [ 64%] [32mBuilding C object CMakeFiles/auto_aim_interfaces__rosidl_typesupport_introspection_c.dir/rosidl_typesupport_introspection_c/auto_aim_interfaces/msg/detail/debug_armor__type_support.c.o[0m
[4.207s] [ 65%] [32mBuilding CXX object CMakeFiles/auto_aim_interfaces__rosidl_typesupport_fastrtps_c.dir/rosidl_typesupport_fastrtps_c/auto_aim_interfaces/msg/detail/armor__type_support_c.cpp.o[0m
[4.208s] [ 66%] [32mBuilding C object CMakeFiles/auto_aim_interfaces__rosidl_typesupport_introspection_c.dir/rosidl_typesupport_introspection_c/auto_aim_interfaces/msg/detail/tracker_info__type_support.c.o[0m
[4.209s] [ 67%] [32mBuilding C object CMakeFiles/auto_aim_interfaces__rosidl_typesupport_introspection_c.dir/rosidl_typesupport_introspection_c/auto_aim_interfaces/msg/detail/debug_armors__type_support.c.o[0m
[4.214s] [ 68%] [32m[1mLinking CXX shared library libauto_aim_interfaces__rosidl_typesupport_c.so[0m
[4.217s] [ 71%] [32mBuilding CXX object CMakeFiles/auto_aim_interfaces__rosidl_typesupport_fastrtps_c.dir/rosidl_typesupport_fastrtps_c/auto_aim_interfaces/msg/detail/target__type_support_c.cpp.o[0m
[4.217s] [ 71%] [32mBuilding CXX object CMakeFiles/auto_aim_interfaces__rosidl_typesupport_fastrtps_c.dir/rosidl_typesupport_fastrtps_c/auto_aim_interfaces/msg/detail/armors__type_support_c.cpp.o[0m
[4.220s] [ 72%] [32mBuilding CXX object CMakeFiles/auto_aim_interfaces__rosidl_typesupport_fastrtps_c.dir/rosidl_typesupport_fastrtps_c/auto_aim_interfaces/msg/detail/debug_armor__type_support_c.cpp.o[0m
[4.224s] [ 73%] [32mBuilding CXX object CMakeFiles/auto_aim_interfaces__rosidl_typesupport_fastrtps_c.dir/rosidl_typesupport_fastrtps_c/auto_aim_interfaces/msg/detail/debug_armors__type_support_c.cpp.o[0m
[4.225s] [ 74%] [32mBuilding CXX object CMakeFiles/auto_aim_interfaces__rosidl_typesupport_fastrtps_c.dir/rosidl_typesupport_fastrtps_c/auto_aim_interfaces/msg/detail/debug_light__type_support_c.cpp.o[0m
[4.226s] [ 75%] [32mBuilding CXX object CMakeFiles/auto_aim_interfaces__rosidl_typesupport_fastrtps_c.dir/rosidl_typesupport_fastrtps_c/auto_aim_interfaces/msg/detail/debug_lights__type_support_c.cpp.o[0m
[4.229s] [ 77%] [32mBuilding CXX object CMakeFiles/auto_aim_interfaces__rosidl_typesupport_fastrtps_c.dir/rosidl_typesupport_fastrtps_c/auto_aim_interfaces/msg/detail/tracker_info__type_support_c.cpp.o[0m
[4.254s] [ 78%] [32m[1mLinking C shared library libauto_aim_interfaces__rosidl_typesupport_introspection_c.so[0m
[4.333s] [ 79%] [32m[1mLinking CXX shared library libauto_aim_interfaces__rosidl_typesupport_introspection_cpp.so[0m
[4.380s] [ 80%] [32m[1mLinking CXX shared library libauto_aim_interfaces__rosidl_typesupport_fastrtps_cpp.so[0m
[4.431s] [ 80%] Built target auto_aim_interfaces__rosidl_typesupport_c
[4.474s] [ 80%] Built target auto_aim_interfaces__rosidl_typesupport_introspection_c
[4.606s] [ 80%] Built target auto_aim_interfaces__rosidl_typesupport_introspection_cpp
[4.627s] [ 80%] Built target auto_aim_interfaces__rosidl_typesupport_fastrtps_cpp
[4.686s] [ 81%] [32m[1mLinking CXX shared library libauto_aim_interfaces__rosidl_typesupport_fastrtps_c.so[0m
[4.822s] [ 81%] Built target auto_aim_interfaces__rosidl_typesupport_fastrtps_c
[4.834s] [ 81%] Built target auto_aim_interfaces
[4.846s] [ 82%] [34m[1mGenerating Python code for ROS interfaces[0m
[5.417s] [ 82%] Built target auto_aim_interfaces__py
[5.430s] [ 85%] [32mBuilding C object CMakeFiles/auto_aim_interfaces__rosidl_generator_py.dir/rosidl_generator_py/auto_aim_interfaces/msg/_debug_light_s.c.o[0m
[5.430s] [ 85%] [32mBuilding C object CMakeFiles/auto_aim_interfaces__rosidl_generator_py.dir/rosidl_generator_py/auto_aim_interfaces/msg/_armors_s.c.o[0m
[5.430s] [ 86%] [32mBuilding C object CMakeFiles/auto_aim_interfaces__rosidl_generator_py.dir/rosidl_generator_py/auto_aim_interfaces/msg/_debug_armor_s.c.o[0m
[5.430s] [ 87%] [32mBuilding C object CMakeFiles/auto_aim_interfaces__rosidl_generator_py.dir/rosidl_generator_py/auto_aim_interfaces/msg/_armor_s.c.o[0m
[5.432s] [ 88%] [32mBuilding C object CMakeFiles/auto_aim_interfaces__rosidl_generator_py.dir/rosidl_generator_py/auto_aim_interfaces/msg/_target_s.c.o[0m
[5.432s] [ 90%] [32mBuilding C object CMakeFiles/auto_aim_interfaces__rosidl_generator_py.dir/rosidl_generator_py/auto_aim_interfaces/msg/_debug_lights_s.c.o[0m
[5.432s] [ 90%] [32mBuilding C object CMakeFiles/auto_aim_interfaces__rosidl_generator_py.dir/rosidl_generator_py/auto_aim_interfaces/msg/_debug_armors_s.c.o[0m
[5.433s] [ 91%] [32mBuilding C object CMakeFiles/auto_aim_interfaces__rosidl_generator_py.dir/rosidl_generator_py/auto_aim_interfaces/msg/_tracker_info_s.c.o[0m
[5.523s] [ 93%] [32m[1mLinking C shared library rosidl_generator_py/auto_aim_interfaces/libauto_aim_interfaces__rosidl_generator_py.so[0m
[5.643s] [ 93%] Built target auto_aim_interfaces__rosidl_generator_py
[5.655s] [ 96%] [32mBuilding C object CMakeFiles/auto_aim_interfaces__rosidl_typesupport_fastrtps_c__pyext.dir/rosidl_generator_py/auto_aim_interfaces/_auto_aim_interfaces_s.ep.rosidl_typesupport_fastrtps_c.c.o[0m
[5.655s] [ 96%] [32mBuilding C object CMakeFiles/auto_aim_interfaces__rosidl_typesupport_introspection_c__pyext.dir/rosidl_generator_py/auto_aim_interfaces/_auto_aim_interfaces_s.ep.rosidl_typesupport_introspection_c.c.o[0m
[5.656s] [ 96%] [32mBuilding C object CMakeFiles/auto_aim_interfaces__rosidl_typesupport_c__pyext.dir/rosidl_generator_py/auto_aim_interfaces/_auto_aim_interfaces_s.ep.rosidl_typesupport_c.c.o[0m
[5.726s] [ 98%] [32m[1mLinking C shared library rosidl_generator_py/auto_aim_interfaces/auto_aim_interfaces_s__rosidl_typesupport_introspection_c.cpython-310-x86_64-linux-gnu.so[0m
[5.726s] [ 98%] [32m[1mLinking C shared library rosidl_generator_py/auto_aim_interfaces/auto_aim_interfaces_s__rosidl_typesupport_c.cpython-310-x86_64-linux-gnu.so[0m
[5.730s] [100%] [32m[1mLinking C shared library rosidl_generator_py/auto_aim_interfaces/auto_aim_interfaces_s__rosidl_typesupport_fastrtps_c.cpython-310-x86_64-linux-gnu.so[0m
[5.844s] [100%] Built target auto_aim_interfaces__rosidl_typesupport_c__pyext
[5.844s] [100%] Built target auto_aim_interfaces__rosidl_typesupport_introspection_c__pyext
[5.875s] [100%] Built target auto_aim_interfaces__rosidl_typesupport_fastrtps_c__pyext
[5.885s] Invoked command in '/home/ghlins/new_tracker/build/auto_aim_interfaces' returned '0': CMAKE_PREFIX_PATH=/opt/ros/humble /usr/bin/cmake --build /home/ghlins/new_tracker/build/auto_aim_interfaces -- -j20 -l20
[5.989s] Invoking command in '/home/ghlins/new_tracker/build/auto_aim_interfaces': CMAKE_PREFIX_PATH=/opt/ros/humble /usr/bin/cmake --install /home/ghlins/new_tracker/build/auto_aim_interfaces
[5.993s] -- Install configuration: ""
[5.993s] -- Installing: /home/ghlins/new_tracker/install/auto_aim_interfaces/share/ament_index/resource_index/rosidl_interfaces/auto_aim_interfaces
[5.994s] -- Up-to-date: /home/ghlins/new_tracker/install/auto_aim_interfaces/include/auto_aim_interfaces/auto_aim_interfaces
[5.994s] -- Up-to-date: /home/ghlins/new_tracker/install/auto_aim_interfaces/include/auto_aim_interfaces/auto_aim_interfaces/msg
[5.994s] -- Installing: /home/ghlins/new_tracker/install/auto_aim_interfaces/include/auto_aim_interfaces/auto_aim_interfaces/msg/debug_lights.h
[5.994s] -- Installing: /home/ghlins/new_tracker/install/auto_aim_interfaces/include/auto_aim_interfaces/auto_aim_interfaces/msg/debug_armor.h
[5.994s] -- Installing: /home/ghlins/new_tracker/install/auto_aim_interfaces/include/auto_aim_interfaces/auto_aim_interfaces/msg/target.h
[5.994s] -- Installing: /home/ghlins/new_tracker/install/auto_aim_interfaces/include/auto_aim_interfaces/auto_aim_interfaces/msg/debug_armors.h
[5.994s] -- Installing: /home/ghlins/new_tracker/install/auto_aim_interfaces/include/auto_aim_interfaces/auto_aim_interfaces/msg/debug_light.h
[5.994s] -- Installing: /home/ghlins/new_tracker/install/auto_aim_interfaces/include/auto_aim_interfaces/auto_aim_interfaces/msg/armors.h
[5.995s] -- Installing: /home/ghlins/new_tracker/install/auto_aim_interfaces/include/auto_aim_interfaces/auto_aim_interfaces/msg/armor.h
[5.995s] -- Installing: /home/ghlins/new_tracker/install/auto_aim_interfaces/include/auto_aim_interfaces/auto_aim_interfaces/msg/tracker_info.h
[5.995s] -- Installing: /home/ghlins/new_tracker/install/auto_aim_interfaces/include/auto_aim_interfaces/auto_aim_interfaces/msg/rosidl_generator_c__visibility_control.h
[5.995s] -- Up-to-date: /home/ghlins/new_tracker/install/auto_aim_interfaces/include/auto_aim_interfaces/auto_aim_interfaces/msg/detail
[5.995s] -- Installing: /home/ghlins/new_tracker/install/auto_aim_interfaces/include/auto_aim_interfaces/auto_aim_interfaces/msg/detail/debug_armors__functions.h
[5.995s] -- Installing: /home/ghlins/new_tracker/install/auto_aim_interfaces/include/auto_aim_interfaces/auto_aim_interfaces/msg/detail/armor__functions.c
[5.995s] -- Installing: /home/ghlins/new_tracker/install/auto_aim_interfaces/include/auto_aim_interfaces/auto_aim_interfaces/msg/detail/debug_lights__type_support.h
[5.996s] -- Installing: /home/ghlins/new_tracker/install/auto_aim_interfaces/include/auto_aim_interfaces/auto_aim_interfaces/msg/detail/debug_lights__struct.h
[5.996s] -- Installing: /home/ghlins/new_tracker/install/auto_aim_interfaces/include/auto_aim_interfaces/auto_aim_interfaces/msg/detail/target__type_support.h
[5.996s] -- Installing: /home/ghlins/new_tracker/install/auto_aim_interfaces/include/auto_aim_interfaces/auto_aim_interfaces/msg/detail/debug_light__functions.c
[5.996s] -- Installing: /home/ghlins/new_tracker/install/auto_aim_interfaces/include/auto_aim_interfaces/auto_aim_interfaces/msg/detail/debug_light__type_support.h
[5.996s] -- Installing: /home/ghlins/new_tracker/install/auto_aim_interfaces/include/auto_aim_interfaces/auto_aim_interfaces/msg/detail/debug_armors__struct.h
[5.996s] -- Installing: /home/ghlins/new_tracker/install/auto_aim_interfaces/include/auto_aim_interfaces/auto_aim_interfaces/msg/detail/target__functions.c
[5.996s] -- Installing: /home/ghlins/new_tracker/install/auto_aim_interfaces/include/auto_aim_interfaces/auto_aim_interfaces/msg/detail/target__struct.h
[5.996s] -- Installing: /home/ghlins/new_tracker/install/auto_aim_interfaces/include/auto_aim_interfaces/auto_aim_interfaces/msg/detail/debug_armor__functions.h
[5.996s] -- Installing: /home/ghlins/new_tracker/install/auto_aim_interfaces/include/auto_aim_interfaces/auto_aim_interfaces/msg/detail/armors__struct.h
[5.996s] -- Installing: /home/ghlins/new_tracker/install/auto_aim_interfaces/include/auto_aim_interfaces/auto_aim_interfaces/msg/detail/target__functions.h
[5.996s] -- Installing: /home/ghlins/new_tracker/install/auto_aim_interfaces/include/auto_aim_interfaces/auto_aim_interfaces/msg/detail/armor__type_support.h
[5.996s] -- Installing: /home/ghlins/new_tracker/install/auto_aim_interfaces/include/auto_aim_interfaces/auto_aim_interfaces/msg/detail/tracker_info__type_support.h
[5.996s] -- Installing: /home/ghlins/new_tracker/install/auto_aim_interfaces/include/auto_aim_interfaces/auto_aim_interfaces/msg/detail/tracker_info__struct.h
[5.997s] -- Installing: /home/ghlins/new_tracker/install/auto_aim_interfaces/include/auto_aim_interfaces/auto_aim_interfaces/msg/detail/tracker_info__functions.c
[5.997s] -- Installing: /home/ghlins/new_tracker/install/auto_aim_interfaces/include/auto_aim_interfaces/auto_aim_interfaces/msg/detail/armor__struct.h
[5.997s] -- Installing: /home/ghlins/new_tracker/install/auto_aim_interfaces/include/auto_aim_interfaces/auto_aim_interfaces/msg/detail/armors__type_support.h
[5.997s] -- Installing: /home/ghlins/new_tracker/install/auto_aim_interfaces/include/auto_aim_interfaces/auto_aim_interfaces/msg/detail/debug_armor__struct.h
[5.997s] -- Installing: /home/ghlins/new_tracker/install/auto_aim_interfaces/include/auto_aim_interfaces/auto_aim_interfaces/msg/detail/debug_lights__functions.h
[5.997s] -- Installing: /home/ghlins/new_tracker/install/auto_aim_interfaces/include/auto_aim_interfaces/auto_aim_interfaces/msg/detail/armor__functions.h
[5.997s] -- Installing: /home/ghlins/new_tracker/install/auto_aim_interfaces/include/auto_aim_interfaces/auto_aim_interfaces/msg/detail/debug_armors__type_support.h
[5.997s] -- Installing: /home/ghlins/new_tracker/install/auto_aim_interfaces/include/auto_aim_interfaces/auto_aim_interfaces/msg/detail/debug_light__functions.h
[5.997s] -- Installing: /home/ghlins/new_tracker/install/auto_aim_interfaces/include/auto_aim_interfaces/auto_aim_interfaces/msg/detail/debug_armors__functions.c
[5.997s] -- Installing: /home/ghlins/new_tracker/install/auto_aim_interfaces/include/auto_aim_interfaces/auto_aim_interfaces/msg/detail/armors__functions.h
[5.997s] -- Installing: /home/ghlins/new_tracker/install/auto_aim_interfaces/include/auto_aim_interfaces/auto_aim_interfaces/msg/detail/debug_light__struct.h
[5.998s] -- Installing: /home/ghlins/new_tracker/install/auto_aim_interfaces/include/auto_aim_interfaces/auto_aim_interfaces/msg/detail/debug_armor__type_support.h
[5.998s] -- Installing: /home/ghlins/new_tracker/install/auto_aim_interfaces/include/auto_aim_interfaces/auto_aim_interfaces/msg/detail/tracker_info__functions.h
[5.998s] -- Installing: /home/ghlins/new_tracker/install/auto_aim_interfaces/include/auto_aim_interfaces/auto_aim_interfaces/msg/detail/debug_armor__functions.c
[5.998s] -- Installing: /home/ghlins/new_tracker/install/auto_aim_interfaces/include/auto_aim_interfaces/auto_aim_interfaces/msg/detail/debug_lights__functions.c
[5.998s] -- Installing: /home/ghlins/new_tracker/install/auto_aim_interfaces/include/auto_aim_interfaces/auto_aim_interfaces/msg/detail/armors__functions.c
[5.999s] -- Up-to-date: /home/ghlins/new_tracker/install/auto_aim_interfaces/share/auto_aim_interfaces/environment/library_path.sh
[5.999s] -- Installing: /home/ghlins/new_tracker/install/auto_aim_interfaces/share/auto_aim_interfaces/environment/library_path.dsv
[5.999s] -- Installing: /home/ghlins/new_tracker/install/auto_aim_interfaces/lib/libauto_aim_interfaces__rosidl_generator_c.so
[5.999s] -- Set runtime path of "/home/ghlins/new_tracker/install/auto_aim_interfaces/lib/libauto_aim_interfaces__rosidl_generator_c.so" to ""
[5.999s] -- Up-to-date: /home/ghlins/new_tracker/install/auto_aim_interfaces/include/auto_aim_interfaces/auto_aim_interfaces
[5.999s] -- Up-to-date: /home/ghlins/new_tracker/install/auto_aim_interfaces/include/auto_aim_interfaces/auto_aim_interfaces/msg
[6.000s] -- Installing: /home/ghlins/new_tracker/install/auto_aim_interfaces/include/auto_aim_interfaces/auto_aim_interfaces/msg/rosidl_typesupport_fastrtps_c__visibility_control.h
[6.000s] -- Up-to-date: /home/ghlins/new_tracker/install/auto_aim_interfaces/include/auto_aim_interfaces/auto_aim_interfaces/msg/detail
[6.000s] -- Installing: /home/ghlins/new_tracker/install/auto_aim_interfaces/include/auto_aim_interfaces/auto_aim_interfaces/msg/detail/armors__rosidl_typesupport_fastrtps_c.h
[6.000s] -- Installing: /home/ghlins/new_tracker/install/auto_aim_interfaces/include/auto_aim_interfaces/auto_aim_interfaces/msg/detail/armor__rosidl_typesupport_fastrtps_c.h
[6.000s] -- Installing: /home/ghlins/new_tracker/install/auto_aim_interfaces/include/auto_aim_interfaces/auto_aim_interfaces/msg/detail/debug_light__rosidl_typesupport_fastrtps_c.h
[6.000s] -- Installing: /home/ghlins/new_tracker/install/auto_aim_interfaces/include/auto_aim_interfaces/auto_aim_interfaces/msg/detail/debug_armors__rosidl_typesupport_fastrtps_c.h
[6.000s] -- Installing: /home/ghlins/new_tracker/install/auto_aim_interfaces/include/auto_aim_interfaces/auto_aim_interfaces/msg/detail/target__rosidl_typesupport_fastrtps_c.h
[6.000s] -- Installing: /home/ghlins/new_tracker/install/auto_aim_interfaces/include/auto_aim_interfaces/auto_aim_interfaces/msg/detail/debug_armor__rosidl_typesupport_fastrtps_c.h
[6.000s] -- Installing: /home/ghlins/new_tracker/install/auto_aim_interfaces/include/auto_aim_interfaces/auto_aim_interfaces/msg/detail/debug_lights__rosidl_typesupport_fastrtps_c.h
[6.000s] -- Installing: /home/ghlins/new_tracker/install/auto_aim_interfaces/include/auto_aim_interfaces/auto_aim_interfaces/msg/detail/tracker_info__rosidl_typesupport_fastrtps_c.h
[6.001s] -- Installing: /home/ghlins/new_tracker/install/auto_aim_interfaces/lib/libauto_aim_interfaces__rosidl_typesupport_fastrtps_c.so
[6.001s] -- Set runtime path of "/home/ghlins/new_tracker/install/auto_aim_interfaces/lib/libauto_aim_interfaces__rosidl_typesupport_fastrtps_c.so" to ""
[6.001s] -- Up-to-date: /home/ghlins/new_tracker/install/auto_aim_interfaces/include/auto_aim_interfaces/auto_aim_interfaces
[6.001s] -- Up-to-date: /home/ghlins/new_tracker/install/auto_aim_interfaces/include/auto_aim_interfaces/auto_aim_interfaces/msg
[6.001s] -- Installing: /home/ghlins/new_tracker/install/auto_aim_interfaces/include/auto_aim_interfaces/auto_aim_interfaces/msg/rosidl_typesupport_introspection_c__visibility_control.h
[6.001s] -- Up-to-date: /home/ghlins/new_tracker/install/auto_aim_interfaces/include/auto_aim_interfaces/auto_aim_interfaces/msg/detail
[6.001s] -- Installing: /home/ghlins/new_tracker/install/auto_aim_interfaces/include/auto_aim_interfaces/auto_aim_interfaces/msg/detail/debug_lights__rosidl_typesupport_introspection_c.h
[6.001s] -- Installing: /home/ghlins/new_tracker/install/auto_aim_interfaces/include/auto_aim_interfaces/auto_aim_interfaces/msg/detail/debug_lights__type_support.c
[6.002s] -- Installing: /home/ghlins/new_tracker/install/auto_aim_interfaces/include/auto_aim_interfaces/auto_aim_interfaces/msg/detail/armor__rosidl_typesupport_introspection_c.h
[6.002s] -- Installing: /home/ghlins/new_tracker/install/auto_aim_interfaces/include/auto_aim_interfaces/auto_aim_interfaces/msg/detail/armors__type_support.c
[6.002s] -- Installing: /home/ghlins/new_tracker/install/auto_aim_interfaces/include/auto_aim_interfaces/auto_aim_interfaces/msg/detail/debug_light__type_support.c
[6.002s] -- Installing: /home/ghlins/new_tracker/install/auto_aim_interfaces/include/auto_aim_interfaces/auto_aim_interfaces/msg/detail/tracker_info__type_support.c
[6.002s] -- Installing: /home/ghlins/new_tracker/install/auto_aim_interfaces/include/auto_aim_interfaces/auto_aim_interfaces/msg/detail/target__rosidl_typesupport_introspection_c.h
[6.002s] -- Installing: /home/ghlins/new_tracker/install/auto_aim_interfaces/include/auto_aim_interfaces/auto_aim_interfaces/msg/detail/armor__type_support.c
[6.002s] -- Installing: /home/ghlins/new_tracker/install/auto_aim_interfaces/include/auto_aim_interfaces/auto_aim_interfaces/msg/detail/debug_light__rosidl_typesupport_introspection_c.h
[6.002s] -- Installing: /home/ghlins/new_tracker/install/auto_aim_interfaces/include/auto_aim_interfaces/auto_aim_interfaces/msg/detail/tracker_info__rosidl_typesupport_introspection_c.h
[6.003s] -- Installing: /home/ghlins/new_tracker/install/auto_aim_interfaces/include/auto_aim_interfaces/auto_aim_interfaces/msg/detail/debug_armor__rosidl_typesupport_introspection_c.h
[6.003s] -- Installing: /home/ghlins/new_tracker/install/auto_aim_interfaces/include/auto_aim_interfaces/auto_aim_interfaces/msg/detail/armors__rosidl_typesupport_introspection_c.h
[6.003s] -- Installing: /home/ghlins/new_tracker/install/auto_aim_interfaces/include/auto_aim_interfaces/auto_aim_interfaces/msg/detail/debug_armors__type_support.c
[6.003s] -- Installing: /home/ghlins/new_tracker/install/auto_aim_interfaces/include/auto_aim_interfaces/auto_aim_interfaces/msg/detail/debug_armor__type_support.c
[6.003s] -- Installing: /home/ghlins/new_tracker/install/auto_aim_interfaces/include/auto_aim_interfaces/auto_aim_interfaces/msg/detail/target__type_support.c
[6.004s] -- Installing: /home/ghlins/new_tracker/install/auto_aim_interfaces/include/auto_aim_interfaces/auto_aim_interfaces/msg/detail/debug_armors__rosidl_typesupport_introspection_c.h
[6.004s] -- Installing: /home/ghlins/new_tracker/install/auto_aim_interfaces/lib/libauto_aim_interfaces__rosidl_typesupport_introspection_c.so
[6.004s] -- Set runtime path of "/home/ghlins/new_tracker/install/auto_aim_interfaces/lib/libauto_aim_interfaces__rosidl_typesupport_introspection_c.so" to ""
[6.004s] -- Installing: /home/ghlins/new_tracker/install/auto_aim_interfaces/lib/libauto_aim_interfaces__rosidl_typesupport_c.so
[6.004s] -- Set runtime path of "/home/ghlins/new_tracker/install/auto_aim_interfaces/lib/libauto_aim_interfaces__rosidl_typesupport_c.so" to ""
[6.004s] -- Up-to-date: /home/ghlins/new_tracker/install/auto_aim_interfaces/include/auto_aim_interfaces/auto_aim_interfaces
[6.004s] -- Up-to-date: /home/ghlins/new_tracker/install/auto_aim_interfaces/include/auto_aim_interfaces/auto_aim_interfaces/msg
[6.004s] -- Installing: /home/ghlins/new_tracker/install/auto_aim_interfaces/include/auto_aim_interfaces/auto_aim_interfaces/msg/armors.hpp
[6.004s] -- Installing: /home/ghlins/new_tracker/install/auto_aim_interfaces/include/auto_aim_interfaces/auto_aim_interfaces/msg/debug_lights.hpp
[6.004s] -- Installing: /home/ghlins/new_tracker/install/auto_aim_interfaces/include/auto_aim_interfaces/auto_aim_interfaces/msg/debug_armor.hpp
[6.004s] -- Installing: /home/ghlins/new_tracker/install/auto_aim_interfaces/include/auto_aim_interfaces/auto_aim_interfaces/msg/debug_light.hpp
[6.004s] -- Installing: /home/ghlins/new_tracker/install/auto_aim_interfaces/include/auto_aim_interfaces/auto_aim_interfaces/msg/armor.hpp
[6.005s] -- Installing: /home/ghlins/new_tracker/install/auto_aim_interfaces/include/auto_aim_interfaces/auto_aim_interfaces/msg/debug_armors.hpp
[6.005s] -- Installing: /home/ghlins/new_tracker/install/auto_aim_interfaces/include/auto_aim_interfaces/auto_aim_interfaces/msg/tracker_info.hpp
[6.005s] -- Up-to-date: /home/ghlins/new_tracker/install/auto_aim_interfaces/include/auto_aim_interfaces/auto_aim_interfaces/msg/detail
[6.005s] -- Installing: /home/ghlins/new_tracker/install/auto_aim_interfaces/include/auto_aim_interfaces/auto_aim_interfaces/msg/detail/debug_armor__struct.hpp
[6.005s] -- Installing: /home/ghlins/new_tracker/install/auto_aim_interfaces/include/auto_aim_interfaces/auto_aim_interfaces/msg/detail/armors__traits.hpp
[6.005s] -- Installing: /home/ghlins/new_tracker/install/auto_aim_interfaces/include/auto_aim_interfaces/auto_aim_interfaces/msg/detail/debug_light__traits.hpp
[6.005s] -- Installing: /home/ghlins/new_tracker/install/auto_aim_interfaces/include/auto_aim_interfaces/auto_aim_interfaces/msg/detail/debug_armors__builder.hpp
[6.006s] -- Installing: /home/ghlins/new_tracker/install/auto_aim_interfaces/include/auto_aim_interfaces/auto_aim_interfaces/msg/detail/tracker_info__traits.hpp
[6.006s] -- Installing: /home/ghlins/new_tracker/install/auto_aim_interfaces/include/auto_aim_interfaces/auto_aim_interfaces/msg/detail/target__traits.hpp
[6.006s] -- Installing: /home/ghlins/new_tracker/install/auto_aim_interfaces/include/auto_aim_interfaces/auto_aim_interfaces/msg/detail/armor__builder.hpp
[6.006s] -- Installing: /home/ghlins/new_tracker/install/auto_aim_interfaces/include/auto_aim_interfaces/auto_aim_interfaces/msg/detail/debug_light__builder.hpp
[6.006s] -- Installing: /home/ghlins/new_tracker/install/auto_aim_interfaces/include/auto_aim_interfaces/auto_aim_interfaces/msg/detail/tracker_info__builder.hpp
[6.006s] -- Installing: /home/ghlins/new_tracker/install/auto_aim_interfaces/include/auto_aim_interfaces/auto_aim_interfaces/msg/detail/armor__struct.hpp
[6.006s] -- Installing: /home/ghlins/new_tracker/install/auto_aim_interfaces/include/auto_aim_interfaces/auto_aim_interfaces/msg/detail/debug_lights__struct.hpp
[6.007s] -- Installing: /home/ghlins/new_tracker/install/auto_aim_interfaces/include/auto_aim_interfaces/auto_aim_interfaces/msg/detail/armor__traits.hpp
[6.007s] -- Installing: /home/ghlins/new_tracker/install/auto_aim_interfaces/include/auto_aim_interfaces/auto_aim_interfaces/msg/detail/debug_armors__struct.hpp
[6.007s] -- Installing: /home/ghlins/new_tracker/install/auto_aim_interfaces/include/auto_aim_interfaces/auto_aim_interfaces/msg/detail/armors__builder.hpp
[6.007s] -- Installing: /home/ghlins/new_tracker/install/auto_aim_interfaces/include/auto_aim_interfaces/auto_aim_interfaces/msg/detail/tracker_info__struct.hpp
[6.007s] -- Installing: /home/ghlins/new_tracker/install/auto_aim_interfaces/include/auto_aim_interfaces/auto_aim_interfaces/msg/detail/debug_light__struct.hpp
[6.007s] -- Installing: /home/ghlins/new_tracker/install/auto_aim_interfaces/include/auto_aim_interfaces/auto_aim_interfaces/msg/detail/target__struct.hpp
[6.007s] -- Installing: /home/ghlins/new_tracker/install/auto_aim_interfaces/include/auto_aim_interfaces/auto_aim_interfaces/msg/detail/debug_armors__traits.hpp
[6.008s] -- Installing: /home/ghlins/new_tracker/install/auto_aim_interfaces/include/auto_aim_interfaces/auto_aim_interfaces/msg/detail/debug_armor__traits.hpp
[6.008s] -- Installing: /home/ghlins/new_tracker/install/auto_aim_interfaces/include/auto_aim_interfaces/auto_aim_interfaces/msg/detail/target__builder.hpp
[6.008s] -- Installing: /home/ghlins/new_tracker/install/auto_aim_interfaces/include/auto_aim_interfaces/auto_aim_interfaces/msg/detail/debug_lights__traits.hpp
[6.008s] -- Installing: /home/ghlins/new_tracker/install/auto_aim_interfaces/include/auto_aim_interfaces/auto_aim_interfaces/msg/detail/armors__struct.hpp
[6.008s] -- Installing: /home/ghlins/new_tracker/install/auto_aim_interfaces/include/auto_aim_interfaces/auto_aim_interfaces/msg/detail/debug_lights__builder.hpp
[6.008s] -- Installing: /home/ghlins/new_tracker/install/auto_aim_interfaces/include/auto_aim_interfaces/auto_aim_interfaces/msg/detail/debug_armor__builder.hpp
[6.008s] -- Installing: /home/ghlins/new_tracker/install/auto_aim_interfaces/include/auto_aim_interfaces/auto_aim_interfaces/msg/target.hpp
[6.008s] -- Up-to-date: /home/ghlins/new_tracker/install/auto_aim_interfaces/include/auto_aim_interfaces/auto_aim_interfaces
[6.008s] -- Up-to-date: /home/ghlins/new_tracker/install/auto_aim_interfaces/include/auto_aim_interfaces/auto_aim_interfaces/msg
[6.008s] -- Installing: /home/ghlins/new_tracker/install/auto_aim_interfaces/include/auto_aim_interfaces/auto_aim_interfaces/msg/rosidl_typesupport_fastrtps_cpp__visibility_control.h
[6.008s] -- Up-to-date: /home/ghlins/new_tracker/install/auto_aim_interfaces/include/auto_aim_interfaces/auto_aim_interfaces/msg/detail
[6.008s] -- Installing: /home/ghlins/new_tracker/install/auto_aim_interfaces/include/auto_aim_interfaces/auto_aim_interfaces/msg/detail/armor__rosidl_typesupport_fastrtps_cpp.hpp
[6.008s] -- Installing: /home/ghlins/new_tracker/install/auto_aim_interfaces/include/auto_aim_interfaces/auto_aim_interfaces/msg/detail/debug_armor__rosidl_typesupport_fastrtps_cpp.hpp
[6.008s] -- Installing: /home/ghlins/new_tracker/install/auto_aim_interfaces/include/auto_aim_interfaces/auto_aim_interfaces/msg/detail/debug_light__rosidl_typesupport_fastrtps_cpp.hpp
[6.008s] -- Installing: /home/ghlins/new_tracker/install/auto_aim_interfaces/include/auto_aim_interfaces/auto_aim_interfaces/msg/detail/target__rosidl_typesupport_fastrtps_cpp.hpp
[6.008s] -- Installing: /home/ghlins/new_tracker/install/auto_aim_interfaces/include/auto_aim_interfaces/auto_aim_interfaces/msg/detail/armors__rosidl_typesupport_fastrtps_cpp.hpp
[6.008s] -- Installing: /home/ghlins/new_tracker/install/auto_aim_interfaces/include/auto_aim_interfaces/auto_aim_interfaces/msg/detail/tracker_info__rosidl_typesupport_fastrtps_cpp.hpp
[6.008s] -- Up-to-date: /home/ghlins/new_tracker/install/auto_aim_interfaces/include/auto_aim_interfaces/auto_aim_interfaces/msg/detail/dds_fastrtps
[6.008s] -- Installing: /home/ghlins/new_tracker/install/auto_aim_interfaces/include/auto_aim_interfaces/auto_aim_interfaces/msg/detail/debug_lights__rosidl_typesupport_fastrtps_cpp.hpp
[6.008s] -- Installing: /home/ghlins/new_tracker/install/auto_aim_interfaces/include/auto_aim_interfaces/auto_aim_interfaces/msg/detail/debug_armors__rosidl_typesupport_fastrtps_cpp.hpp
[6.008s] -- Installing: /home/ghlins/new_tracker/install/auto_aim_interfaces/lib/libauto_aim_interfaces__rosidl_typesupport_fastrtps_cpp.so
[6.008s] -- Set runtime path of "/home/ghlins/new_tracker/install/auto_aim_interfaces/lib/libauto_aim_interfaces__rosidl_typesupport_fastrtps_cpp.so" to ""
[6.009s] -- Up-to-date: /home/ghlins/new_tracker/install/auto_aim_interfaces/include/auto_aim_interfaces/auto_aim_interfaces
[6.009s] -- Up-to-date: /home/ghlins/new_tracker/install/auto_aim_interfaces/include/auto_aim_interfaces/auto_aim_interfaces/msg
[6.009s] -- Up-to-date: /home/ghlins/new_tracker/install/auto_aim_interfaces/include/auto_aim_interfaces/auto_aim_interfaces/msg/detail
[6.009s] -- Installing: /home/ghlins/new_tracker/install/auto_aim_interfaces/include/auto_aim_interfaces/auto_aim_interfaces/msg/detail/armors__rosidl_typesupport_introspection_cpp.hpp
[6.009s] -- Installing: /home/ghlins/new_tracker/install/auto_aim_interfaces/include/auto_aim_interfaces/auto_aim_interfaces/msg/detail/debug_lights__rosidl_typesupport_introspection_cpp.hpp
[6.009s] -- Installing: /home/ghlins/new_tracker/install/auto_aim_interfaces/include/auto_aim_interfaces/auto_aim_interfaces/msg/detail/armors__type_support.cpp
[6.009s] -- Installing: /home/ghlins/new_tracker/install/auto_aim_interfaces/include/auto_aim_interfaces/auto_aim_interfaces/msg/detail/debug_armors__type_support.cpp
[6.009s] -- Installing: /home/ghlins/new_tracker/install/auto_aim_interfaces/include/auto_aim_interfaces/auto_aim_interfaces/msg/detail/armor__type_support.cpp
[6.009s] -- Installing: /home/ghlins/new_tracker/install/auto_aim_interfaces/include/auto_aim_interfaces/auto_aim_interfaces/msg/detail/debug_lights__type_support.cpp
[6.009s] -- Installing: /home/ghlins/new_tracker/install/auto_aim_interfaces/include/auto_aim_interfaces/auto_aim_interfaces/msg/detail/debug_light__type_support.cpp
[6.009s] -- Installing: /home/ghlins/new_tracker/install/auto_aim_interfaces/include/auto_aim_interfaces/auto_aim_interfaces/msg/detail/target__rosidl_typesupport_introspection_cpp.hpp
[6.009s] -- Installing: /home/ghlins/new_tracker/install/auto_aim_interfaces/include/auto_aim_interfaces/auto_aim_interfaces/msg/detail/debug_armor__rosidl_typesupport_introspection_cpp.hpp
[6.009s] -- Installing: /home/ghlins/new_tracker/install/auto_aim_interfaces/include/auto_aim_interfaces/auto_aim_interfaces/msg/detail/tracker_info__rosidl_typesupport_introspection_cpp.hpp
[6.009s] -- Installing: /home/ghlins/new_tracker/install/auto_aim_interfaces/include/auto_aim_interfaces/auto_aim_interfaces/msg/detail/debug_light__rosidl_typesupport_introspection_cpp.hpp
[6.009s] -- Installing: /home/ghlins/new_tracker/install/auto_aim_interfaces/include/auto_aim_interfaces/auto_aim_interfaces/msg/detail/target__type_support.cpp
[6.009s] -- Installing: /home/ghlins/new_tracker/install/auto_aim_interfaces/include/auto_aim_interfaces/auto_aim_interfaces/msg/detail/tracker_info__type_support.cpp
[6.009s] -- Installing: /home/ghlins/new_tracker/install/auto_aim_interfaces/include/auto_aim_interfaces/auto_aim_interfaces/msg/detail/debug_armors__rosidl_typesupport_introspection_cpp.hpp
[6.009s] -- Installing: /home/ghlins/new_tracker/install/auto_aim_interfaces/include/auto_aim_interfaces/auto_aim_interfaces/msg/detail/armor__rosidl_typesupport_introspection_cpp.hpp
[6.009s] -- Installing: /home/ghlins/new_tracker/install/auto_aim_interfaces/include/auto_aim_interfaces/auto_aim_interfaces/msg/detail/debug_armor__type_support.cpp
[6.009s] -- Installing: /home/ghlins/new_tracker/install/auto_aim_interfaces/lib/libauto_aim_interfaces__rosidl_typesupport_introspection_cpp.so
[6.009s] -- Set runtime path of "/home/ghlins/new_tracker/install/auto_aim_interfaces/lib/libauto_aim_interfaces__rosidl_typesupport_introspection_cpp.so" to ""
[6.009s] -- Installing: /home/ghlins/new_tracker/install/auto_aim_interfaces/lib/libauto_aim_interfaces__rosidl_typesupport_cpp.so
[6.009s] -- Set runtime path of "/home/ghlins/new_tracker/install/auto_aim_interfaces/lib/libauto_aim_interfaces__rosidl_typesupport_cpp.so" to ""
[6.009s] -- Installing: /home/ghlins/new_tracker/install/auto_aim_interfaces/share/auto_aim_interfaces/environment/pythonpath.sh
[6.009s] -- Installing: /home/ghlins/new_tracker/install/auto_aim_interfaces/share/auto_aim_interfaces/environment/pythonpath.dsv
[6.009s] -- Up-to-date: /home/ghlins/new_tracker/install/auto_aim_interfaces/local/lib/python3.10/dist-packages/auto_aim_interfaces-0.0.0-py3.10.egg-info
[6.009s] -- Installing: /home/ghlins/new_tracker/install/auto_aim_interfaces/local/lib/python3.10/dist-packages/auto_aim_interfaces-0.0.0-py3.10.egg-info/top_level.txt
[6.009s] -- Installing: /home/ghlins/new_tracker/install/auto_aim_interfaces/local/lib/python3.10/dist-packages/auto_aim_interfaces-0.0.0-py3.10.egg-info/dependency_links.txt
[6.009s] -- Installing: /home/ghlins/new_tracker/install/auto_aim_interfaces/local/lib/python3.10/dist-packages/auto_aim_interfaces-0.0.0-py3.10.egg-info/SOURCES.txt
[6.009s] -- Installing: /home/ghlins/new_tracker/install/auto_aim_interfaces/local/lib/python3.10/dist-packages/auto_aim_interfaces-0.0.0-py3.10.egg-info/PKG-INFO
[6.009s] -- Up-to-date: /home/ghlins/new_tracker/install/auto_aim_interfaces/local/lib/python3.10/dist-packages/auto_aim_interfaces
[6.009s] -- Installing: /home/ghlins/new_tracker/install/auto_aim_interfaces/local/lib/python3.10/dist-packages/auto_aim_interfaces/auto_aim_interfaces_s__rosidl_typesupport_c.cpython-310-x86_64-linux-gnu.so
[6.009s] -- Installing: /home/ghlins/new_tracker/install/auto_aim_interfaces/local/lib/python3.10/dist-packages/auto_aim_interfaces/_auto_aim_interfaces_s.ep.rosidl_typesupport_introspection_c.c
[6.010s] -- Installing: /home/ghlins/new_tracker/install/auto_aim_interfaces/local/lib/python3.10/dist-packages/auto_aim_interfaces/_auto_aim_interfaces_s.ep.rosidl_typesupport_c.c
[6.010s] -- Installing: /home/ghlins/new_tracker/install/auto_aim_interfaces/local/lib/python3.10/dist-packages/auto_aim_interfaces/auto_aim_interfaces_s__rosidl_typesupport_fastrtps_c.cpython-310-x86_64-linux-gnu.so
[6.010s] -- Up-to-date: /home/ghlins/new_tracker/install/auto_aim_interfaces/local/lib/python3.10/dist-packages/auto_aim_interfaces/msg
[6.010s] -- Installing: /home/ghlins/new_tracker/install/auto_aim_interfaces/local/lib/python3.10/dist-packages/auto_aim_interfaces/msg/_target.py
[6.010s] -- Installing: /home/ghlins/new_tracker/install/auto_aim_interfaces/local/lib/python3.10/dist-packages/auto_aim_interfaces/msg/_debug_lights_s.c
[6.010s] -- Installing: /home/ghlins/new_tracker/install/auto_aim_interfaces/local/lib/python3.10/dist-packages/auto_aim_interfaces/msg/_tracker_info_s.c
[6.010s] -- Installing: /home/ghlins/new_tracker/install/auto_aim_interfaces/local/lib/python3.10/dist-packages/auto_aim_interfaces/msg/_debug_armor.py
[6.010s] -- Installing: /home/ghlins/new_tracker/install/auto_aim_interfaces/local/lib/python3.10/dist-packages/auto_aim_interfaces/msg/_debug_light_s.c
[6.010s] -- Installing: /home/ghlins/new_tracker/install/auto_aim_interfaces/local/lib/python3.10/dist-packages/auto_aim_interfaces/msg/_debug_armors_s.c
[6.010s] -- Installing: /home/ghlins/new_tracker/install/auto_aim_interfaces/local/lib/python3.10/dist-packages/auto_aim_interfaces/msg/_debug_armors.py
[6.010s] -- Installing: /home/ghlins/new_tracker/install/auto_aim_interfaces/local/lib/python3.10/dist-packages/auto_aim_interfaces/msg/_armors.py
[6.010s] -- Installing: /home/ghlins/new_tracker/install/auto_aim_interfaces/local/lib/python3.10/dist-packages/auto_aim_interfaces/msg/_armor_s.c
[6.010s] -- Installing: /home/ghlins/new_tracker/install/auto_aim_interfaces/local/lib/python3.10/dist-packages/auto_aim_interfaces/msg/_armor.py
[6.010s] -- Installing: /home/ghlins/new_tracker/install/auto_aim_interfaces/local/lib/python3.10/dist-packages/auto_aim_interfaces/msg/_debug_lights.py
[6.010s] -- Installing: /home/ghlins/new_tracker/install/auto_aim_interfaces/local/lib/python3.10/dist-packages/auto_aim_interfaces/msg/_tracker_info.py
[6.010s] -- Installing: /home/ghlins/new_tracker/install/auto_aim_interfaces/local/lib/python3.10/dist-packages/auto_aim_interfaces/msg/_debug_light.py
[6.010s] -- Installing: /home/ghlins/new_tracker/install/auto_aim_interfaces/local/lib/python3.10/dist-packages/auto_aim_interfaces/msg/_target_s.c
[6.010s] -- Installing: /home/ghlins/new_tracker/install/auto_aim_interfaces/local/lib/python3.10/dist-packages/auto_aim_interfaces/msg/_armors_s.c
[6.010s] -- Installing: /home/ghlins/new_tracker/install/auto_aim_interfaces/local/lib/python3.10/dist-packages/auto_aim_interfaces/msg/__init__.py
[6.010s] -- Installing: /home/ghlins/new_tracker/install/auto_aim_interfaces/local/lib/python3.10/dist-packages/auto_aim_interfaces/msg/_debug_armor_s.c
[6.010s] -- Installing: /home/ghlins/new_tracker/install/auto_aim_interfaces/local/lib/python3.10/dist-packages/auto_aim_interfaces/_auto_aim_interfaces_s.ep.rosidl_typesupport_fastrtps_c.c
[6.010s] -- Installing: /home/ghlins/new_tracker/install/auto_aim_interfaces/local/lib/python3.10/dist-packages/auto_aim_interfaces/libauto_aim_interfaces__rosidl_generator_py.so
[6.010s] -- Installing: /home/ghlins/new_tracker/install/auto_aim_interfaces/local/lib/python3.10/dist-packages/auto_aim_interfaces/__init__.py
[6.010s] -- Installing: /home/ghlins/new_tracker/install/auto_aim_interfaces/local/lib/python3.10/dist-packages/auto_aim_interfaces/auto_aim_interfaces_s__rosidl_typesupport_introspection_c.cpython-310-x86_64-linux-gnu.so
[6.034s] Listing '/home/ghlins/new_tracker/install/auto_aim_interfaces/local/lib/python3.10/dist-packages/auto_aim_interfaces'...
[6.034s] Compiling '/home/ghlins/new_tracker/install/auto_aim_interfaces/local/lib/python3.10/dist-packages/auto_aim_interfaces/__init__.py'...
[6.034s] Listing '/home/ghlins/new_tracker/install/auto_aim_interfaces/local/lib/python3.10/dist-packages/auto_aim_interfaces/msg'...
[6.035s] Compiling '/home/ghlins/new_tracker/install/auto_aim_interfaces/local/lib/python3.10/dist-packages/auto_aim_interfaces/msg/__init__.py'...
[6.035s] Compiling '/home/ghlins/new_tracker/install/auto_aim_interfaces/local/lib/python3.10/dist-packages/auto_aim_interfaces/msg/_armor.py'...
[6.035s] Compiling '/home/ghlins/new_tracker/install/auto_aim_interfaces/local/lib/python3.10/dist-packages/auto_aim_interfaces/msg/_armors.py'...
[6.035s] Compiling '/home/ghlins/new_tracker/install/auto_aim_interfaces/local/lib/python3.10/dist-packages/auto_aim_interfaces/msg/_debug_armor.py'...
[6.035s] Compiling '/home/ghlins/new_tracker/install/auto_aim_interfaces/local/lib/python3.10/dist-packages/auto_aim_interfaces/msg/_debug_armors.py'...
[6.035s] Compiling '/home/ghlins/new_tracker/install/auto_aim_interfaces/local/lib/python3.10/dist-packages/auto_aim_interfaces/msg/_debug_light.py'...
[6.035s] Compiling '/home/ghlins/new_tracker/install/auto_aim_interfaces/local/lib/python3.10/dist-packages/auto_aim_interfaces/msg/_debug_lights.py'...
[6.035s] Compiling '/home/ghlins/new_tracker/install/auto_aim_interfaces/local/lib/python3.10/dist-packages/auto_aim_interfaces/msg/_target.py'...
[6.035s] Compiling '/home/ghlins/new_tracker/install/auto_aim_interfaces/local/lib/python3.10/dist-packages/auto_aim_interfaces/msg/_tracker_info.py'...
[6.038s] -- Installing: /home/ghlins/new_tracker/install/auto_aim_interfaces/local/lib/python3.10/dist-packages/auto_aim_interfaces/auto_aim_interfaces_s__rosidl_typesupport_fastrtps_c.cpython-310-x86_64-linux-gnu.so
[6.038s] -- Set runtime path of "/home/ghlins/new_tracker/install/auto_aim_interfaces/local/lib/python3.10/dist-packages/auto_aim_interfaces/auto_aim_interfaces_s__rosidl_typesupport_fastrtps_c.cpython-310-x86_64-linux-gnu.so" to ""
[6.038s] -- Installing: /home/ghlins/new_tracker/install/auto_aim_interfaces/local/lib/python3.10/dist-packages/auto_aim_interfaces/auto_aim_interfaces_s__rosidl_typesupport_introspection_c.cpython-310-x86_64-linux-gnu.so
[6.038s] -- Set runtime path of "/home/ghlins/new_tracker/install/auto_aim_interfaces/local/lib/python3.10/dist-packages/auto_aim_interfaces/auto_aim_interfaces_s__rosidl_typesupport_introspection_c.cpython-310-x86_64-linux-gnu.so" to ""
[6.039s] -- Installing: /home/ghlins/new_tracker/install/auto_aim_interfaces/local/lib/python3.10/dist-packages/auto_aim_interfaces/auto_aim_interfaces_s__rosidl_typesupport_c.cpython-310-x86_64-linux-gnu.so
[6.039s] -- Set runtime path of "/home/ghlins/new_tracker/install/auto_aim_interfaces/local/lib/python3.10/dist-packages/auto_aim_interfaces/auto_aim_interfaces_s__rosidl_typesupport_c.cpython-310-x86_64-linux-gnu.so" to ""
[6.039s] -- Installing: /home/ghlins/new_tracker/install/auto_aim_interfaces/lib/libauto_aim_interfaces__rosidl_generator_py.so
[6.039s] -- Set runtime path of "/home/ghlins/new_tracker/install/auto_aim_interfaces/lib/libauto_aim_interfaces__rosidl_generator_py.so" to ""
[6.039s] -- Installing: /home/ghlins/new_tracker/install/auto_aim_interfaces/share/auto_aim_interfaces/msg/Armor.idl
[6.039s] -- Installing: /home/ghlins/new_tracker/install/auto_aim_interfaces/share/auto_aim_interfaces/msg/Armors.idl
[6.039s] -- Installing: /home/ghlins/new_tracker/install/auto_aim_interfaces/share/auto_aim_interfaces/msg/Target.idl
[6.040s] -- Installing: /home/ghlins/new_tracker/install/auto_aim_interfaces/share/auto_aim_interfaces/msg/DebugLight.idl
[6.040s] -- Installing: /home/ghlins/new_tracker/install/auto_aim_interfaces/share/auto_aim_interfaces/msg/DebugLights.idl
[6.040s] -- Installing: /home/ghlins/new_tracker/install/auto_aim_interfaces/share/auto_aim_interfaces/msg/DebugArmor.idl
[6.040s] -- Installing: /home/ghlins/new_tracker/install/auto_aim_interfaces/share/auto_aim_interfaces/msg/DebugArmors.idl
[6.040s] -- Installing: /home/ghlins/new_tracker/install/auto_aim_interfaces/share/auto_aim_interfaces/msg/TrackerInfo.idl
[6.040s] -- Up-to-date: /home/ghlins/new_tracker/install/auto_aim_interfaces/share/auto_aim_interfaces/msg/Armor.msg
[6.040s] -- Up-to-date: /home/ghlins/new_tracker/install/auto_aim_interfaces/share/auto_aim_interfaces/msg/Armors.msg
[6.040s] -- Up-to-date: /home/ghlins/new_tracker/install/auto_aim_interfaces/share/auto_aim_interfaces/msg/Target.msg
[6.040s] -- Up-to-date: /home/ghlins/new_tracker/install/auto_aim_interfaces/share/auto_aim_interfaces/msg/DebugLight.msg
[6.040s] -- Up-to-date: /home/ghlins/new_tracker/install/auto_aim_interfaces/share/auto_aim_interfaces/msg/DebugLights.msg
[6.041s] -- Up-to-date: /home/ghlins/new_tracker/install/auto_aim_interfaces/share/auto_aim_interfaces/msg/DebugArmor.msg
[6.041s] -- Up-to-date: /home/ghlins/new_tracker/install/auto_aim_interfaces/share/auto_aim_interfaces/msg/DebugArmors.msg
[6.041s] -- Up-to-date: /home/ghlins/new_tracker/install/auto_aim_interfaces/share/auto_aim_interfaces/msg/TrackerInfo.msg
[6.041s] -- Installing: /home/ghlins/new_tracker/install/auto_aim_interfaces/share/ament_index/resource_index/package_run_dependencies/auto_aim_interfaces
[6.041s] -- Installing: /home/ghlins/new_tracker/install/auto_aim_interfaces/share/ament_index/resource_index/parent_prefix_path/auto_aim_interfaces
[6.041s] -- Up-to-date: /home/ghlins/new_tracker/install/auto_aim_interfaces/share/auto_aim_interfaces/environment/ament_prefix_path.sh
[6.041s] -- Installing: /home/ghlins/new_tracker/install/auto_aim_interfaces/share/auto_aim_interfaces/environment/ament_prefix_path.dsv
[6.041s] -- Up-to-date: /home/ghlins/new_tracker/install/auto_aim_interfaces/share/auto_aim_interfaces/environment/path.sh
[6.041s] -- Installing: /home/ghlins/new_tracker/install/auto_aim_interfaces/share/auto_aim_interfaces/environment/path.dsv
[6.041s] -- Installing: /home/ghlins/new_tracker/install/auto_aim_interfaces/share/auto_aim_interfaces/local_setup.bash
[6.041s] -- Installing: /home/ghlins/new_tracker/install/auto_aim_interfaces/share/auto_aim_interfaces/local_setup.sh
[6.042s] -- Installing: /home/ghlins/new_tracker/install/auto_aim_interfaces/share/auto_aim_interfaces/local_setup.zsh
[6.042s] -- Installing: /home/ghlins/new_tracker/install/auto_aim_interfaces/share/auto_aim_interfaces/local_setup.dsv
[6.042s] -- Installing: /home/ghlins/new_tracker/install/auto_aim_interfaces/share/auto_aim_interfaces/package.dsv
[6.042s] -- Installing: /home/ghlins/new_tracker/install/auto_aim_interfaces/share/ament_index/resource_index/packages/auto_aim_interfaces
[6.042s] -- Installing: /home/ghlins/new_tracker/install/auto_aim_interfaces/share/auto_aim_interfaces/cmake/export_auto_aim_interfaces__rosidl_generator_cExport.cmake
[6.042s] -- Installing: /home/ghlins/new_tracker/install/auto_aim_interfaces/share/auto_aim_interfaces/cmake/export_auto_aim_interfaces__rosidl_generator_cExport-noconfig.cmake
[6.042s] -- Installing: /home/ghlins/new_tracker/install/auto_aim_interfaces/share/auto_aim_interfaces/cmake/export_auto_aim_interfaces__rosidl_typesupport_fastrtps_cExport.cmake
[6.042s] -- Installing: /home/ghlins/new_tracker/install/auto_aim_interfaces/share/auto_aim_interfaces/cmake/export_auto_aim_interfaces__rosidl_typesupport_fastrtps_cExport-noconfig.cmake
[6.042s] -- Installing: /home/ghlins/new_tracker/install/auto_aim_interfaces/share/auto_aim_interfaces/cmake/auto_aim_interfaces__rosidl_typesupport_introspection_cExport.cmake
[6.042s] -- Installing: /home/ghlins/new_tracker/install/auto_aim_interfaces/share/auto_aim_interfaces/cmake/auto_aim_interfaces__rosidl_typesupport_introspection_cExport-noconfig.cmake
[6.042s] -- Installing: /home/ghlins/new_tracker/install/auto_aim_interfaces/share/auto_aim_interfaces/cmake/auto_aim_interfaces__rosidl_typesupport_cExport.cmake
[6.043s] -- Installing: /home/ghlins/new_tracker/install/auto_aim_interfaces/share/auto_aim_interfaces/cmake/auto_aim_interfaces__rosidl_typesupport_cExport-noconfig.cmake
[6.043s] -- Installing: /home/ghlins/new_tracker/install/auto_aim_interfaces/share/auto_aim_interfaces/cmake/export_auto_aim_interfaces__rosidl_generator_cppExport.cmake
[6.043s] -- Installing: /home/ghlins/new_tracker/install/auto_aim_interfaces/share/auto_aim_interfaces/cmake/export_auto_aim_interfaces__rosidl_typesupport_fastrtps_cppExport.cmake
[6.043s] -- Installing: /home/ghlins/new_tracker/install/auto_aim_interfaces/share/auto_aim_interfaces/cmake/export_auto_aim_interfaces__rosidl_typesupport_fastrtps_cppExport-noconfig.cmake
[6.043s] -- Installing: /home/ghlins/new_tracker/install/auto_aim_interfaces/share/auto_aim_interfaces/cmake/auto_aim_interfaces__rosidl_typesupport_introspection_cppExport.cmake
[6.043s] -- Installing: /home/ghlins/new_tracker/install/auto_aim_interfaces/share/auto_aim_interfaces/cmake/auto_aim_interfaces__rosidl_typesupport_introspection_cppExport-noconfig.cmake
[6.043s] -- Installing: /home/ghlins/new_tracker/install/auto_aim_interfaces/share/auto_aim_interfaces/cmake/auto_aim_interfaces__rosidl_typesupport_cppExport.cmake
[6.043s] -- Installing: /home/ghlins/new_tracker/install/auto_aim_interfaces/share/auto_aim_interfaces/cmake/auto_aim_interfaces__rosidl_typesupport_cppExport-noconfig.cmake
[6.043s] -- Installing: /home/ghlins/new_tracker/install/auto_aim_interfaces/share/auto_aim_interfaces/cmake/export_auto_aim_interfaces__rosidl_generator_pyExport.cmake
[6.043s] -- Installing: /home/ghlins/new_tracker/install/auto_aim_interfaces/share/auto_aim_interfaces/cmake/export_auto_aim_interfaces__rosidl_generator_pyExport-noconfig.cmake
[6.043s] -- Installing: /home/ghlins/new_tracker/install/auto_aim_interfaces/share/auto_aim_interfaces/cmake/rosidl_cmake-extras.cmake
[6.044s] -- Installing: /home/ghlins/new_tracker/install/auto_aim_interfaces/share/auto_aim_interfaces/cmake/ament_cmake_export_dependencies-extras.cmake
[6.044s] -- Installing: /home/ghlins/new_tracker/install/auto_aim_interfaces/share/auto_aim_interfaces/cmake/ament_cmake_export_include_directories-extras.cmake
[6.044s] -- Installing: /home/ghlins/new_tracker/install/auto_aim_interfaces/share/auto_aim_interfaces/cmake/ament_cmake_export_libraries-extras.cmake
[6.044s] -- Installing: /home/ghlins/new_tracker/install/auto_aim_interfaces/share/auto_aim_interfaces/cmake/ament_cmake_export_targets-extras.cmake
[6.044s] -- Installing: /home/ghlins/new_tracker/install/auto_aim_interfaces/share/auto_aim_interfaces/cmake/rosidl_cmake_export_typesupport_targets-extras.cmake
[6.044s] -- Installing: /home/ghlins/new_tracker/install/auto_aim_interfaces/share/auto_aim_interfaces/cmake/rosidl_cmake_export_typesupport_libraries-extras.cmake
[6.044s] -- Installing: /home/ghlins/new_tracker/install/auto_aim_interfaces/share/auto_aim_interfaces/cmake/auto_aim_interfacesConfig.cmake
[6.044s] -- Installing: /home/ghlins/new_tracker/install/auto_aim_interfaces/share/auto_aim_interfaces/cmake/auto_aim_interfacesConfig-version.cmake
[6.044s] -- Up-to-date: /home/ghlins/new_tracker/install/auto_aim_interfaces/share/auto_aim_interfaces/package.xml
[6.046s] Invoked command in '/home/ghlins/new_tracker/build/auto_aim_interfaces' returned '0': CMAKE_PREFIX_PATH=/opt/ros/humble /usr/bin/cmake --install /home/ghlins/new_tracker/build/auto_aim_interfaces
