[0.073s] Invoking command in '/home/ghlins/new_tracker/build/new_armor_tracker': CMAKE_PREFIX_PATH=/home/ghlins/new_tracker/install/auto_aim_interfaces:/home/ghlins/new_tracker/install/new_armor_tracker:/home/ghlins/new_tracker/install/my_ros2_opencv_pkg:/home/ghlins/new_tracker/install/armor_detector:/opt/ros/humble LD_LIBRARY_PATH=/home/ghlins/new_tracker/install/auto_aim_interfaces/lib:/home/ghlins/new_tracker/install/new_armor_tracker/lib:/home/ghlins/new_tracker/install/armor_detector/lib:/usr/lib/x86_64-linux-gnu/gazebo-11/plugins:/opt/ros/humble/opt/rviz_ogre_vendor/lib:/opt/ros/humble/lib/x86_64-linux-gnu:/opt/ros/humble/lib /usr/bin/cmake /home/ghlins/new_tracker/src/rm_auto_aim/new_tracker -DCMAKE_INSTALL_PREFIX=/home/ghlins/new_tracker/install/new_armor_tracker
[0.200s] -- The C compiler identification is GNU 11.4.0
[0.633s] -- The CXX compiler identification is GNU 11.4.0
[0.980s] -- Detecting C compiler ABI info
[1.122s] -- Detecting C compiler ABI info - done
[1.128s] -- Check for working C compiler: /usr/bin/cc - skipped
[1.128s] -- Detecting C compile features
[1.128s] -- Detecting C compile features - done
[1.130s] -- Detecting CXX compiler ABI info
[1.301s] -- Detecting CXX compiler ABI info - done
[1.307s] -- Check for working CXX compiler: /usr/bin/c++ - skipped
[1.308s] -- Detecting CXX compile features
[1.308s] -- Detecting CXX compile features - done
[1.310s] -- Found ament_cmake_auto: 1.3.5 (/opt/ros/humble/share/ament_cmake_auto/cmake)
[1.467s] -- Found Python3: /usr/bin/python3.10 (found version "3.10.12") found components: Interpreter 
[1.558s] -- Found OpenCV: /usr (found version "4.5.4") 
[1.799s] -- Found rosidl_generator_c: 3.1.4 (/opt/ros/humble/share/rosidl_generator_c/cmake)
[1.807s] -- Found rosidl_adapter: 3.1.4 (/opt/ros/humble/share/rosidl_adapter/cmake)
[1.819s] -- Found rosidl_generator_cpp: 3.1.4 (/opt/ros/humble/share/rosidl_generator_cpp/cmake)
[1.839s] -- Using all available rosidl_typesupport_c: rosidl_typesupport_fastrtps_c;rosidl_typesupport_introspection_c
[1.861s] -- Using all available rosidl_typesupport_cpp: rosidl_typesupport_fastrtps_cpp;rosidl_typesupport_introspection_cpp
[1.935s] -- Found rmw_implementation_cmake: 6.1.1 (/opt/ros/humble/share/rmw_implementation_cmake/cmake)
[1.938s] -- Found rmw_fastrtps_cpp: 6.2.2 (/opt/ros/humble/share/rmw_fastrtps_cpp/cmake)
[2.801s] -- Found OpenSSL: /usr/lib/x86_64-linux-gnu/libcrypto.so (found version "3.0.2")  
[3.382s] -- Found FastRTPS: /opt/ros/humble/include  
[4.363s] -- Using RMW implementation 'rmw_fastrtps_cpp' as default
[4.370s] -- Looking for pthread.h
[4.472s] -- Looking for pthread.h - found
[4.472s] -- Performing Test CMAKE_HAVE_LIBC_PTHREAD
[4.581s] -- Performing Test CMAKE_HAVE_LIBC_PTHREAD - Success
[4.582s] -- Found Threads: TRUE  
[6.391s] -- Found eigen3_cmake_module: 0.1.1 (/opt/ros/humble/share/eigen3_cmake_module/cmake)
[6.392s] -- Found Eigen3: TRUE (found version "3.4.0") 
[6.392s] -- Ensuring Eigen3 include directory is part of orocos-kdl CMake target
[6.720s] -- Found ament_lint_auto: 0.12.6 (/opt/ros/humble/share/ament_lint_auto/cmake)
[6.752s] -- Added test 'cppcheck' to perform static code analysis on C / C++ code
[6.752s] -- Configured cppcheck include dirs: /home/ghlins/new_tracker/src/rm_auto_aim/new_tracker/include
[6.752s] -- Configured cppcheck exclude dirs and/or files: 
[6.754s] -- Added test 'flake8' to check Python code syntax and style conventions
[6.755s] -- Added test 'lint_cmake' to check CMake code style
[6.756s] -- Added test 'pep257' to check Python code against some of the docstring style conventions in PEP 257
[6.757s] -- Added test 'xmllint' to check XML markup files
[6.760s] -- Added test 'clang_format' to check C / C++ code style
[6.765s] -- Configuring done
[6.797s] -- Generating done
[6.799s] -- Build files have been written to: /home/ghlins/new_tracker/build/new_armor_tracker
[6.814s] Invoked command in '/home/ghlins/new_tracker/build/new_armor_tracker' returned '0': CMAKE_PREFIX_PATH=/home/ghlins/new_tracker/install/auto_aim_interfaces:/home/ghlins/new_tracker/install/new_armor_tracker:/home/ghlins/new_tracker/install/my_ros2_opencv_pkg:/home/ghlins/new_tracker/install/armor_detector:/opt/ros/humble LD_LIBRARY_PATH=/home/ghlins/new_tracker/install/auto_aim_interfaces/lib:/home/ghlins/new_tracker/install/new_armor_tracker/lib:/home/ghlins/new_tracker/install/armor_detector/lib:/usr/lib/x86_64-linux-gnu/gazebo-11/plugins:/opt/ros/humble/opt/rviz_ogre_vendor/lib:/opt/ros/humble/lib/x86_64-linux-gnu:/opt/ros/humble/lib /usr/bin/cmake /home/ghlins/new_tracker/src/rm_auto_aim/new_tracker -DCMAKE_INSTALL_PREFIX=/home/ghlins/new_tracker/install/new_armor_tracker
[6.817s] Invoking command in '/home/ghlins/new_tracker/build/new_armor_tracker': CMAKE_PREFIX_PATH=/home/ghlins/new_tracker/install/auto_aim_interfaces:/home/ghlins/new_tracker/install/new_armor_tracker:/home/ghlins/new_tracker/install/my_ros2_opencv_pkg:/home/ghlins/new_tracker/install/armor_detector:/opt/ros/humble LD_LIBRARY_PATH=/home/ghlins/new_tracker/install/auto_aim_interfaces/lib:/home/ghlins/new_tracker/install/new_armor_tracker/lib:/home/ghlins/new_tracker/install/armor_detector/lib:/usr/lib/x86_64-linux-gnu/gazebo-11/plugins:/opt/ros/humble/opt/rviz_ogre_vendor/lib:/opt/ros/humble/lib/x86_64-linux-gnu:/opt/ros/humble/lib /usr/bin/cmake --build /home/ghlins/new_tracker/build/new_armor_tracker -- -j20 -l20
[6.872s] [ 25%] [32mBuilding CXX object CMakeFiles/new_armor_tracker.dir/src/new_tracker_node.cpp.o[0m
[6.873s] [ 50%] [32mBuilding CXX object CMakeFiles/new_armor_tracker_node.dir/rclcpp_components/node_main_new_armor_tracker_node.cpp.o[0m
[10.420s] [ 75%] [32m[1mLinking CXX executable new_armor_tracker_node[0m
[10.597s] [ 75%] Built target new_armor_tracker_node
[16.224s] [100%] [32m[1mLinking CXX shared library libnew_armor_tracker.so[0m
[16.748s] [100%] Built target new_armor_tracker
[16.755s] Invoked command in '/home/ghlins/new_tracker/build/new_armor_tracker' returned '0': CMAKE_PREFIX_PATH=/home/ghlins/new_tracker/install/auto_aim_interfaces:/home/ghlins/new_tracker/install/new_armor_tracker:/home/ghlins/new_tracker/install/my_ros2_opencv_pkg:/home/ghlins/new_tracker/install/armor_detector:/opt/ros/humble LD_LIBRARY_PATH=/home/ghlins/new_tracker/install/auto_aim_interfaces/lib:/home/ghlins/new_tracker/install/new_armor_tracker/lib:/home/ghlins/new_tracker/install/armor_detector/lib:/usr/lib/x86_64-linux-gnu/gazebo-11/plugins:/opt/ros/humble/opt/rviz_ogre_vendor/lib:/opt/ros/humble/lib/x86_64-linux-gnu:/opt/ros/humble/lib /usr/bin/cmake --build /home/ghlins/new_tracker/build/new_armor_tracker -- -j20 -l20
[16.772s] Invoking command in '/home/ghlins/new_tracker/build/new_armor_tracker': CMAKE_PREFIX_PATH=/home/ghlins/new_tracker/install/auto_aim_interfaces:/home/ghlins/new_tracker/install/new_armor_tracker:/home/ghlins/new_tracker/install/my_ros2_opencv_pkg:/home/ghlins/new_tracker/install/armor_detector:/opt/ros/humble LD_LIBRARY_PATH=/home/ghlins/new_tracker/install/auto_aim_interfaces/lib:/home/ghlins/new_tracker/install/new_armor_tracker/lib:/home/ghlins/new_tracker/install/armor_detector/lib:/usr/lib/x86_64-linux-gnu/gazebo-11/plugins:/opt/ros/humble/opt/rviz_ogre_vendor/lib:/opt/ros/humble/lib/x86_64-linux-gnu:/opt/ros/humble/lib /usr/bin/cmake --install /home/ghlins/new_tracker/build/new_armor_tracker
[16.777s] -- Install configuration: ""
[16.777s] -- Installing: /home/ghlins/new_tracker/install/new_armor_tracker/lib/new_armor_tracker/new_armor_tracker_node
[16.777s] -- Set runtime path of "/home/ghlins/new_tracker/install/new_armor_tracker/lib/new_armor_tracker/new_armor_tracker_node" to ""
[16.777s] -- Up-to-date: /home/ghlins/new_tracker/install/new_armor_tracker/include
[16.777s] -- Up-to-date: /home/ghlins/new_tracker/install/new_armor_tracker/include/new_tracker
[16.777s] -- Up-to-date: /home/ghlins/new_tracker/install/new_armor_tracker/include/new_tracker/new_tracker_node.hpp
[16.777s] -- Up-to-date: /home/ghlins/new_tracker/install/new_armor_tracker/share/new_armor_tracker/environment/library_path.sh
[16.777s] -- Installing: /home/ghlins/new_tracker/install/new_armor_tracker/share/new_armor_tracker/environment/library_path.dsv
[16.778s] -- Installing: /home/ghlins/new_tracker/install/new_armor_tracker/lib/libnew_armor_tracker.so
[16.783s] -- Set runtime path of "/home/ghlins/new_tracker/install/new_armor_tracker/lib/libnew_armor_tracker.so" to ""
[16.783s] -- Installing: /home/ghlins/new_tracker/install/new_armor_tracker/share/ament_index/resource_index/package_run_dependencies/new_armor_tracker
[16.783s] -- Installing: /home/ghlins/new_tracker/install/new_armor_tracker/share/ament_index/resource_index/parent_prefix_path/new_armor_tracker
[16.783s] -- Up-to-date: /home/ghlins/new_tracker/install/new_armor_tracker/share/new_armor_tracker/environment/ament_prefix_path.sh
[16.783s] -- Installing: /home/ghlins/new_tracker/install/new_armor_tracker/share/new_armor_tracker/environment/ament_prefix_path.dsv
[16.783s] -- Up-to-date: /home/ghlins/new_tracker/install/new_armor_tracker/share/new_armor_tracker/environment/path.sh
[16.784s] -- Installing: /home/ghlins/new_tracker/install/new_armor_tracker/share/new_armor_tracker/environment/path.dsv
[16.784s] -- Installing: /home/ghlins/new_tracker/install/new_armor_tracker/share/new_armor_tracker/local_setup.bash
[16.784s] -- Installing: /home/ghlins/new_tracker/install/new_armor_tracker/share/new_armor_tracker/local_setup.sh
[16.784s] -- Installing: /home/ghlins/new_tracker/install/new_armor_tracker/share/new_armor_tracker/local_setup.zsh
[16.784s] -- Installing: /home/ghlins/new_tracker/install/new_armor_tracker/share/new_armor_tracker/local_setup.dsv
[16.784s] -- Installing: /home/ghlins/new_tracker/install/new_armor_tracker/share/new_armor_tracker/package.dsv
[16.784s] -- Installing: /home/ghlins/new_tracker/install/new_armor_tracker/share/ament_index/resource_index/packages/new_armor_tracker
[16.784s] -- Installing: /home/ghlins/new_tracker/install/new_armor_tracker/share/ament_index/resource_index/rclcpp_components/new_armor_tracker
[16.784s] -- Installing: /home/ghlins/new_tracker/install/new_armor_tracker/share/new_armor_tracker/cmake/ament_cmake_export_dependencies-extras.cmake
[16.784s] -- Installing: /home/ghlins/new_tracker/install/new_armor_tracker/share/new_armor_tracker/cmake/ament_cmake_export_include_directories-extras.cmake
[16.784s] -- Installing: /home/ghlins/new_tracker/install/new_armor_tracker/share/new_armor_tracker/cmake/ament_cmake_export_libraries-extras.cmake
[16.784s] -- Installing: /home/ghlins/new_tracker/install/new_armor_tracker/share/new_armor_tracker/cmake/new_armor_trackerConfig.cmake
[16.784s] -- Installing: /home/ghlins/new_tracker/install/new_armor_tracker/share/new_armor_tracker/cmake/new_armor_trackerConfig-version.cmake
[16.784s] -- Up-to-date: /home/ghlins/new_tracker/install/new_armor_tracker/share/new_armor_tracker/package.xml
[16.787s] Invoked command in '/home/ghlins/new_tracker/build/new_armor_tracker' returned '0': CMAKE_PREFIX_PATH=/home/ghlins/new_tracker/install/auto_aim_interfaces:/home/ghlins/new_tracker/install/new_armor_tracker:/home/ghlins/new_tracker/install/my_ros2_opencv_pkg:/home/ghlins/new_tracker/install/armor_detector:/opt/ros/humble LD_LIBRARY_PATH=/home/ghlins/new_tracker/install/auto_aim_interfaces/lib:/home/ghlins/new_tracker/install/new_armor_tracker/lib:/home/ghlins/new_tracker/install/armor_detector/lib:/usr/lib/x86_64-linux-gnu/gazebo-11/plugins:/opt/ros/humble/opt/rviz_ogre_vendor/lib:/opt/ros/humble/lib/x86_64-linux-gnu:/opt/ros/humble/lib /usr/bin/cmake --install /home/ghlins/new_tracker/build/new_armor_tracker
