[0.062s] Invoking command in '/home/ghlins/new_tracker/build/new_armor_tracker': AMENT_PREFIX_PATH=/home/ghlins/new_tracker/install/auto_aim_interfaces:${AMENT_PREFIX_PATH} CMAKE_PREFIX_PATH=/home/ghlins/new_tracker/install/auto_aim_interfaces:/opt/ros/humble LD_LIBRARY_PATH=/home/ghlins/new_tracker/install/auto_aim_interfaces/lib:${LD_LIBRARY_PATH} PYTHONPATH=/home/ghlins/new_tracker/install/auto_aim_interfaces/local/lib/python3.10/dist-packages:${PYTHONPATH} /usr/bin/cmake /home/ghlins/new_tracker/src/rm_auto_aim/new_tracker -DCMAKE_INSTALL_PREFIX=/home/ghlins/new_tracker/install/new_armor_tracker
[0.139s] -- The C compiler identification is GNU 11.4.0
[0.503s] -- The CXX compiler identification is GNU 11.4.0
[0.824s] -- Detecting C compiler ABI info
[0.954s] -- Detecting C compiler ABI info - done
[0.959s] -- Check for working C compiler: /usr/bin/cc - skipped
[0.959s] -- Detecting C compile features
[0.960s] -- Detecting C compile features - done
[0.962s] -- Detecting CXX compiler ABI info
[1.088s] -- Detecting CXX compiler ABI info - done
[1.096s] -- Check for working CXX compiler: /usr/bin/c++ - skipped
[1.096s] -- Detecting CXX compile features
[1.096s] -- Detecting CXX compile features - done
[1.098s] -- Found ament_cmake_auto: 1.3.5 (/opt/ros/humble/share/ament_cmake_auto/cmake)
[1.218s] -- Found Python3: /usr/bin/python3.10 (found version "3.10.12") found components: Interpreter 
[1.279s] -- Found OpenCV: /usr (found version "4.5.4") 
[1.453s] -- Found rosidl_generator_c: 3.1.4 (/opt/ros/humble/share/rosidl_generator_c/cmake)
[1.457s] -- Found rosidl_adapter: 3.1.4 (/opt/ros/humble/share/rosidl_adapter/cmake)
[1.464s] -- Found rosidl_generator_cpp: 3.1.4 (/opt/ros/humble/share/rosidl_generator_cpp/cmake)
[1.474s] -- Using all available rosidl_typesupport_c: rosidl_typesupport_fastrtps_c;rosidl_typesupport_introspection_c
[1.489s] -- Using all available rosidl_typesupport_cpp: rosidl_typesupport_fastrtps_cpp;rosidl_typesupport_introspection_cpp
[1.541s] -- Found rmw_implementation_cmake: 6.1.1 (/opt/ros/humble/share/rmw_implementation_cmake/cmake)
[1.543s] -- Found rmw_fastrtps_cpp: 6.2.2 (/opt/ros/humble/share/rmw_fastrtps_cpp/cmake)
[1.994s] -- Found OpenSSL: /usr/lib/x86_64-linux-gnu/libcrypto.so (found version "3.0.2")  
[2.420s] -- Found FastRTPS: /opt/ros/humble/include  
[3.217s] -- Using RMW implementation 'rmw_fastrtps_cpp' as default
[3.223s] -- Looking for pthread.h
[3.313s] -- Looking for pthread.h - found
[3.313s] -- Performing Test CMAKE_HAVE_LIBC_PTHREAD
[3.408s] -- Performing Test CMAKE_HAVE_LIBC_PTHREAD - Success
[3.409s] -- Found Threads: TRUE  
[4.983s] -- Found eigen3_cmake_module: 0.1.1 (/opt/ros/humble/share/eigen3_cmake_module/cmake)
[4.984s] -- Found Eigen3: TRUE (found version "3.4.0") 
[4.984s] -- Ensuring Eigen3 include directory is part of orocos-kdl CMake target
[5.242s] -- Found ament_lint_auto: 0.12.6 (/opt/ros/humble/share/ament_lint_auto/cmake)
[5.256s] -- Added test 'cppcheck' to perform static code analysis on C / C++ code
[5.256s] -- Configured cppcheck include dirs: /home/ghlins/new_tracker/src/rm_auto_aim/new_tracker/include
[5.256s] -- Configured cppcheck exclude dirs and/or files: 
[5.257s] -- Added test 'flake8' to check Python code syntax and style conventions
[5.257s] -- Added test 'lint_cmake' to check CMake code style
[5.258s] -- Added test 'pep257' to check Python code against some of the docstring style conventions in PEP 257
[5.258s] -- Added test 'xmllint' to check XML markup files
[5.259s] -- Added test 'clang_format' to check C / C++ code style
[5.261s] -- Configuring done
[5.273s] -- Generating done
[5.275s] -- Build files have been written to: /home/ghlins/new_tracker/build/new_armor_tracker
[5.282s] Invoked command in '/home/ghlins/new_tracker/build/new_armor_tracker' returned '0': AMENT_PREFIX_PATH=/home/ghlins/new_tracker/install/auto_aim_interfaces:${AMENT_PREFIX_PATH} CMAKE_PREFIX_PATH=/home/ghlins/new_tracker/install/auto_aim_interfaces:/opt/ros/humble LD_LIBRARY_PATH=/home/ghlins/new_tracker/install/auto_aim_interfaces/lib:${LD_LIBRARY_PATH} PYTHONPATH=/home/ghlins/new_tracker/install/auto_aim_interfaces/local/lib/python3.10/dist-packages:${PYTHONPATH} /usr/bin/cmake /home/ghlins/new_tracker/src/rm_auto_aim/new_tracker -DCMAKE_INSTALL_PREFIX=/home/ghlins/new_tracker/install/new_armor_tracker
[5.284s] Invoking command in '/home/ghlins/new_tracker/build/new_armor_tracker': AMENT_PREFIX_PATH=/home/ghlins/new_tracker/install/auto_aim_interfaces:${AMENT_PREFIX_PATH} CMAKE_PREFIX_PATH=/home/ghlins/new_tracker/install/auto_aim_interfaces:/opt/ros/humble LD_LIBRARY_PATH=/home/ghlins/new_tracker/install/auto_aim_interfaces/lib:${LD_LIBRARY_PATH} PYTHONPATH=/home/ghlins/new_tracker/install/auto_aim_interfaces/local/lib/python3.10/dist-packages:${PYTHONPATH} /usr/bin/cmake --build /home/ghlins/new_tracker/build/new_armor_tracker -- -j20 -l20
[5.312s] [ 50%] [32mBuilding CXX object CMakeFiles/new_armor_tracker_node.dir/rclcpp_components/node_main_new_armor_tracker_node.cpp.o[0m
[5.313s] [ 50%] [32mBuilding CXX object CMakeFiles/new_armor_tracker.dir/src/new_tracker_node.cpp.o[0m
[7.958s] [ 75%] [32m[1mLinking CXX executable new_armor_tracker_node[0m
[8.104s] [ 75%] Built target new_armor_tracker_node
[12.864s] [100%] [32m[1mLinking CXX shared library libnew_armor_tracker.so[0m
[13.262s] [100%] Built target new_armor_tracker
[13.268s] Invoked command in '/home/ghlins/new_tracker/build/new_armor_tracker' returned '0': AMENT_PREFIX_PATH=/home/ghlins/new_tracker/install/auto_aim_interfaces:${AMENT_PREFIX_PATH} CMAKE_PREFIX_PATH=/home/ghlins/new_tracker/install/auto_aim_interfaces:/opt/ros/humble LD_LIBRARY_PATH=/home/ghlins/new_tracker/install/auto_aim_interfaces/lib:${LD_LIBRARY_PATH} PYTHONPATH=/home/ghlins/new_tracker/install/auto_aim_interfaces/local/lib/python3.10/dist-packages:${PYTHONPATH} /usr/bin/cmake --build /home/ghlins/new_tracker/build/new_armor_tracker -- -j20 -l20
[13.285s] Invoking command in '/home/ghlins/new_tracker/build/new_armor_tracker': AMENT_PREFIX_PATH=/home/ghlins/new_tracker/install/auto_aim_interfaces:${AMENT_PREFIX_PATH} CMAKE_PREFIX_PATH=/home/ghlins/new_tracker/install/auto_aim_interfaces:/opt/ros/humble LD_LIBRARY_PATH=/home/ghlins/new_tracker/install/auto_aim_interfaces/lib:${LD_LIBRARY_PATH} PYTHONPATH=/home/ghlins/new_tracker/install/auto_aim_interfaces/local/lib/python3.10/dist-packages:${PYTHONPATH} /usr/bin/cmake --install /home/ghlins/new_tracker/build/new_armor_tracker
[13.289s] -- Install configuration: ""
[13.289s] -- Installing: /home/ghlins/new_tracker/install/new_armor_tracker/lib/new_armor_tracker/new_armor_tracker_node
[13.289s] -- Set runtime path of "/home/ghlins/new_tracker/install/new_armor_tracker/lib/new_armor_tracker/new_armor_tracker_node" to ""
[13.290s] -- Up-to-date: /home/ghlins/new_tracker/install/new_armor_tracker/include
[13.290s] -- Up-to-date: /home/ghlins/new_tracker/install/new_armor_tracker/include/new_tracker
[13.290s] -- Up-to-date: /home/ghlins/new_tracker/install/new_armor_tracker/include/new_tracker/new_tracker_node.hpp
[13.290s] -- Up-to-date: /home/ghlins/new_tracker/install/new_armor_tracker/share/new_armor_tracker/environment/library_path.sh
[13.290s] -- Installing: /home/ghlins/new_tracker/install/new_armor_tracker/share/new_armor_tracker/environment/library_path.dsv
[13.290s] -- Installing: /home/ghlins/new_tracker/install/new_armor_tracker/lib/libnew_armor_tracker.so
[13.294s] -- Set runtime path of "/home/ghlins/new_tracker/install/new_armor_tracker/lib/libnew_armor_tracker.so" to ""
[13.294s] -- Installing: /home/ghlins/new_tracker/install/new_armor_tracker/share/ament_index/resource_index/package_run_dependencies/new_armor_tracker
[13.294s] -- Installing: /home/ghlins/new_tracker/install/new_armor_tracker/share/ament_index/resource_index/parent_prefix_path/new_armor_tracker
[13.294s] -- Up-to-date: /home/ghlins/new_tracker/install/new_armor_tracker/share/new_armor_tracker/environment/ament_prefix_path.sh
[13.294s] -- Installing: /home/ghlins/new_tracker/install/new_armor_tracker/share/new_armor_tracker/environment/ament_prefix_path.dsv
[13.295s] -- Up-to-date: /home/ghlins/new_tracker/install/new_armor_tracker/share/new_armor_tracker/environment/path.sh
[13.295s] -- Installing: /home/ghlins/new_tracker/install/new_armor_tracker/share/new_armor_tracker/environment/path.dsv
[13.295s] -- Installing: /home/ghlins/new_tracker/install/new_armor_tracker/share/new_armor_tracker/local_setup.bash
[13.295s] -- Installing: /home/ghlins/new_tracker/install/new_armor_tracker/share/new_armor_tracker/local_setup.sh
[13.295s] -- Installing: /home/ghlins/new_tracker/install/new_armor_tracker/share/new_armor_tracker/local_setup.zsh
[13.295s] -- Installing: /home/ghlins/new_tracker/install/new_armor_tracker/share/new_armor_tracker/local_setup.dsv
[13.295s] -- Installing: /home/ghlins/new_tracker/install/new_armor_tracker/share/new_armor_tracker/package.dsv
[13.295s] -- Installing: /home/ghlins/new_tracker/install/new_armor_tracker/share/ament_index/resource_index/packages/new_armor_tracker
[13.295s] -- Installing: /home/ghlins/new_tracker/install/new_armor_tracker/share/ament_index/resource_index/rclcpp_components/new_armor_tracker
[13.295s] -- Installing: /home/ghlins/new_tracker/install/new_armor_tracker/share/new_armor_tracker/cmake/ament_cmake_export_dependencies-extras.cmake
[13.295s] -- Installing: /home/ghlins/new_tracker/install/new_armor_tracker/share/new_armor_tracker/cmake/ament_cmake_export_include_directories-extras.cmake
[13.295s] -- Installing: /home/ghlins/new_tracker/install/new_armor_tracker/share/new_armor_tracker/cmake/ament_cmake_export_libraries-extras.cmake
[13.296s] -- Installing: /home/ghlins/new_tracker/install/new_armor_tracker/share/new_armor_tracker/cmake/new_armor_trackerConfig.cmake
[13.296s] -- Installing: /home/ghlins/new_tracker/install/new_armor_tracker/share/new_armor_tracker/cmake/new_armor_trackerConfig-version.cmake
[13.296s] -- Up-to-date: /home/ghlins/new_tracker/install/new_armor_tracker/share/new_armor_tracker/package.xml
[13.297s] Invoked command in '/home/ghlins/new_tracker/build/new_armor_tracker' returned '0': AMENT_PREFIX_PATH=/home/ghlins/new_tracker/install/auto_aim_interfaces:${AMENT_PREFIX_PATH} CMAKE_PREFIX_PATH=/home/ghlins/new_tracker/install/auto_aim_interfaces:/opt/ros/humble LD_LIBRARY_PATH=/home/ghlins/new_tracker/install/auto_aim_interfaces/lib:${LD_LIBRARY_PATH} PYTHONPATH=/home/ghlins/new_tracker/install/auto_aim_interfaces/local/lib/python3.10/dist-packages:${PYTHONPATH} /usr/bin/cmake --install /home/ghlins/new_tracker/build/new_armor_tracker
