[0.080s] Invoking command in '/home/ghlins/new_tracker/build/armor_detector': AMENT_PREFIX_PATH=/home/ghlins/new_tracker/install/auto_aim_interfaces:${AMENT_PREFIX_PATH} CMAKE_PREFIX_PATH=/home/ghlins/new_tracker/install/auto_aim_interfaces:/opt/ros/humble LD_LIBRARY_PATH=/home/ghlins/new_tracker/install/auto_aim_interfaces/lib:${LD_LIBRARY_PATH} PYTHONPATH=/home/ghlins/new_tracker/install/auto_aim_interfaces/local/lib/python3.10/dist-packages:${PYTHONPATH} /usr/bin/cmake /home/ghlins/new_tracker/src/rm_auto_aim/armor_detector -DCMAKE_INSTALL_PREFIX=/home/ghlins/new_tracker/install/armor_detector
[0.164s] -- The C compiler identification is GNU 11.4.0
[0.679s] -- The CXX compiler identification is GNU 11.4.0
[1.040s] -- Detecting C compiler ABI info
[1.146s] -- Detecting C compiler ABI info - done
[1.151s] -- Check for working C compiler: /usr/bin/cc - skipped
[1.151s] -- Detecting C compile features
[1.151s] -- Detecting C compile features - done
[1.153s] -- Detecting CXX compiler ABI info
[1.275s] -- Detecting CXX compiler ABI info - done
[1.280s] -- Check for working CXX compiler: /usr/bin/c++ - skipped
[1.280s] -- Detecting CXX compile features
[1.280s] -- Detecting CXX compile features - done
[1.281s] -- Found ament_cmake_auto: 1.3.5 (/opt/ros/humble/share/ament_cmake_auto/cmake)
[1.395s] -- Found Python3: /usr/bin/python3.10 (found version "3.10.12") found components: Interpreter 
[1.465s] -- Found OpenCV: /usr (found version "4.5.4") 
[1.697s] -- Found rosidl_generator_c: 3.1.4 (/opt/ros/humble/share/rosidl_generator_c/cmake)
[1.701s] -- Found rosidl_adapter: 3.1.4 (/opt/ros/humble/share/rosidl_adapter/cmake)
[1.706s] -- Found rosidl_generator_cpp: 3.1.4 (/opt/ros/humble/share/rosidl_generator_cpp/cmake)
[1.715s] -- Using all available rosidl_typesupport_c: rosidl_typesupport_fastrtps_c;rosidl_typesupport_introspection_c
[1.728s] -- Using all available rosidl_typesupport_cpp: rosidl_typesupport_fastrtps_cpp;rosidl_typesupport_introspection_cpp
[1.785s] -- Found rmw_implementation_cmake: 6.1.1 (/opt/ros/humble/share/rmw_implementation_cmake/cmake)
[1.786s] -- Found rmw_fastrtps_cpp: 6.2.2 (/opt/ros/humble/share/rmw_fastrtps_cpp/cmake)
[2.357s] -- Found OpenSSL: /usr/lib/x86_64-linux-gnu/libcrypto.so (found version "3.0.2")  
[3.013s] -- Found FastRTPS: /opt/ros/humble/include  
[5.923s] -- Using RMW implementation 'rmw_fastrtps_cpp' as default
[5.929s] -- Looking for pthread.h
[6.064s] -- Looking for pthread.h - found
[6.064s] -- Performing Test CMAKE_HAVE_LIBC_PTHREAD
[6.216s] -- Performing Test CMAKE_HAVE_LIBC_PTHREAD - Success
[6.217s] -- Found Threads: TRUE  
[8.014s] -- Found eigen3_cmake_module: 0.1.1 (/opt/ros/humble/share/eigen3_cmake_module/cmake)
[8.015s] -- Found Eigen3: TRUE (found version "3.4.0") 
[8.015s] -- Ensuring Eigen3 include directory is part of orocos-kdl CMake target
[8.200s] -- Found ament_lint_auto: 0.12.6 (/opt/ros/humble/share/ament_lint_auto/cmake)
[8.211s] -- Found ament_cmake_gtest: 1.3.5 (/opt/ros/humble/share/ament_cmake_gtest/cmake)
[8.212s] -- Found gtest sources under '/opt/ros/humble/src/gtest_vendor': C++ tests using 'Google Test' will be built
[8.220s] -- Added test 'cppcheck' to perform static code analysis on C / C++ code
[8.220s] -- Configured cppcheck include dirs: /home/ghlins/new_tracker/src/rm_auto_aim/armor_detector/include
[8.220s] -- Configured cppcheck exclude dirs and/or files: 
[8.221s] -- Added test 'lint_cmake' to check CMake code style
[8.221s] -- Added test 'xmllint' to check XML markup files
[8.222s] -- Added test 'clang_format' to check C / C++ code style
[8.223s] -- Configuring done
[8.246s] -- Generating done
[8.248s] -- Build files have been written to: /home/ghlins/new_tracker/build/armor_detector
