[0.059s] Invoking command in '/home/ghlins/new_tracker/build/new_armor_tracker': AMENT_PREFIX_PATH=/home/ghlins/new_tracker/install/auto_aim_interfaces:${AMENT_PREFIX_PATH} CMAKE_PREFIX_PATH=/home/ghlins/new_tracker/install/auto_aim_interfaces:/opt/ros/humble LD_LIBRARY_PATH=/home/ghlins/new_tracker/install/auto_aim_interfaces/lib:${LD_LIBRARY_PATH} PYTHONPATH=/home/ghlins/new_tracker/install/auto_aim_interfaces/local/lib/python3.10/dist-packages:${PYTHONPATH} /usr/bin/cmake /home/ghlins/new_tracker/src/rm_auto_aim/new_tracker -DCMAKE_INSTALL_PREFIX=/home/ghlins/new_tracker/install/new_armor_tracker
[0.159s] -- The C compiler identification is GNU 11.4.0
[0.518s] -- The CXX compiler identification is GNU 11.4.0
[0.776s] -- Detecting C compiler ABI info
[0.866s] -- Detecting C compiler ABI info - done
[0.871s] -- Check for working C compiler: /usr/bin/cc - skipped
[0.871s] -- Detecting C compile features
[0.871s] -- Detecting C compile features - done
[0.873s] -- Detecting CXX compiler ABI info
[0.968s] -- Detecting CXX compiler ABI info - done
[0.973s] -- Check for working CXX compiler: /usr/bin/c++ - skipped
[0.973s] -- Detecting CXX compile features
[0.973s] -- Detecting CXX compile features - done
[0.975s] -- Found ament_cmake_auto: 1.3.5 (/opt/ros/humble/share/ament_cmake_auto/cmake)
[1.096s] -- Found Python3: /usr/bin/python3.10 (found version "3.10.12") found components: Interpreter 
[1.158s] -- Found OpenCV: /usr (found version "4.5.4") 
[1.297s] -- Found rosidl_generator_c: 3.1.4 (/opt/ros/humble/share/rosidl_generator_c/cmake)
[1.300s] -- Found rosidl_adapter: 3.1.4 (/opt/ros/humble/share/rosidl_adapter/cmake)
[1.305s] -- Found rosidl_generator_cpp: 3.1.4 (/opt/ros/humble/share/rosidl_generator_cpp/cmake)
[1.314s] -- Using all available rosidl_typesupport_c: rosidl_typesupport_fastrtps_c;rosidl_typesupport_introspection_c
[1.326s] -- Using all available rosidl_typesupport_cpp: rosidl_typesupport_fastrtps_cpp;rosidl_typesupport_introspection_cpp
[1.373s] -- Found rmw_implementation_cmake: 6.1.1 (/opt/ros/humble/share/rmw_implementation_cmake/cmake)
[1.375s] -- Found rmw_fastrtps_cpp: 6.2.2 (/opt/ros/humble/share/rmw_fastrtps_cpp/cmake)
[1.833s] -- Found OpenSSL: /usr/lib/x86_64-linux-gnu/libcrypto.so (found version "3.0.2")  
[2.266s] -- Found FastRTPS: /opt/ros/humble/include  
[3.055s] -- Using RMW implementation 'rmw_fastrtps_cpp' as default
[3.061s] -- Looking for pthread.h
[3.151s] -- Looking for pthread.h - found
[3.152s] -- Performing Test CMAKE_HAVE_LIBC_PTHREAD
[3.260s] -- Performing Test CMAKE_HAVE_LIBC_PTHREAD - Success
[3.260s] -- Found Threads: TRUE  
[4.798s] -- Found eigen3_cmake_module: 0.1.1 (/opt/ros/humble/share/eigen3_cmake_module/cmake)
[4.799s] -- Found Eigen3: TRUE (found version "3.4.0") 
[4.799s] -- Ensuring Eigen3 include directory is part of orocos-kdl CMake target
[5.032s] -- Found ament_lint_auto: 0.12.6 (/opt/ros/humble/share/ament_lint_auto/cmake)
[5.046s] -- Added test 'cppcheck' to perform static code analysis on C / C++ code
[5.046s] -- Configured cppcheck include dirs: /home/ghlins/new_tracker/src/rm_auto_aim/new_tracker/include
[5.046s] -- Configured cppcheck exclude dirs and/or files: 
[5.047s] -- Added test 'flake8' to check Python code syntax and style conventions
[5.047s] -- Added test 'lint_cmake' to check CMake code style
[5.048s] -- Added test 'pep257' to check Python code against some of the docstring style conventions in PEP 257
[5.048s] -- Added test 'xmllint' to check XML markup files
[5.049s] -- Added test 'clang_format' to check C / C++ code style
[5.051s] -- Configuring done
[5.063s] -- Generating done
[5.064s] -- Build files have been written to: /home/ghlins/new_tracker/build/new_armor_tracker
[5.073s] Invoked command in '/home/ghlins/new_tracker/build/new_armor_tracker' returned '0': AMENT_PREFIX_PATH=/home/ghlins/new_tracker/install/auto_aim_interfaces:${AMENT_PREFIX_PATH} CMAKE_PREFIX_PATH=/home/ghlins/new_tracker/install/auto_aim_interfaces:/opt/ros/humble LD_LIBRARY_PATH=/home/ghlins/new_tracker/install/auto_aim_interfaces/lib:${LD_LIBRARY_PATH} PYTHONPATH=/home/ghlins/new_tracker/install/auto_aim_interfaces/local/lib/python3.10/dist-packages:${PYTHONPATH} /usr/bin/cmake /home/ghlins/new_tracker/src/rm_auto_aim/new_tracker -DCMAKE_INSTALL_PREFIX=/home/ghlins/new_tracker/install/new_armor_tracker
[5.074s] Invoking command in '/home/ghlins/new_tracker/build/new_armor_tracker': AMENT_PREFIX_PATH=/home/ghlins/new_tracker/install/auto_aim_interfaces:${AMENT_PREFIX_PATH} CMAKE_PREFIX_PATH=/home/ghlins/new_tracker/install/auto_aim_interfaces:/opt/ros/humble LD_LIBRARY_PATH=/home/ghlins/new_tracker/install/auto_aim_interfaces/lib:${LD_LIBRARY_PATH} PYTHONPATH=/home/ghlins/new_tracker/install/auto_aim_interfaces/local/lib/python3.10/dist-packages:${PYTHONPATH} /usr/bin/cmake --build /home/ghlins/new_tracker/build/new_armor_tracker -- -j20 -l20
[5.105s] [ 25%] [32mBuilding CXX object CMakeFiles/new_armor_tracker_node.dir/rclcpp_components/node_main_new_armor_tracker_node.cpp.o[0m
[5.106s] [ 50%] [32mBuilding CXX object CMakeFiles/new_armor_tracker.dir/src/new_tracker_node.cpp.o[0m
[8.299s] [ 75%] [32m[1mLinking CXX executable new_armor_tracker_node[0m
[8.441s] [ 75%] Built target new_armor_tracker_node
[12.750s] [100%] [32m[1mLinking CXX shared library libnew_armor_tracker.so[0m
[13.139s] [100%] Built target new_armor_tracker
[13.146s] Invoked command in '/home/ghlins/new_tracker/build/new_armor_tracker' returned '0': AMENT_PREFIX_PATH=/home/ghlins/new_tracker/install/auto_aim_interfaces:${AMENT_PREFIX_PATH} CMAKE_PREFIX_PATH=/home/ghlins/new_tracker/install/auto_aim_interfaces:/opt/ros/humble LD_LIBRARY_PATH=/home/ghlins/new_tracker/install/auto_aim_interfaces/lib:${LD_LIBRARY_PATH} PYTHONPATH=/home/ghlins/new_tracker/install/auto_aim_interfaces/local/lib/python3.10/dist-packages:${PYTHONPATH} /usr/bin/cmake --build /home/ghlins/new_tracker/build/new_armor_tracker -- -j20 -l20
[13.160s] Invoking command in '/home/ghlins/new_tracker/build/new_armor_tracker': AMENT_PREFIX_PATH=/home/ghlins/new_tracker/install/auto_aim_interfaces:${AMENT_PREFIX_PATH} CMAKE_PREFIX_PATH=/home/ghlins/new_tracker/install/auto_aim_interfaces:/opt/ros/humble LD_LIBRARY_PATH=/home/ghlins/new_tracker/install/auto_aim_interfaces/lib:${LD_LIBRARY_PATH} PYTHONPATH=/home/ghlins/new_tracker/install/auto_aim_interfaces/local/lib/python3.10/dist-packages:${PYTHONPATH} /usr/bin/cmake --install /home/ghlins/new_tracker/build/new_armor_tracker
[13.164s] -- Install configuration: ""
[13.164s] -- Installing: /home/ghlins/new_tracker/install/new_armor_tracker/lib/new_armor_tracker/new_armor_tracker_node
[13.165s] -- Set runtime path of "/home/ghlins/new_tracker/install/new_armor_tracker/lib/new_armor_tracker/new_armor_tracker_node" to ""
[13.165s] -- Up-to-date: /home/ghlins/new_tracker/install/new_armor_tracker/include
[13.165s] -- Up-to-date: /home/ghlins/new_tracker/install/new_armor_tracker/include/new_tracker
[13.165s] -- Up-to-date: /home/ghlins/new_tracker/install/new_armor_tracker/include/new_tracker/new_tracker_node.hpp
[13.165s] -- Up-to-date: /home/ghlins/new_tracker/install/new_armor_tracker/share/new_armor_tracker/environment/library_path.sh
[13.165s] -- Installing: /home/ghlins/new_tracker/install/new_armor_tracker/share/new_armor_tracker/environment/library_path.dsv
[13.165s] -- Installing: /home/ghlins/new_tracker/install/new_armor_tracker/lib/libnew_armor_tracker.so
[13.170s] -- Set runtime path of "/home/ghlins/new_tracker/install/new_armor_tracker/lib/libnew_armor_tracker.so" to ""
[13.170s] -- Installing: /home/ghlins/new_tracker/install/new_armor_tracker/share/ament_index/resource_index/package_run_dependencies/new_armor_tracker
[13.170s] -- Installing: /home/ghlins/new_tracker/install/new_armor_tracker/share/ament_index/resource_index/parent_prefix_path/new_armor_tracker
[13.170s] -- Up-to-date: /home/ghlins/new_tracker/install/new_armor_tracker/share/new_armor_tracker/environment/ament_prefix_path.sh
[13.170s] -- Installing: /home/ghlins/new_tracker/install/new_armor_tracker/share/new_armor_tracker/environment/ament_prefix_path.dsv
[13.170s] -- Up-to-date: /home/ghlins/new_tracker/install/new_armor_tracker/share/new_armor_tracker/environment/path.sh
[13.170s] -- Installing: /home/ghlins/new_tracker/install/new_armor_tracker/share/new_armor_tracker/environment/path.dsv
[13.170s] -- Installing: /home/ghlins/new_tracker/install/new_armor_tracker/share/new_armor_tracker/local_setup.bash
[13.170s] -- Installing: /home/ghlins/new_tracker/install/new_armor_tracker/share/new_armor_tracker/local_setup.sh
[13.171s] -- Installing: /home/ghlins/new_tracker/install/new_armor_tracker/share/new_armor_tracker/local_setup.zsh
[13.171s] -- Installing: /home/ghlins/new_tracker/install/new_armor_tracker/share/new_armor_tracker/local_setup.dsv
[13.171s] -- Installing: /home/ghlins/new_tracker/install/new_armor_tracker/share/new_armor_tracker/package.dsv
[13.171s] -- Installing: /home/ghlins/new_tracker/install/new_armor_tracker/share/ament_index/resource_index/packages/new_armor_tracker
[13.171s] -- Installing: /home/ghlins/new_tracker/install/new_armor_tracker/share/ament_index/resource_index/rclcpp_components/new_armor_tracker
[13.171s] -- Installing: /home/ghlins/new_tracker/install/new_armor_tracker/share/new_armor_tracker/cmake/ament_cmake_export_dependencies-extras.cmake
[13.171s] -- Installing: /home/ghlins/new_tracker/install/new_armor_tracker/share/new_armor_tracker/cmake/ament_cmake_export_include_directories-extras.cmake
[13.171s] -- Installing: /home/ghlins/new_tracker/install/new_armor_tracker/share/new_armor_tracker/cmake/ament_cmake_export_libraries-extras.cmake
[13.171s] -- Installing: /home/ghlins/new_tracker/install/new_armor_tracker/share/new_armor_tracker/cmake/new_armor_trackerConfig.cmake
[13.171s] -- Installing: /home/ghlins/new_tracker/install/new_armor_tracker/share/new_armor_tracker/cmake/new_armor_trackerConfig-version.cmake
[13.171s] -- Up-to-date: /home/ghlins/new_tracker/install/new_armor_tracker/share/new_armor_tracker/package.xml
[13.174s] Invoked command in '/home/ghlins/new_tracker/build/new_armor_tracker' returned '0': AMENT_PREFIX_PATH=/home/ghlins/new_tracker/install/auto_aim_interfaces:${AMENT_PREFIX_PATH} CMAKE_PREFIX_PATH=/home/ghlins/new_tracker/install/auto_aim_interfaces:/opt/ros/humble LD_LIBRARY_PATH=/home/ghlins/new_tracker/install/auto_aim_interfaces/lib:${LD_LIBRARY_PATH} PYTHONPATH=/home/ghlins/new_tracker/install/auto_aim_interfaces/local/lib/python3.10/dist-packages:${PYTHONPATH} /usr/bin/cmake --install /home/ghlins/new_tracker/build/new_armor_tracker
