[0.090s] Invoking command in '/home/ghlins/new_tracker/build/armor_detector': CMAKE_PREFIX_PATH=/home/ghlins/new_tracker/install/auto_aim_interfaces:/home/ghlins/new_tracker/install/new_armor_tracker:/home/ghlins/new_tracker/install/bringup:/home/ghlins/new_tracker/install/my_ros2_opencv_pkg:/home/ghlins/new_tracker/install/armor_detector:/opt/ros/humble LD_LIBRARY_PATH=/home/ghlins/new_tracker/install/auto_aim_interfaces/lib:/home/ghlins/new_tracker/install/new_armor_tracker/lib:/home/ghlins/new_tracker/install/armor_detector/lib:/usr/lib/x86_64-linux-gnu/gazebo-11/plugins:/opt/ros/humble/opt/rviz_ogre_vendor/lib:/opt/ros/humble/lib/x86_64-linux-gnu:/opt/ros/humble/lib /usr/bin/cmake /home/ghlins/new_tracker/src/rm_auto_aim/armor_detector -DCMAKE_INSTALL_PREFIX=/home/ghlins/new_tracker/install/armor_detector
[0.175s] -- The C compiler identification is GNU 11.4.0
[0.578s] -- The CXX compiler identification is GNU 11.4.0
[0.928s] -- Detecting C compiler ABI info
[1.102s] -- Detecting C compiler ABI info - done
[1.108s] -- Check for working C compiler: /usr/bin/cc - skipped
[1.108s] -- Detecting C compile features
[1.109s] -- Detecting C compile features - done
[1.111s] -- Detecting CXX compiler ABI info
[1.252s] -- Detecting CXX compiler ABI info - done
[1.259s] -- Check for working CXX compiler: /usr/bin/c++ - skipped
[1.259s] -- Detecting CXX compile features
[1.259s] -- Detecting CXX compile features - done
[1.263s] -- Found ament_cmake_auto: 1.3.5 (/opt/ros/humble/share/ament_cmake_auto/cmake)
[1.445s] -- Found Python3: /usr/bin/python3.10 (found version "3.10.12") found components: Interpreter 
[1.533s] -- Found OpenCV: /usr (found version "4.5.4") 
[1.769s] -- Found rosidl_generator_c: 3.1.4 (/opt/ros/humble/share/rosidl_generator_c/cmake)
[1.773s] -- Found rosidl_adapter: 3.1.4 (/opt/ros/humble/share/rosidl_adapter/cmake)
[1.780s] -- Found rosidl_generator_cpp: 3.1.4 (/opt/ros/humble/share/rosidl_generator_cpp/cmake)
[1.792s] -- Using all available rosidl_typesupport_c: rosidl_typesupport_fastrtps_c;rosidl_typesupport_introspection_c
[1.809s] -- Using all available rosidl_typesupport_cpp: rosidl_typesupport_fastrtps_cpp;rosidl_typesupport_introspection_cpp
[1.877s] -- Found rmw_implementation_cmake: 6.1.1 (/opt/ros/humble/share/rmw_implementation_cmake/cmake)
[1.882s] -- Found rmw_fastrtps_cpp: 6.2.2 (/opt/ros/humble/share/rmw_fastrtps_cpp/cmake)
[2.478s] -- Found OpenSSL: /usr/lib/x86_64-linux-gnu/libcrypto.so (found version "3.0.2")  
[4.381s] -- Found FastRTPS: /opt/ros/humble/include  
[7.643s] -- Using RMW implementation 'rmw_fastrtps_cpp' as default
[7.651s] -- Looking for pthread.h
[7.799s] -- Looking for pthread.h - found
[7.799s] -- Performing Test CMAKE_HAVE_LIBC_PTHREAD
[7.975s] -- Performing Test CMAKE_HAVE_LIBC_PTHREAD - Success
[7.976s] -- Found Threads: TRUE  
[10.216s] -- Found eigen3_cmake_module: 0.1.1 (/opt/ros/humble/share/eigen3_cmake_module/cmake)
[10.217s] -- Found Eigen3: TRUE (found version "3.4.0") 
[10.217s] -- Ensuring Eigen3 include directory is part of orocos-kdl CMake target
[10.485s] -- Found ament_lint_auto: 0.12.6 (/opt/ros/humble/share/ament_lint_auto/cmake)
[10.502s] -- Found ament_cmake_gtest: 1.3.5 (/opt/ros/humble/share/ament_cmake_gtest/cmake)
[10.504s] -- Found gtest sources under '/opt/ros/humble/src/gtest_vendor': C++ tests using 'Google Test' will be built
[10.515s] -- Added test 'cppcheck' to perform static code analysis on C / C++ code
[10.515s] -- Configured cppcheck include dirs: /home/ghlins/new_tracker/src/rm_auto_aim/armor_detector/include
[10.515s] -- Configured cppcheck exclude dirs and/or files: 
[10.516s] -- Added test 'lint_cmake' to check CMake code style
[10.516s] -- Added test 'xmllint' to check XML markup files
[10.518s] -- Added test 'clang_format' to check C / C++ code style
[10.520s] -- Configuring done
[10.555s] -- Generating done
[10.557s] -- Build files have been written to: /home/ghlins/new_tracker/build/armor_detector
[10.572s] Invoked command in '/home/ghlins/new_tracker/build/armor_detector' returned '0': CMAKE_PREFIX_PATH=/home/ghlins/new_tracker/install/auto_aim_interfaces:/home/ghlins/new_tracker/install/new_armor_tracker:/home/ghlins/new_tracker/install/bringup:/home/ghlins/new_tracker/install/my_ros2_opencv_pkg:/home/ghlins/new_tracker/install/armor_detector:/opt/ros/humble LD_LIBRARY_PATH=/home/ghlins/new_tracker/install/auto_aim_interfaces/lib:/home/ghlins/new_tracker/install/new_armor_tracker/lib:/home/ghlins/new_tracker/install/armor_detector/lib:/usr/lib/x86_64-linux-gnu/gazebo-11/plugins:/opt/ros/humble/opt/rviz_ogre_vendor/lib:/opt/ros/humble/lib/x86_64-linux-gnu:/opt/ros/humble/lib /usr/bin/cmake /home/ghlins/new_tracker/src/rm_auto_aim/armor_detector -DCMAKE_INSTALL_PREFIX=/home/ghlins/new_tracker/install/armor_detector
[10.574s] Invoking command in '/home/ghlins/new_tracker/build/armor_detector': CMAKE_PREFIX_PATH=/home/ghlins/new_tracker/install/auto_aim_interfaces:/home/ghlins/new_tracker/install/new_armor_tracker:/home/ghlins/new_tracker/install/bringup:/home/ghlins/new_tracker/install/my_ros2_opencv_pkg:/home/ghlins/new_tracker/install/armor_detector:/opt/ros/humble LD_LIBRARY_PATH=/home/ghlins/new_tracker/install/auto_aim_interfaces/lib:/home/ghlins/new_tracker/install/new_armor_tracker/lib:/home/ghlins/new_tracker/install/armor_detector/lib:/usr/lib/x86_64-linux-gnu/gazebo-11/plugins:/opt/ros/humble/opt/rviz_ogre_vendor/lib:/opt/ros/humble/lib/x86_64-linux-gnu:/opt/ros/humble/lib /usr/bin/cmake --build /home/ghlins/new_tracker/build/armor_detector -- -j20 -l20
[10.615s] [  6%] [32mBuilding CXX object gtest/CMakeFiles/gtest.dir/src/gtest-all.cc.o[0m
[10.616s] [ 13%] [32mBuilding CXX object CMakeFiles/armor_detector.dir/src/detector.cpp.o[0m
[10.616s] [ 20%] [32mBuilding CXX object CMakeFiles/armor_detector.dir/src/pnp_solver.cpp.o[0m
[10.617s] [ 26%] [32mBuilding CXX object gtest/CMakeFiles/gtest_main.dir/src/gtest_main.cc.o[0m
[10.618s] [ 40%] [32mBuilding CXX object CMakeFiles/armor_detector.dir/src/number_classifier.cpp.o[0m
[10.618s] [ 40%] [32mBuilding CXX object CMakeFiles/armor_detector.dir/src/detector_node.cpp.o[0m
[10.618s] [ 46%] [32mBuilding CXX object CMakeFiles/armor_detector_node.dir/rclcpp_components/node_main_armor_detector_node.cpp.o[0m
[11.608s] [ 53%] [32m[1mLinking CXX static library libgtest_main.a[0m
[11.654s] [ 53%] Built target gtest_main
[14.742s] [ 60%] [32m[1mLinking CXX static library libgtest.a[0m
[14.805s] [ 60%] Built target gtest
[15.304s] [ 66%] [32m[1mLinking CXX executable armor_detector_node[0m
[15.535s] [ 66%] Built target armor_detector_node
[28.681s] [ 73%] [32m[1mLinking CXX shared library libarmor_detector.so[0m
[29.555s] [ 73%] Built target armor_detector
[29.569s] [ 86%] [32mBuilding CXX object CMakeFiles/test_number_cls.dir/test/test_number_cls.cpp.o[0m
[29.569s] [ 86%] [32mBuilding CXX object CMakeFiles/test_node_startup.dir/test/test_node_startup.cpp.o[0m
[31.266s] [ 93%] [32m[1mLinking CXX executable test_number_cls[0m
[31.959s] [ 93%] Built target test_number_cls
[34.273s] [100%] [32m[1mLinking CXX executable test_node_startup[0m
[34.949s] [100%] Built target test_node_startup
[34.956s] Invoked command in '/home/ghlins/new_tracker/build/armor_detector' returned '0': CMAKE_PREFIX_PATH=/home/ghlins/new_tracker/install/auto_aim_interfaces:/home/ghlins/new_tracker/install/new_armor_tracker:/home/ghlins/new_tracker/install/bringup:/home/ghlins/new_tracker/install/my_ros2_opencv_pkg:/home/ghlins/new_tracker/install/armor_detector:/opt/ros/humble LD_LIBRARY_PATH=/home/ghlins/new_tracker/install/auto_aim_interfaces/lib:/home/ghlins/new_tracker/install/new_armor_tracker/lib:/home/ghlins/new_tracker/install/armor_detector/lib:/usr/lib/x86_64-linux-gnu/gazebo-11/plugins:/opt/ros/humble/opt/rviz_ogre_vendor/lib:/opt/ros/humble/lib/x86_64-linux-gnu:/opt/ros/humble/lib /usr/bin/cmake --build /home/ghlins/new_tracker/build/armor_detector -- -j20 -l20
[34.982s] Invoking command in '/home/ghlins/new_tracker/build/armor_detector': CMAKE_PREFIX_PATH=/home/ghlins/new_tracker/install/auto_aim_interfaces:/home/ghlins/new_tracker/install/new_armor_tracker:/home/ghlins/new_tracker/install/bringup:/home/ghlins/new_tracker/install/my_ros2_opencv_pkg:/home/ghlins/new_tracker/install/armor_detector:/opt/ros/humble LD_LIBRARY_PATH=/home/ghlins/new_tracker/install/auto_aim_interfaces/lib:/home/ghlins/new_tracker/install/new_armor_tracker/lib:/home/ghlins/new_tracker/install/armor_detector/lib:/usr/lib/x86_64-linux-gnu/gazebo-11/plugins:/opt/ros/humble/opt/rviz_ogre_vendor/lib:/opt/ros/humble/lib/x86_64-linux-gnu:/opt/ros/humble/lib /usr/bin/cmake --install /home/ghlins/new_tracker/build/armor_detector
[34.986s] -- Install configuration: ""
[34.987s] -- Installing: /home/ghlins/new_tracker/install/armor_detector/lib/armor_detector/armor_detector_node
[34.987s] -- Set runtime path of "/home/ghlins/new_tracker/install/armor_detector/lib/armor_detector/armor_detector_node" to ""
[34.987s] -- Up-to-date: /home/ghlins/new_tracker/install/armor_detector/include
[34.987s] -- Up-to-date: /home/ghlins/new_tracker/install/armor_detector/include/armor_detector
[34.987s] -- Up-to-date: /home/ghlins/new_tracker/install/armor_detector/include/armor_detector/detector_node.hpp
[34.987s] -- Up-to-date: /home/ghlins/new_tracker/install/armor_detector/include/armor_detector/pnp_solver.hpp
[34.987s] -- Up-to-date: /home/ghlins/new_tracker/install/armor_detector/include/armor_detector/number_classifier.hpp
[34.987s] -- Up-to-date: /home/ghlins/new_tracker/install/armor_detector/include/armor_detector/detector.hpp
[34.987s] -- Up-to-date: /home/ghlins/new_tracker/install/armor_detector/include/armor_detector/armor.hpp
[34.988s] -- Up-to-date: /home/ghlins/new_tracker/install/armor_detector/share/armor_detector/environment/library_path.sh
[34.988s] -- Installing: /home/ghlins/new_tracker/install/armor_detector/share/armor_detector/environment/library_path.dsv
[34.988s] -- Installing: /home/ghlins/new_tracker/install/armor_detector/lib/libarmor_detector.so
[35.000s] -- Set runtime path of "/home/ghlins/new_tracker/install/armor_detector/lib/libarmor_detector.so" to ""
[35.000s] -- Up-to-date: /home/ghlins/new_tracker/install/armor_detector/share/armor_detector/model
[35.001s] -- Up-to-date: /home/ghlins/new_tracker/install/armor_detector/share/armor_detector/model/label.txt
[35.001s] -- Up-to-date: /home/ghlins/new_tracker/install/armor_detector/share/armor_detector/model/mlp.onnx
[35.001s] -- Installing: /home/ghlins/new_tracker/install/armor_detector/share/ament_index/resource_index/package_run_dependencies/armor_detector
[35.001s] -- Installing: /home/ghlins/new_tracker/install/armor_detector/share/ament_index/resource_index/parent_prefix_path/armor_detector
[35.001s] -- Up-to-date: /home/ghlins/new_tracker/install/armor_detector/share/armor_detector/environment/ament_prefix_path.sh
[35.001s] -- Installing: /home/ghlins/new_tracker/install/armor_detector/share/armor_detector/environment/ament_prefix_path.dsv
[35.001s] -- Up-to-date: /home/ghlins/new_tracker/install/armor_detector/share/armor_detector/environment/path.sh
[35.001s] -- Installing: /home/ghlins/new_tracker/install/armor_detector/share/armor_detector/environment/path.dsv
[35.001s] -- Installing: /home/ghlins/new_tracker/install/armor_detector/share/armor_detector/local_setup.bash
[35.001s] -- Installing: /home/ghlins/new_tracker/install/armor_detector/share/armor_detector/local_setup.sh
[35.002s] -- Installing: /home/ghlins/new_tracker/install/armor_detector/share/armor_detector/local_setup.zsh
[35.002s] -- Installing: /home/ghlins/new_tracker/install/armor_detector/share/armor_detector/local_setup.dsv
[35.002s] -- Installing: /home/ghlins/new_tracker/install/armor_detector/share/armor_detector/package.dsv
[35.002s] -- Installing: /home/ghlins/new_tracker/install/armor_detector/share/ament_index/resource_index/packages/armor_detector
[35.002s] -- Installing: /home/ghlins/new_tracker/install/armor_detector/share/ament_index/resource_index/rclcpp_components/armor_detector
[35.002s] -- Installing: /home/ghlins/new_tracker/install/armor_detector/share/armor_detector/cmake/ament_cmake_export_dependencies-extras.cmake
[35.002s] -- Installing: /home/ghlins/new_tracker/install/armor_detector/share/armor_detector/cmake/ament_cmake_export_include_directories-extras.cmake
[35.002s] -- Installing: /home/ghlins/new_tracker/install/armor_detector/share/armor_detector/cmake/ament_cmake_export_libraries-extras.cmake
[35.002s] -- Installing: /home/ghlins/new_tracker/install/armor_detector/share/armor_detector/cmake/armor_detectorConfig.cmake
[35.002s] -- Installing: /home/ghlins/new_tracker/install/armor_detector/share/armor_detector/cmake/armor_detectorConfig-version.cmake
[35.002s] -- Up-to-date: /home/ghlins/new_tracker/install/armor_detector/share/armor_detector/package.xml
[35.005s] Invoked command in '/home/ghlins/new_tracker/build/armor_detector' returned '0': CMAKE_PREFIX_PATH=/home/ghlins/new_tracker/install/auto_aim_interfaces:/home/ghlins/new_tracker/install/new_armor_tracker:/home/ghlins/new_tracker/install/bringup:/home/ghlins/new_tracker/install/my_ros2_opencv_pkg:/home/ghlins/new_tracker/install/armor_detector:/opt/ros/humble LD_LIBRARY_PATH=/home/ghlins/new_tracker/install/auto_aim_interfaces/lib:/home/ghlins/new_tracker/install/new_armor_tracker/lib:/home/ghlins/new_tracker/install/armor_detector/lib:/usr/lib/x86_64-linux-gnu/gazebo-11/plugins:/opt/ros/humble/opt/rviz_ogre_vendor/lib:/opt/ros/humble/lib/x86_64-linux-gnu:/opt/ros/humble/lib /usr/bin/cmake --install /home/ghlins/new_tracker/build/armor_detector
