[0.007s] Invoking command in '/home/ghlins/new_tracker/build/auto_aim_interfaces': CMAKE_PREFIX_PATH=/opt/ros/humble /usr/bin/cmake /home/ghlins/new_tracker/src/rm_auto_aim/auto_aim_interfaces -DCMAKE_INSTALL_PREFIX=/home/ghlins/new_tracker/install/auto_aim_interfaces
[0.085s] -- The C compiler identification is GNU 11.4.0
[0.386s] -- The CXX compiler identification is GNU 11.4.0
[0.601s] -- Detecting C compiler ABI info
[0.699s] -- Detecting C compiler ABI info - done
[0.703s] -- Check for working C compiler: /usr/bin/cc - skipped
[0.704s] -- Detecting C compile features
[0.704s] -- Detecting C compile features - done
[0.706s] -- Detecting CXX compiler ABI info
[0.802s] -- Detecting CXX compiler ABI info - done
[0.806s] -- Check for working CXX compiler: /usr/bin/c++ - skipped
[0.806s] -- Detecting CXX compile features
[0.807s] -- Detecting CXX compile features - done
[0.808s] -- Found ament_cmake: 1.3.5 (/opt/ros/humble/share/ament_cmake/cmake)
[0.916s] -- Found Python3: /usr/bin/python3.10 (found version "3.10.12") found components: Interpreter 
[0.970s] -- Found rosidl_default_generators: 1.2.0 (/opt/ros/humble/share/rosidl_default_generators/cmake)
[0.972s] -- Using all available rosidl_typesupport_c: rosidl_typesupport_fastrtps_c;rosidl_typesupport_introspection_c
[0.975s] -- Found rosidl_adapter: 3.1.4 (/opt/ros/humble/share/rosidl_adapter/cmake)
[1.078s] -- Using all available rosidl_typesupport_cpp: rosidl_typesupport_fastrtps_cpp;rosidl_typesupport_introspection_cpp
[1.099s] -- Found geometry_msgs: 4.2.3 (/opt/ros/humble/share/geometry_msgs/cmake)
[1.385s] -- Found ament_cmake_ros: 0.10.0 (/opt/ros/humble/share/ament_cmake_ros/cmake)
[1.542s] -- Using all available rosidl_typesupport_c: rosidl_typesupport_fastrtps_c;rosidl_typesupport_introspection_c
[1.743s] -- Using all available rosidl_typesupport_cpp: rosidl_typesupport_fastrtps_cpp;rosidl_typesupport_introspection_cpp
[1.834s] -- Found PythonInterp: /usr/bin/python3 (found suitable version "3.10.12", minimum required is "3.6") 
[1.834s] -- Found python_cmake_module: 0.10.0 (/opt/ros/humble/share/python_cmake_module/cmake)
[2.101s] -- Found PythonLibs: /usr/lib/x86_64-linux-gnu/libpython3.10.so (found suitable version "3.10.12", minimum required is "3.5") 
[2.101s] -- Using PYTHON_EXECUTABLE: /usr/bin/python3
[2.101s] -- Using PYTHON_INCLUDE_DIRS: /usr/include/python3.10
[2.101s] -- Using PYTHON_LIBRARIES: /usr/lib/x86_64-linux-gnu/libpython3.10.so
[2.115s] -- Found PythonExtra: .so  
[2.184s] -- Configuring done
[2.214s] -- Generating done
[2.216s] -- Build files have been written to: /home/ghlins/new_tracker/build/auto_aim_interfaces
[2.224s] Invoked command in '/home/ghlins/new_tracker/build/auto_aim_interfaces' returned '0': CMAKE_PREFIX_PATH=/opt/ros/humble /usr/bin/cmake /home/ghlins/new_tracker/src/rm_auto_aim/auto_aim_interfaces -DCMAKE_INSTALL_PREFIX=/home/ghlins/new_tracker/install/auto_aim_interfaces
[2.225s] Invoking command in '/home/ghlins/new_tracker/build/auto_aim_interfaces': CMAKE_PREFIX_PATH=/opt/ros/humble /usr/bin/cmake --build /home/ghlins/new_tracker/build/auto_aim_interfaces -- -j20 -l20
[2.249s] [  1%] [34m[1mGenerating C code for ROS interfaces[0m
[2.255s] [  2%] [34m[1mGenerating C++ code for ROS interfaces[0m
[2.259s] [  2%] Built target ament_cmake_python_copy_auto_aim_interfaces
[2.398s] running egg_info
[2.398s] creating auto_aim_interfaces.egg-info
[2.399s] writing auto_aim_interfaces.egg-info/PKG-INFO
[2.399s] writing dependency_links to auto_aim_interfaces.egg-info/dependency_links.txt
[2.399s] writing top-level names to auto_aim_interfaces.egg-info/top_level.txt
[2.399s] writing manifest file 'auto_aim_interfaces.egg-info/SOURCES.txt'
[2.400s] reading manifest file 'auto_aim_interfaces.egg-info/SOURCES.txt'
[2.400s] writing manifest file 'auto_aim_interfaces.egg-info/SOURCES.txt'
[2.422s] [  2%] Built target ament_cmake_python_build_auto_aim_interfaces_egg
[2.591s] [  2%] Built target auto_aim_interfaces__cpp
[2.598s] [  3%] [34m[1mGenerating C++ type support dispatch for ROS interfaces[0m
[2.599s] [  4%] [34m[1mGenerating C++ introspection for ROS interfaces[0m
[2.599s] [  5%] [34m[1mGenerating C++ type support for eProsima Fast-RTPS[0m
[2.626s] [  6%] [32mBuilding C object CMakeFiles/auto_aim_interfaces__rosidl_generator_c.dir/rosidl_generator_c/auto_aim_interfaces/msg/detail/armor__functions.c.o[0m
[2.626s] [  8%] [32mBuilding C object CMakeFiles/auto_aim_interfaces__rosidl_generator_c.dir/rosidl_generator_c/auto_aim_interfaces/msg/detail/debug_armors__functions.c.o[0m
[2.626s] [  9%] [32mBuilding C object CMakeFiles/auto_aim_interfaces__rosidl_generator_c.dir/rosidl_generator_c/auto_aim_interfaces/msg/detail/tracker_info__functions.c.o[0m
[2.626s] [ 11%] [32mBuilding C object CMakeFiles/auto_aim_interfaces__rosidl_generator_c.dir/rosidl_generator_c/auto_aim_interfaces/msg/detail/target__functions.c.o[0m
[2.626s] [ 11%] [32mBuilding C object CMakeFiles/auto_aim_interfaces__rosidl_generator_c.dir/rosidl_generator_c/auto_aim_interfaces/msg/detail/armors__functions.c.o[0m
[2.627s] [ 12%] [32mBuilding C object CMakeFiles/auto_aim_interfaces__rosidl_generator_c.dir/rosidl_generator_c/auto_aim_interfaces/msg/detail/debug_light__functions.c.o[0m
[2.627s] [ 13%] [32mBuilding C object CMakeFiles/auto_aim_interfaces__rosidl_generator_c.dir/rosidl_generator_c/auto_aim_interfaces/msg/detail/debug_lights__functions.c.o[0m
[2.628s] [ 14%] [32mBuilding C object CMakeFiles/auto_aim_interfaces__rosidl_generator_c.dir/rosidl_generator_c/auto_aim_interfaces/msg/detail/debug_armor__functions.c.o[0m
[2.670s] [ 16%] [32m[1mLinking C shared library libauto_aim_interfaces__rosidl_generator_c.so[0m
[2.758s] [ 16%] Built target auto_aim_interfaces__rosidl_generator_c
[2.764s] [ 18%] [34m[1mGenerating C introspection for ROS interfaces[0m
[2.764s] [ 18%] [34m[1mGenerating C type support for eProsima Fast-RTPS[0m
[2.767s] [ 19%] [34m[1mGenerating C type support dispatch for ROS interfaces[0m
[2.891s] [ 20%] [32mBuilding CXX object CMakeFiles/auto_aim_interfaces__rosidl_typesupport_cpp.dir/rosidl_typesupport_cpp/auto_aim_interfaces/msg/armors__type_support.cpp.o[0m
[2.892s] [ 21%] [32mBuilding CXX object CMakeFiles/auto_aim_interfaces__rosidl_typesupport_cpp.dir/rosidl_typesupport_cpp/auto_aim_interfaces/msg/armor__type_support.cpp.o[0m
[2.894s] [ 22%] [32mBuilding CXX object CMakeFiles/auto_aim_interfaces__rosidl_typesupport_cpp.dir/rosidl_typesupport_cpp/auto_aim_interfaces/msg/debug_lights__type_support.cpp.o[0m
[2.894s] [ 24%] [32mBuilding CXX object CMakeFiles/auto_aim_interfaces__rosidl_typesupport_cpp.dir/rosidl_typesupport_cpp/auto_aim_interfaces/msg/debug_light__type_support.cpp.o[0m
[2.895s] [ 25%] [32mBuilding CXX object CMakeFiles/auto_aim_interfaces__rosidl_typesupport_cpp.dir/rosidl_typesupport_cpp/auto_aim_interfaces/msg/target__type_support.cpp.o[0m
[2.895s] [ 26%] [32mBuilding CXX object CMakeFiles/auto_aim_interfaces__rosidl_typesupport_cpp.dir/rosidl_typesupport_cpp/auto_aim_interfaces/msg/tracker_info__type_support.cpp.o[0m
[2.895s] [ 27%] [32mBuilding CXX object CMakeFiles/auto_aim_interfaces__rosidl_typesupport_cpp.dir/rosidl_typesupport_cpp/auto_aim_interfaces/msg/debug_armor__type_support.cpp.o[0m
[2.896s] [ 28%] [32mBuilding CXX object CMakeFiles/auto_aim_interfaces__rosidl_typesupport_cpp.dir/rosidl_typesupport_cpp/auto_aim_interfaces/msg/debug_armors__type_support.cpp.o[0m
[2.911s] [ 32%] [32mBuilding CXX object CMakeFiles/auto_aim_interfaces__rosidl_typesupport_introspection_cpp.dir/rosidl_typesupport_introspection_cpp/auto_aim_interfaces/msg/detail/armor__type_support.cpp.o[0m
[2.911s] [ 32%] [32mBuilding CXX object CMakeFiles/auto_aim_interfaces__rosidl_typesupport_introspection_cpp.dir/rosidl_typesupport_introspection_cpp/auto_aim_interfaces/msg/detail/armors__type_support.cpp.o[0m
[2.912s] [ 33%] [32mBuilding CXX object CMakeFiles/auto_aim_interfaces__rosidl_typesupport_introspection_cpp.dir/rosidl_typesupport_introspection_cpp/auto_aim_interfaces/msg/detail/debug_light__type_support.cpp.o[0m
[2.913s] [ 32%] [32mBuilding CXX object CMakeFiles/auto_aim_interfaces__rosidl_typesupport_introspection_cpp.dir/rosidl_typesupport_introspection_cpp/auto_aim_interfaces/msg/detail/target__type_support.cpp.o[0m
[2.913s] [ 34%] [32mBuilding CXX object CMakeFiles/auto_aim_interfaces__rosidl_typesupport_introspection_cpp.dir/rosidl_typesupport_introspection_cpp/auto_aim_interfaces/msg/detail/debug_armor__type_support.cpp.o[0m
[2.915s] [ 35%] [32mBuilding CXX object CMakeFiles/auto_aim_interfaces__rosidl_typesupport_introspection_cpp.dir/rosidl_typesupport_introspection_cpp/auto_aim_interfaces/msg/detail/debug_lights__type_support.cpp.o[0m
[2.924s] [ 36%] [32mBuilding CXX object CMakeFiles/auto_aim_interfaces__rosidl_typesupport_introspection_cpp.dir/rosidl_typesupport_introspection_cpp/auto_aim_interfaces/msg/detail/debug_armors__type_support.cpp.o[0m
[2.947s] [ 37%] [32mBuilding CXX object CMakeFiles/auto_aim_interfaces__rosidl_typesupport_introspection_cpp.dir/rosidl_typesupport_introspection_cpp/auto_aim_interfaces/msg/detail/tracker_info__type_support.cpp.o[0m
[3.239s] [ 39%] [32mBuilding CXX object CMakeFiles/auto_aim_interfaces__rosidl_typesupport_c.dir/rosidl_typesupport_c/auto_aim_interfaces/msg/armor__type_support.cpp.o[0m
[3.241s] [ 40%] [32mBuilding CXX object CMakeFiles/auto_aim_interfaces__rosidl_typesupport_c.dir/rosidl_typesupport_c/auto_aim_interfaces/msg/armors__type_support.cpp.o[0m
[3.243s] [ 41%] [32mBuilding CXX object CMakeFiles/auto_aim_interfaces__rosidl_typesupport_c.dir/rosidl_typesupport_c/auto_aim_interfaces/msg/target__type_support.cpp.o[0m
[3.247s] [ 43%] [32mBuilding CXX object CMakeFiles/auto_aim_interfaces__rosidl_typesupport_c.dir/rosidl_typesupport_c/auto_aim_interfaces/msg/debug_lights__type_support.cpp.o[0m
[3.248s] [ 43%] [32mBuilding CXX object CMakeFiles/auto_aim_interfaces__rosidl_typesupport_c.dir/rosidl_typesupport_c/auto_aim_interfaces/msg/debug_light__type_support.cpp.o[0m
[3.254s] [ 44%] [32mBuilding CXX object CMakeFiles/auto_aim_interfaces__rosidl_typesupport_c.dir/rosidl_typesupport_c/auto_aim_interfaces/msg/debug_armor__type_support.cpp.o[0m
[3.255s] [ 45%] [32mBuilding CXX object CMakeFiles/auto_aim_interfaces__rosidl_typesupport_c.dir/rosidl_typesupport_c/auto_aim_interfaces/msg/debug_armors__type_support.cpp.o[0m
[3.261s] [ 47%] [32mBuilding CXX object CMakeFiles/auto_aim_interfaces__rosidl_typesupport_fastrtps_cpp.dir/rosidl_typesupport_fastrtps_cpp/auto_aim_interfaces/msg/detail/dds_fastrtps/armor__type_support.cpp.o[0m
[3.264s] [ 48%] [32mBuilding CXX object CMakeFiles/auto_aim_interfaces__rosidl_typesupport_fastrtps_cpp.dir/rosidl_typesupport_fastrtps_cpp/auto_aim_interfaces/msg/detail/dds_fastrtps/armors__type_support.cpp.o[0m
[3.289s] [ 49%] [32mBuilding CXX object CMakeFiles/auto_aim_interfaces__rosidl_typesupport_fastrtps_cpp.dir/rosidl_typesupport_fastrtps_cpp/auto_aim_interfaces/msg/detail/dds_fastrtps/target__type_support.cpp.o[0m
[3.293s] [ 50%] [32mBuilding CXX object CMakeFiles/auto_aim_interfaces__rosidl_typesupport_c.dir/rosidl_typesupport_c/auto_aim_interfaces/msg/tracker_info__type_support.cpp.o[0m
[3.303s] [ 51%] [32mBuilding CXX object CMakeFiles/auto_aim_interfaces__rosidl_typesupport_fastrtps_cpp.dir/rosidl_typesupport_fastrtps_cpp/auto_aim_interfaces/msg/detail/dds_fastrtps/debug_light__type_support.cpp.o[0m
[3.304s] [ 52%] [32mBuilding CXX object CMakeFiles/auto_aim_interfaces__rosidl_typesupport_fastrtps_cpp.dir/rosidl_typesupport_fastrtps_cpp/auto_aim_interfaces/msg/detail/dds_fastrtps/debug_lights__type_support.cpp.o[0m
[3.323s] [ 54%] [32mBuilding CXX object CMakeFiles/auto_aim_interfaces__rosidl_typesupport_fastrtps_cpp.dir/rosidl_typesupport_fastrtps_cpp/auto_aim_interfaces/msg/detail/dds_fastrtps/debug_armor__type_support.cpp.o[0m
[3.328s] [ 55%] [32m[1mLinking CXX shared library libauto_aim_interfaces__rosidl_typesupport_c.so[0m
[3.330s] [ 56%] [32m[1mLinking CXX shared library libauto_aim_interfaces__rosidl_typesupport_cpp.so[0m
[3.345s] [ 57%] [32mBuilding CXX object CMakeFiles/auto_aim_interfaces__rosidl_typesupport_fastrtps_cpp.dir/rosidl_typesupport_fastrtps_cpp/auto_aim_interfaces/msg/detail/dds_fastrtps/debug_armors__type_support.cpp.o[0m
[3.345s] [ 58%] [32mBuilding CXX object CMakeFiles/auto_aim_interfaces__rosidl_typesupport_fastrtps_cpp.dir/rosidl_typesupport_fastrtps_cpp/auto_aim_interfaces/msg/detail/dds_fastrtps/tracker_info__type_support.cpp.o[0m
[3.373s] [ 59%] [32mBuilding C object CMakeFiles/auto_aim_interfaces__rosidl_typesupport_introspection_c.dir/rosidl_typesupport_introspection_c/auto_aim_interfaces/msg/detail/armor__type_support.c.o[0m
[3.433s] [ 60%] [32mBuilding C object CMakeFiles/auto_aim_interfaces__rosidl_typesupport_introspection_c.dir/rosidl_typesupport_introspection_c/auto_aim_interfaces/msg/detail/armors__type_support.c.o[0m
[3.449s] [ 62%] [32mBuilding C object CMakeFiles/auto_aim_interfaces__rosidl_typesupport_introspection_c.dir/rosidl_typesupport_introspection_c/auto_aim_interfaces/msg/detail/target__type_support.c.o[0m
[3.456s] [ 63%] [32mBuilding C object CMakeFiles/auto_aim_interfaces__rosidl_typesupport_introspection_c.dir/rosidl_typesupport_introspection_c/auto_aim_interfaces/msg/detail/debug_lights__type_support.c.o[0m
[3.460s] [ 64%] [32mBuilding C object CMakeFiles/auto_aim_interfaces__rosidl_typesupport_introspection_c.dir/rosidl_typesupport_introspection_c/auto_aim_interfaces/msg/detail/debug_light__type_support.c.o[0m
[3.480s] [ 65%] [32mBuilding CXX object CMakeFiles/auto_aim_interfaces__rosidl_typesupport_fastrtps_c.dir/rosidl_typesupport_fastrtps_c/auto_aim_interfaces/msg/detail/armor__type_support_c.cpp.o[0m
[3.482s] [ 66%] [32mBuilding CXX object CMakeFiles/auto_aim_interfaces__rosidl_typesupport_fastrtps_c.dir/rosidl_typesupport_fastrtps_c/auto_aim_interfaces/msg/detail/armors__type_support_c.cpp.o[0m
[3.488s] [ 67%] [32mBuilding CXX object CMakeFiles/auto_aim_interfaces__rosidl_typesupport_fastrtps_c.dir/rosidl_typesupport_fastrtps_c/auto_aim_interfaces/msg/detail/target__type_support_c.cpp.o[0m
[3.495s] [ 68%] [32mBuilding C object CMakeFiles/auto_aim_interfaces__rosidl_typesupport_introspection_c.dir/rosidl_typesupport_introspection_c/auto_aim_interfaces/msg/detail/debug_armor__type_support.c.o[0m
[3.497s] [ 70%] [32mBuilding C object CMakeFiles/auto_aim_interfaces__rosidl_typesupport_introspection_c.dir/rosidl_typesupport_introspection_c/auto_aim_interfaces/msg/detail/tracker_info__type_support.c.o[0m
[3.499s] [ 71%] [32mBuilding C object CMakeFiles/auto_aim_interfaces__rosidl_typesupport_introspection_c.dir/rosidl_typesupport_introspection_c/auto_aim_interfaces/msg/detail/debug_armors__type_support.c.o[0m
[3.529s] [ 72%] [32mBuilding CXX object CMakeFiles/auto_aim_interfaces__rosidl_typesupport_fastrtps_c.dir/rosidl_typesupport_fastrtps_c/auto_aim_interfaces/msg/detail/debug_light__type_support_c.cpp.o[0m
[3.542s] [ 73%] [32mBuilding CXX object CMakeFiles/auto_aim_interfaces__rosidl_typesupport_fastrtps_c.dir/rosidl_typesupport_fastrtps_c/auto_aim_interfaces/msg/detail/debug_armor__type_support_c.cpp.o[0m
[3.544s] [ 74%] Built target auto_aim_interfaces__rosidl_typesupport_cpp
[3.545s] [ 74%] [32mBuilding CXX object CMakeFiles/auto_aim_interfaces__rosidl_typesupport_fastrtps_c.dir/rosidl_typesupport_fastrtps_c/auto_aim_interfaces/msg/detail/debug_lights__type_support_c.cpp.o[0m
[3.553s] [ 75%] [32mBuilding CXX object CMakeFiles/auto_aim_interfaces__rosidl_typesupport_fastrtps_c.dir/rosidl_typesupport_fastrtps_c/auto_aim_interfaces/msg/detail/debug_armors__type_support_c.cpp.o[0m
[3.554s] [ 75%] Built target auto_aim_interfaces__rosidl_typesupport_c
[3.559s] [ 77%] [32mBuilding CXX object CMakeFiles/auto_aim_interfaces__rosidl_typesupport_fastrtps_c.dir/rosidl_typesupport_fastrtps_c/auto_aim_interfaces/msg/detail/tracker_info__type_support_c.cpp.o[0m
[3.567s] [ 78%] [32m[1mLinking C shared library libauto_aim_interfaces__rosidl_typesupport_introspection_c.so[0m
[3.633s] [ 79%] [32m[1mLinking CXX shared library libauto_aim_interfaces__rosidl_typesupport_introspection_cpp.so[0m
[3.875s] [ 79%] Built target auto_aim_interfaces__rosidl_typesupport_introspection_c
[3.980s] [ 79%] Built target auto_aim_interfaces__rosidl_typesupport_introspection_cpp
[3.990s] [ 80%] [32m[1mLinking CXX shared library libauto_aim_interfaces__rosidl_typesupport_fastrtps_cpp.so[0m
[4.022s] [ 81%] [32m[1mLinking CXX shared library libauto_aim_interfaces__rosidl_typesupport_fastrtps_c.so[0m
[4.098s] [ 81%] Built target auto_aim_interfaces__rosidl_typesupport_fastrtps_cpp
[4.129s] [ 81%] Built target auto_aim_interfaces__rosidl_typesupport_fastrtps_c
[4.141s] [ 81%] Built target auto_aim_interfaces
[4.154s] [ 82%] [34m[1mGenerating Python code for ROS interfaces[0m
[4.753s] [ 82%] Built target auto_aim_interfaces__py
[4.764s] [ 85%] [32mBuilding C object CMakeFiles/auto_aim_interfaces__rosidl_generator_py.dir/rosidl_generator_py/auto_aim_interfaces/msg/_armors_s.c.o[0m
[4.765s] [ 85%] [32mBuilding C object CMakeFiles/auto_aim_interfaces__rosidl_generator_py.dir/rosidl_generator_py/auto_aim_interfaces/msg/_armor_s.c.o[0m
[4.765s] [ 86%] [32mBuilding C object CMakeFiles/auto_aim_interfaces__rosidl_generator_py.dir/rosidl_generator_py/auto_aim_interfaces/msg/_target_s.c.o[0m
[4.765s] [ 87%] [32mBuilding C object CMakeFiles/auto_aim_interfaces__rosidl_generator_py.dir/rosidl_generator_py/auto_aim_interfaces/msg/_debug_lights_s.c.o[0m
[4.766s] [ 88%] [32mBuilding C object CMakeFiles/auto_aim_interfaces__rosidl_generator_py.dir/rosidl_generator_py/auto_aim_interfaces/msg/_tracker_info_s.c.o[0m
[4.766s] [ 89%] [32mBuilding C object CMakeFiles/auto_aim_interfaces__rosidl_generator_py.dir/rosidl_generator_py/auto_aim_interfaces/msg/_debug_light_s.c.o[0m
[4.767s] [ 90%] [32mBuilding C object CMakeFiles/auto_aim_interfaces__rosidl_generator_py.dir/rosidl_generator_py/auto_aim_interfaces/msg/_debug_armors_s.c.o[0m
[4.767s] [ 91%] [32mBuilding C object CMakeFiles/auto_aim_interfaces__rosidl_generator_py.dir/rosidl_generator_py/auto_aim_interfaces/msg/_debug_armor_s.c.o[0m
[4.855s] [ 93%] [32m[1mLinking C shared library rosidl_generator_py/auto_aim_interfaces/libauto_aim_interfaces__rosidl_generator_py.so[0m
[4.959s] [ 93%] Built target auto_aim_interfaces__rosidl_generator_py
[4.970s] [ 94%] [32mBuilding C object CMakeFiles/auto_aim_interfaces__rosidl_typesupport_introspection_c__pyext.dir/rosidl_generator_py/auto_aim_interfaces/_auto_aim_interfaces_s.ep.rosidl_typesupport_introspection_c.c.o[0m
[4.970s] [ 95%] [32mBuilding C object CMakeFiles/auto_aim_interfaces__rosidl_typesupport_fastrtps_c__pyext.dir/rosidl_generator_py/auto_aim_interfaces/_auto_aim_interfaces_s.ep.rosidl_typesupport_fastrtps_c.c.o[0m
[4.971s] [ 96%] [32mBuilding C object CMakeFiles/auto_aim_interfaces__rosidl_typesupport_c__pyext.dir/rosidl_generator_py/auto_aim_interfaces/_auto_aim_interfaces_s.ep.rosidl_typesupport_c.c.o[0m
[5.041s] [ 97%] [32m[1mLinking C shared library rosidl_generator_py/auto_aim_interfaces/auto_aim_interfaces_s__rosidl_typesupport_fastrtps_c.cpython-310-x86_64-linux-gnu.so[0m
[5.041s] [ 98%] [32m[1mLinking C shared library rosidl_generator_py/auto_aim_interfaces/auto_aim_interfaces_s__rosidl_typesupport_introspection_c.cpython-310-x86_64-linux-gnu.so[0m
[5.051s] [100%] [32m[1mLinking C shared library rosidl_generator_py/auto_aim_interfaces/auto_aim_interfaces_s__rosidl_typesupport_c.cpython-310-x86_64-linux-gnu.so[0m
[5.121s] [100%] Built target auto_aim_interfaces__rosidl_typesupport_introspection_c__pyext
[5.121s] [100%] Built target auto_aim_interfaces__rosidl_typesupport_fastrtps_c__pyext
[5.151s] [100%] Built target auto_aim_interfaces__rosidl_typesupport_c__pyext
[5.159s] Invoked command in '/home/ghlins/new_tracker/build/auto_aim_interfaces' returned '0': CMAKE_PREFIX_PATH=/opt/ros/humble /usr/bin/cmake --build /home/ghlins/new_tracker/build/auto_aim_interfaces -- -j20 -l20
[5.256s] Invoking command in '/home/ghlins/new_tracker/build/auto_aim_interfaces': CMAKE_PREFIX_PATH=/opt/ros/humble /usr/bin/cmake --install /home/ghlins/new_tracker/build/auto_aim_interfaces
[5.260s] -- Install configuration: ""
[5.260s] -- Installing: /home/ghlins/new_tracker/install/auto_aim_interfaces/share/ament_index/resource_index/rosidl_interfaces/auto_aim_interfaces
[5.260s] -- Up-to-date: /home/ghlins/new_tracker/install/auto_aim_interfaces/include/auto_aim_interfaces/auto_aim_interfaces
[5.261s] -- Up-to-date: /home/ghlins/new_tracker/install/auto_aim_interfaces/include/auto_aim_interfaces/auto_aim_interfaces/msg
[5.261s] -- Installing: /home/ghlins/new_tracker/install/auto_aim_interfaces/include/auto_aim_interfaces/auto_aim_interfaces/msg/debug_lights.h
[5.261s] -- Installing: /home/ghlins/new_tracker/install/auto_aim_interfaces/include/auto_aim_interfaces/auto_aim_interfaces/msg/debug_armor.h
[5.261s] -- Installing: /home/ghlins/new_tracker/install/auto_aim_interfaces/include/auto_aim_interfaces/auto_aim_interfaces/msg/target.h
[5.261s] -- Installing: /home/ghlins/new_tracker/install/auto_aim_interfaces/include/auto_aim_interfaces/auto_aim_interfaces/msg/debug_armors.h
[5.261s] -- Installing: /home/ghlins/new_tracker/install/auto_aim_interfaces/include/auto_aim_interfaces/auto_aim_interfaces/msg/debug_light.h
[5.261s] -- Installing: /home/ghlins/new_tracker/install/auto_aim_interfaces/include/auto_aim_interfaces/auto_aim_interfaces/msg/armors.h
[5.261s] -- Installing: /home/ghlins/new_tracker/install/auto_aim_interfaces/include/auto_aim_interfaces/auto_aim_interfaces/msg/armor.h
[5.261s] -- Installing: /home/ghlins/new_tracker/install/auto_aim_interfaces/include/auto_aim_interfaces/auto_aim_interfaces/msg/tracker_info.h
[5.262s] -- Installing: /home/ghlins/new_tracker/install/auto_aim_interfaces/include/auto_aim_interfaces/auto_aim_interfaces/msg/rosidl_generator_c__visibility_control.h
[5.262s] -- Up-to-date: /home/ghlins/new_tracker/install/auto_aim_interfaces/include/auto_aim_interfaces/auto_aim_interfaces/msg/detail
[5.262s] -- Installing: /home/ghlins/new_tracker/install/auto_aim_interfaces/include/auto_aim_interfaces/auto_aim_interfaces/msg/detail/debug_armors__functions.h
[5.262s] -- Installing: /home/ghlins/new_tracker/install/auto_aim_interfaces/include/auto_aim_interfaces/auto_aim_interfaces/msg/detail/armor__functions.c
[5.262s] -- Installing: /home/ghlins/new_tracker/install/auto_aim_interfaces/include/auto_aim_interfaces/auto_aim_interfaces/msg/detail/debug_lights__type_support.h
[5.262s] -- Installing: /home/ghlins/new_tracker/install/auto_aim_interfaces/include/auto_aim_interfaces/auto_aim_interfaces/msg/detail/debug_lights__struct.h
[5.262s] -- Installing: /home/ghlins/new_tracker/install/auto_aim_interfaces/include/auto_aim_interfaces/auto_aim_interfaces/msg/detail/target__type_support.h
[5.262s] -- Installing: /home/ghlins/new_tracker/install/auto_aim_interfaces/include/auto_aim_interfaces/auto_aim_interfaces/msg/detail/debug_light__functions.c
[5.262s] -- Installing: /home/ghlins/new_tracker/install/auto_aim_interfaces/include/auto_aim_interfaces/auto_aim_interfaces/msg/detail/debug_light__type_support.h
[5.262s] -- Installing: /home/ghlins/new_tracker/install/auto_aim_interfaces/include/auto_aim_interfaces/auto_aim_interfaces/msg/detail/debug_armors__struct.h
[5.262s] -- Installing: /home/ghlins/new_tracker/install/auto_aim_interfaces/include/auto_aim_interfaces/auto_aim_interfaces/msg/detail/target__functions.c
[5.262s] -- Installing: /home/ghlins/new_tracker/install/auto_aim_interfaces/include/auto_aim_interfaces/auto_aim_interfaces/msg/detail/target__struct.h
[5.263s] -- Installing: /home/ghlins/new_tracker/install/auto_aim_interfaces/include/auto_aim_interfaces/auto_aim_interfaces/msg/detail/debug_armor__functions.h
[5.263s] -- Installing: /home/ghlins/new_tracker/install/auto_aim_interfaces/include/auto_aim_interfaces/auto_aim_interfaces/msg/detail/armors__struct.h
[5.263s] -- Installing: /home/ghlins/new_tracker/install/auto_aim_interfaces/include/auto_aim_interfaces/auto_aim_interfaces/msg/detail/target__functions.h
[5.263s] -- Installing: /home/ghlins/new_tracker/install/auto_aim_interfaces/include/auto_aim_interfaces/auto_aim_interfaces/msg/detail/armor__type_support.h
[5.263s] -- Installing: /home/ghlins/new_tracker/install/auto_aim_interfaces/include/auto_aim_interfaces/auto_aim_interfaces/msg/detail/tracker_info__type_support.h
[5.263s] -- Installing: /home/ghlins/new_tracker/install/auto_aim_interfaces/include/auto_aim_interfaces/auto_aim_interfaces/msg/detail/tracker_info__struct.h
[5.263s] -- Installing: /home/ghlins/new_tracker/install/auto_aim_interfaces/include/auto_aim_interfaces/auto_aim_interfaces/msg/detail/tracker_info__functions.c
[5.263s] -- Installing: /home/ghlins/new_tracker/install/auto_aim_interfaces/include/auto_aim_interfaces/auto_aim_interfaces/msg/detail/armor__struct.h
[5.263s] -- Installing: /home/ghlins/new_tracker/install/auto_aim_interfaces/include/auto_aim_interfaces/auto_aim_interfaces/msg/detail/armors__type_support.h
[5.263s] -- Installing: /home/ghlins/new_tracker/install/auto_aim_interfaces/include/auto_aim_interfaces/auto_aim_interfaces/msg/detail/debug_armor__struct.h
[5.263s] -- Installing: /home/ghlins/new_tracker/install/auto_aim_interfaces/include/auto_aim_interfaces/auto_aim_interfaces/msg/detail/debug_lights__functions.h
[5.263s] -- Installing: /home/ghlins/new_tracker/install/auto_aim_interfaces/include/auto_aim_interfaces/auto_aim_interfaces/msg/detail/armor__functions.h
[5.264s] -- Installing: /home/ghlins/new_tracker/install/auto_aim_interfaces/include/auto_aim_interfaces/auto_aim_interfaces/msg/detail/debug_armors__type_support.h
[5.264s] -- Installing: /home/ghlins/new_tracker/install/auto_aim_interfaces/include/auto_aim_interfaces/auto_aim_interfaces/msg/detail/debug_light__functions.h
[5.264s] -- Installing: /home/ghlins/new_tracker/install/auto_aim_interfaces/include/auto_aim_interfaces/auto_aim_interfaces/msg/detail/debug_armors__functions.c
[5.264s] -- Installing: /home/ghlins/new_tracker/install/auto_aim_interfaces/include/auto_aim_interfaces/auto_aim_interfaces/msg/detail/armors__functions.h
[5.264s] -- Installing: /home/ghlins/new_tracker/install/auto_aim_interfaces/include/auto_aim_interfaces/auto_aim_interfaces/msg/detail/debug_light__struct.h
[5.264s] -- Installing: /home/ghlins/new_tracker/install/auto_aim_interfaces/include/auto_aim_interfaces/auto_aim_interfaces/msg/detail/debug_armor__type_support.h
[5.264s] -- Installing: /home/ghlins/new_tracker/install/auto_aim_interfaces/include/auto_aim_interfaces/auto_aim_interfaces/msg/detail/tracker_info__functions.h
[5.264s] -- Installing: /home/ghlins/new_tracker/install/auto_aim_interfaces/include/auto_aim_interfaces/auto_aim_interfaces/msg/detail/debug_armor__functions.c
[5.264s] -- Installing: /home/ghlins/new_tracker/install/auto_aim_interfaces/include/auto_aim_interfaces/auto_aim_interfaces/msg/detail/debug_lights__functions.c
[5.264s] -- Installing: /home/ghlins/new_tracker/install/auto_aim_interfaces/include/auto_aim_interfaces/auto_aim_interfaces/msg/detail/armors__functions.c
[5.264s] -- Up-to-date: /home/ghlins/new_tracker/install/auto_aim_interfaces/share/auto_aim_interfaces/environment/library_path.sh
[5.264s] -- Installing: /home/ghlins/new_tracker/install/auto_aim_interfaces/share/auto_aim_interfaces/environment/library_path.dsv
[5.264s] -- Installing: /home/ghlins/new_tracker/install/auto_aim_interfaces/lib/libauto_aim_interfaces__rosidl_generator_c.so
[5.265s] -- Set runtime path of "/home/ghlins/new_tracker/install/auto_aim_interfaces/lib/libauto_aim_interfaces__rosidl_generator_c.so" to ""
[5.265s] -- Up-to-date: /home/ghlins/new_tracker/install/auto_aim_interfaces/include/auto_aim_interfaces/auto_aim_interfaces
[5.265s] -- Up-to-date: /home/ghlins/new_tracker/install/auto_aim_interfaces/include/auto_aim_interfaces/auto_aim_interfaces/msg
[5.265s] -- Installing: /home/ghlins/new_tracker/install/auto_aim_interfaces/include/auto_aim_interfaces/auto_aim_interfaces/msg/rosidl_typesupport_fastrtps_c__visibility_control.h
[5.265s] -- Up-to-date: /home/ghlins/new_tracker/install/auto_aim_interfaces/include/auto_aim_interfaces/auto_aim_interfaces/msg/detail
[5.265s] -- Installing: /home/ghlins/new_tracker/install/auto_aim_interfaces/include/auto_aim_interfaces/auto_aim_interfaces/msg/detail/armors__rosidl_typesupport_fastrtps_c.h
[5.265s] -- Installing: /home/ghlins/new_tracker/install/auto_aim_interfaces/include/auto_aim_interfaces/auto_aim_interfaces/msg/detail/armor__rosidl_typesupport_fastrtps_c.h
[5.265s] -- Installing: /home/ghlins/new_tracker/install/auto_aim_interfaces/include/auto_aim_interfaces/auto_aim_interfaces/msg/detail/debug_light__rosidl_typesupport_fastrtps_c.h
[5.265s] -- Installing: /home/ghlins/new_tracker/install/auto_aim_interfaces/include/auto_aim_interfaces/auto_aim_interfaces/msg/detail/debug_armors__rosidl_typesupport_fastrtps_c.h
[5.265s] -- Installing: /home/ghlins/new_tracker/install/auto_aim_interfaces/include/auto_aim_interfaces/auto_aim_interfaces/msg/detail/target__rosidl_typesupport_fastrtps_c.h
[5.265s] -- Installing: /home/ghlins/new_tracker/install/auto_aim_interfaces/include/auto_aim_interfaces/auto_aim_interfaces/msg/detail/debug_armor__rosidl_typesupport_fastrtps_c.h
[5.265s] -- Installing: /home/ghlins/new_tracker/install/auto_aim_interfaces/include/auto_aim_interfaces/auto_aim_interfaces/msg/detail/debug_lights__rosidl_typesupport_fastrtps_c.h
[5.265s] -- Installing: /home/ghlins/new_tracker/install/auto_aim_interfaces/include/auto_aim_interfaces/auto_aim_interfaces/msg/detail/tracker_info__rosidl_typesupport_fastrtps_c.h
[5.265s] -- Installing: /home/ghlins/new_tracker/install/auto_aim_interfaces/lib/libauto_aim_interfaces__rosidl_typesupport_fastrtps_c.so
[5.265s] -- Set runtime path of "/home/ghlins/new_tracker/install/auto_aim_interfaces/lib/libauto_aim_interfaces__rosidl_typesupport_fastrtps_c.so" to ""
[5.265s] -- Up-to-date: /home/ghlins/new_tracker/install/auto_aim_interfaces/include/auto_aim_interfaces/auto_aim_interfaces
[5.265s] -- Up-to-date: /home/ghlins/new_tracker/install/auto_aim_interfaces/include/auto_aim_interfaces/auto_aim_interfaces/msg
[5.266s] -- Installing: /home/ghlins/new_tracker/install/auto_aim_interfaces/include/auto_aim_interfaces/auto_aim_interfaces/msg/rosidl_typesupport_introspection_c__visibility_control.h
[5.266s] -- Up-to-date: /home/ghlins/new_tracker/install/auto_aim_interfaces/include/auto_aim_interfaces/auto_aim_interfaces/msg/detail
[5.266s] -- Installing: /home/ghlins/new_tracker/install/auto_aim_interfaces/include/auto_aim_interfaces/auto_aim_interfaces/msg/detail/debug_lights__rosidl_typesupport_introspection_c.h
[5.266s] -- Installing: /home/ghlins/new_tracker/install/auto_aim_interfaces/include/auto_aim_interfaces/auto_aim_interfaces/msg/detail/debug_lights__type_support.c
[5.266s] -- Installing: /home/ghlins/new_tracker/install/auto_aim_interfaces/include/auto_aim_interfaces/auto_aim_interfaces/msg/detail/armor__rosidl_typesupport_introspection_c.h
[5.266s] -- Installing: /home/ghlins/new_tracker/install/auto_aim_interfaces/include/auto_aim_interfaces/auto_aim_interfaces/msg/detail/armors__type_support.c
[5.266s] -- Installing: /home/ghlins/new_tracker/install/auto_aim_interfaces/include/auto_aim_interfaces/auto_aim_interfaces/msg/detail/debug_light__type_support.c
[5.266s] -- Installing: /home/ghlins/new_tracker/install/auto_aim_interfaces/include/auto_aim_interfaces/auto_aim_interfaces/msg/detail/tracker_info__type_support.c
[5.266s] -- Installing: /home/ghlins/new_tracker/install/auto_aim_interfaces/include/auto_aim_interfaces/auto_aim_interfaces/msg/detail/target__rosidl_typesupport_introspection_c.h
[5.266s] -- Installing: /home/ghlins/new_tracker/install/auto_aim_interfaces/include/auto_aim_interfaces/auto_aim_interfaces/msg/detail/armor__type_support.c
[5.266s] -- Installing: /home/ghlins/new_tracker/install/auto_aim_interfaces/include/auto_aim_interfaces/auto_aim_interfaces/msg/detail/debug_light__rosidl_typesupport_introspection_c.h
[5.267s] -- Installing: /home/ghlins/new_tracker/install/auto_aim_interfaces/include/auto_aim_interfaces/auto_aim_interfaces/msg/detail/tracker_info__rosidl_typesupport_introspection_c.h
[5.267s] -- Installing: /home/ghlins/new_tracker/install/auto_aim_interfaces/include/auto_aim_interfaces/auto_aim_interfaces/msg/detail/debug_armor__rosidl_typesupport_introspection_c.h
[5.267s] -- Installing: /home/ghlins/new_tracker/install/auto_aim_interfaces/include/auto_aim_interfaces/auto_aim_interfaces/msg/detail/armors__rosidl_typesupport_introspection_c.h
[5.267s] -- Installing: /home/ghlins/new_tracker/install/auto_aim_interfaces/include/auto_aim_interfaces/auto_aim_interfaces/msg/detail/debug_armors__type_support.c
[5.267s] -- Installing: /home/ghlins/new_tracker/install/auto_aim_interfaces/include/auto_aim_interfaces/auto_aim_interfaces/msg/detail/debug_armor__type_support.c
[5.267s] -- Installing: /home/ghlins/new_tracker/install/auto_aim_interfaces/include/auto_aim_interfaces/auto_aim_interfaces/msg/detail/target__type_support.c
[5.267s] -- Installing: /home/ghlins/new_tracker/install/auto_aim_interfaces/include/auto_aim_interfaces/auto_aim_interfaces/msg/detail/debug_armors__rosidl_typesupport_introspection_c.h
[5.267s] -- Installing: /home/ghlins/new_tracker/install/auto_aim_interfaces/lib/libauto_aim_interfaces__rosidl_typesupport_introspection_c.so
[5.267s] -- Set runtime path of "/home/ghlins/new_tracker/install/auto_aim_interfaces/lib/libauto_aim_interfaces__rosidl_typesupport_introspection_c.so" to ""
[5.267s] -- Installing: /home/ghlins/new_tracker/install/auto_aim_interfaces/lib/libauto_aim_interfaces__rosidl_typesupport_c.so
[5.267s] -- Set runtime path of "/home/ghlins/new_tracker/install/auto_aim_interfaces/lib/libauto_aim_interfaces__rosidl_typesupport_c.so" to ""
[5.268s] -- Up-to-date: /home/ghlins/new_tracker/install/auto_aim_interfaces/include/auto_aim_interfaces/auto_aim_interfaces
[5.268s] -- Up-to-date: /home/ghlins/new_tracker/install/auto_aim_interfaces/include/auto_aim_interfaces/auto_aim_interfaces/msg
[5.268s] -- Installing: /home/ghlins/new_tracker/install/auto_aim_interfaces/include/auto_aim_interfaces/auto_aim_interfaces/msg/armors.hpp
[5.268s] -- Installing: /home/ghlins/new_tracker/install/auto_aim_interfaces/include/auto_aim_interfaces/auto_aim_interfaces/msg/debug_lights.hpp
[5.268s] -- Installing: /home/ghlins/new_tracker/install/auto_aim_interfaces/include/auto_aim_interfaces/auto_aim_interfaces/msg/debug_armor.hpp
[5.268s] -- Installing: /home/ghlins/new_tracker/install/auto_aim_interfaces/include/auto_aim_interfaces/auto_aim_interfaces/msg/debug_light.hpp
[5.268s] -- Installing: /home/ghlins/new_tracker/install/auto_aim_interfaces/include/auto_aim_interfaces/auto_aim_interfaces/msg/armor.hpp
[5.268s] -- Installing: /home/ghlins/new_tracker/install/auto_aim_interfaces/include/auto_aim_interfaces/auto_aim_interfaces/msg/debug_armors.hpp
[5.269s] -- Installing: /home/ghlins/new_tracker/install/auto_aim_interfaces/include/auto_aim_interfaces/auto_aim_interfaces/msg/tracker_info.hpp
[5.269s] -- Up-to-date: /home/ghlins/new_tracker/install/auto_aim_interfaces/include/auto_aim_interfaces/auto_aim_interfaces/msg/detail
[5.269s] -- Installing: /home/ghlins/new_tracker/install/auto_aim_interfaces/include/auto_aim_interfaces/auto_aim_interfaces/msg/detail/debug_armor__struct.hpp
[5.269s] -- Installing: /home/ghlins/new_tracker/install/auto_aim_interfaces/include/auto_aim_interfaces/auto_aim_interfaces/msg/detail/armors__traits.hpp
[5.269s] -- Installing: /home/ghlins/new_tracker/install/auto_aim_interfaces/include/auto_aim_interfaces/auto_aim_interfaces/msg/detail/debug_light__traits.hpp
[5.269s] -- Installing: /home/ghlins/new_tracker/install/auto_aim_interfaces/include/auto_aim_interfaces/auto_aim_interfaces/msg/detail/debug_armors__builder.hpp
[5.269s] -- Installing: /home/ghlins/new_tracker/install/auto_aim_interfaces/include/auto_aim_interfaces/auto_aim_interfaces/msg/detail/tracker_info__traits.hpp
[5.269s] -- Installing: /home/ghlins/new_tracker/install/auto_aim_interfaces/include/auto_aim_interfaces/auto_aim_interfaces/msg/detail/target__traits.hpp
[5.269s] -- Installing: /home/ghlins/new_tracker/install/auto_aim_interfaces/include/auto_aim_interfaces/auto_aim_interfaces/msg/detail/armor__builder.hpp
[5.269s] -- Installing: /home/ghlins/new_tracker/install/auto_aim_interfaces/include/auto_aim_interfaces/auto_aim_interfaces/msg/detail/debug_light__builder.hpp
[5.269s] -- Installing: /home/ghlins/new_tracker/install/auto_aim_interfaces/include/auto_aim_interfaces/auto_aim_interfaces/msg/detail/tracker_info__builder.hpp
[5.269s] -- Installing: /home/ghlins/new_tracker/install/auto_aim_interfaces/include/auto_aim_interfaces/auto_aim_interfaces/msg/detail/armor__struct.hpp
[5.270s] -- Installing: /home/ghlins/new_tracker/install/auto_aim_interfaces/include/auto_aim_interfaces/auto_aim_interfaces/msg/detail/debug_lights__struct.hpp
[5.270s] -- Installing: /home/ghlins/new_tracker/install/auto_aim_interfaces/include/auto_aim_interfaces/auto_aim_interfaces/msg/detail/armor__traits.hpp
[5.270s] -- Installing: /home/ghlins/new_tracker/install/auto_aim_interfaces/include/auto_aim_interfaces/auto_aim_interfaces/msg/detail/debug_armors__struct.hpp
[5.270s] -- Installing: /home/ghlins/new_tracker/install/auto_aim_interfaces/include/auto_aim_interfaces/auto_aim_interfaces/msg/detail/armors__builder.hpp
[5.270s] -- Installing: /home/ghlins/new_tracker/install/auto_aim_interfaces/include/auto_aim_interfaces/auto_aim_interfaces/msg/detail/tracker_info__struct.hpp
[5.270s] -- Installing: /home/ghlins/new_tracker/install/auto_aim_interfaces/include/auto_aim_interfaces/auto_aim_interfaces/msg/detail/debug_light__struct.hpp
[5.270s] -- Installing: /home/ghlins/new_tracker/install/auto_aim_interfaces/include/auto_aim_interfaces/auto_aim_interfaces/msg/detail/target__struct.hpp
[5.270s] -- Installing: /home/ghlins/new_tracker/install/auto_aim_interfaces/include/auto_aim_interfaces/auto_aim_interfaces/msg/detail/debug_armors__traits.hpp
[5.271s] -- Installing: /home/ghlins/new_tracker/install/auto_aim_interfaces/include/auto_aim_interfaces/auto_aim_interfaces/msg/detail/debug_armor__traits.hpp
[5.271s] -- Installing: /home/ghlins/new_tracker/install/auto_aim_interfaces/include/auto_aim_interfaces/auto_aim_interfaces/msg/detail/target__builder.hpp
[5.271s] -- Installing: /home/ghlins/new_tracker/install/auto_aim_interfaces/include/auto_aim_interfaces/auto_aim_interfaces/msg/detail/debug_lights__traits.hpp
[5.271s] -- Installing: /home/ghlins/new_tracker/install/auto_aim_interfaces/include/auto_aim_interfaces/auto_aim_interfaces/msg/detail/armors__struct.hpp
[5.271s] -- Installing: /home/ghlins/new_tracker/install/auto_aim_interfaces/include/auto_aim_interfaces/auto_aim_interfaces/msg/detail/debug_lights__builder.hpp
[5.271s] -- Installing: /home/ghlins/new_tracker/install/auto_aim_interfaces/include/auto_aim_interfaces/auto_aim_interfaces/msg/detail/debug_armor__builder.hpp
[5.271s] -- Installing: /home/ghlins/new_tracker/install/auto_aim_interfaces/include/auto_aim_interfaces/auto_aim_interfaces/msg/target.hpp
[5.271s] -- Up-to-date: /home/ghlins/new_tracker/install/auto_aim_interfaces/include/auto_aim_interfaces/auto_aim_interfaces
[5.271s] -- Up-to-date: /home/ghlins/new_tracker/install/auto_aim_interfaces/include/auto_aim_interfaces/auto_aim_interfaces/msg
[5.271s] -- Installing: /home/ghlins/new_tracker/install/auto_aim_interfaces/include/auto_aim_interfaces/auto_aim_interfaces/msg/rosidl_typesupport_fastrtps_cpp__visibility_control.h
[5.272s] -- Up-to-date: /home/ghlins/new_tracker/install/auto_aim_interfaces/include/auto_aim_interfaces/auto_aim_interfaces/msg/detail
[5.272s] -- Installing: /home/ghlins/new_tracker/install/auto_aim_interfaces/include/auto_aim_interfaces/auto_aim_interfaces/msg/detail/armor__rosidl_typesupport_fastrtps_cpp.hpp
[5.272s] -- Installing: /home/ghlins/new_tracker/install/auto_aim_interfaces/include/auto_aim_interfaces/auto_aim_interfaces/msg/detail/debug_armor__rosidl_typesupport_fastrtps_cpp.hpp
[5.272s] -- Installing: /home/ghlins/new_tracker/install/auto_aim_interfaces/include/auto_aim_interfaces/auto_aim_interfaces/msg/detail/debug_light__rosidl_typesupport_fastrtps_cpp.hpp
[5.272s] -- Installing: /home/ghlins/new_tracker/install/auto_aim_interfaces/include/auto_aim_interfaces/auto_aim_interfaces/msg/detail/target__rosidl_typesupport_fastrtps_cpp.hpp
[5.272s] -- Installing: /home/ghlins/new_tracker/install/auto_aim_interfaces/include/auto_aim_interfaces/auto_aim_interfaces/msg/detail/armors__rosidl_typesupport_fastrtps_cpp.hpp
[5.272s] -- Installing: /home/ghlins/new_tracker/install/auto_aim_interfaces/include/auto_aim_interfaces/auto_aim_interfaces/msg/detail/tracker_info__rosidl_typesupport_fastrtps_cpp.hpp
[5.272s] -- Up-to-date: /home/ghlins/new_tracker/install/auto_aim_interfaces/include/auto_aim_interfaces/auto_aim_interfaces/msg/detail/dds_fastrtps
[5.272s] -- Installing: /home/ghlins/new_tracker/install/auto_aim_interfaces/include/auto_aim_interfaces/auto_aim_interfaces/msg/detail/debug_lights__rosidl_typesupport_fastrtps_cpp.hpp
[5.272s] -- Installing: /home/ghlins/new_tracker/install/auto_aim_interfaces/include/auto_aim_interfaces/auto_aim_interfaces/msg/detail/debug_armors__rosidl_typesupport_fastrtps_cpp.hpp
[5.272s] -- Installing: /home/ghlins/new_tracker/install/auto_aim_interfaces/lib/libauto_aim_interfaces__rosidl_typesupport_fastrtps_cpp.so
[5.272s] -- Set runtime path of "/home/ghlins/new_tracker/install/auto_aim_interfaces/lib/libauto_aim_interfaces__rosidl_typesupport_fastrtps_cpp.so" to ""
[5.272s] -- Up-to-date: /home/ghlins/new_tracker/install/auto_aim_interfaces/include/auto_aim_interfaces/auto_aim_interfaces
[5.272s] -- Up-to-date: /home/ghlins/new_tracker/install/auto_aim_interfaces/include/auto_aim_interfaces/auto_aim_interfaces/msg
[5.272s] -- Up-to-date: /home/ghlins/new_tracker/install/auto_aim_interfaces/include/auto_aim_interfaces/auto_aim_interfaces/msg/detail
[5.273s] -- Installing: /home/ghlins/new_tracker/install/auto_aim_interfaces/include/auto_aim_interfaces/auto_aim_interfaces/msg/detail/armors__rosidl_typesupport_introspection_cpp.hpp
[5.273s] -- Installing: /home/ghlins/new_tracker/install/auto_aim_interfaces/include/auto_aim_interfaces/auto_aim_interfaces/msg/detail/debug_lights__rosidl_typesupport_introspection_cpp.hpp
[5.273s] -- Installing: /home/ghlins/new_tracker/install/auto_aim_interfaces/include/auto_aim_interfaces/auto_aim_interfaces/msg/detail/armors__type_support.cpp
[5.273s] -- Installing: /home/ghlins/new_tracker/install/auto_aim_interfaces/include/auto_aim_interfaces/auto_aim_interfaces/msg/detail/debug_armors__type_support.cpp
[5.273s] -- Installing: /home/ghlins/new_tracker/install/auto_aim_interfaces/include/auto_aim_interfaces/auto_aim_interfaces/msg/detail/armor__type_support.cpp
[5.273s] -- Installing: /home/ghlins/new_tracker/install/auto_aim_interfaces/include/auto_aim_interfaces/auto_aim_interfaces/msg/detail/debug_lights__type_support.cpp
[5.273s] -- Installing: /home/ghlins/new_tracker/install/auto_aim_interfaces/include/auto_aim_interfaces/auto_aim_interfaces/msg/detail/debug_light__type_support.cpp
[5.273s] -- Installing: /home/ghlins/new_tracker/install/auto_aim_interfaces/include/auto_aim_interfaces/auto_aim_interfaces/msg/detail/target__rosidl_typesupport_introspection_cpp.hpp
[5.273s] -- Installing: /home/ghlins/new_tracker/install/auto_aim_interfaces/include/auto_aim_interfaces/auto_aim_interfaces/msg/detail/debug_armor__rosidl_typesupport_introspection_cpp.hpp
[5.273s] -- Installing: /home/ghlins/new_tracker/install/auto_aim_interfaces/include/auto_aim_interfaces/auto_aim_interfaces/msg/detail/tracker_info__rosidl_typesupport_introspection_cpp.hpp
[5.274s] -- Installing: /home/ghlins/new_tracker/install/auto_aim_interfaces/include/auto_aim_interfaces/auto_aim_interfaces/msg/detail/debug_light__rosidl_typesupport_introspection_cpp.hpp
[5.274s] -- Installing: /home/ghlins/new_tracker/install/auto_aim_interfaces/include/auto_aim_interfaces/auto_aim_interfaces/msg/detail/target__type_support.cpp
[5.274s] -- Installing: /home/ghlins/new_tracker/install/auto_aim_interfaces/include/auto_aim_interfaces/auto_aim_interfaces/msg/detail/tracker_info__type_support.cpp
[5.274s] -- Installing: /home/ghlins/new_tracker/install/auto_aim_interfaces/include/auto_aim_interfaces/auto_aim_interfaces/msg/detail/debug_armors__rosidl_typesupport_introspection_cpp.hpp
[5.274s] -- Installing: /home/ghlins/new_tracker/install/auto_aim_interfaces/include/auto_aim_interfaces/auto_aim_interfaces/msg/detail/armor__rosidl_typesupport_introspection_cpp.hpp
[5.274s] -- Installing: /home/ghlins/new_tracker/install/auto_aim_interfaces/include/auto_aim_interfaces/auto_aim_interfaces/msg/detail/debug_armor__type_support.cpp
[5.274s] -- Installing: /home/ghlins/new_tracker/install/auto_aim_interfaces/lib/libauto_aim_interfaces__rosidl_typesupport_introspection_cpp.so
[5.274s] -- Set runtime path of "/home/ghlins/new_tracker/install/auto_aim_interfaces/lib/libauto_aim_interfaces__rosidl_typesupport_introspection_cpp.so" to ""
[5.274s] -- Installing: /home/ghlins/new_tracker/install/auto_aim_interfaces/lib/libauto_aim_interfaces__rosidl_typesupport_cpp.so
[5.275s] -- Set runtime path of "/home/ghlins/new_tracker/install/auto_aim_interfaces/lib/libauto_aim_interfaces__rosidl_typesupport_cpp.so" to ""
[5.275s] -- Installing: /home/ghlins/new_tracker/install/auto_aim_interfaces/share/auto_aim_interfaces/environment/pythonpath.sh
[5.275s] -- Installing: /home/ghlins/new_tracker/install/auto_aim_interfaces/share/auto_aim_interfaces/environment/pythonpath.dsv
[5.275s] -- Up-to-date: /home/ghlins/new_tracker/install/auto_aim_interfaces/local/lib/python3.10/dist-packages/auto_aim_interfaces-0.0.0-py3.10.egg-info
[5.275s] -- Installing: /home/ghlins/new_tracker/install/auto_aim_interfaces/local/lib/python3.10/dist-packages/auto_aim_interfaces-0.0.0-py3.10.egg-info/top_level.txt
[5.275s] -- Installing: /home/ghlins/new_tracker/install/auto_aim_interfaces/local/lib/python3.10/dist-packages/auto_aim_interfaces-0.0.0-py3.10.egg-info/dependency_links.txt
[5.275s] -- Installing: /home/ghlins/new_tracker/install/auto_aim_interfaces/local/lib/python3.10/dist-packages/auto_aim_interfaces-0.0.0-py3.10.egg-info/SOURCES.txt
[5.275s] -- Installing: /home/ghlins/new_tracker/install/auto_aim_interfaces/local/lib/python3.10/dist-packages/auto_aim_interfaces-0.0.0-py3.10.egg-info/PKG-INFO
[5.275s] -- Up-to-date: /home/ghlins/new_tracker/install/auto_aim_interfaces/local/lib/python3.10/dist-packages/auto_aim_interfaces
[5.276s] -- Installing: /home/ghlins/new_tracker/install/auto_aim_interfaces/local/lib/python3.10/dist-packages/auto_aim_interfaces/auto_aim_interfaces_s__rosidl_typesupport_c.cpython-310-x86_64-linux-gnu.so
[5.276s] -- Installing: /home/ghlins/new_tracker/install/auto_aim_interfaces/local/lib/python3.10/dist-packages/auto_aim_interfaces/_auto_aim_interfaces_s.ep.rosidl_typesupport_introspection_c.c
[5.276s] -- Installing: /home/ghlins/new_tracker/install/auto_aim_interfaces/local/lib/python3.10/dist-packages/auto_aim_interfaces/_auto_aim_interfaces_s.ep.rosidl_typesupport_c.c
[5.276s] -- Installing: /home/ghlins/new_tracker/install/auto_aim_interfaces/local/lib/python3.10/dist-packages/auto_aim_interfaces/auto_aim_interfaces_s__rosidl_typesupport_fastrtps_c.cpython-310-x86_64-linux-gnu.so
[5.276s] -- Up-to-date: /home/ghlins/new_tracker/install/auto_aim_interfaces/local/lib/python3.10/dist-packages/auto_aim_interfaces/msg
[5.276s] -- Installing: /home/ghlins/new_tracker/install/auto_aim_interfaces/local/lib/python3.10/dist-packages/auto_aim_interfaces/msg/_target.py
[5.276s] -- Installing: /home/ghlins/new_tracker/install/auto_aim_interfaces/local/lib/python3.10/dist-packages/auto_aim_interfaces/msg/_debug_lights_s.c
[5.276s] -- Installing: /home/ghlins/new_tracker/install/auto_aim_interfaces/local/lib/python3.10/dist-packages/auto_aim_interfaces/msg/_tracker_info_s.c
[5.276s] -- Installing: /home/ghlins/new_tracker/install/auto_aim_interfaces/local/lib/python3.10/dist-packages/auto_aim_interfaces/msg/_debug_armor.py
[5.276s] -- Installing: /home/ghlins/new_tracker/install/auto_aim_interfaces/local/lib/python3.10/dist-packages/auto_aim_interfaces/msg/_debug_light_s.c
[5.277s] -- Installing: /home/ghlins/new_tracker/install/auto_aim_interfaces/local/lib/python3.10/dist-packages/auto_aim_interfaces/msg/_debug_armors_s.c
[5.277s] -- Installing: /home/ghlins/new_tracker/install/auto_aim_interfaces/local/lib/python3.10/dist-packages/auto_aim_interfaces/msg/_debug_armors.py
[5.277s] -- Installing: /home/ghlins/new_tracker/install/auto_aim_interfaces/local/lib/python3.10/dist-packages/auto_aim_interfaces/msg/_armors.py
[5.277s] -- Installing: /home/ghlins/new_tracker/install/auto_aim_interfaces/local/lib/python3.10/dist-packages/auto_aim_interfaces/msg/_armor_s.c
[5.277s] -- Installing: /home/ghlins/new_tracker/install/auto_aim_interfaces/local/lib/python3.10/dist-packages/auto_aim_interfaces/msg/_armor.py
[5.277s] -- Installing: /home/ghlins/new_tracker/install/auto_aim_interfaces/local/lib/python3.10/dist-packages/auto_aim_interfaces/msg/_debug_lights.py
[5.277s] -- Installing: /home/ghlins/new_tracker/install/auto_aim_interfaces/local/lib/python3.10/dist-packages/auto_aim_interfaces/msg/_tracker_info.py
[5.277s] -- Installing: /home/ghlins/new_tracker/install/auto_aim_interfaces/local/lib/python3.10/dist-packages/auto_aim_interfaces/msg/_debug_light.py
[5.277s] -- Installing: /home/ghlins/new_tracker/install/auto_aim_interfaces/local/lib/python3.10/dist-packages/auto_aim_interfaces/msg/_target_s.c
[5.277s] -- Installing: /home/ghlins/new_tracker/install/auto_aim_interfaces/local/lib/python3.10/dist-packages/auto_aim_interfaces/msg/_armors_s.c
[5.277s] -- Installing: /home/ghlins/new_tracker/install/auto_aim_interfaces/local/lib/python3.10/dist-packages/auto_aim_interfaces/msg/__init__.py
[5.278s] -- Installing: /home/ghlins/new_tracker/install/auto_aim_interfaces/local/lib/python3.10/dist-packages/auto_aim_interfaces/msg/_debug_armor_s.c
[5.278s] -- Installing: /home/ghlins/new_tracker/install/auto_aim_interfaces/local/lib/python3.10/dist-packages/auto_aim_interfaces/_auto_aim_interfaces_s.ep.rosidl_typesupport_fastrtps_c.c
[5.278s] -- Installing: /home/ghlins/new_tracker/install/auto_aim_interfaces/local/lib/python3.10/dist-packages/auto_aim_interfaces/libauto_aim_interfaces__rosidl_generator_py.so
[5.278s] -- Installing: /home/ghlins/new_tracker/install/auto_aim_interfaces/local/lib/python3.10/dist-packages/auto_aim_interfaces/__init__.py
[5.278s] -- Installing: /home/ghlins/new_tracker/install/auto_aim_interfaces/local/lib/python3.10/dist-packages/auto_aim_interfaces/auto_aim_interfaces_s__rosidl_typesupport_introspection_c.cpython-310-x86_64-linux-gnu.so
[5.305s] Listing '/home/ghlins/new_tracker/install/auto_aim_interfaces/local/lib/python3.10/dist-packages/auto_aim_interfaces'...
[5.305s] Compiling '/home/ghlins/new_tracker/install/auto_aim_interfaces/local/lib/python3.10/dist-packages/auto_aim_interfaces/__init__.py'...
[5.305s] Listing '/home/ghlins/new_tracker/install/auto_aim_interfaces/local/lib/python3.10/dist-packages/auto_aim_interfaces/msg'...
[5.305s] Compiling '/home/ghlins/new_tracker/install/auto_aim_interfaces/local/lib/python3.10/dist-packages/auto_aim_interfaces/msg/__init__.py'...
[5.305s] Compiling '/home/ghlins/new_tracker/install/auto_aim_interfaces/local/lib/python3.10/dist-packages/auto_aim_interfaces/msg/_armor.py'...
[5.305s] Compiling '/home/ghlins/new_tracker/install/auto_aim_interfaces/local/lib/python3.10/dist-packages/auto_aim_interfaces/msg/_armors.py'...
[5.305s] Compiling '/home/ghlins/new_tracker/install/auto_aim_interfaces/local/lib/python3.10/dist-packages/auto_aim_interfaces/msg/_debug_armor.py'...
[5.306s] Compiling '/home/ghlins/new_tracker/install/auto_aim_interfaces/local/lib/python3.10/dist-packages/auto_aim_interfaces/msg/_debug_armors.py'...
[5.306s] Compiling '/home/ghlins/new_tracker/install/auto_aim_interfaces/local/lib/python3.10/dist-packages/auto_aim_interfaces/msg/_debug_light.py'...
[5.306s] Compiling '/home/ghlins/new_tracker/install/auto_aim_interfaces/local/lib/python3.10/dist-packages/auto_aim_interfaces/msg/_debug_lights.py'...
[5.306s] Compiling '/home/ghlins/new_tracker/install/auto_aim_interfaces/local/lib/python3.10/dist-packages/auto_aim_interfaces/msg/_target.py'...
[5.306s] Compiling '/home/ghlins/new_tracker/install/auto_aim_interfaces/local/lib/python3.10/dist-packages/auto_aim_interfaces/msg/_tracker_info.py'...
[5.309s] -- Installing: /home/ghlins/new_tracker/install/auto_aim_interfaces/local/lib/python3.10/dist-packages/auto_aim_interfaces/auto_aim_interfaces_s__rosidl_typesupport_fastrtps_c.cpython-310-x86_64-linux-gnu.so
[5.309s] -- Set runtime path of "/home/ghlins/new_tracker/install/auto_aim_interfaces/local/lib/python3.10/dist-packages/auto_aim_interfaces/auto_aim_interfaces_s__rosidl_typesupport_fastrtps_c.cpython-310-x86_64-linux-gnu.so" to ""
[5.309s] -- Installing: /home/ghlins/new_tracker/install/auto_aim_interfaces/local/lib/python3.10/dist-packages/auto_aim_interfaces/auto_aim_interfaces_s__rosidl_typesupport_introspection_c.cpython-310-x86_64-linux-gnu.so
[5.309s] -- Set runtime path of "/home/ghlins/new_tracker/install/auto_aim_interfaces/local/lib/python3.10/dist-packages/auto_aim_interfaces/auto_aim_interfaces_s__rosidl_typesupport_introspection_c.cpython-310-x86_64-linux-gnu.so" to ""
[5.310s] -- Installing: /home/ghlins/new_tracker/install/auto_aim_interfaces/local/lib/python3.10/dist-packages/auto_aim_interfaces/auto_aim_interfaces_s__rosidl_typesupport_c.cpython-310-x86_64-linux-gnu.so
[5.310s] -- Set runtime path of "/home/ghlins/new_tracker/install/auto_aim_interfaces/local/lib/python3.10/dist-packages/auto_aim_interfaces/auto_aim_interfaces_s__rosidl_typesupport_c.cpython-310-x86_64-linux-gnu.so" to ""
[5.310s] -- Installing: /home/ghlins/new_tracker/install/auto_aim_interfaces/lib/libauto_aim_interfaces__rosidl_generator_py.so
[5.310s] -- Set runtime path of "/home/ghlins/new_tracker/install/auto_aim_interfaces/lib/libauto_aim_interfaces__rosidl_generator_py.so" to ""
[5.310s] -- Installing: /home/ghlins/new_tracker/install/auto_aim_interfaces/share/auto_aim_interfaces/msg/Armor.idl
[5.310s] -- Installing: /home/ghlins/new_tracker/install/auto_aim_interfaces/share/auto_aim_interfaces/msg/Armors.idl
[5.310s] -- Installing: /home/ghlins/new_tracker/install/auto_aim_interfaces/share/auto_aim_interfaces/msg/Target.idl
[5.310s] -- Installing: /home/ghlins/new_tracker/install/auto_aim_interfaces/share/auto_aim_interfaces/msg/DebugLight.idl
[5.311s] -- Installing: /home/ghlins/new_tracker/install/auto_aim_interfaces/share/auto_aim_interfaces/msg/DebugLights.idl
[5.311s] -- Installing: /home/ghlins/new_tracker/install/auto_aim_interfaces/share/auto_aim_interfaces/msg/DebugArmor.idl
[5.311s] -- Installing: /home/ghlins/new_tracker/install/auto_aim_interfaces/share/auto_aim_interfaces/msg/DebugArmors.idl
[5.311s] -- Installing: /home/ghlins/new_tracker/install/auto_aim_interfaces/share/auto_aim_interfaces/msg/TrackerInfo.idl
[5.311s] -- Up-to-date: /home/ghlins/new_tracker/install/auto_aim_interfaces/share/auto_aim_interfaces/msg/Armor.msg
[5.311s] -- Up-to-date: /home/ghlins/new_tracker/install/auto_aim_interfaces/share/auto_aim_interfaces/msg/Armors.msg
[5.311s] -- Up-to-date: /home/ghlins/new_tracker/install/auto_aim_interfaces/share/auto_aim_interfaces/msg/Target.msg
[5.311s] -- Up-to-date: /home/ghlins/new_tracker/install/auto_aim_interfaces/share/auto_aim_interfaces/msg/DebugLight.msg
[5.311s] -- Up-to-date: /home/ghlins/new_tracker/install/auto_aim_interfaces/share/auto_aim_interfaces/msg/DebugLights.msg
[5.311s] -- Up-to-date: /home/ghlins/new_tracker/install/auto_aim_interfaces/share/auto_aim_interfaces/msg/DebugArmor.msg
[5.311s] -- Up-to-date: /home/ghlins/new_tracker/install/auto_aim_interfaces/share/auto_aim_interfaces/msg/DebugArmors.msg
[5.312s] -- Up-to-date: /home/ghlins/new_tracker/install/auto_aim_interfaces/share/auto_aim_interfaces/msg/TrackerInfo.msg
[5.312s] -- Installing: /home/ghlins/new_tracker/install/auto_aim_interfaces/share/ament_index/resource_index/package_run_dependencies/auto_aim_interfaces
[5.312s] -- Installing: /home/ghlins/new_tracker/install/auto_aim_interfaces/share/ament_index/resource_index/parent_prefix_path/auto_aim_interfaces
[5.312s] -- Up-to-date: /home/ghlins/new_tracker/install/auto_aim_interfaces/share/auto_aim_interfaces/environment/ament_prefix_path.sh
[5.312s] -- Installing: /home/ghlins/new_tracker/install/auto_aim_interfaces/share/auto_aim_interfaces/environment/ament_prefix_path.dsv
[5.312s] -- Up-to-date: /home/ghlins/new_tracker/install/auto_aim_interfaces/share/auto_aim_interfaces/environment/path.sh
[5.312s] -- Installing: /home/ghlins/new_tracker/install/auto_aim_interfaces/share/auto_aim_interfaces/environment/path.dsv
[5.312s] -- Installing: /home/ghlins/new_tracker/install/auto_aim_interfaces/share/auto_aim_interfaces/local_setup.bash
[5.312s] -- Installing: /home/ghlins/new_tracker/install/auto_aim_interfaces/share/auto_aim_interfaces/local_setup.sh
[5.312s] -- Installing: /home/ghlins/new_tracker/install/auto_aim_interfaces/share/auto_aim_interfaces/local_setup.zsh
[5.312s] -- Installing: /home/ghlins/new_tracker/install/auto_aim_interfaces/share/auto_aim_interfaces/local_setup.dsv
[5.312s] -- Installing: /home/ghlins/new_tracker/install/auto_aim_interfaces/share/auto_aim_interfaces/package.dsv
[5.313s] -- Installing: /home/ghlins/new_tracker/install/auto_aim_interfaces/share/ament_index/resource_index/packages/auto_aim_interfaces
[5.313s] -- Installing: /home/ghlins/new_tracker/install/auto_aim_interfaces/share/auto_aim_interfaces/cmake/export_auto_aim_interfaces__rosidl_generator_cExport.cmake
[5.313s] -- Installing: /home/ghlins/new_tracker/install/auto_aim_interfaces/share/auto_aim_interfaces/cmake/export_auto_aim_interfaces__rosidl_generator_cExport-noconfig.cmake
[5.313s] -- Installing: /home/ghlins/new_tracker/install/auto_aim_interfaces/share/auto_aim_interfaces/cmake/export_auto_aim_interfaces__rosidl_typesupport_fastrtps_cExport.cmake
[5.313s] -- Installing: /home/ghlins/new_tracker/install/auto_aim_interfaces/share/auto_aim_interfaces/cmake/export_auto_aim_interfaces__rosidl_typesupport_fastrtps_cExport-noconfig.cmake
[5.313s] -- Installing: /home/ghlins/new_tracker/install/auto_aim_interfaces/share/auto_aim_interfaces/cmake/auto_aim_interfaces__rosidl_typesupport_introspection_cExport.cmake
[5.313s] -- Installing: /home/ghlins/new_tracker/install/auto_aim_interfaces/share/auto_aim_interfaces/cmake/auto_aim_interfaces__rosidl_typesupport_introspection_cExport-noconfig.cmake
[5.313s] -- Installing: /home/ghlins/new_tracker/install/auto_aim_interfaces/share/auto_aim_interfaces/cmake/auto_aim_interfaces__rosidl_typesupport_cExport.cmake
[5.313s] -- Installing: /home/ghlins/new_tracker/install/auto_aim_interfaces/share/auto_aim_interfaces/cmake/auto_aim_interfaces__rosidl_typesupport_cExport-noconfig.cmake
[5.313s] -- Installing: /home/ghlins/new_tracker/install/auto_aim_interfaces/share/auto_aim_interfaces/cmake/export_auto_aim_interfaces__rosidl_generator_cppExport.cmake
[5.314s] -- Installing: /home/ghlins/new_tracker/install/auto_aim_interfaces/share/auto_aim_interfaces/cmake/export_auto_aim_interfaces__rosidl_typesupport_fastrtps_cppExport.cmake
[5.314s] -- Installing: /home/ghlins/new_tracker/install/auto_aim_interfaces/share/auto_aim_interfaces/cmake/export_auto_aim_interfaces__rosidl_typesupport_fastrtps_cppExport-noconfig.cmake
[5.314s] -- Installing: /home/ghlins/new_tracker/install/auto_aim_interfaces/share/auto_aim_interfaces/cmake/auto_aim_interfaces__rosidl_typesupport_introspection_cppExport.cmake
[5.314s] -- Installing: /home/ghlins/new_tracker/install/auto_aim_interfaces/share/auto_aim_interfaces/cmake/auto_aim_interfaces__rosidl_typesupport_introspection_cppExport-noconfig.cmake
[5.314s] -- Installing: /home/ghlins/new_tracker/install/auto_aim_interfaces/share/auto_aim_interfaces/cmake/auto_aim_interfaces__rosidl_typesupport_cppExport.cmake
[5.314s] -- Installing: /home/ghlins/new_tracker/install/auto_aim_interfaces/share/auto_aim_interfaces/cmake/auto_aim_interfaces__rosidl_typesupport_cppExport-noconfig.cmake
[5.314s] -- Installing: /home/ghlins/new_tracker/install/auto_aim_interfaces/share/auto_aim_interfaces/cmake/export_auto_aim_interfaces__rosidl_generator_pyExport.cmake
[5.314s] -- Installing: /home/ghlins/new_tracker/install/auto_aim_interfaces/share/auto_aim_interfaces/cmake/export_auto_aim_interfaces__rosidl_generator_pyExport-noconfig.cmake
[5.314s] -- Installing: /home/ghlins/new_tracker/install/auto_aim_interfaces/share/auto_aim_interfaces/cmake/rosidl_cmake-extras.cmake
[5.314s] -- Installing: /home/ghlins/new_tracker/install/auto_aim_interfaces/share/auto_aim_interfaces/cmake/ament_cmake_export_dependencies-extras.cmake
[5.314s] -- Installing: /home/ghlins/new_tracker/install/auto_aim_interfaces/share/auto_aim_interfaces/cmake/ament_cmake_export_include_directories-extras.cmake
[5.314s] -- Installing: /home/ghlins/new_tracker/install/auto_aim_interfaces/share/auto_aim_interfaces/cmake/ament_cmake_export_libraries-extras.cmake
[5.315s] -- Installing: /home/ghlins/new_tracker/install/auto_aim_interfaces/share/auto_aim_interfaces/cmake/ament_cmake_export_targets-extras.cmake
[5.315s] -- Installing: /home/ghlins/new_tracker/install/auto_aim_interfaces/share/auto_aim_interfaces/cmake/rosidl_cmake_export_typesupport_targets-extras.cmake
[5.315s] -- Installing: /home/ghlins/new_tracker/install/auto_aim_interfaces/share/auto_aim_interfaces/cmake/rosidl_cmake_export_typesupport_libraries-extras.cmake
[5.315s] -- Installing: /home/ghlins/new_tracker/install/auto_aim_interfaces/share/auto_aim_interfaces/cmake/auto_aim_interfacesConfig.cmake
[5.315s] -- Installing: /home/ghlins/new_tracker/install/auto_aim_interfaces/share/auto_aim_interfaces/cmake/auto_aim_interfacesConfig-version.cmake
[5.315s] -- Up-to-date: /home/ghlins/new_tracker/install/auto_aim_interfaces/share/auto_aim_interfaces/package.xml
[5.316s] Invoked command in '/home/ghlins/new_tracker/build/auto_aim_interfaces' returned '0': CMAKE_PREFIX_PATH=/opt/ros/humble /usr/bin/cmake --install /home/ghlins/new_tracker/build/auto_aim_interfaces
