[0.062s] Invoking command in '/home/ghlins/new_tracker/build/bringup': CMAKE_PREFIX_PATH=/home/ghlins/new_tracker/install/my_ros2_opencv_pkg:/home/ghlins/new_tracker/install/new_armor_tracker:/home/ghlins/new_tracker/install/bringup:/home/ghlins/new_tracker/install/armor_detector:/home/ghlins/new_tracker/install/auto_aim_interfaces:/opt/ros/humble /usr/bin/cmake /home/ghlins/new_tracker/src/bringup -DCMAKE_INSTALL_PREFIX=/home/ghlins/new_tracker/install/bringup
[0.192s] -- The C compiler identification is GNU 11.4.0
[0.739s] -- The CXX compiler identification is GNU 11.4.0
[1.078s] -- Detecting C compiler ABI info
[1.222s] -- Detecting C compiler ABI info - done
[1.227s] -- Check for working C compiler: /usr/bin/cc - skipped
[1.228s] -- Detecting C compile features
[1.228s] -- Detecting C compile features - done
[1.231s] -- Detecting CXX compiler ABI info
[1.427s] -- Detecting CXX compiler ABI info - done
[1.439s] -- Check for working CXX compiler: /usr/bin/c++ - skipped
[1.440s] -- Detecting CXX compile features
[1.440s] -- Detecting CXX compile features - done
[1.442s] -- Found ament_cmake_auto: 1.3.5 (/opt/ros/humble/share/ament_cmake_auto/cmake)
[1.594s] -- Found Python3: /usr/bin/python3.10 (found version "3.10.12") found components: Interpreter 
[1.678s] -- Found ament_lint_auto: 0.12.6 (/opt/ros/humble/share/ament_lint_auto/cmake)
[1.737s] -- Configuring done
[1.740s] -- Generating done
[1.740s] -- Build files have been written to: /home/ghlins/new_tracker/build/bringup
[1.745s] Invoked command in '/home/ghlins/new_tracker/build/bringup' returned '0': CMAKE_PREFIX_PATH=/home/ghlins/new_tracker/install/my_ros2_opencv_pkg:/home/ghlins/new_tracker/install/new_armor_tracker:/home/ghlins/new_tracker/install/bringup:/home/ghlins/new_tracker/install/armor_detector:/home/ghlins/new_tracker/install/auto_aim_interfaces:/opt/ros/humble /usr/bin/cmake /home/ghlins/new_tracker/src/bringup -DCMAKE_INSTALL_PREFIX=/home/ghlins/new_tracker/install/bringup
[1.747s] Invoking command in '/home/ghlins/new_tracker/build/bringup': CMAKE_PREFIX_PATH=/home/ghlins/new_tracker/install/my_ros2_opencv_pkg:/home/ghlins/new_tracker/install/new_armor_tracker:/home/ghlins/new_tracker/install/bringup:/home/ghlins/new_tracker/install/armor_detector:/home/ghlins/new_tracker/install/auto_aim_interfaces:/opt/ros/humble /usr/bin/cmake --build /home/ghlins/new_tracker/build/bringup -- -j20 -l20
[1.778s] Invoked command in '/home/ghlins/new_tracker/build/bringup' returned '0': CMAKE_PREFIX_PATH=/home/ghlins/new_tracker/install/my_ros2_opencv_pkg:/home/ghlins/new_tracker/install/new_armor_tracker:/home/ghlins/new_tracker/install/bringup:/home/ghlins/new_tracker/install/armor_detector:/home/ghlins/new_tracker/install/auto_aim_interfaces:/opt/ros/humble /usr/bin/cmake --build /home/ghlins/new_tracker/build/bringup -- -j20 -l20
[1.797s] Invoking command in '/home/ghlins/new_tracker/build/bringup': CMAKE_PREFIX_PATH=/home/ghlins/new_tracker/install/my_ros2_opencv_pkg:/home/ghlins/new_tracker/install/new_armor_tracker:/home/ghlins/new_tracker/install/bringup:/home/ghlins/new_tracker/install/armor_detector:/home/ghlins/new_tracker/install/auto_aim_interfaces:/opt/ros/humble /usr/bin/cmake --install /home/ghlins/new_tracker/build/bringup
[1.802s] -- Install configuration: ""
[1.802s] -- Up-to-date: /home/ghlins/new_tracker/install/bringup/share/bringup/launch
[1.803s] -- Up-to-date: /home/ghlins/new_tracker/install/bringup/share/bringup/launch/Three.launch.py
[1.803s] -- Installing: /home/ghlins/new_tracker/install/bringup/share/ament_index/resource_index/package_run_dependencies/bringup
[1.803s] -- Installing: /home/ghlins/new_tracker/install/bringup/share/ament_index/resource_index/parent_prefix_path/bringup
[1.803s] -- Up-to-date: /home/ghlins/new_tracker/install/bringup/share/bringup/environment/ament_prefix_path.sh
[1.803s] -- Installing: /home/ghlins/new_tracker/install/bringup/share/bringup/environment/ament_prefix_path.dsv
[1.804s] -- Up-to-date: /home/ghlins/new_tracker/install/bringup/share/bringup/environment/path.sh
[1.804s] -- Installing: /home/ghlins/new_tracker/install/bringup/share/bringup/environment/path.dsv
[1.804s] -- Installing: /home/ghlins/new_tracker/install/bringup/share/bringup/local_setup.bash
[1.804s] -- Installing: /home/ghlins/new_tracker/install/bringup/share/bringup/local_setup.sh
[1.804s] -- Installing: /home/ghlins/new_tracker/install/bringup/share/bringup/local_setup.zsh
[1.805s] -- Installing: /home/ghlins/new_tracker/install/bringup/share/bringup/local_setup.dsv
[1.805s] -- Installing: /home/ghlins/new_tracker/install/bringup/share/bringup/package.dsv
[1.805s] -- Installing: /home/ghlins/new_tracker/install/bringup/share/ament_index/resource_index/packages/bringup
[1.805s] -- Installing: /home/ghlins/new_tracker/install/bringup/share/bringup/cmake/bringupConfig.cmake
[1.805s] -- Installing: /home/ghlins/new_tracker/install/bringup/share/bringup/cmake/bringupConfig-version.cmake
[1.805s] -- Up-to-date: /home/ghlins/new_tracker/install/bringup/share/bringup/package.xml
[1.806s] Invoked command in '/home/ghlins/new_tracker/build/bringup' returned '0': CMAKE_PREFIX_PATH=/home/ghlins/new_tracker/install/my_ros2_opencv_pkg:/home/ghlins/new_tracker/install/new_armor_tracker:/home/ghlins/new_tracker/install/bringup:/home/ghlins/new_tracker/install/armor_detector:/home/ghlins/new_tracker/install/auto_aim_interfaces:/opt/ros/humble /usr/bin/cmake --install /home/ghlins/new_tracker/build/bringup
