[0.082s] Invoking command in '/home/ghlins/new_tracker/build/armor_detector': CMAKE_PREFIX_PATH=/home/ghlins/new_tracker/install/auto_aim_interfaces:/home/ghlins/new_tracker/install/new_armor_tracker:/home/ghlins/new_tracker/install/my_ros2_opencv_pkg:/home/ghlins/new_tracker/install/armor_detector:/opt/ros/humble LD_LIBRARY_PATH=/home/ghlins/new_tracker/install/auto_aim_interfaces/lib:/home/ghlins/new_tracker/install/new_armor_tracker/lib:/home/ghlins/new_tracker/install/armor_detector/lib:/usr/lib/x86_64-linux-gnu/gazebo-11/plugins:/opt/ros/humble/opt/rviz_ogre_vendor/lib:/opt/ros/humble/lib/x86_64-linux-gnu:/opt/ros/humble/lib /usr/bin/cmake /home/ghlins/new_tracker/src/rm_auto_aim/armor_detector -DCMAKE_INSTALL_PREFIX=/home/ghlins/new_tracker/install/armor_detector
[0.211s] -- The C compiler identification is GNU 11.4.0
[0.638s] -- The CXX compiler identification is GNU 11.4.0
[1.000s] -- Detecting C compiler ABI info
[1.135s] -- Detecting C compiler ABI info - done
[1.143s] -- Check for working C compiler: /usr/bin/cc - skipped
[1.143s] -- Detecting C compile features
[1.144s] -- Detecting C compile features - done
[1.146s] -- Detecting CXX compiler ABI info
[1.312s] -- Detecting CXX compiler ABI info - done
[1.318s] -- Check for working CXX compiler: /usr/bin/c++ - skipped
[1.318s] -- Detecting CXX compile features
[1.318s] -- Detecting CXX compile features - done
[1.320s] -- Found ament_cmake_auto: 1.3.5 (/opt/ros/humble/share/ament_cmake_auto/cmake)
[1.496s] -- Found Python3: /usr/bin/python3.10 (found version "3.10.12") found components: Interpreter 
[1.589s] -- Found OpenCV: /usr (found version "4.5.4") 
[1.869s] -- Found rosidl_generator_c: 3.1.4 (/opt/ros/humble/share/rosidl_generator_c/cmake)
[1.874s] -- Found rosidl_adapter: 3.1.4 (/opt/ros/humble/share/rosidl_adapter/cmake)
[1.882s] -- Found rosidl_generator_cpp: 3.1.4 (/opt/ros/humble/share/rosidl_generator_cpp/cmake)
[1.896s] -- Using all available rosidl_typesupport_c: rosidl_typesupport_fastrtps_c;rosidl_typesupport_introspection_c
[1.918s] -- Using all available rosidl_typesupport_cpp: rosidl_typesupport_fastrtps_cpp;rosidl_typesupport_introspection_cpp
[2.009s] -- Found rmw_implementation_cmake: 6.1.1 (/opt/ros/humble/share/rmw_implementation_cmake/cmake)
[2.014s] -- Found rmw_fastrtps_cpp: 6.2.2 (/opt/ros/humble/share/rmw_fastrtps_cpp/cmake)
[2.807s] -- Found OpenSSL: /usr/lib/x86_64-linux-gnu/libcrypto.so (found version "3.0.2")  
[3.387s] -- Found FastRTPS: /opt/ros/humble/include  
[4.368s] -- Using RMW implementation 'rmw_fastrtps_cpp' as default
[4.375s] -- Looking for pthread.h
[4.477s] -- Looking for pthread.h - found
[4.477s] -- Performing Test CMAKE_HAVE_LIBC_PTHREAD
[4.587s] -- Performing Test CMAKE_HAVE_LIBC_PTHREAD - Success
[4.588s] -- Found Threads: TRUE  
[6.428s] -- Found eigen3_cmake_module: 0.1.1 (/opt/ros/humble/share/eigen3_cmake_module/cmake)
[6.429s] -- Found Eigen3: TRUE (found version "3.4.0") 
[6.429s] -- Ensuring Eigen3 include directory is part of orocos-kdl CMake target
[6.670s] -- Found ament_lint_auto: 0.12.6 (/opt/ros/humble/share/ament_lint_auto/cmake)
[6.687s] -- Found ament_cmake_gtest: 1.3.5 (/opt/ros/humble/share/ament_cmake_gtest/cmake)
[6.689s] -- Found gtest sources under '/opt/ros/humble/src/gtest_vendor': C++ tests using 'Google Test' will be built
[6.699s] -- Added test 'cppcheck' to perform static code analysis on C / C++ code
[6.699s] -- Configured cppcheck include dirs: /home/ghlins/new_tracker/src/rm_auto_aim/armor_detector/include
[6.699s] -- Configured cppcheck exclude dirs and/or files: 
[6.700s] -- Added test 'lint_cmake' to check CMake code style
[6.700s] -- Added test 'xmllint' to check XML markup files
[6.702s] -- Added test 'clang_format' to check C / C++ code style
[6.704s] -- Configuring done
[6.738s] -- Generating done
[6.740s] -- Build files have been written to: /home/ghlins/new_tracker/build/armor_detector
[6.751s] Invoked command in '/home/ghlins/new_tracker/build/armor_detector' returned '0': CMAKE_PREFIX_PATH=/home/ghlins/new_tracker/install/auto_aim_interfaces:/home/ghlins/new_tracker/install/new_armor_tracker:/home/ghlins/new_tracker/install/my_ros2_opencv_pkg:/home/ghlins/new_tracker/install/armor_detector:/opt/ros/humble LD_LIBRARY_PATH=/home/ghlins/new_tracker/install/auto_aim_interfaces/lib:/home/ghlins/new_tracker/install/new_armor_tracker/lib:/home/ghlins/new_tracker/install/armor_detector/lib:/usr/lib/x86_64-linux-gnu/gazebo-11/plugins:/opt/ros/humble/opt/rviz_ogre_vendor/lib:/opt/ros/humble/lib/x86_64-linux-gnu:/opt/ros/humble/lib /usr/bin/cmake /home/ghlins/new_tracker/src/rm_auto_aim/armor_detector -DCMAKE_INSTALL_PREFIX=/home/ghlins/new_tracker/install/armor_detector
[6.753s] Invoking command in '/home/ghlins/new_tracker/build/armor_detector': CMAKE_PREFIX_PATH=/home/ghlins/new_tracker/install/auto_aim_interfaces:/home/ghlins/new_tracker/install/new_armor_tracker:/home/ghlins/new_tracker/install/my_ros2_opencv_pkg:/home/ghlins/new_tracker/install/armor_detector:/opt/ros/humble LD_LIBRARY_PATH=/home/ghlins/new_tracker/install/auto_aim_interfaces/lib:/home/ghlins/new_tracker/install/new_armor_tracker/lib:/home/ghlins/new_tracker/install/armor_detector/lib:/usr/lib/x86_64-linux-gnu/gazebo-11/plugins:/opt/ros/humble/opt/rviz_ogre_vendor/lib:/opt/ros/humble/lib/x86_64-linux-gnu:/opt/ros/humble/lib /usr/bin/cmake --build /home/ghlins/new_tracker/build/armor_detector -- -j20 -l20
[6.795s] [ 26%] [32mBuilding CXX object CMakeFiles/armor_detector.dir/src/detector.cpp.o[0m
[6.795s] [ 26%] [32mBuilding CXX object gtest/CMakeFiles/gtest.dir/src/gtest-all.cc.o[0m
[6.796s] [ 26%] [32mBuilding CXX object gtest/CMakeFiles/gtest_main.dir/src/gtest_main.cc.o[0m
[6.796s] [ 26%] [32mBuilding CXX object CMakeFiles/armor_detector.dir/src/detector_node.cpp.o[0m
[6.796s] [ 33%] [32mBuilding CXX object CMakeFiles/armor_detector_node.dir/rclcpp_components/node_main_armor_detector_node.cpp.o[0m
[6.796s] [ 40%] [32mBuilding CXX object CMakeFiles/armor_detector.dir/src/number_classifier.cpp.o[0m
[6.796s] [ 46%] [32mBuilding CXX object CMakeFiles/armor_detector.dir/src/pnp_solver.cpp.o[0m
[7.482s] [ 53%] [32m[1mLinking CXX static library libgtest_main.a[0m
[7.516s] [ 53%] Built target gtest_main
[10.051s] [ 60%] [32m[1mLinking CXX static library libgtest.a[0m
[10.114s] [ 60%] Built target gtest
[10.127s] [ 66%] [32m[1mLinking CXX executable armor_detector_node[0m
[10.314s] [ 66%] Built target armor_detector_node
[22.760s] [ 73%] [32m[1mLinking CXX shared library libarmor_detector.so[0m
[23.559s] [ 73%] Built target armor_detector
[23.571s] [ 86%] [32mBuilding CXX object CMakeFiles/test_node_startup.dir/test/test_node_startup.cpp.o[0m
[23.572s] [ 86%] [32mBuilding CXX object CMakeFiles/test_number_cls.dir/test/test_number_cls.cpp.o[0m
[25.277s] [ 93%] [32m[1mLinking CXX executable test_number_cls[0m
[25.917s] [ 93%] Built target test_number_cls
[28.080s] [100%] [32m[1mLinking CXX executable test_node_startup[0m
[28.716s] [100%] Built target test_node_startup
[28.722s] Invoked command in '/home/ghlins/new_tracker/build/armor_detector' returned '0': CMAKE_PREFIX_PATH=/home/ghlins/new_tracker/install/auto_aim_interfaces:/home/ghlins/new_tracker/install/new_armor_tracker:/home/ghlins/new_tracker/install/my_ros2_opencv_pkg:/home/ghlins/new_tracker/install/armor_detector:/opt/ros/humble LD_LIBRARY_PATH=/home/ghlins/new_tracker/install/auto_aim_interfaces/lib:/home/ghlins/new_tracker/install/new_armor_tracker/lib:/home/ghlins/new_tracker/install/armor_detector/lib:/usr/lib/x86_64-linux-gnu/gazebo-11/plugins:/opt/ros/humble/opt/rviz_ogre_vendor/lib:/opt/ros/humble/lib/x86_64-linux-gnu:/opt/ros/humble/lib /usr/bin/cmake --build /home/ghlins/new_tracker/build/armor_detector -- -j20 -l20
[28.748s] Invoking command in '/home/ghlins/new_tracker/build/armor_detector': CMAKE_PREFIX_PATH=/home/ghlins/new_tracker/install/auto_aim_interfaces:/home/ghlins/new_tracker/install/new_armor_tracker:/home/ghlins/new_tracker/install/my_ros2_opencv_pkg:/home/ghlins/new_tracker/install/armor_detector:/opt/ros/humble LD_LIBRARY_PATH=/home/ghlins/new_tracker/install/auto_aim_interfaces/lib:/home/ghlins/new_tracker/install/new_armor_tracker/lib:/home/ghlins/new_tracker/install/armor_detector/lib:/usr/lib/x86_64-linux-gnu/gazebo-11/plugins:/opt/ros/humble/opt/rviz_ogre_vendor/lib:/opt/ros/humble/lib/x86_64-linux-gnu:/opt/ros/humble/lib /usr/bin/cmake --install /home/ghlins/new_tracker/build/armor_detector
[28.752s] -- Install configuration: ""
[28.752s] -- Installing: /home/ghlins/new_tracker/install/armor_detector/lib/armor_detector/armor_detector_node
[28.752s] -- Set runtime path of "/home/ghlins/new_tracker/install/armor_detector/lib/armor_detector/armor_detector_node" to ""
[28.752s] -- Up-to-date: /home/ghlins/new_tracker/install/armor_detector/include
[28.753s] -- Up-to-date: /home/ghlins/new_tracker/install/armor_detector/include/armor_detector
[28.753s] -- Up-to-date: /home/ghlins/new_tracker/install/armor_detector/include/armor_detector/detector_node.hpp
[28.753s] -- Up-to-date: /home/ghlins/new_tracker/install/armor_detector/include/armor_detector/pnp_solver.hpp
[28.753s] -- Up-to-date: /home/ghlins/new_tracker/install/armor_detector/include/armor_detector/number_classifier.hpp
[28.753s] -- Up-to-date: /home/ghlins/new_tracker/install/armor_detector/include/armor_detector/detector.hpp
[28.753s] -- Up-to-date: /home/ghlins/new_tracker/install/armor_detector/include/armor_detector/armor.hpp
[28.753s] -- Up-to-date: /home/ghlins/new_tracker/install/armor_detector/share/armor_detector/environment/library_path.sh
[28.753s] -- Installing: /home/ghlins/new_tracker/install/armor_detector/share/armor_detector/environment/library_path.dsv
[28.753s] -- Installing: /home/ghlins/new_tracker/install/armor_detector/lib/libarmor_detector.so
[28.765s] -- Set runtime path of "/home/ghlins/new_tracker/install/armor_detector/lib/libarmor_detector.so" to ""
[28.765s] -- Up-to-date: /home/ghlins/new_tracker/install/armor_detector/share/armor_detector/model
[28.765s] -- Up-to-date: /home/ghlins/new_tracker/install/armor_detector/share/armor_detector/model/label.txt
[28.765s] -- Up-to-date: /home/ghlins/new_tracker/install/armor_detector/share/armor_detector/model/mlp.onnx
[28.765s] -- Installing: /home/ghlins/new_tracker/install/armor_detector/share/ament_index/resource_index/package_run_dependencies/armor_detector
[28.765s] -- Installing: /home/ghlins/new_tracker/install/armor_detector/share/ament_index/resource_index/parent_prefix_path/armor_detector
[28.765s] -- Up-to-date: /home/ghlins/new_tracker/install/armor_detector/share/armor_detector/environment/ament_prefix_path.sh
[28.765s] -- Installing: /home/ghlins/new_tracker/install/armor_detector/share/armor_detector/environment/ament_prefix_path.dsv
[28.765s] -- Up-to-date: /home/ghlins/new_tracker/install/armor_detector/share/armor_detector/environment/path.sh
[28.765s] -- Installing: /home/ghlins/new_tracker/install/armor_detector/share/armor_detector/environment/path.dsv
[28.766s] -- Installing: /home/ghlins/new_tracker/install/armor_detector/share/armor_detector/local_setup.bash
[28.766s] -- Installing: /home/ghlins/new_tracker/install/armor_detector/share/armor_detector/local_setup.sh
[28.766s] -- Installing: /home/ghlins/new_tracker/install/armor_detector/share/armor_detector/local_setup.zsh
[28.766s] -- Installing: /home/ghlins/new_tracker/install/armor_detector/share/armor_detector/local_setup.dsv
[28.766s] -- Installing: /home/ghlins/new_tracker/install/armor_detector/share/armor_detector/package.dsv
[28.766s] -- Installing: /home/ghlins/new_tracker/install/armor_detector/share/ament_index/resource_index/packages/armor_detector
[28.766s] -- Installing: /home/ghlins/new_tracker/install/armor_detector/share/ament_index/resource_index/rclcpp_components/armor_detector
[28.766s] -- Installing: /home/ghlins/new_tracker/install/armor_detector/share/armor_detector/cmake/ament_cmake_export_dependencies-extras.cmake
[28.766s] -- Installing: /home/ghlins/new_tracker/install/armor_detector/share/armor_detector/cmake/ament_cmake_export_include_directories-extras.cmake
[28.766s] -- Installing: /home/ghlins/new_tracker/install/armor_detector/share/armor_detector/cmake/ament_cmake_export_libraries-extras.cmake
[28.766s] -- Installing: /home/ghlins/new_tracker/install/armor_detector/share/armor_detector/cmake/armor_detectorConfig.cmake
[28.766s] -- Installing: /home/ghlins/new_tracker/install/armor_detector/share/armor_detector/cmake/armor_detectorConfig-version.cmake
[28.766s] -- Up-to-date: /home/ghlins/new_tracker/install/armor_detector/share/armor_detector/package.xml
[28.769s] Invoked command in '/home/ghlins/new_tracker/build/armor_detector' returned '0': CMAKE_PREFIX_PATH=/home/ghlins/new_tracker/install/auto_aim_interfaces:/home/ghlins/new_tracker/install/new_armor_tracker:/home/ghlins/new_tracker/install/my_ros2_opencv_pkg:/home/ghlins/new_tracker/install/armor_detector:/opt/ros/humble LD_LIBRARY_PATH=/home/ghlins/new_tracker/install/auto_aim_interfaces/lib:/home/ghlins/new_tracker/install/new_armor_tracker/lib:/home/ghlins/new_tracker/install/armor_detector/lib:/usr/lib/x86_64-linux-gnu/gazebo-11/plugins:/opt/ros/humble/opt/rviz_ogre_vendor/lib:/opt/ros/humble/lib/x86_64-linux-gnu:/opt/ros/humble/lib /usr/bin/cmake --install /home/ghlins/new_tracker/build/armor_detector
