[0.067s] Invoking command in '/home/ghlins/new_tracker/build/new_armor_tracker': AMENT_PREFIX_PATH=/home/ghlins/new_tracker/install/auto_aim_interfaces:${AMENT_PREFIX_PATH} CMAKE_PREFIX_PATH=/home/ghlins/new_tracker/install/auto_aim_interfaces:/opt/ros/humble LD_LIBRARY_PATH=/home/ghlins/new_tracker/install/auto_aim_interfaces/lib:${LD_LIBRARY_PATH} PYTHONPATH=/home/ghlins/new_tracker/install/auto_aim_interfaces/local/lib/python3.10/dist-packages:${PYTHONPATH} /usr/bin/cmake /home/ghlins/new_tracker/src/rm_auto_aim/new_tracker -DCMAKE_INSTALL_PREFIX=/home/ghlins/new_tracker/install/new_armor_tracker
[0.142s] -- The C compiler identification is GNU 11.4.0
[0.496s] -- The CXX compiler identification is GNU 11.4.0
[0.752s] -- Detecting C compiler ABI info
[0.832s] -- Detecting C compiler ABI info - done
[0.839s] -- Check for working C compiler: /usr/bin/cc - skipped
[0.840s] -- Detecting C compile features
[0.840s] -- Detecting C compile features - done
[0.842s] -- Detecting CXX compiler ABI info
[0.943s] -- Detecting CXX compiler ABI info - done
[0.949s] -- Check for working CXX compiler: /usr/bin/c++ - skipped
[0.949s] -- Detecting CXX compile features
[0.950s] -- Detecting CXX compile features - done
[0.951s] -- Found ament_cmake_auto: 1.3.5 (/opt/ros/humble/share/ament_cmake_auto/cmake)
[1.074s] -- Found Python3: /usr/bin/python3.10 (found version "3.10.12") found components: Interpreter 
[1.137s] -- Found OpenCV: /usr (found version "4.5.4") 
[1.321s] -- Found rosidl_generator_c: 3.1.4 (/opt/ros/humble/share/rosidl_generator_c/cmake)
[1.324s] -- Found rosidl_adapter: 3.1.4 (/opt/ros/humble/share/rosidl_adapter/cmake)
[1.329s] -- Found rosidl_generator_cpp: 3.1.4 (/opt/ros/humble/share/rosidl_generator_cpp/cmake)
[1.338s] -- Using all available rosidl_typesupport_c: rosidl_typesupport_fastrtps_c;rosidl_typesupport_introspection_c
[1.350s] -- Using all available rosidl_typesupport_cpp: rosidl_typesupport_fastrtps_cpp;rosidl_typesupport_introspection_cpp
[1.395s] -- Found rmw_implementation_cmake: 6.1.1 (/opt/ros/humble/share/rmw_implementation_cmake/cmake)
[1.397s] -- Found rmw_fastrtps_cpp: 6.2.2 (/opt/ros/humble/share/rmw_fastrtps_cpp/cmake)
[1.829s] -- Found OpenSSL: /usr/lib/x86_64-linux-gnu/libcrypto.so (found version "3.0.2")  
[2.282s] -- Found FastRTPS: /opt/ros/humble/include  
[3.031s] -- Using RMW implementation 'rmw_fastrtps_cpp' as default
[3.036s] -- Looking for pthread.h
[3.119s] -- Looking for pthread.h - found
[3.119s] -- Performing Test CMAKE_HAVE_LIBC_PTHREAD
[3.208s] -- Performing Test CMAKE_HAVE_LIBC_PTHREAD - Success
[3.209s] -- Found Threads: TRUE  
[4.609s] -- Found eigen3_cmake_module: 0.1.1 (/opt/ros/humble/share/eigen3_cmake_module/cmake)
[4.610s] -- Found Eigen3: TRUE (found version "3.4.0") 
[4.610s] -- Ensuring Eigen3 include directory is part of orocos-kdl CMake target
[4.848s] -- Found ament_lint_auto: 0.12.6 (/opt/ros/humble/share/ament_lint_auto/cmake)
[4.862s] -- Added test 'cppcheck' to perform static code analysis on C / C++ code
[4.862s] -- Configured cppcheck include dirs: /home/ghlins/new_tracker/src/rm_auto_aim/new_tracker/include
[4.862s] -- Configured cppcheck exclude dirs and/or files: 
[4.863s] -- Added test 'flake8' to check Python code syntax and style conventions
[4.863s] -- Added test 'lint_cmake' to check CMake code style
[4.864s] -- Added test 'pep257' to check Python code against some of the docstring style conventions in PEP 257
[4.864s] -- Added test 'xmllint' to check XML markup files
[4.865s] -- Added test 'clang_format' to check C / C++ code style
[4.867s] -- Configuring done
[4.879s] -- Generating done
[4.880s] -- Build files have been written to: /home/ghlins/new_tracker/build/new_armor_tracker
[4.888s] Invoked command in '/home/ghlins/new_tracker/build/new_armor_tracker' returned '0': AMENT_PREFIX_PATH=/home/ghlins/new_tracker/install/auto_aim_interfaces:${AMENT_PREFIX_PATH} CMAKE_PREFIX_PATH=/home/ghlins/new_tracker/install/auto_aim_interfaces:/opt/ros/humble LD_LIBRARY_PATH=/home/ghlins/new_tracker/install/auto_aim_interfaces/lib:${LD_LIBRARY_PATH} PYTHONPATH=/home/ghlins/new_tracker/install/auto_aim_interfaces/local/lib/python3.10/dist-packages:${PYTHONPATH} /usr/bin/cmake /home/ghlins/new_tracker/src/rm_auto_aim/new_tracker -DCMAKE_INSTALL_PREFIX=/home/ghlins/new_tracker/install/new_armor_tracker
[4.889s] Invoking command in '/home/ghlins/new_tracker/build/new_armor_tracker': AMENT_PREFIX_PATH=/home/ghlins/new_tracker/install/auto_aim_interfaces:${AMENT_PREFIX_PATH} CMAKE_PREFIX_PATH=/home/ghlins/new_tracker/install/auto_aim_interfaces:/opt/ros/humble LD_LIBRARY_PATH=/home/ghlins/new_tracker/install/auto_aim_interfaces/lib:${LD_LIBRARY_PATH} PYTHONPATH=/home/ghlins/new_tracker/install/auto_aim_interfaces/local/lib/python3.10/dist-packages:${PYTHONPATH} /usr/bin/cmake --build /home/ghlins/new_tracker/build/new_armor_tracker -- -j20 -l20
[4.917s] [ 25%] [32mBuilding CXX object CMakeFiles/new_armor_tracker.dir/src/new_tracker_node.cpp.o[0m
[4.918s] [ 50%] [32mBuilding CXX object CMakeFiles/new_armor_tracker_node.dir/rclcpp_components/node_main_new_armor_tracker_node.cpp.o[0m
[7.689s] [ 75%] [32m[1mLinking CXX executable new_armor_tracker_node[0m
[7.832s] [ 75%] Built target new_armor_tracker_node
[12.328s] [100%] [32m[1mLinking CXX shared library libnew_armor_tracker.so[0m
[12.726s] [100%] Built target new_armor_tracker
[12.732s] Invoked command in '/home/ghlins/new_tracker/build/new_armor_tracker' returned '0': AMENT_PREFIX_PATH=/home/ghlins/new_tracker/install/auto_aim_interfaces:${AMENT_PREFIX_PATH} CMAKE_PREFIX_PATH=/home/ghlins/new_tracker/install/auto_aim_interfaces:/opt/ros/humble LD_LIBRARY_PATH=/home/ghlins/new_tracker/install/auto_aim_interfaces/lib:${LD_LIBRARY_PATH} PYTHONPATH=/home/ghlins/new_tracker/install/auto_aim_interfaces/local/lib/python3.10/dist-packages:${PYTHONPATH} /usr/bin/cmake --build /home/ghlins/new_tracker/build/new_armor_tracker -- -j20 -l20
[12.748s] Invoking command in '/home/ghlins/new_tracker/build/new_armor_tracker': AMENT_PREFIX_PATH=/home/ghlins/new_tracker/install/auto_aim_interfaces:${AMENT_PREFIX_PATH} CMAKE_PREFIX_PATH=/home/ghlins/new_tracker/install/auto_aim_interfaces:/opt/ros/humble LD_LIBRARY_PATH=/home/ghlins/new_tracker/install/auto_aim_interfaces/lib:${LD_LIBRARY_PATH} PYTHONPATH=/home/ghlins/new_tracker/install/auto_aim_interfaces/local/lib/python3.10/dist-packages:${PYTHONPATH} /usr/bin/cmake --install /home/ghlins/new_tracker/build/new_armor_tracker
[12.752s] -- Install configuration: ""
[12.752s] -- Installing: /home/ghlins/new_tracker/install/new_armor_tracker/lib/new_armor_tracker/new_armor_tracker_node
[12.752s] -- Set runtime path of "/home/ghlins/new_tracker/install/new_armor_tracker/lib/new_armor_tracker/new_armor_tracker_node" to ""
[12.752s] -- Up-to-date: /home/ghlins/new_tracker/install/new_armor_tracker/include
[12.753s] -- Up-to-date: /home/ghlins/new_tracker/install/new_armor_tracker/include/new_tracker
[12.753s] -- Up-to-date: /home/ghlins/new_tracker/install/new_armor_tracker/include/new_tracker/new_tracker_node.hpp
[12.753s] -- Up-to-date: /home/ghlins/new_tracker/install/new_armor_tracker/share/new_armor_tracker/environment/library_path.sh
[12.753s] -- Installing: /home/ghlins/new_tracker/install/new_armor_tracker/share/new_armor_tracker/environment/library_path.dsv
[12.753s] -- Installing: /home/ghlins/new_tracker/install/new_armor_tracker/lib/libnew_armor_tracker.so
[12.758s] -- Set runtime path of "/home/ghlins/new_tracker/install/new_armor_tracker/lib/libnew_armor_tracker.so" to ""
[12.758s] -- Installing: /home/ghlins/new_tracker/install/new_armor_tracker/share/ament_index/resource_index/package_run_dependencies/new_armor_tracker
[12.758s] -- Installing: /home/ghlins/new_tracker/install/new_armor_tracker/share/ament_index/resource_index/parent_prefix_path/new_armor_tracker
[12.758s] -- Up-to-date: /home/ghlins/new_tracker/install/new_armor_tracker/share/new_armor_tracker/environment/ament_prefix_path.sh
[12.759s] -- Installing: /home/ghlins/new_tracker/install/new_armor_tracker/share/new_armor_tracker/environment/ament_prefix_path.dsv
[12.759s] -- Up-to-date: /home/ghlins/new_tracker/install/new_armor_tracker/share/new_armor_tracker/environment/path.sh
[12.759s] -- Installing: /home/ghlins/new_tracker/install/new_armor_tracker/share/new_armor_tracker/environment/path.dsv
[12.759s] -- Installing: /home/ghlins/new_tracker/install/new_armor_tracker/share/new_armor_tracker/local_setup.bash
[12.759s] -- Installing: /home/ghlins/new_tracker/install/new_armor_tracker/share/new_armor_tracker/local_setup.sh
[12.759s] -- Installing: /home/ghlins/new_tracker/install/new_armor_tracker/share/new_armor_tracker/local_setup.zsh
[12.759s] -- Installing: /home/ghlins/new_tracker/install/new_armor_tracker/share/new_armor_tracker/local_setup.dsv
[12.759s] -- Installing: /home/ghlins/new_tracker/install/new_armor_tracker/share/new_armor_tracker/package.dsv
[12.759s] -- Installing: /home/ghlins/new_tracker/install/new_armor_tracker/share/ament_index/resource_index/packages/new_armor_tracker
[12.759s] -- Installing: /home/ghlins/new_tracker/install/new_armor_tracker/share/ament_index/resource_index/rclcpp_components/new_armor_tracker
[12.759s] -- Installing: /home/ghlins/new_tracker/install/new_armor_tracker/share/new_armor_tracker/cmake/ament_cmake_export_dependencies-extras.cmake
[12.759s] -- Installing: /home/ghlins/new_tracker/install/new_armor_tracker/share/new_armor_tracker/cmake/ament_cmake_export_include_directories-extras.cmake
[12.759s] -- Installing: /home/ghlins/new_tracker/install/new_armor_tracker/share/new_armor_tracker/cmake/ament_cmake_export_libraries-extras.cmake
[12.760s] -- Installing: /home/ghlins/new_tracker/install/new_armor_tracker/share/new_armor_tracker/cmake/new_armor_trackerConfig.cmake
[12.760s] -- Installing: /home/ghlins/new_tracker/install/new_armor_tracker/share/new_armor_tracker/cmake/new_armor_trackerConfig-version.cmake
[12.760s] -- Up-to-date: /home/ghlins/new_tracker/install/new_armor_tracker/share/new_armor_tracker/package.xml
[12.761s] Invoked command in '/home/ghlins/new_tracker/build/new_armor_tracker' returned '0': AMENT_PREFIX_PATH=/home/ghlins/new_tracker/install/auto_aim_interfaces:${AMENT_PREFIX_PATH} CMAKE_PREFIX_PATH=/home/ghlins/new_tracker/install/auto_aim_interfaces:/opt/ros/humble LD_LIBRARY_PATH=/home/ghlins/new_tracker/install/auto_aim_interfaces/lib:${LD_LIBRARY_PATH} PYTHONPATH=/home/ghlins/new_tracker/install/auto_aim_interfaces/local/lib/python3.10/dist-packages:${PYTHONPATH} /usr/bin/cmake --install /home/ghlins/new_tracker/build/new_armor_tracker
