[0.086s] Invoking command in '/home/ghlins/new_tracker/build/new_armor_tracker': CMAKE_PREFIX_PATH=/home/ghlins/new_tracker/install/auto_aim_interfaces:/home/ghlins/new_tracker/install/new_armor_tracker:/home/ghlins/new_tracker/install/my_ros2_opencv_pkg:/home/ghlins/new_tracker/install/armor_detector:/opt/ros/humble LD_LIBRARY_PATH=/home/ghlins/new_tracker/install/auto_aim_interfaces/lib:/home/ghlins/new_tracker/install/new_armor_tracker/lib:/home/ghlins/new_tracker/install/armor_detector/lib:/usr/lib/x86_64-linux-gnu/gazebo-11/plugins:/opt/ros/humble/opt/rviz_ogre_vendor/lib:/opt/ros/humble/lib/x86_64-linux-gnu:/opt/ros/humble/lib /usr/bin/cmake /home/ghlins/new_tracker/src/rm_auto_aim/new_tracker -DCMAKE_INSTALL_PREFIX=/home/ghlins/new_tracker/install/new_armor_tracker
[0.179s] -- The C compiler identification is GNU 11.4.0
[0.624s] -- The CXX compiler identification is GNU 11.4.0
[0.912s] -- Detecting C compiler ABI info
[1.034s] -- Detecting C compiler ABI info - done
[1.039s] -- Check for working C compiler: /usr/bin/cc - skipped
[1.040s] -- Detecting C compile features
[1.040s] -- Detecting C compile features - done
[1.042s] -- Detecting CXX compiler ABI info
[1.161s] -- Detecting CXX compiler ABI info - done
[1.166s] -- Check for working CXX compiler: /usr/bin/c++ - skipped
[1.167s] -- Detecting CXX compile features
[1.167s] -- Detecting CXX compile features - done
[1.169s] -- Found ament_cmake_auto: 1.3.5 (/opt/ros/humble/share/ament_cmake_auto/cmake)
[1.307s] -- Found Python3: /usr/bin/python3.10 (found version "3.10.12") found components: Interpreter 
[1.386s] -- Found OpenCV: /usr (found version "4.5.4") 
[1.570s] -- Found rosidl_generator_c: 3.1.4 (/opt/ros/humble/share/rosidl_generator_c/cmake)
[1.574s] -- Found rosidl_adapter: 3.1.4 (/opt/ros/humble/share/rosidl_adapter/cmake)
[1.582s] -- Found rosidl_generator_cpp: 3.1.4 (/opt/ros/humble/share/rosidl_generator_cpp/cmake)
[1.593s] -- Using all available rosidl_typesupport_c: rosidl_typesupport_fastrtps_c;rosidl_typesupport_introspection_c
[1.610s] -- Using all available rosidl_typesupport_cpp: rosidl_typesupport_fastrtps_cpp;rosidl_typesupport_introspection_cpp
[1.719s] -- Found rmw_implementation_cmake: 6.1.1 (/opt/ros/humble/share/rmw_implementation_cmake/cmake)
[1.726s] -- Found rmw_fastrtps_cpp: 6.2.2 (/opt/ros/humble/share/rmw_fastrtps_cpp/cmake)
[3.039s] -- Found OpenSSL: /usr/lib/x86_64-linux-gnu/libcrypto.so (found version "3.0.2")  
[4.116s] -- Found FastRTPS: /opt/ros/humble/include  
[5.726s] -- Using RMW implementation 'rmw_fastrtps_cpp' as default
[5.733s] -- Looking for pthread.h
[5.835s] -- Looking for pthread.h - found
[5.835s] -- Performing Test CMAKE_HAVE_LIBC_PTHREAD
[5.937s] -- Performing Test CMAKE_HAVE_LIBC_PTHREAD - Success
[5.938s] -- Found Threads: TRUE  
[7.716s] -- Found eigen3_cmake_module: 0.1.1 (/opt/ros/humble/share/eigen3_cmake_module/cmake)
[7.717s] -- Found Eigen3: TRUE (found version "3.4.0") 
[7.717s] -- Ensuring Eigen3 include directory is part of orocos-kdl CMake target
[8.010s] -- Found ament_lint_auto: 0.12.6 (/opt/ros/humble/share/ament_lint_auto/cmake)
[8.029s] -- Added test 'cppcheck' to perform static code analysis on C / C++ code
[8.029s] -- Configured cppcheck include dirs: /home/ghlins/new_tracker/src/rm_auto_aim/new_tracker/include
[8.029s] -- Configured cppcheck exclude dirs and/or files: 
[8.030s] -- Added test 'flake8' to check Python code syntax and style conventions
[8.030s] -- Added test 'lint_cmake' to check CMake code style
[8.031s] -- Added test 'pep257' to check Python code against some of the docstring style conventions in PEP 257
[8.032s] -- Added test 'xmllint' to check XML markup files
[8.033s] -- Added test 'clang_format' to check C / C++ code style
[8.035s] -- Configuring done
[8.051s] -- Generating done
[8.052s] -- Build files have been written to: /home/ghlins/new_tracker/build/new_armor_tracker
[8.061s] Invoked command in '/home/ghlins/new_tracker/build/new_armor_tracker' returned '0': CMAKE_PREFIX_PATH=/home/ghlins/new_tracker/install/auto_aim_interfaces:/home/ghlins/new_tracker/install/new_armor_tracker:/home/ghlins/new_tracker/install/my_ros2_opencv_pkg:/home/ghlins/new_tracker/install/armor_detector:/opt/ros/humble LD_LIBRARY_PATH=/home/ghlins/new_tracker/install/auto_aim_interfaces/lib:/home/ghlins/new_tracker/install/new_armor_tracker/lib:/home/ghlins/new_tracker/install/armor_detector/lib:/usr/lib/x86_64-linux-gnu/gazebo-11/plugins:/opt/ros/humble/opt/rviz_ogre_vendor/lib:/opt/ros/humble/lib/x86_64-linux-gnu:/opt/ros/humble/lib /usr/bin/cmake /home/ghlins/new_tracker/src/rm_auto_aim/new_tracker -DCMAKE_INSTALL_PREFIX=/home/ghlins/new_tracker/install/new_armor_tracker
[8.063s] Invoking command in '/home/ghlins/new_tracker/build/new_armor_tracker': CMAKE_PREFIX_PATH=/home/ghlins/new_tracker/install/auto_aim_interfaces:/home/ghlins/new_tracker/install/new_armor_tracker:/home/ghlins/new_tracker/install/my_ros2_opencv_pkg:/home/ghlins/new_tracker/install/armor_detector:/opt/ros/humble LD_LIBRARY_PATH=/home/ghlins/new_tracker/install/auto_aim_interfaces/lib:/home/ghlins/new_tracker/install/new_armor_tracker/lib:/home/ghlins/new_tracker/install/armor_detector/lib:/usr/lib/x86_64-linux-gnu/gazebo-11/plugins:/opt/ros/humble/opt/rviz_ogre_vendor/lib:/opt/ros/humble/lib/x86_64-linux-gnu:/opt/ros/humble/lib /usr/bin/cmake --build /home/ghlins/new_tracker/build/new_armor_tracker -- -j20 -l20
[8.100s] [ 50%] [32mBuilding CXX object CMakeFiles/new_armor_tracker_node.dir/rclcpp_components/node_main_new_armor_tracker_node.cpp.o[0m
[8.101s] [ 50%] [32mBuilding CXX object CMakeFiles/new_armor_tracker.dir/src/new_tracker_node.cpp.o[0m
[11.265s] [ 75%] [32m[1mLinking CXX executable new_armor_tracker_node[0m
[11.453s] [ 75%] Built target new_armor_tracker_node
[16.966s] [100%] [32m[1mLinking CXX shared library libnew_armor_tracker.so[0m
[17.491s] [100%] Built target new_armor_tracker
