[0.048s] Invoking command in '/home/ghlins/new_tracker/build/bringup': CMAKE_PREFIX_PATH=/home/ghlins/new_tracker/install/my_ros2_opencv_pkg:/home/ghlins/new_tracker/install/new_armor_tracker:/home/ghlins/new_tracker/install/bringup:/home/ghlins/new_tracker/install/armor_detector:/home/ghlins/new_tracker/install/auto_aim_interfaces:/opt/ros/humble /usr/bin/cmake /home/ghlins/new_tracker/src/bringup -DCMAKE_INSTALL_PREFIX=/home/ghlins/new_tracker/install/bringup
[0.177s] -- The C compiler identification is GNU 11.4.0
[0.704s] -- The CXX compiler identification is GNU 11.4.0
[1.160s] -- Detecting C compiler ABI info
[1.337s] -- Detecting C compiler ABI info - done
[1.347s] -- Check for working C compiler: /usr/bin/cc - skipped
[1.348s] -- Detecting C compile features
[1.348s] -- Detecting C compile features - done
[1.352s] -- Detecting CXX compiler ABI info
[1.568s] -- Detecting CXX compiler ABI info - done
[1.580s] -- Check for working CXX compiler: /usr/bin/c++ - skipped
[1.580s] -- Detecting CXX compile features
[1.581s] -- Detecting CXX compile features - done
[1.584s] -- Found ament_cmake_auto: 1.3.5 (/opt/ros/humble/share/ament_cmake_auto/cmake)
[1.810s] -- Found Python3: /usr/bin/python3.10 (found version "3.10.12") found components: Interpreter 
[1.930s] -- Found ament_lint_auto: 0.12.6 (/opt/ros/humble/share/ament_lint_auto/cmake)
[2.009s] -- Configuring done
[2.015s] -- Generating done
[2.015s] -- Build files have been written to: /home/ghlins/new_tracker/build/bringup
[2.021s] Invoked command in '/home/ghlins/new_tracker/build/bringup' returned '0': CMAKE_PREFIX_PATH=/home/ghlins/new_tracker/install/my_ros2_opencv_pkg:/home/ghlins/new_tracker/install/new_armor_tracker:/home/ghlins/new_tracker/install/bringup:/home/ghlins/new_tracker/install/armor_detector:/home/ghlins/new_tracker/install/auto_aim_interfaces:/opt/ros/humble /usr/bin/cmake /home/ghlins/new_tracker/src/bringup -DCMAKE_INSTALL_PREFIX=/home/ghlins/new_tracker/install/bringup
[2.024s] Invoking command in '/home/ghlins/new_tracker/build/bringup': CMAKE_PREFIX_PATH=/home/ghlins/new_tracker/install/my_ros2_opencv_pkg:/home/ghlins/new_tracker/install/new_armor_tracker:/home/ghlins/new_tracker/install/bringup:/home/ghlins/new_tracker/install/armor_detector:/home/ghlins/new_tracker/install/auto_aim_interfaces:/opt/ros/humble /usr/bin/cmake --build /home/ghlins/new_tracker/build/bringup -- -j20 -l20
[2.065s] Invoked command in '/home/ghlins/new_tracker/build/bringup' returned '0': CMAKE_PREFIX_PATH=/home/ghlins/new_tracker/install/my_ros2_opencv_pkg:/home/ghlins/new_tracker/install/new_armor_tracker:/home/ghlins/new_tracker/install/bringup:/home/ghlins/new_tracker/install/armor_detector:/home/ghlins/new_tracker/install/auto_aim_interfaces:/opt/ros/humble /usr/bin/cmake --build /home/ghlins/new_tracker/build/bringup -- -j20 -l20
[2.092s] Invoking command in '/home/ghlins/new_tracker/build/bringup': CMAKE_PREFIX_PATH=/home/ghlins/new_tracker/install/my_ros2_opencv_pkg:/home/ghlins/new_tracker/install/new_armor_tracker:/home/ghlins/new_tracker/install/bringup:/home/ghlins/new_tracker/install/armor_detector:/home/ghlins/new_tracker/install/auto_aim_interfaces:/opt/ros/humble /usr/bin/cmake --install /home/ghlins/new_tracker/build/bringup
[2.100s] -- Install configuration: ""
[2.101s] -- Up-to-date: /home/ghlins/new_tracker/install/bringup/share/bringup/launch
[2.101s] -- Up-to-date: /home/ghlins/new_tracker/install/bringup/share/bringup/launch/Three.launch.py
[2.101s] -- Installing: /home/ghlins/new_tracker/install/bringup/share/ament_index/resource_index/package_run_dependencies/bringup
[2.102s] -- Installing: /home/ghlins/new_tracker/install/bringup/share/ament_index/resource_index/parent_prefix_path/bringup
[2.102s] -- Up-to-date: /home/ghlins/new_tracker/install/bringup/share/bringup/environment/ament_prefix_path.sh
[2.102s] -- Installing: /home/ghlins/new_tracker/install/bringup/share/bringup/environment/ament_prefix_path.dsv
[2.102s] -- Up-to-date: /home/ghlins/new_tracker/install/bringup/share/bringup/environment/path.sh
[2.102s] -- Installing: /home/ghlins/new_tracker/install/bringup/share/bringup/environment/path.dsv
[2.103s] -- Installing: /home/ghlins/new_tracker/install/bringup/share/bringup/local_setup.bash
[2.103s] -- Installing: /home/ghlins/new_tracker/install/bringup/share/bringup/local_setup.sh
[2.103s] -- Installing: /home/ghlins/new_tracker/install/bringup/share/bringup/local_setup.zsh
[2.103s] -- Installing: /home/ghlins/new_tracker/install/bringup/share/bringup/local_setup.dsv
[2.103s] -- Installing: /home/ghlins/new_tracker/install/bringup/share/bringup/package.dsv
[2.104s] -- Installing: /home/ghlins/new_tracker/install/bringup/share/ament_index/resource_index/packages/bringup
[2.104s] -- Installing: /home/ghlins/new_tracker/install/bringup/share/bringup/cmake/bringupConfig.cmake
[2.104s] -- Installing: /home/ghlins/new_tracker/install/bringup/share/bringup/cmake/bringupConfig-version.cmake
[2.105s] -- Up-to-date: /home/ghlins/new_tracker/install/bringup/share/bringup/package.xml
[2.107s] Invoked command in '/home/ghlins/new_tracker/build/bringup' returned '0': CMAKE_PREFIX_PATH=/home/ghlins/new_tracker/install/my_ros2_opencv_pkg:/home/ghlins/new_tracker/install/new_armor_tracker:/home/ghlins/new_tracker/install/bringup:/home/ghlins/new_tracker/install/armor_detector:/home/ghlins/new_tracker/install/auto_aim_interfaces:/opt/ros/humble /usr/bin/cmake --install /home/ghlins/new_tracker/build/bringup
