[0.008s] Invoking command in '/home/ghlins/new_tracker/build/my_ros2_opencv_pkg': CMAKE_PREFIX_PATH=/opt/ros/humble /usr/bin/cmake /home/ghlins/new_tracker/src/my_ros2_opencv_pkg -DCMAKE_INSTALL_PREFIX=/home/ghlins/new_tracker/install/my_ros2_opencv_pkg
[0.073s] -- The C compiler identification is GNU 11.4.0
[0.319s] -- The CXX compiler identification is GNU 11.4.0
[0.507s] -- Detecting C compiler ABI info
[0.584s] -- Detecting C compiler ABI info - done
[0.588s] -- Check for working C compiler: /usr/bin/cc - skipped
[0.588s] -- Detecting C compile features
[0.589s] -- Detecting C compile features - done
[0.590s] -- Detecting CXX compiler ABI info
[0.688s] -- Detecting CXX compiler ABI info - done
[0.694s] -- Check for working CXX compiler: /usr/bin/c++ - skipped
[0.694s] -- Detecting CXX compile features
[0.694s] -- Detecting CXX compile features - done
[0.695s] -- Found ament_cmake: 1.3.5 (/opt/ros/humble/share/ament_cmake/cmake)
[0.795s] -- Found Python3: /usr/bin/python3.10 (found version "3.10.12") found components: Interpreter 
[0.849s] -- Found rclcpp: 16.0.4 (/opt/ros/humble/share/rclcpp/cmake)
[0.925s] -- Found rosidl_generator_c: 3.1.4 (/opt/ros/humble/share/rosidl_generator_c/cmake)
[0.928s] -- Found rosidl_adapter: 3.1.4 (/opt/ros/humble/share/rosidl_adapter/cmake)
[0.933s] -- Found rosidl_generator_cpp: 3.1.4 (/opt/ros/humble/share/rosidl_generator_cpp/cmake)
[0.941s] -- Using all available rosidl_typesupport_c: rosidl_typesupport_fastrtps_c;rosidl_typesupport_introspection_c
[0.952s] -- Using all available rosidl_typesupport_cpp: rosidl_typesupport_fastrtps_cpp;rosidl_typesupport_introspection_cpp
[0.995s] -- Found rmw_implementation_cmake: 6.1.1 (/opt/ros/humble/share/rmw_implementation_cmake/cmake)
[0.996s] -- Found rmw_fastrtps_cpp: 6.2.2 (/opt/ros/humble/share/rmw_fastrtps_cpp/cmake)
[1.950s] -- Found OpenSSL: /usr/lib/x86_64-linux-gnu/libcrypto.so (found version "3.0.2")  
[3.334s] -- Found FastRTPS: /opt/ros/humble/include  
[5.717s] -- Using RMW implementation 'rmw_fastrtps_cpp' as default
[5.723s] -- Looking for pthread.h
[5.843s] -- Looking for pthread.h - found
[5.843s] -- Performing Test CMAKE_HAVE_LIBC_PTHREAD
[5.964s] -- Performing Test CMAKE_HAVE_LIBC_PTHREAD - Success
[5.965s] -- Found Threads: TRUE  
[6.074s] -- Found OpenCV: /usr (found version "4.5.4") 
[6.075s] -- Found sensor_msgs: 4.2.3 (/opt/ros/humble/share/sensor_msgs/cmake)
[6.160s] -- Found cv_bridge: 3.2.1 (/opt/ros/humble/share/cv_bridge/cmake)
[6.166s] -- Found image_transport: 3.1.5 (/opt/ros/humble/share/image_transport/cmake)
[7.138s] -- Found ament_lint_auto: 0.12.6 (/opt/ros/humble/share/ament_lint_auto/cmake)
[7.187s] -- Added test 'cppcheck' to perform static code analysis on C / C++ code
[7.187s] -- Configured cppcheck include dirs: $<BUILD_INTERFACE:/home/ghlins/new_tracker/src/my_ros2_opencv_pkg/include>
[7.187s] -- Configured cppcheck exclude dirs and/or files: 
[7.188s] -- Added test 'lint_cmake' to check CMake code style
[7.188s] -- Added test 'uncrustify' to check C / C++ code style
[7.188s] -- Configured uncrustify additional arguments: 
[7.189s] -- Added test 'xmllint' to check XML markup files
[7.189s] -- Configuring done
[7.197s] -- Generating done
[7.198s] -- Build files have been written to: /home/ghlins/new_tracker/build/my_ros2_opencv_pkg
[7.206s] Invoked command in '/home/ghlins/new_tracker/build/my_ros2_opencv_pkg' returned '0': CMAKE_PREFIX_PATH=/opt/ros/humble /usr/bin/cmake /home/ghlins/new_tracker/src/my_ros2_opencv_pkg -DCMAKE_INSTALL_PREFIX=/home/ghlins/new_tracker/install/my_ros2_opencv_pkg
[7.207s] Invoking command in '/home/ghlins/new_tracker/build/my_ros2_opencv_pkg': CMAKE_PREFIX_PATH=/opt/ros/humble /usr/bin/cmake --build /home/ghlins/new_tracker/build/my_ros2_opencv_pkg -- -j20 -l20
[7.234s] [ 50%] [32mBuilding CXX object CMakeFiles/my_video_publisher.dir/src/my_video_publisher.cpp.o[0m
[11.870s] [100%] [32m[1mLinking CXX executable my_video_publisher[0m
[12.369s] [100%] Built target my_video_publisher
[12.379s] Invoked command in '/home/ghlins/new_tracker/build/my_ros2_opencv_pkg' returned '0': CMAKE_PREFIX_PATH=/opt/ros/humble /usr/bin/cmake --build /home/ghlins/new_tracker/build/my_ros2_opencv_pkg -- -j20 -l20
[12.394s] Invoking command in '/home/ghlins/new_tracker/build/my_ros2_opencv_pkg': CMAKE_PREFIX_PATH=/opt/ros/humble /usr/bin/cmake --install /home/ghlins/new_tracker/build/my_ros2_opencv_pkg
[12.398s] -- Install configuration: ""
[12.398s] -- Installing: /home/ghlins/new_tracker/install/my_ros2_opencv_pkg/lib/my_ros2_opencv_pkg/my_video_publisher
[12.399s] -- Set runtime path of "/home/ghlins/new_tracker/install/my_ros2_opencv_pkg/lib/my_ros2_opencv_pkg/my_video_publisher" to ""
[12.399s] -- Installing: /home/ghlins/new_tracker/install/my_ros2_opencv_pkg/share/ament_index/resource_index/package_run_dependencies/my_ros2_opencv_pkg
[12.400s] -- Installing: /home/ghlins/new_tracker/install/my_ros2_opencv_pkg/share/ament_index/resource_index/parent_prefix_path/my_ros2_opencv_pkg
[12.400s] -- Up-to-date: /home/ghlins/new_tracker/install/my_ros2_opencv_pkg/share/my_ros2_opencv_pkg/environment/ament_prefix_path.sh
[12.400s] -- Installing: /home/ghlins/new_tracker/install/my_ros2_opencv_pkg/share/my_ros2_opencv_pkg/environment/ament_prefix_path.dsv
[12.400s] -- Up-to-date: /home/ghlins/new_tracker/install/my_ros2_opencv_pkg/share/my_ros2_opencv_pkg/environment/path.sh
[12.400s] -- Installing: /home/ghlins/new_tracker/install/my_ros2_opencv_pkg/share/my_ros2_opencv_pkg/environment/path.dsv
[12.401s] -- Installing: /home/ghlins/new_tracker/install/my_ros2_opencv_pkg/share/my_ros2_opencv_pkg/local_setup.bash
[12.401s] -- Installing: /home/ghlins/new_tracker/install/my_ros2_opencv_pkg/share/my_ros2_opencv_pkg/local_setup.sh
[12.401s] -- Installing: /home/ghlins/new_tracker/install/my_ros2_opencv_pkg/share/my_ros2_opencv_pkg/local_setup.zsh
[12.401s] -- Installing: /home/ghlins/new_tracker/install/my_ros2_opencv_pkg/share/my_ros2_opencv_pkg/local_setup.dsv
[12.401s] -- Installing: /home/ghlins/new_tracker/install/my_ros2_opencv_pkg/share/my_ros2_opencv_pkg/package.dsv
[12.402s] -- Installing: /home/ghlins/new_tracker/install/my_ros2_opencv_pkg/share/ament_index/resource_index/packages/my_ros2_opencv_pkg
[12.402s] -- Installing: /home/ghlins/new_tracker/install/my_ros2_opencv_pkg/share/my_ros2_opencv_pkg/cmake/my_ros2_opencv_pkgConfig.cmake
[12.402s] -- Installing: /home/ghlins/new_tracker/install/my_ros2_opencv_pkg/share/my_ros2_opencv_pkg/cmake/my_ros2_opencv_pkgConfig-version.cmake
[12.402s] -- Up-to-date: /home/ghlins/new_tracker/install/my_ros2_opencv_pkg/share/my_ros2_opencv_pkg/package.xml
[12.404s] Invoked command in '/home/ghlins/new_tracker/build/my_ros2_opencv_pkg' returned '0': CMAKE_PREFIX_PATH=/opt/ros/humble /usr/bin/cmake --install /home/ghlins/new_tracker/build/my_ros2_opencv_pkg
