[0.008s] Invoking command in '/home/ghlins/new_tracker/build/my_ros2_opencv_pkg': CMAKE_PREFIX_PATH=/opt/ros/humble /usr/bin/cmake /home/ghlins/new_tracker/src/my_ros2_opencv_pkg -DCMAKE_INSTALL_PREFIX=/home/ghlins/new_tracker/install/my_ros2_opencv_pkg
[0.128s] -- The C compiler identification is GNU 11.4.0
[0.488s] -- The CXX compiler identification is GNU 11.4.0
[0.723s] -- Detecting C compiler ABI info
[0.827s] -- Detecting C compiler ABI info - done
[0.832s] -- Check for working C compiler: /usr/bin/cc - skipped
[0.832s] -- Detecting C compile features
[0.832s] -- Detecting C compile features - done
[0.834s] -- Detecting CXX compiler ABI info
[0.959s] -- Detecting CXX compiler ABI info - done
[0.963s] -- Check for working CXX compiler: /usr/bin/c++ - skipped
[0.964s] -- Detecting CXX compile features
[0.964s] -- Detecting CXX compile features - done
[0.965s] -- Found ament_cmake: 1.3.5 (/opt/ros/humble/share/ament_cmake/cmake)
[1.070s] -- Found Python3: /usr/bin/python3.10 (found version "3.10.12") found components: Interpreter 
[1.123s] -- Found rclcpp: 16.0.4 (/opt/ros/humble/share/rclcpp/cmake)
[1.226s] -- Found rosidl_generator_c: 3.1.4 (/opt/ros/humble/share/rosidl_generator_c/cmake)
[1.228s] -- Found rosidl_adapter: 3.1.4 (/opt/ros/humble/share/rosidl_adapter/cmake)
[1.234s] -- Found rosidl_generator_cpp: 3.1.4 (/opt/ros/humble/share/rosidl_generator_cpp/cmake)
[1.241s] -- Using all available rosidl_typesupport_c: rosidl_typesupport_fastrtps_c;rosidl_typesupport_introspection_c
[1.253s] -- Using all available rosidl_typesupport_cpp: rosidl_typesupport_fastrtps_cpp;rosidl_typesupport_introspection_cpp
[1.295s] -- Found rmw_implementation_cmake: 6.1.1 (/opt/ros/humble/share/rmw_implementation_cmake/cmake)
[1.297s] -- Found rmw_fastrtps_cpp: 6.2.2 (/opt/ros/humble/share/rmw_fastrtps_cpp/cmake)
[2.540s] -- Found OpenSSL: /usr/lib/x86_64-linux-gnu/libcrypto.so (found version "3.0.2")  
[4.829s] -- Found FastRTPS: /opt/ros/humble/include  
[8.135s] -- Using RMW implementation 'rmw_fastrtps_cpp' as default
[8.142s] -- Looking for pthread.h
[8.302s] -- Looking for pthread.h - found
[8.303s] -- Performing Test CMAKE_HAVE_LIBC_PTHREAD
[8.476s] -- Performing Test CMAKE_HAVE_LIBC_PTHREAD - Success
[8.478s] -- Found Threads: TRUE  
[8.611s] -- Found OpenCV: /usr (found version "4.5.4") 
[8.613s] -- Found sensor_msgs: 4.2.3 (/opt/ros/humble/share/sensor_msgs/cmake)
[8.713s] -- Found cv_bridge: 3.2.1 (/opt/ros/humble/share/cv_bridge/cmake)
[8.723s] -- Found image_transport: 3.1.5 (/opt/ros/humble/share/image_transport/cmake)
[9.842s] -- Found ament_lint_auto: 0.12.6 (/opt/ros/humble/share/ament_lint_auto/cmake)
[9.905s] -- Added test 'cppcheck' to perform static code analysis on C / C++ code
[9.905s] -- Configured cppcheck include dirs: $<BUILD_INTERFACE:/home/ghlins/new_tracker/src/my_ros2_opencv_pkg/include>
[9.905s] -- Configured cppcheck exclude dirs and/or files: 
[9.906s] -- Added test 'lint_cmake' to check CMake code style
[9.907s] -- Added test 'uncrustify' to check C / C++ code style
[9.907s] -- Configured uncrustify additional arguments: 
[9.907s] -- Added test 'xmllint' to check XML markup files
[9.909s] -- Configuring done
[9.927s] -- Generating done
[9.929s] -- Build files have been written to: /home/ghlins/new_tracker/build/my_ros2_opencv_pkg
[9.948s] Invoked command in '/home/ghlins/new_tracker/build/my_ros2_opencv_pkg' returned '0': CMAKE_PREFIX_PATH=/opt/ros/humble /usr/bin/cmake /home/ghlins/new_tracker/src/my_ros2_opencv_pkg -DCMAKE_INSTALL_PREFIX=/home/ghlins/new_tracker/install/my_ros2_opencv_pkg
[9.950s] Invoking command in '/home/ghlins/new_tracker/build/my_ros2_opencv_pkg': CMAKE_PREFIX_PATH=/opt/ros/humble /usr/bin/cmake --build /home/ghlins/new_tracker/build/my_ros2_opencv_pkg -- -j20 -l20
[9.982s] [ 50%] [32mBuilding CXX object CMakeFiles/my_video_publisher.dir/src/my_video_publisher.cpp.o[0m
[12.436s] [01m[K/home/ghlins/new_tracker/src/my_ros2_opencv_pkg/src/my_video_publisher.cpp:16:5:[m[K [01;31m[Kerror: [m[K‘[01m[Kcam_info_pub_[m[K’ does not name a type
[12.436s]    16 |     [01;31m[Kcam_info_pub_[m[K = this->create_publisher<sensor_msgs::msg::CameraInfo>("/camera_info", rclcpp::SensorDataQoS());
[12.437s]       |     [01;31m[K^~~~~~~~~~~~~[m[K
[12.437s] [01m[K/home/ghlins/new_tracker/src/my_ros2_opencv_pkg/src/my_video_publisher.cpp:56:64:[m[K [01;31m[Kerror: [m[Kredeclaration of ‘[01m[Krclcpp::Publisher<sensor_msgs::msg::CameraInfo_<std::allocator<void> > >::SharedPtr VideoPublisher::cam_info_pub_[m[K’
[12.437s]    56 |     rclcpp::Publisher<sensor_msgs::msg::CameraInfo>::SharedPtr [01;31m[Kcam_info_pub_[m[K;
[12.437s]       |                                                                [01;31m[K^~~~~~~~~~~~~[m[K
[12.437s] [01m[K/home/ghlins/new_tracker/src/my_ros2_opencv_pkg/src/my_video_publisher.cpp:15:64:[m[K [01;36m[Knote: [m[Kprevious declaration ‘[01m[Krclcpp::Publisher<sensor_msgs::msg::CameraInfo_<std::allocator<void> > >::SharedPtr VideoPublisher::cam_info_pub_[m[K’
[12.437s]    15 |     rclcpp::Publisher<sensor_msgs::msg::CameraInfo>::SharedPtr [01;36m[Kcam_info_pub_[m[K;
[12.437s]       |                                                                [01;36m[K^~~~~~~~~~~~~[m[K
[12.443s] [01m[K/home/ghlins/new_tracker/src/my_ros2_opencv_pkg/src/my_video_publisher.cpp:[m[K In constructor ‘[01m[KVideoPublisher::VideoPublisher()[m[K’:
[12.443s] [01m[K/home/ghlins/new_tracker/src/my_ros2_opencv_pkg/src/my_video_publisher.cpp:34:31:[m[K [01;31m[Kerror: [m[Kno matching function for call to ‘[01m[Krclcpp::Publisher<sensor_msgs::msg::CameraInfo_<std::allocator<void> > >::publish(std::shared_ptr<sensor_msgs::msg::CameraInfo_<std::allocator<void> > >&)[m[K’
[12.443s]    34 |         [01;31m[Kcam_info_pub_->publish(cam_info_msg)[m[K;
[12.443s]       |         [01;31m[K~~~~~~~~~~~~~~~~~~~~~~^~~~~~~~~~~~~~[m[K
[12.443s] In file included from [01m[K/opt/ros/humble/include/rclcpp/rclcpp/node_interfaces/node_topics_interface.hpp:29[m[K,
[12.443s]                  from [01m[K/opt/ros/humble/include/rclcpp/rclcpp/generic_publisher.hpp:27[m[K,
[12.443s]                  from [01m[K/opt/ros/humble/include/rclcpp/rclcpp/node.hpp:45[m[K,
[12.443s]                  from [01m[K/opt/ros/humble/include/image_transport/image_transport/image_transport.hpp:37[m[K,
[12.443s]                  from [01m[K/home/ghlins/new_tracker/src/my_ros2_opencv_pkg/src/my_video_publisher.cpp:3[m[K:
[12.443s] [01m[K/opt/ros/humble/include/rclcpp/rclcpp/publisher.hpp:251:3:[m[K [01;36m[Knote: [m[Kcandidate: ‘[01m[Ktemplate<class T> std::enable_if_t<(rosidl_generator_traits::is_message<T>::value && std::is_same<T, typename rclcpp::TypeAdapter<MessageT>::ros_message_type>::value)> rclcpp::Publisher<MessageT, AllocatorT>::publish(std::unique_ptr<T, typename std::conditional<std::is_same<typename std::allocator_traits<typename std::allocator_traits<_Allocator>::rebind_traits<typename rclcpp::TypeAdapter<MessageT, void, void>::ros_message_type>::allocator_type>::rebind_alloc<typename rclcpp::TypeAdapter<MessageT, void, void>::ros_message_type>, std::allocator<typename rclcpp::TypeAdapter<MessageT>::ros_message_type> >::value, std::default_delete<typename rclcpp::TypeAdapter<MessageT>::ros_message_type>, rclcpp::allocator::AllocatorDeleter<typename std::allocator_traits<_Allocator>::rebind_traits<typename rclcpp::TypeAdapter<MessageT, void, void>::ros_message_type>::allocator_type> >::type>) [with T = T; MessageT = sensor_msgs::msg::CameraInfo_<std::allocator<void> >; AllocatorT = std::allocator<void>][m[K’
[12.444s]   251 |   [01;36m[Kpublish[m[K(std::unique_ptr<T, ROSMessageTypeDeleter> msg)
[12.444s]       |   [01;36m[K^~~~~~~[m[K
[12.444s] [01m[K/opt/ros/humble/include/rclcpp/rclcpp/publisher.hpp:251:3:[m[K [01;36m[Knote: [m[K  template argument deduction/substitution failed:
[12.444s] [01m[K/home/ghlins/new_tracker/src/my_ros2_opencv_pkg/src/my_video_publisher.cpp:34:31:[m[K [01;36m[Knote: [m[K  ‘[01m[Kstd::shared_ptr<sensor_msgs::msg::CameraInfo_<std::allocator<void> > >[m[K’ is not derived from ‘[01m[Kstd::unique_ptr<T, std::default_delete<sensor_msgs::msg::CameraInfo_<std::allocator<void> > > >[m[K’
[12.444s]    34 |         [01;36m[Kcam_info_pub_->publish(cam_info_msg)[m[K;
[12.444s]       |         [01;36m[K~~~~~~~~~~~~~~~~~~~~~~^~~~~~~~~~~~~~[m[K
[12.444s] In file included from [01m[K/opt/ros/humble/include/rclcpp/rclcpp/node_interfaces/node_topics_interface.hpp:29[m[K,
[12.444s]                  from [01m[K/opt/ros/humble/include/rclcpp/rclcpp/generic_publisher.hpp:27[m[K,
[12.444s]                  from [01m[K/opt/ros/humble/include/rclcpp/rclcpp/node.hpp:45[m[K,
[12.445s]                  from [01m[K/opt/ros/humble/include/image_transport/image_transport/image_transport.hpp:37[m[K,
[12.445s]                  from [01m[K/home/ghlins/new_tracker/src/my_ros2_opencv_pkg/src/my_video_publisher.cpp:3[m[K:
[12.445s] [01m[K/opt/ros/humble/include/rclcpp/rclcpp/publisher.hpp:292:3:[m[K [01;36m[Knote: [m[Kcandidate: ‘[01m[Ktemplate<class T> std::enable_if_t<(rosidl_generator_traits::is_message<T>::value && std::is_same<T, typename rclcpp::TypeAdapter<MessageT>::ros_message_type>::value)> rclcpp::Publisher<MessageT, AllocatorT>::publish(const T&) [with T = T; MessageT = sensor_msgs::msg::CameraInfo_<std::allocator<void> >; AllocatorT = std::allocator<void>][m[K’
[12.445s]   292 |   [01;36m[Kpublish[m[K(const T & msg)
[12.445s]       |   [01;36m[K^~~~~~~[m[K
[12.445s] [01m[K/opt/ros/humble/include/rclcpp/rclcpp/publisher.hpp:292:3:[m[K [01;36m[Knote: [m[K  template argument deduction/substitution failed:
[12.445s] In file included from [01m[K/usr/include/c++/11/bits/move.h:57[m[K,
[12.445s]                  from [01m[K/usr/include/c++/11/bits/stl_pair.h:59[m[K,
[12.445s]                  from [01m[K/usr/include/c++/11/utility:70[m[K,
[12.445s]                  from [01m[K/usr/include/c++/11/algorithm:60[m[K,
[12.445s]                  from [01m[K/opt/ros/humble/include/sensor_msgs/sensor_msgs/msg/detail/image__struct.hpp:8[m[K,
[12.445s]                  from [01m[K/opt/ros/humble/include/sensor_msgs/sensor_msgs/msg/image.hpp:7[m[K,
[12.445s]                  from [01m[K/home/ghlins/new_tracker/src/my_ros2_opencv_pkg/src/my_video_publisher.cpp:1[m[K:
[12.445s] /usr/include/c++/11/type_traits: In substitution of ‘[01m[Ktemplate<bool _Cond, class _Tp> using enable_if_t = typename std::enable_if::type [with bool _Cond = false; _Tp = void][m[K’:
[12.445s] [01m[K/opt/ros/humble/include/rclcpp/rclcpp/publisher.hpp:292:3:[m[K   required by substitution of ‘[01m[Ktemplate<class T> std::enable_if_t<(rosidl_generator_traits::is_message<T>::value && std::is_same<T, sensor_msgs::msg::CameraInfo_<std::allocator<void> > >::value), void> rclcpp::Publisher<sensor_msgs::msg::CameraInfo_<std::allocator<void> > >::publish<T>(const T&) [with T = std::shared_ptr<sensor_msgs::msg::CameraInfo_<std::allocator<void> > >][m[K’
[12.445s] [01m[K/home/ghlins/new_tracker/src/my_ros2_opencv_pkg/src/my_video_publisher.cpp:34:31:[m[K   required from here
[12.445s] [01m[K/usr/include/c++/11/type_traits:2579:11:[m[K [01;31m[Kerror: [m[Kno type named ‘[01m[Ktype[m[K’ in ‘[01m[Kstruct std::enable_if<false, void>[m[K’
[12.445s]  2579 |     using [01;31m[Kenable_if_t[m[K = typename enable_if<_Cond, _Tp>::type;
[12.445s]       |           [01;31m[K^~~~~~~~~~~[m[K
[12.445s] In file included from [01m[K/opt/ros/humble/include/rclcpp/rclcpp/node_interfaces/node_topics_interface.hpp:29[m[K,
[12.445s]                  from [01m[K/opt/ros/humble/include/rclcpp/rclcpp/generic_publisher.hpp:27[m[K,
[12.445s]                  from [01m[K/opt/ros/humble/include/rclcpp/rclcpp/node.hpp:45[m[K,
[12.445s]                  from [01m[K/opt/ros/humble/include/image_transport/image_transport/image_transport.hpp:37[m[K,
[12.445s]                  from [01m[K/home/ghlins/new_tracker/src/my_ros2_opencv_pkg/src/my_video_publisher.cpp:3[m[K:
[12.445s] [01m[K/opt/ros/humble/include/rclcpp/rclcpp/publisher.hpp:322:3:[m[K [01;36m[Knote: [m[Kcandidate: ‘[01m[Ktemplate<class T> std::enable_if_t<(typename rclcpp::TypeAdapter<MessageT>::is_specialized::value && std::is_same<T, typename rclcpp::TypeAdapter<MessageT>::custom_type>::value)> rclcpp::Publisher<MessageT, AllocatorT>::publish(std::unique_ptr<T, typename std::conditional<std::is_same<typename std::allocator_traits<typename std::allocator_traits<_Allocator>::rebind_traits<typename rclcpp::TypeAdapter<MessageT, void, void>::custom_type>::allocator_type>::rebind_alloc<typename rclcpp::TypeAdapter<MessageT, void, void>::custom_type>, std::allocator<typename rclcpp::TypeAdapter<MessageT>::custom_type> >::value, std::default_delete<typename rclcpp::TypeAdapter<MessageT>::custom_type>, rclcpp::allocator::AllocatorDeleter<typename std::allocator_traits<_Allocator>::rebind_traits<typename rclcpp::TypeAdapter<MessageT, void, void>::custom_type>::allocator_type> >::type>) [with T = T; MessageT = sensor_msgs::msg::CameraInfo_<std::allocator<void> >; AllocatorT = std::allocator<void>][m[K’
[12.445s]   322 |   [01;36m[Kpublish[m[K(std::unique_ptr<T, PublishedTypeDeleter> msg)
[12.445s]       |   [01;36m[K^~~~~~~[m[K
[12.445s] [01m[K/opt/ros/humble/include/rclcpp/rclcpp/publisher.hpp:322:3:[m[K [01;36m[Knote: [m[K  template argument deduction/substitution failed:
[12.445s] [01m[K/home/ghlins/new_tracker/src/my_ros2_opencv_pkg/src/my_video_publisher.cpp:34:31:[m[K [01;36m[Knote: [m[K  ‘[01m[Kstd::shared_ptr<sensor_msgs::msg::CameraInfo_<std::allocator<void> > >[m[K’ is not derived from ‘[01m[Kstd::unique_ptr<T, std::default_delete<sensor_msgs::msg::CameraInfo_<std::allocator<void> > > >[m[K’
[12.445s]    34 |         [01;36m[Kcam_info_pub_->publish(cam_info_msg)[m[K;
[12.445s]       |         [01;36m[K~~~~~~~~~~~~~~~~~~~~~~^~~~~~~~~~~~~~[m[K
[12.445s] In file included from [01m[K/opt/ros/humble/include/rclcpp/rclcpp/node_interfaces/node_topics_interface.hpp:29[m[K,
[12.446s]                  from [01m[K/opt/ros/humble/include/rclcpp/rclcpp/generic_publisher.hpp:27[m[K,
[12.446s]                  from [01m[K/opt/ros/humble/include/rclcpp/rclcpp/node.hpp:45[m[K,
[12.446s]                  from [01m[K/opt/ros/humble/include/image_transport/image_transport/image_transport.hpp:37[m[K,
[12.446s]                  from [01m[K/home/ghlins/new_tracker/src/my_ros2_opencv_pkg/src/my_video_publisher.cpp:3[m[K:
[12.446s] [01m[K/opt/ros/humble/include/rclcpp/rclcpp/publisher.hpp:364:3:[m[K [01;36m[Knote: [m[Kcandidate: ‘[01m[Ktemplate<class T> std::enable_if_t<(typename rclcpp::TypeAdapter<MessageT>::is_specialized::value && std::is_same<T, typename rclcpp::TypeAdapter<MessageT>::custom_type>::value)> rclcpp::Publisher<MessageT, AllocatorT>::publish(const T&) [with T = T; MessageT = sensor_msgs::msg::CameraInfo_<std::allocator<void> >; AllocatorT = std::allocator<void>][m[K’
[12.446s]   364 |   [01;36m[Kpublish[m[K(const T & msg)
[12.446s]       |   [01;36m[K^~~~~~~[m[K
[12.446s] [01m[K/opt/ros/humble/include/rclcpp/rclcpp/publisher.hpp:364:3:[m[K [01;36m[Knote: [m[K  template argument deduction/substitution failed:
[12.446s] [01m[K/opt/ros/humble/include/rclcpp/rclcpp/publisher.hpp:383:3:[m[K [01;36m[Knote: [m[Kcandidate: ‘[01m[Kvoid rclcpp::Publisher<MessageT, AllocatorT>::publish(const rcl_serialized_message_t&) [with MessageT = sensor_msgs::msg::CameraInfo_<std::allocator<void> >; AllocatorT = std::allocator<void>; rcl_serialized_message_t = rcutils_uint8_array_s][m[K’
[12.446s]   383 |   [01;36m[Kpublish[m[K(const rcl_serialized_message_t & serialized_msg)
[12.446s]       |   [01;36m[K^~~~~~~[m[K
[12.446s] [01m[K/opt/ros/humble/include/rclcpp/rclcpp/publisher.hpp:383:44:[m[K [01;36m[Knote: [m[K  no known conversion for argument 1 from ‘[01m[Kstd::shared_ptr<sensor_msgs::msg::CameraInfo_<std::allocator<void> > >[m[K’ to ‘[01m[Kconst rcl_serialized_message_t&[m[K’ {aka ‘[01m[Kconst rcutils_uint8_array_s&[m[K’}
[12.446s]   383 |   publish([01;36m[Kconst rcl_serialized_message_t & serialized_msg[m[K)
[12.446s]       |           [01;36m[K~~~~~~~~~~~~~~~~~~~~~~~~~~~~~~~~~^~~~~~~~~~~~~~[m[K
[12.446s] [01m[K/opt/ros/humble/include/rclcpp/rclcpp/publisher.hpp:389:3:[m[K [01;36m[Knote: [m[Kcandidate: ‘[01m[Kvoid rclcpp::Publisher<MessageT, AllocatorT>::publish(const rclcpp::SerializedMessage&) [with MessageT = sensor_msgs::msg::CameraInfo_<std::allocator<void> >; AllocatorT = std::allocator<void>][m[K’
[12.446s]   389 |   [01;36m[Kpublish[m[K(const SerializedMessage & serialized_msg)
[12.446s]       |   [01;36m[K^~~~~~~[m[K
[12.446s] [01m[K/opt/ros/humble/include/rclcpp/rclcpp/publisher.hpp:389:37:[m[K [01;36m[Knote: [m[K  no known conversion for argument 1 from ‘[01m[Kstd::shared_ptr<sensor_msgs::msg::CameraInfo_<std::allocator<void> > >[m[K’ to ‘[01m[Kconst rclcpp::SerializedMessage&[m[K’
[12.446s]   389 |   publish([01;36m[Kconst SerializedMessage & serialized_msg[m[K)
[12.446s]       |           [01;36m[K~~~~~~~~~~~~~~~~~~~~~~~~~~^~~~~~~~~~~~~~[m[K
[12.446s] [01m[K/opt/ros/humble/include/rclcpp/rclcpp/publisher.hpp:403:3:[m[K [01;36m[Knote: [m[Kcandidate: ‘[01m[Kvoid rclcpp::Publisher<MessageT, AllocatorT>::publish(rclcpp::LoanedMessage<typename rclcpp::TypeAdapter<MessageT>::ros_message_type, AllocatorT>&&) [with MessageT = sensor_msgs::msg::CameraInfo_<std::allocator<void> >; AllocatorT = std::allocator<void>; typename rclcpp::TypeAdapter<MessageT>::ros_message_type = sensor_msgs::msg::CameraInfo_<std::allocator<void> >][m[K’
[12.446s]   403 |   [01;36m[Kpublish[m[K(rclcpp::LoanedMessage<ROSMessageType, AllocatorT> && loaned_msg)
[12.446s]       |   [01;36m[K^~~~~~~[m[K
[12.446s] [01m[K/opt/ros/humble/include/rclcpp/rclcpp/publisher.hpp:403:64:[m[K [01;36m[Knote: [m[K  no known conversion for argument 1 from ‘[01m[Kstd::shared_ptr<sensor_msgs::msg::CameraInfo_<std::allocator<void> > >[m[K’ to ‘[01m[Krclcpp::LoanedMessage<sensor_msgs::msg::CameraInfo_<std::allocator<void> >, std::allocator<void> >&&[m[K’
[12.446s]   403 |   publish([01;36m[Krclcpp::LoanedMessage<ROSMessageType, AllocatorT> && loaned_msg[m[K)
[12.446s]       |           [01;36m[K~~~~~~~~~~~~~~~~~~~~~~~~~~~~~~~~~~~~~~~~~~~~~~~~~~~~~^~~~~~~~~~[m[K
[13.428s] gmake[2]: *** [CMakeFiles/my_video_publisher.dir/build.make:76: CMakeFiles/my_video_publisher.dir/src/my_video_publisher.cpp.o] Error 1
[13.428s] gmake[1]: *** [CMakeFiles/Makefile2:137: CMakeFiles/my_video_publisher.dir/all] Error 2
[13.428s] gmake: *** [Makefile:146: all] Error 2
[13.431s] Invoked command in '/home/ghlins/new_tracker/build/my_ros2_opencv_pkg' returned '2': CMAKE_PREFIX_PATH=/opt/ros/humble /usr/bin/cmake --build /home/ghlins/new_tracker/build/my_ros2_opencv_pkg -- -j20 -l20
